{"/Users/cliftonc/work/dc/drizzle-cube/src/adapters/utils.ts": {"path":"/Users/cliftonc/work/dc/drizzle-cube/src/adapters/utils.ts","all":false,"statementMap":{"0":{"start":{"line":1,"column":0},"end":{"line":1,"column":3}},"15":{"start":{"line":16,"column":0},"end":{"line":16,"column":72}},"16":{"start":{"line":17,"column":0},"end":{"line":17,"column":20}},"17":{"start":{"line":18,"column":0},"end":{"line":18,"column":49}},"18":{"start":{"line":19,"column":0},"end":{"line":19,"column":51}},"19":{"start":{"line":20,"column":0},"end":{"line":20,"column":48}},"20":{"start":{"line":21,"column":0},"end":{"line":21,"column":55}},"22":{"start":{"line":23,"column":0},"end":{"line":23,"column":35}},"23":{"start":{"line":24,"column":0},"end":{"line":24,"column":39}},"24":{"start":{"line":25,"column":0},"end":{"line":25,"column":15}},"25":{"start":{"line":26,"column":0},"end":{"line":26,"column":1}},"30":{"start":{"line":31,"column":0},"end":{"line":31,"column":45}},"31":{"start":{"line":32,"column":0},"end":{"line":32,"column":30}},"32":{"start":{"line":33,"column":0},"end":{"line":33,"column":59}},"33":{"start":{"line":34,"column":0},"end":{"line":34,"column":33}},"34":{"start":{"line":35,"column":0},"end":{"line":35,"column":1}},"39":{"start":{"line":40,"column":0},"end":{"line":40,"column":66}},"40":{"start":{"line":41,"column":0},"end":{"line":41,"column":49}},"41":{"start":{"line":42,"column":0},"end":{"line":42,"column":57}},"42":{"start":{"line":43,"column":0},"end":{"line":43,"column":39}},"44":{"start":{"line":45,"column":0},"end":{"line":45,"column":10}},"45":{"start":{"line":46,"column":0},"end":{"line":46,"column":21}},"46":{"start":{"line":47,"column":0},"end":{"line":47,"column":25}},"47":{"start":{"line":48,"column":0},"end":{"line":48,"column":41}},"48":{"start":{"line":49,"column":0},"end":{"line":49,"column":13}},"49":{"start":{"line":50,"column":0},"end":{"line":50,"column":30}},"50":{"start":{"line":51,"column":0},"end":{"line":51,"column":27}},"51":{"start":{"line":52,"column":0},"end":{"line":52,"column":30}},"52":{"start":{"line":53,"column":0},"end":{"line":53,"column":48}},"53":{"start":{"line":54,"column":0},"end":{"line":54,"column":45}},"54":{"start":{"line":55,"column":0},"end":{"line":55,"column":21}},"55":{"start":{"line":56,"column":0},"end":{"line":56,"column":31}},"56":{"start":{"line":57,"column":0},"end":{"line":57,"column":33}},"57":{"start":{"line":58,"column":0},"end":{"line":58,"column":33}},"58":{"start":{"line":59,"column":0},"end":{"line":59,"column":28}},"59":{"start":{"line":60,"column":0},"end":{"line":60,"column":41}},"60":{"start":{"line":61,"column":0},"end":{"line":61,"column":38}},"61":{"start":{"line":62,"column":0},"end":{"line":62,"column":49}},"62":{"start":{"line":63,"column":0},"end":{"line":63,"column":32}},"63":{"start":{"line":64,"column":0},"end":{"line":64,"column":28}},"64":{"start":{"line":65,"column":0},"end":{"line":65,"column":24}},"65":{"start":{"line":66,"column":0},"end":{"line":66,"column":3}},"66":{"start":{"line":67,"column":0},"end":{"line":67,"column":1}},"71":{"start":{"line":72,"column":0},"end":{"line":72,"column":79}},"73":{"start":{"line":74,"column":0},"end":{"line":74,"column":36}},"74":{"start":{"line":75,"column":0},"end":{"line":75,"column":60}},"75":{"start":{"line":76,"column":0},"end":{"line":76,"column":31}},"76":{"start":{"line":77,"column":0},"end":{"line":77,"column":32}},"77":{"start":{"line":78,"column":0},"end":{"line":78,"column":5}},"78":{"start":{"line":79,"column":0},"end":{"line":79,"column":3}},"79":{"start":{"line":80,"column":0},"end":{"line":80,"column":39}},"80":{"start":{"line":81,"column":0},"end":{"line":81,"column":1}},"85":{"start":{"line":86,"column":0},"end":{"line":86,"column":35}},"86":{"start":{"line":87,"column":0},"end":{"line":87,"column":24}},"87":{"start":{"line":88,"column":0},"end":{"line":88,"column":35}},"88":{"start":{"line":89,"column":0},"end":{"line":89,"column":38}},"89":{"start":{"line":90,"column":0},"end":{"line":90,"column":3}},"91":{"start":{"line":92,"column":0},"end":{"line":92,"column":55}},"92":{"start":{"line":93,"column":0},"end":{"line":93,"column":28}},"93":{"start":{"line":94,"column":0},"end":{"line":94,"column":79}},"94":{"start":{"line":95,"column":0},"end":{"line":95,"column":3}},"97":{"start":{"line":98,"column":0},"end":{"line":98,"column":43}},"99":{"start":{"line":100,"column":0},"end":{"line":100,"column":38}},"100":{"start":{"line":101,"column":0},"end":{"line":101,"column":42}},"101":{"start":{"line":102,"column":0},"end":{"line":102,"column":33}},"102":{"start":{"line":103,"column":0},"end":{"line":103,"column":4}},"104":{"start":{"line":105,"column":0},"end":{"line":105,"column":42}},"105":{"start":{"line":106,"column":0},"end":{"line":106,"column":44}},"106":{"start":{"line":107,"column":0},"end":{"line":107,"column":33}},"107":{"start":{"line":108,"column":0},"end":{"line":108,"column":4}},"110":{"start":{"line":111,"column":0},"end":{"line":111,"column":50}},"111":{"start":{"line":112,"column":0},"end":{"line":112,"column":58}},"112":{"start":{"line":113,"column":0},"end":{"line":113,"column":33}},"113":{"start":{"line":114,"column":0},"end":{"line":114,"column":4}},"115":{"start":{"line":116,"column":0},"end":{"line":116,"column":36}},"116":{"start":{"line":117,"column":0},"end":{"line":117,"column":29}},"117":{"start":{"line":118,"column":0},"end":{"line":118,"column":50}},"118":{"start":{"line":119,"column":0},"end":{"line":119,"column":35}},"119":{"start":{"line":120,"column":0},"end":{"line":120,"column":5}},"120":{"start":{"line":121,"column":0},"end":{"line":121,"column":4}},"123":{"start":{"line":124,"column":0},"end":{"line":124,"column":46}},"126":{"start":{"line":127,"column":0},"end":{"line":127,"column":15}},"127":{"start":{"line":128,"column":0},"end":{"line":128,"column":20}},"129":{"start":{"line":130,"column":0},"end":{"line":130,"column":80}},"130":{"start":{"line":131,"column":0},"end":{"line":131,"column":10}},"132":{"start":{"line":133,"column":0},"end":{"line":133,"column":51}},"133":{"start":{"line":134,"column":0},"end":{"line":134,"column":81}},"134":{"start":{"line":135,"column":0},"end":{"line":135,"column":3}},"137":{"start":{"line":138,"column":0},"end":{"line":138,"column":74}},"138":{"start":{"line":139,"column":0},"end":{"line":139,"column":19}},"139":{"start":{"line":140,"column":0},"end":{"line":140,"column":12}},"140":{"start":{"line":141,"column":0},"end":{"line":141,"column":80}},"141":{"start":{"line":142,"column":0},"end":{"line":142,"column":84}},"142":{"start":{"line":143,"column":0},"end":{"line":143,"column":35}},"143":{"start":{"line":144,"column":0},"end":{"line":144,"column":49}},"144":{"start":{"line":145,"column":0},"end":{"line":145,"column":31}},"145":{"start":{"line":146,"column":0},"end":{"line":146,"column":25}},"146":{"start":{"line":147,"column":0},"end":{"line":147,"column":26}},"147":{"start":{"line":148,"column":0},"end":{"line":148,"column":5}},"148":{"start":{"line":149,"column":0},"end":{"line":149,"column":5}},"151":{"start":{"line":152,"column":0},"end":{"line":152,"column":10}},"152":{"start":{"line":153,"column":0},"end":{"line":153,"column":30}},"153":{"start":{"line":154,"column":0},"end":{"line":154,"column":22}},"154":{"start":{"line":155,"column":0},"end":{"line":155,"column":44}},"155":{"start":{"line":156,"column":0},"end":{"line":156,"column":42}},"156":{"start":{"line":157,"column":0},"end":{"line":157,"column":17}},"157":{"start":{"line":158,"column":0},"end":{"line":158,"column":12}},"158":{"start":{"line":159,"column":0},"end":{"line":159,"column":40}},"159":{"start":{"line":160,"column":0},"end":{"line":160,"column":6}},"160":{"start":{"line":161,"column":0},"end":{"line":161,"column":10}},"161":{"start":{"line":162,"column":0},"end":{"line":162,"column":27}},"162":{"start":{"line":163,"column":0},"end":{"line":163,"column":36}},"163":{"start":{"line":164,"column":0},"end":{"line":164,"column":6}},"164":{"start":{"line":165,"column":0},"end":{"line":165,"column":48}},"165":{"start":{"line":166,"column":0},"end":{"line":166,"column":16}},"166":{"start":{"line":167,"column":0},"end":{"line":167,"column":43}},"167":{"start":{"line":168,"column":0},"end":{"line":168,"column":62}},"168":{"start":{"line":169,"column":0},"end":{"line":169,"column":9}},"169":{"start":{"line":170,"column":0},"end":{"line":170,"column":3}},"170":{"start":{"line":171,"column":0},"end":{"line":171,"column":1}},"175":{"start":{"line":176,"column":0},"end":{"line":176,"column":35}},"176":{"start":{"line":177,"column":0},"end":{"line":177,"column":23}},"177":{"start":{"line":178,"column":0},"end":{"line":178,"column":44}},"178":{"start":{"line":179,"column":0},"end":{"line":179,"column":38}},"179":{"start":{"line":180,"column":0},"end":{"line":180,"column":3}},"180":{"start":{"line":181,"column":0},"end":{"line":181,"column":47}},"181":{"start":{"line":182,"column":0},"end":{"line":182,"column":39}},"182":{"start":{"line":183,"column":0},"end":{"line":183,"column":50}},"183":{"start":{"line":184,"column":0},"end":{"line":184,"column":55}},"185":{"start":{"line":186,"column":0},"end":{"line":186,"column":10}},"186":{"start":{"line":187,"column":0},"end":{"line":187,"column":30}},"187":{"start":{"line":188,"column":0},"end":{"line":188,"column":15}},"188":{"start":{"line":189,"column":0},"end":{"line":189,"column":12}},"189":{"start":{"line":190,"column":0},"end":{"line":190,"column":22}},"190":{"start":{"line":191,"column":0},"end":{"line":191,"column":30}},"191":{"start":{"line":192,"column":0},"end":{"line":192,"column":23}},"192":{"start":{"line":193,"column":0},"end":{"line":193,"column":16}},"193":{"start":{"line":194,"column":0},"end":{"line":194,"column":36}},"194":{"start":{"line":195,"column":0},"end":{"line":195,"column":28}},"195":{"start":{"line":196,"column":0},"end":{"line":196,"column":13}},"196":{"start":{"line":197,"column":0},"end":{"line":197,"column":24}},"197":{"start":{"line":198,"column":0},"end":{"line":198,"column":22}},"198":{"start":{"line":199,"column":0},"end":{"line":199,"column":23}},"199":{"start":{"line":200,"column":0},"end":{"line":200,"column":23}},"200":{"start":{"line":201,"column":0},"end":{"line":201,"column":7}},"201":{"start":{"line":202,"column":0},"end":{"line":202,"column":17}},"202":{"start":{"line":203,"column":0},"end":{"line":203,"column":15}},"203":{"start":{"line":204,"column":0},"end":{"line":204,"column":31}},"204":{"start":{"line":205,"column":0},"end":{"line":205,"column":6}},"205":{"start":{"line":206,"column":0},"end":{"line":206,"column":20}},"206":{"start":{"line":207,"column":0},"end":{"line":207,"column":3}},"207":{"start":{"line":208,"column":0},"end":{"line":208,"column":1}},"212":{"start":{"line":213,"column":0},"end":{"line":213,"column":105}},"213":{"start":{"line":214,"column":0},"end":{"line":214,"column":7}},"215":{"start":{"line":216,"column":0},"end":{"line":216,"column":24}},"216":{"start":{"line":217,"column":0},"end":{"line":217,"column":29}},"217":{"start":{"line":218,"column":0},"end":{"line":218,"column":21}},"218":{"start":{"line":219,"column":0},"end":{"line":219,"column":22}},"219":{"start":{"line":220,"column":0},"end":{"line":220,"column":14}},"221":{"start":{"line":222,"column":0},"end":{"line":222,"column":30}},"222":{"start":{"line":223,"column":0},"end":{"line":223,"column":39}},"223":{"start":{"line":224,"column":0},"end":{"line":224,"column":18}},"224":{"start":{"line":225,"column":0},"end":{"line":225,"column":27}},"225":{"start":{"line":226,"column":0},"end":{"line":226,"column":29}},"226":{"start":{"line":227,"column":0},"end":{"line":227,"column":6}},"227":{"start":{"line":228,"column":0},"end":{"line":228,"column":19}},"229":{"start":{"line":230,"column":0},"end":{"line":230,"column":49}},"230":{"start":{"line":231,"column":0},"end":{"line":231,"column":20}},"231":{"start":{"line":232,"column":0},"end":{"line":232,"column":3}},"232":{"start":{"line":233,"column":0},"end":{"line":233,"column":1}},"237":{"start":{"line":238,"column":0},"end":{"line":238,"column":34}},"238":{"start":{"line":239,"column":0},"end":{"line":239,"column":23}},"239":{"start":{"line":240,"column":0},"end":{"line":240,"column":44}},"240":{"start":{"line":241,"column":0},"end":{"line":241,"column":3}},"241":{"start":{"line":242,"column":0},"end":{"line":242,"column":10}},"242":{"start":{"line":243,"column":0},"end":{"line":243,"column":23}},"243":{"start":{"line":244,"column":0},"end":{"line":244,"column":35}},"244":{"start":{"line":245,"column":0},"end":{"line":245,"column":9}},"245":{"start":{"line":246,"column":0},"end":{"line":246,"column":3}},"246":{"start":{"line":247,"column":0},"end":{"line":247,"column":1}},"251":{"start":{"line":252,"column":0},"end":{"line":252,"column":51}},"252":{"start":{"line":253,"column":0},"end":{"line":253,"column":10}},"253":{"start":{"line":254,"column":0},"end":{"line":254,"column":19}},"254":{"start":{"line":255,"column":0},"end":{"line":255,"column":3}},"255":{"start":{"line":256,"column":0},"end":{"line":256,"column":1}},"260":{"start":{"line":261,"column":0},"end":{"line":261,"column":82}},"261":{"start":{"line":262,"column":0},"end":{"line":262,"column":10}},"262":{"start":{"line":263,"column":0},"end":{"line":263,"column":58}},"263":{"start":{"line":264,"column":0},"end":{"line":264,"column":10}},"264":{"start":{"line":265,"column":0},"end":{"line":265,"column":3}},"265":{"start":{"line":266,"column":0},"end":{"line":266,"column":1}}},"s":{"0":1,"15":1,"16":6,"17":6,"18":6,"19":6,"20":6,"22":6,"23":0,"24":0,"25":0,"30":1,"31":24,"32":24,"33":24,"34":24,"39":1,"40":24,"41":24,"42":24,"44":24,"45":24,"46":24,"47":24,"48":24,"49":24,"50":24,"51":24,"52":24,"53":24,"54":24,"55":24,"56":24,"57":24,"58":24,"59":24,"60":24,"61":24,"62":24,"63":24,"64":24,"65":24,"66":24,"71":1,"73":24,"74":24,"75":24,"76":0,"77":0,"78":24,"79":24,"80":24,"85":7,"86":7,"87":7,"88":7,"89":7,"91":7,"92":7,"93":1,"94":1,"97":6,"99":7,"100":6,"101":6,"102":7,"104":7,"105":6,"106":6,"107":7,"110":7,"111":0,"112":0,"113":7,"115":7,"116":0,"117":0,"118":0,"119":0,"120":7,"123":7,"126":7,"127":7,"129":0,"130":7,"132":6,"133":6,"134":6,"137":6,"138":6,"139":6,"140":6,"141":6,"142":6,"143":6,"144":6,"145":6,"146":6,"147":6,"148":6,"151":6,"152":6,"153":6,"154":6,"155":6,"156":6,"157":6,"158":6,"159":6,"160":6,"161":6,"162":7,"163":7,"164":7,"165":7,"166":7,"167":7,"168":7,"169":7,"170":7,"175":1,"176":24,"177":24,"178":24,"179":24,"180":24,"181":24,"182":24,"183":24,"185":24,"186":24,"187":24,"188":24,"189":24,"190":24,"191":24,"192":24,"193":24,"194":24,"195":24,"196":24,"197":24,"198":24,"199":24,"200":24,"201":24,"202":24,"203":24,"204":24,"205":24,"206":24,"207":24,"212":1,"213":14,"215":14,"216":14,"217":14,"218":14,"219":14,"221":14,"222":14,"223":14,"224":14,"225":14,"226":14,"227":14,"229":0,"230":0,"231":0,"232":14,"237":1,"238":8,"239":8,"240":8,"241":8,"242":8,"243":8,"244":8,"245":8,"246":8,"251":1,"252":10,"253":10,"254":10,"255":10,"260":1,"261":15,"262":15,"263":15,"264":15,"265":15},"branchMap":{"0":{"type":"branch","line":16,"loc":{"start":{"line":16,"column":7},"end":{"line":26,"column":1}},"locations":[{"start":{"line":16,"column":7},"end":{"line":26,"column":1}}]},"1":{"type":"branch","line":18,"loc":{"start":{"line":18,"column":33},"end":{"line":18,"column":48}},"locations":[{"start":{"line":18,"column":33},"end":{"line":18,"column":48}}]},"2":{"type":"branch","line":19,"loc":{"start":{"line":19,"column":35},"end":{"line":19,"column":50}},"locations":[{"start":{"line":19,"column":35},"end":{"line":19,"column":50}}]},"3":{"type":"branch","line":20,"loc":{"start":{"line":20,"column":23},"end":{"line":20,"column":42}},"locations":[{"start":{"line":20,"column":23},"end":{"line":20,"column":42}}]},"4":{"type":"branch","line":21,"loc":{"start":{"line":21,"column":23},"end":{"line":21,"column":49}},"locations":[{"start":{"line":21,"column":23},"end":{"line":21,"column":49}}]},"5":{"type":"branch","line":23,"loc":{"start":{"line":23,"column":30},"end":{"line":26,"column":1}},"locations":[{"start":{"line":23,"column":30},"end":{"line":26,"column":1}}]},"6":{"type":"branch","line":31,"loc":{"start":{"line":31,"column":7},"end":{"line":35,"column":1}},"locations":[{"start":{"line":31,"column":7},"end":{"line":35,"column":1}}]},"7":{"type":"branch","line":40,"loc":{"start":{"line":40,"column":7},"end":{"line":67,"column":1}},"locations":[{"start":{"line":40,"column":7},"end":{"line":67,"column":1}}]},"8":{"type":"branch","line":41,"loc":{"start":{"line":41,"column":33},"end":{"line":41,"column":49}},"locations":[{"start":{"line":41,"column":33},"end":{"line":41,"column":49}}]},"9":{"type":"branch","line":43,"loc":{"start":{"line":43,"column":25},"end":{"line":43,"column":39}},"locations":[{"start":{"line":43,"column":25},"end":{"line":43,"column":39}}]},"10":{"type":"branch","line":72,"loc":{"start":{"line":72,"column":7},"end":{"line":81,"column":1}},"locations":[{"start":{"line":72,"column":7},"end":{"line":81,"column":1}}]},"11":{"type":"branch","line":76,"loc":{"start":{"line":76,"column":8},"end":{"line":76,"column":30}},"locations":[{"start":{"line":76,"column":8},"end":{"line":76,"column":30}}]},"12":{"type":"branch","line":76,"loc":{"start":{"line":76,"column":30},"end":{"line":78,"column":5}},"locations":[{"start":{"line":76,"column":30},"end":{"line":78,"column":5}}]},"13":{"type":"branch","line":86,"loc":{"start":{"line":86,"column":0},"end":{"line":171,"column":1}},"locations":[{"start":{"line":86,"column":0},"end":{"line":171,"column":1}}]},"14":{"type":"branch","line":93,"loc":{"start":{"line":93,"column":27},"end":{"line":95,"column":3}},"locations":[{"start":{"line":93,"column":27},"end":{"line":95,"column":3}}]},"15":{"type":"branch","line":95,"loc":{"start":{"line":95,"column":2},"end":{"line":100,"column":26}},"locations":[{"start":{"line":95,"column":2},"end":{"line":100,"column":26}}]},"16":{"type":"branch","line":105,"loc":{"start":{"line":105,"column":8},"end":{"line":105,"column":28}},"locations":[{"start":{"line":105,"column":8},"end":{"line":105,"column":28}}]},"17":{"type":"branch","line":111,"loc":{"start":{"line":111,"column":8},"end":{"line":111,"column":32}},"locations":[{"start":{"line":111,"column":8},"end":{"line":111,"column":32}}]},"18":{"type":"branch","line":116,"loc":{"start":{"line":116,"column":8},"end":{"line":116,"column":25}},"locations":[{"start":{"line":116,"column":8},"end":{"line":116,"column":25}}]},"19":{"type":"branch","line":128,"loc":{"start":{"line":128,"column":19},"end":{"line":131,"column":9}},"locations":[{"start":{"line":128,"column":19},"end":{"line":131,"column":9}}]},"20":{"type":"branch","line":131,"loc":{"start":{"line":131,"column":2},"end":{"line":163,"column":34}},"locations":[{"start":{"line":131,"column":2},"end":{"line":163,"column":34}}]},"21":{"type":"branch","line":163,"loc":{"start":{"line":163,"column":24},"end":{"line":163,"column":36}},"locations":[{"start":{"line":163,"column":24},"end":{"line":163,"column":36}}]},"22":{"type":"branch","line":168,"loc":{"start":{"line":168,"column":14},"end":{"line":168,"column":48}},"locations":[{"start":{"line":168,"column":14},"end":{"line":168,"column":48}}]},"23":{"type":"branch","line":168,"loc":{"start":{"line":168,"column":28},"end":{"line":168,"column":62}},"locations":[{"start":{"line":168,"column":28},"end":{"line":168,"column":62}}]},"24":{"type":"branch","line":100,"loc":{"start":{"line":100,"column":26},"end":{"line":103,"column":3}},"locations":[{"start":{"line":100,"column":26},"end":{"line":103,"column":3}}]},"25":{"type":"branch","line":105,"loc":{"start":{"line":105,"column":28},"end":{"line":108,"column":3}},"locations":[{"start":{"line":105,"column":28},"end":{"line":108,"column":3}}]},"26":{"type":"branch","line":138,"loc":{"start":{"line":138,"column":60},"end":{"line":149,"column":4}},"locations":[{"start":{"line":138,"column":60},"end":{"line":149,"column":4}}]},"27":{"type":"branch","line":141,"loc":{"start":{"line":141,"column":72},"end":{"line":141,"column":80}},"locations":[{"start":{"line":141,"column":72},"end":{"line":141,"column":80}}]},"28":{"type":"branch","line":142,"loc":{"start":{"line":142,"column":76},"end":{"line":142,"column":84}},"locations":[{"start":{"line":142,"column":76},"end":{"line":142,"column":84}}]},"29":{"type":"branch","line":141,"loc":{"start":{"line":141,"column":39},"end":{"line":141,"column":72}},"locations":[{"start":{"line":141,"column":39},"end":{"line":141,"column":72}}]},"30":{"type":"branch","line":142,"loc":{"start":{"line":142,"column":43},"end":{"line":142,"column":76}},"locations":[{"start":{"line":142,"column":43},"end":{"line":142,"column":76}}]},"31":{"type":"branch","line":176,"loc":{"start":{"line":176,"column":7},"end":{"line":208,"column":1}},"locations":[{"start":{"line":176,"column":7},"end":{"line":208,"column":1}}]},"32":{"type":"branch","line":213,"loc":{"start":{"line":213,"column":7},"end":{"line":233,"column":1}},"locations":[{"start":{"line":213,"column":7},"end":{"line":233,"column":1}}]},"33":{"type":"branch","line":228,"loc":{"start":{"line":228,"column":2},"end":{"line":232,"column":3}},"locations":[{"start":{"line":228,"column":2},"end":{"line":232,"column":3}}]},"34":{"type":"branch","line":238,"loc":{"start":{"line":238,"column":7},"end":{"line":247,"column":1}},"locations":[{"start":{"line":238,"column":7},"end":{"line":247,"column":1}}]},"35":{"type":"branch","line":244,"loc":{"start":{"line":244,"column":22},"end":{"line":244,"column":35}},"locations":[{"start":{"line":244,"column":22},"end":{"line":244,"column":35}}]},"36":{"type":"branch","line":252,"loc":{"start":{"line":252,"column":7},"end":{"line":256,"column":1}},"locations":[{"start":{"line":252,"column":7},"end":{"line":256,"column":1}}]},"37":{"type":"branch","line":261,"loc":{"start":{"line":261,"column":7},"end":{"line":266,"column":1}},"locations":[{"start":{"line":261,"column":7},"end":{"line":266,"column":1}}]},"38":{"type":"branch","line":263,"loc":{"start":{"line":263,"column":28},"end":{"line":263,"column":52}},"locations":[{"start":{"line":263,"column":28},"end":{"line":263,"column":52}}]},"39":{"type":"branch","line":263,"loc":{"start":{"line":263,"column":42},"end":{"line":263,"column":58}},"locations":[{"start":{"line":263,"column":42},"end":{"line":263,"column":58}}]}},"b":{"0":[6],"1":[0],"2":[0],"3":[0],"4":[0],"5":[0],"6":[24],"7":[24],"8":[8],"9":[0],"10":[24],"11":[0],"12":[0],"13":[7],"14":[1],"15":[6],"16":[6],"17":[0],"18":[0],"19":[0],"20":[6],"21":[0],"22":[0],"23":[6],"24":[6],"25":[6],"26":[6],"27":[0],"28":[0],"29":[6],"30":[6],"31":[24],"32":[14],"33":[0],"34":[8],"35":[0],"36":[10],"37":[15],"38":[1],"39":[14]},"fnMap":{"0":{"name":"calculateQueryComplexity","decl":{"start":{"line":16,"column":7},"end":{"line":26,"column":1}},"loc":{"start":{"line":16,"column":7},"end":{"line":26,"column":1}},"line":16},"1":{"name":"generateRequestId","decl":{"start":{"line":31,"column":7},"end":{"line":35,"column":1}},"loc":{"start":{"line":31,"column":7},"end":{"line":35,"column":1}},"line":31},"2":{"name":"buildTransformedQuery","decl":{"start":{"line":40,"column":7},"end":{"line":67,"column":1}},"loc":{"start":{"line":40,"column":7},"end":{"line":67,"column":1}},"line":40},"3":{"name":"getDatabaseType","decl":{"start":{"line":72,"column":7},"end":{"line":81,"column":1}},"loc":{"start":{"line":72,"column":7},"end":{"line":81,"column":1}},"line":72},"4":{"name":"handleDryRun","decl":{"start":{"line":86,"column":0},"end":{"line":171,"column":1}},"loc":{"start":{"line":86,"column":0},"end":{"line":171,"column":1}},"line":86},"5":{"name":"formatCubeResponse","decl":{"start":{"line":176,"column":7},"end":{"line":208,"column":1}},"loc":{"start":{"line":176,"column":7},"end":{"line":208,"column":1}},"line":176},"6":{"name":"formatSqlString","decl":{"start":{"line":213,"column":7},"end":{"line":233,"column":1}},"loc":{"start":{"line":213,"column":7},"end":{"line":233,"column":1}},"line":213},"7":{"name":"formatSqlResponse","decl":{"start":{"line":238,"column":7},"end":{"line":247,"column":1}},"loc":{"start":{"line":238,"column":7},"end":{"line":247,"column":1}},"line":238},"8":{"name":"formatMetaResponse","decl":{"start":{"line":252,"column":7},"end":{"line":256,"column":1}},"loc":{"start":{"line":252,"column":7},"end":{"line":256,"column":1}},"line":252},"9":{"name":"formatErrorResponse","decl":{"start":{"line":261,"column":7},"end":{"line":266,"column":1}},"loc":{"start":{"line":261,"column":7},"end":{"line":266,"column":1}},"line":261}},"f":{"0":6,"1":24,"2":24,"3":24,"4":7,"5":24,"6":14,"7":8,"8":10,"9":15}}
,"/Users/cliftonc/work/dc/drizzle-cube/src/adapters/express/index.ts": {"path":"/Users/cliftonc/work/dc/drizzle-cube/src/adapters/express/index.ts","all":false,"statementMap":{"0":{"start":{"line":1,"column":0},"end":{"line":1,"column":3}},"96":{"start":{"line":97,"column":0},"end":{"line":97,"column":33}},"97":{"start":{"line":98,"column":0},"end":{"line":98,"column":32}},"98":{"start":{"line":99,"column":0},"end":{"line":99,"column":11}},"99":{"start":{"line":100,"column":0},"end":{"line":100,"column":10}},"100":{"start":{"line":101,"column":0},"end":{"line":101,"column":10}},"101":{"start":{"line":102,"column":0},"end":{"line":102,"column":12}},"102":{"start":{"line":103,"column":0},"end":{"line":103,"column":11}},"103":{"start":{"line":104,"column":0},"end":{"line":104,"column":27}},"104":{"start":{"line":105,"column":0},"end":{"line":105,"column":15}},"105":{"start":{"line":106,"column":0},"end":{"line":106,"column":21}},"106":{"start":{"line":107,"column":0},"end":{"line":107,"column":32}},"107":{"start":{"line":108,"column":0},"end":{"line":108,"column":22}},"108":{"start":{"line":109,"column":0},"end":{"line":109,"column":13}},"111":{"start":{"line":112,"column":0},"end":{"line":112,"column":37}},"112":{"start":{"line":113,"column":0},"end":{"line":113,"column":76}},"113":{"start":{"line":114,"column":0},"end":{"line":114,"column":3}},"115":{"start":{"line":116,"column":0},"end":{"line":116,"column":25}},"118":{"start":{"line":119,"column":0},"end":{"line":119,"column":19}},"119":{"start":{"line":120,"column":0},"end":{"line":120,"column":32}},"120":{"start":{"line":121,"column":0},"end":{"line":121,"column":3}},"123":{"start":{"line":124,"column":0},"end":{"line":124,"column":48}},"126":{"start":{"line":127,"column":0},"end":{"line":127,"column":70}},"129":{"start":{"line":130,"column":0},"end":{"line":130,"column":51}},"130":{"start":{"line":131,"column":0},"end":{"line":131,"column":12}},"131":{"start":{"line":132,"column":0},"end":{"line":132,"column":11}},"132":{"start":{"line":133,"column":0},"end":{"line":133,"column":14}},"133":{"start":{"line":134,"column":0},"end":{"line":134,"column":4}},"136":{"start":{"line":137,"column":0},"end":{"line":137,"column":25}},"137":{"start":{"line":138,"column":0},"end":{"line":138,"column":36}},"138":{"start":{"line":139,"column":0},"end":{"line":139,"column":4}},"143":{"start":{"line":144,"column":0},"end":{"line":144,"column":74}},"144":{"start":{"line":145,"column":0},"end":{"line":145,"column":9}},"146":{"start":{"line":147,"column":0},"end":{"line":147,"column":61}},"149":{"start":{"line":150,"column":0},"end":{"line":150,"column":68}},"152":{"start":{"line":153,"column":0},"end":{"line":153,"column":59}},"153":{"start":{"line":154,"column":0},"end":{"line":154,"column":32}},"154":{"start":{"line":155,"column":0},"end":{"line":155,"column":56}},"155":{"start":{"line":156,"column":0},"end":{"line":156,"column":69}},"156":{"start":{"line":157,"column":0},"end":{"line":157,"column":13}},"157":{"start":{"line":158,"column":0},"end":{"line":158,"column":10}},"158":{"start":{"line":159,"column":0},"end":{"line":159,"column":7}},"161":{"start":{"line":162,"column":0},"end":{"line":162,"column":86}},"164":{"start":{"line":165,"column":0},"end":{"line":165,"column":64}},"166":{"start":{"line":167,"column":0},"end":{"line":167,"column":21}},"167":{"start":{"line":168,"column":0},"end":{"line":168,"column":52}},"168":{"start":{"line":169,"column":0},"end":{"line":169,"column":47}},"169":{"start":{"line":170,"column":0},"end":{"line":170,"column":74}},"170":{"start":{"line":171,"column":0},"end":{"line":171,"column":11}},"171":{"start":{"line":172,"column":0},"end":{"line":172,"column":8}},"172":{"start":{"line":173,"column":0},"end":{"line":173,"column":5}},"173":{"start":{"line":174,"column":0},"end":{"line":174,"column":4}},"178":{"start":{"line":179,"column":0},"end":{"line":179,"column":73}},"179":{"start":{"line":180,"column":0},"end":{"line":180,"column":9}},"180":{"start":{"line":181,"column":0},"end":{"line":181,"column":50}},"181":{"start":{"line":182,"column":0},"end":{"line":182,"column":24}},"182":{"start":{"line":183,"column":0},"end":{"line":183,"column":56}},"183":{"start":{"line":184,"column":0},"end":{"line":184,"column":40}},"184":{"start":{"line":185,"column":0},"end":{"line":185,"column":13}},"185":{"start":{"line":186,"column":0},"end":{"line":186,"column":10}},"186":{"start":{"line":187,"column":0},"end":{"line":187,"column":7}},"188":{"start":{"line":189,"column":0},"end":{"line":189,"column":30}},"189":{"start":{"line":190,"column":0},"end":{"line":190,"column":11}},"190":{"start":{"line":191,"column":0},"end":{"line":191,"column":38}},"191":{"start":{"line":192,"column":0},"end":{"line":192,"column":28}},"192":{"start":{"line":193,"column":0},"end":{"line":193,"column":56}},"193":{"start":{"line":194,"column":0},"end":{"line":194,"column":44}},"194":{"start":{"line":195,"column":0},"end":{"line":195,"column":13}},"195":{"start":{"line":196,"column":0},"end":{"line":196,"column":10}},"196":{"start":{"line":197,"column":0},"end":{"line":197,"column":7}},"199":{"start":{"line":200,"column":0},"end":{"line":200,"column":68}},"202":{"start":{"line":203,"column":0},"end":{"line":203,"column":59}},"203":{"start":{"line":204,"column":0},"end":{"line":204,"column":32}},"204":{"start":{"line":205,"column":0},"end":{"line":205,"column":56}},"205":{"start":{"line":206,"column":0},"end":{"line":206,"column":69}},"206":{"start":{"line":207,"column":0},"end":{"line":207,"column":13}},"207":{"start":{"line":208,"column":0},"end":{"line":208,"column":10}},"208":{"start":{"line":209,"column":0},"end":{"line":209,"column":7}},"211":{"start":{"line":212,"column":0},"end":{"line":212,"column":86}},"214":{"start":{"line":215,"column":0},"end":{"line":215,"column":64}},"216":{"start":{"line":217,"column":0},"end":{"line":217,"column":21}},"217":{"start":{"line":218,"column":0},"end":{"line":218,"column":52}},"218":{"start":{"line":219,"column":0},"end":{"line":219,"column":47}},"219":{"start":{"line":220,"column":0},"end":{"line":220,"column":74}},"220":{"start":{"line":221,"column":0},"end":{"line":221,"column":11}},"221":{"start":{"line":222,"column":0},"end":{"line":222,"column":8}},"222":{"start":{"line":223,"column":0},"end":{"line":223,"column":5}},"223":{"start":{"line":224,"column":0},"end":{"line":224,"column":4}},"229":{"start":{"line":230,"column":0},"end":{"line":230,"column":68}},"230":{"start":{"line":231,"column":0},"end":{"line":231,"column":9}},"235":{"start":{"line":236,"column":0},"end":{"line":236,"column":50}},"237":{"start":{"line":238,"column":0},"end":{"line":238,"column":44}},"239":{"start":{"line":240,"column":0},"end":{"line":240,"column":21}},"240":{"start":{"line":241,"column":0},"end":{"line":241,"column":45}},"241":{"start":{"line":242,"column":0},"end":{"line":242,"column":47}},"242":{"start":{"line":243,"column":0},"end":{"line":243,"column":76}},"243":{"start":{"line":244,"column":0},"end":{"line":244,"column":11}},"244":{"start":{"line":245,"column":0},"end":{"line":245,"column":8}},"245":{"start":{"line":246,"column":0},"end":{"line":246,"column":5}},"246":{"start":{"line":247,"column":0},"end":{"line":247,"column":4}},"251":{"start":{"line":252,"column":0},"end":{"line":252,"column":73}},"252":{"start":{"line":253,"column":0},"end":{"line":253,"column":9}},"253":{"start":{"line":254,"column":0},"end":{"line":254,"column":43}},"255":{"start":{"line":256,"column":0},"end":{"line":256,"column":68}},"258":{"start":{"line":259,"column":0},"end":{"line":259,"column":59}},"259":{"start":{"line":260,"column":0},"end":{"line":260,"column":32}},"260":{"start":{"line":261,"column":0},"end":{"line":261,"column":56}},"261":{"start":{"line":262,"column":0},"end":{"line":262,"column":69}},"262":{"start":{"line":263,"column":0},"end":{"line":263,"column":13}},"263":{"start":{"line":264,"column":0},"end":{"line":264,"column":10}},"264":{"start":{"line":265,"column":0},"end":{"line":265,"column":7}},"267":{"start":{"line":268,"column":0},"end":{"line":268,"column":70}},"268":{"start":{"line":269,"column":0},"end":{"line":269,"column":25}},"269":{"start":{"line":270,"column":0},"end":{"line":270,"column":56}},"270":{"start":{"line":271,"column":0},"end":{"line":271,"column":48}},"271":{"start":{"line":272,"column":0},"end":{"line":272,"column":13}},"272":{"start":{"line":273,"column":0},"end":{"line":273,"column":10}},"273":{"start":{"line":274,"column":0},"end":{"line":274,"column":7}},"275":{"start":{"line":276,"column":0},"end":{"line":276,"column":48}},"278":{"start":{"line":279,"column":0},"end":{"line":279,"column":89}},"280":{"start":{"line":281,"column":0},"end":{"line":281,"column":51}},"282":{"start":{"line":283,"column":0},"end":{"line":283,"column":21}},"283":{"start":{"line":284,"column":0},"end":{"line":284,"column":51}},"284":{"start":{"line":285,"column":0},"end":{"line":285,"column":47}},"285":{"start":{"line":286,"column":0},"end":{"line":286,"column":73}},"286":{"start":{"line":287,"column":0},"end":{"line":287,"column":11}},"287":{"start":{"line":288,"column":0},"end":{"line":288,"column":8}},"288":{"start":{"line":289,"column":0},"end":{"line":289,"column":5}},"289":{"start":{"line":290,"column":0},"end":{"line":290,"column":4}},"294":{"start":{"line":295,"column":0},"end":{"line":295,"column":72}},"295":{"start":{"line":296,"column":0},"end":{"line":296,"column":9}},"296":{"start":{"line":297,"column":0},"end":{"line":297,"column":50}},"297":{"start":{"line":298,"column":0},"end":{"line":298,"column":24}},"298":{"start":{"line":299,"column":0},"end":{"line":299,"column":56}},"299":{"start":{"line":300,"column":0},"end":{"line":300,"column":40}},"300":{"start":{"line":301,"column":0},"end":{"line":301,"column":13}},"301":{"start":{"line":302,"column":0},"end":{"line":302,"column":10}},"302":{"start":{"line":303,"column":0},"end":{"line":303,"column":7}},"304":{"start":{"line":305,"column":0},"end":{"line":305,"column":57}},"305":{"start":{"line":306,"column":0},"end":{"line":306,"column":68}},"308":{"start":{"line":309,"column":0},"end":{"line":309,"column":59}},"309":{"start":{"line":310,"column":0},"end":{"line":310,"column":32}},"310":{"start":{"line":311,"column":0},"end":{"line":311,"column":56}},"311":{"start":{"line":312,"column":0},"end":{"line":312,"column":69}},"312":{"start":{"line":313,"column":0},"end":{"line":313,"column":13}},"313":{"start":{"line":314,"column":0},"end":{"line":314,"column":10}},"314":{"start":{"line":315,"column":0},"end":{"line":315,"column":7}},"317":{"start":{"line":318,"column":0},"end":{"line":318,"column":70}},"318":{"start":{"line":319,"column":0},"end":{"line":319,"column":25}},"319":{"start":{"line":320,"column":0},"end":{"line":320,"column":56}},"320":{"start":{"line":321,"column":0},"end":{"line":321,"column":48}},"321":{"start":{"line":322,"column":0},"end":{"line":322,"column":13}},"322":{"start":{"line":323,"column":0},"end":{"line":323,"column":10}},"323":{"start":{"line":324,"column":0},"end":{"line":324,"column":7}},"325":{"start":{"line":326,"column":0},"end":{"line":326,"column":48}},"328":{"start":{"line":329,"column":0},"end":{"line":329,"column":89}},"330":{"start":{"line":331,"column":0},"end":{"line":331,"column":51}},"332":{"start":{"line":333,"column":0},"end":{"line":333,"column":21}},"333":{"start":{"line":334,"column":0},"end":{"line":334,"column":51}},"334":{"start":{"line":335,"column":0},"end":{"line":335,"column":47}},"335":{"start":{"line":336,"column":0},"end":{"line":336,"column":73}},"336":{"start":{"line":337,"column":0},"end":{"line":337,"column":11}},"337":{"start":{"line":338,"column":0},"end":{"line":338,"column":8}},"338":{"start":{"line":339,"column":0},"end":{"line":339,"column":5}},"339":{"start":{"line":340,"column":0},"end":{"line":340,"column":4}},"344":{"start":{"line":345,"column":0},"end":{"line":345,"column":77}},"345":{"start":{"line":346,"column":0},"end":{"line":346,"column":9}},"347":{"start":{"line":348,"column":0},"end":{"line":348,"column":61}},"350":{"start":{"line":351,"column":0},"end":{"line":351,"column":68}},"353":{"start":{"line":354,"column":0},"end":{"line":354,"column":78}},"355":{"start":{"line":356,"column":0},"end":{"line":356,"column":22}},"357":{"start":{"line":358,"column":0},"end":{"line":358,"column":21}},"358":{"start":{"line":359,"column":0},"end":{"line":359,"column":44}},"359":{"start":{"line":360,"column":0},"end":{"line":360,"column":28}},"360":{"start":{"line":361,"column":0},"end":{"line":361,"column":84}},"361":{"start":{"line":362,"column":0},"end":{"line":362,"column":20}},"362":{"start":{"line":363,"column":0},"end":{"line":363,"column":8}},"363":{"start":{"line":364,"column":0},"end":{"line":364,"column":5}},"364":{"start":{"line":365,"column":0},"end":{"line":365,"column":4}},"369":{"start":{"line":370,"column":0},"end":{"line":370,"column":76}},"370":{"start":{"line":371,"column":0},"end":{"line":371,"column":9}},"371":{"start":{"line":372,"column":0},"end":{"line":372,"column":50}},"372":{"start":{"line":373,"column":0},"end":{"line":373,"column":24}},"373":{"start":{"line":374,"column":0},"end":{"line":374,"column":37}},"374":{"start":{"line":375,"column":0},"end":{"line":375,"column":47}},"375":{"start":{"line":376,"column":0},"end":{"line":376,"column":22}},"376":{"start":{"line":377,"column":0},"end":{"line":377,"column":10}},"377":{"start":{"line":378,"column":0},"end":{"line":378,"column":7}},"379":{"start":{"line":380,"column":0},"end":{"line":380,"column":57}},"382":{"start":{"line":383,"column":0},"end":{"line":383,"column":68}},"385":{"start":{"line":386,"column":0},"end":{"line":386,"column":78}},"387":{"start":{"line":388,"column":0},"end":{"line":388,"column":22}},"389":{"start":{"line":390,"column":0},"end":{"line":390,"column":21}},"390":{"start":{"line":391,"column":0},"end":{"line":391,"column":44}},"391":{"start":{"line":392,"column":0},"end":{"line":392,"column":28}},"392":{"start":{"line":393,"column":0},"end":{"line":393,"column":84}},"393":{"start":{"line":394,"column":0},"end":{"line":394,"column":20}},"394":{"start":{"line":395,"column":0},"end":{"line":395,"column":8}},"395":{"start":{"line":396,"column":0},"end":{"line":396,"column":5}},"396":{"start":{"line":397,"column":0},"end":{"line":397,"column":4}},"399":{"start":{"line":400,"column":0},"end":{"line":400,"column":83}},"400":{"start":{"line":401,"column":0},"end":{"line":401,"column":50}},"401":{"start":{"line":402,"column":0},"end":{"line":402,"column":27}},"402":{"start":{"line":403,"column":0},"end":{"line":403,"column":59}},"403":{"start":{"line":404,"column":0},"end":{"line":404,"column":5}},"404":{"start":{"line":405,"column":0},"end":{"line":405,"column":4}},"406":{"start":{"line":407,"column":0},"end":{"line":407,"column":15}},"407":{"start":{"line":408,"column":0},"end":{"line":408,"column":1}},"412":{"start":{"line":413,"column":0},"end":{"line":413,"column":32}},"413":{"start":{"line":414,"column":0},"end":{"line":414,"column":16}},"414":{"start":{"line":415,"column":0},"end":{"line":415,"column":32}},"415":{"start":{"line":416,"column":0},"end":{"line":416,"column":12}},"416":{"start":{"line":417,"column":0},"end":{"line":417,"column":46}},"417":{"start":{"line":418,"column":0},"end":{"line":418,"column":26}},"418":{"start":{"line":419,"column":0},"end":{"line":419,"column":12}},"419":{"start":{"line":420,"column":0},"end":{"line":420,"column":1}},"436":{"start":{"line":437,"column":0},"end":{"line":437,"column":30}},"437":{"start":{"line":438,"column":0},"end":{"line":438,"column":32}},"438":{"start":{"line":439,"column":0},"end":{"line":439,"column":12}},"439":{"start":{"line":440,"column":0},"end":{"line":440,"column":23}},"440":{"start":{"line":441,"column":0},"end":{"line":441,"column":38}},"441":{"start":{"line":442,"column":0},"end":{"line":442,"column":1}}},"s":{"0":1,"96":1,"97":4,"98":4,"99":4,"100":4,"101":4,"102":4,"103":4,"104":4,"105":4,"106":4,"107":4,"108":4,"111":4,"112":0,"113":0,"115":4,"118":4,"119":1,"120":1,"123":4,"126":4,"129":4,"130":4,"131":4,"132":4,"133":4,"136":4,"137":4,"138":4,"143":4,"144":7,"146":7,"149":7,"152":7,"153":7,"154":2,"155":2,"156":2,"157":2,"158":2,"161":5,"164":5,"166":7,"167":0,"168":0,"169":0,"170":0,"171":0,"172":0,"173":4,"178":4,"179":2,"180":2,"181":2,"182":0,"183":0,"184":0,"185":0,"186":0,"188":2,"189":2,"190":2,"191":2,"192":1,"193":1,"194":1,"195":1,"196":1,"199":1,"202":1,"203":2,"204":0,"205":0,"206":0,"207":0,"208":0,"211":1,"214":1,"216":2,"217":0,"218":0,"219":0,"220":0,"221":0,"222":0,"223":4,"229":4,"230":2,"235":2,"237":2,"239":2,"240":0,"241":0,"242":0,"243":0,"244":0,"245":0,"246":4,"251":4,"252":1,"253":1,"255":1,"258":1,"259":1,"260":0,"261":0,"262":0,"263":0,"264":0,"267":1,"268":1,"269":0,"270":0,"271":0,"272":0,"273":0,"275":1,"278":1,"280":1,"282":1,"283":0,"284":0,"285":0,"286":0,"287":0,"288":0,"289":4,"294":4,"295":1,"296":1,"297":1,"298":0,"299":0,"300":0,"301":0,"302":0,"304":1,"305":1,"308":1,"309":1,"310":0,"311":0,"312":0,"313":0,"314":0,"317":1,"318":1,"319":0,"320":0,"321":0,"322":0,"323":0,"325":1,"328":1,"330":1,"332":1,"333":0,"334":0,"335":0,"336":0,"337":0,"338":0,"339":4,"344":4,"345":1,"347":1,"350":1,"353":1,"355":1,"357":1,"358":0,"359":0,"360":0,"361":0,"362":0,"363":0,"364":4,"369":4,"370":1,"371":1,"372":1,"373":0,"374":0,"375":0,"376":0,"377":0,"379":1,"382":1,"385":1,"387":1,"389":1,"390":0,"391":0,"392":0,"393":0,"394":0,"395":0,"396":4,"399":4,"400":0,"401":0,"402":0,"403":0,"404":4,"406":4,"407":4,"412":1,"413":0,"414":0,"415":0,"416":0,"417":0,"418":0,"419":0,"436":1,"437":0,"438":0,"439":0,"440":0,"441":0},"branchMap":{"0":{"type":"branch","line":97,"loc":{"start":{"line":97,"column":7},"end":{"line":408,"column":1}},"locations":[{"start":{"line":97,"column":7},"end":{"line":408,"column":1}}]},"1":{"type":"branch","line":112,"loc":{"start":{"line":112,"column":36},"end":{"line":114,"column":3}},"locations":[{"start":{"line":112,"column":36},"end":{"line":114,"column":3}}]},"2":{"type":"branch","line":119,"loc":{"start":{"line":119,"column":18},"end":{"line":121,"column":3}},"locations":[{"start":{"line":119,"column":18},"end":{"line":121,"column":3}}]},"3":{"type":"branch","line":137,"loc":{"start":{"line":137,"column":16},"end":{"line":139,"column":3}},"locations":[{"start":{"line":137,"column":16},"end":{"line":139,"column":3}}]},"4":{"type":"branch","line":144,"loc":{"start":{"line":144,"column":34},"end":{"line":174,"column":3}},"locations":[{"start":{"line":144,"column":34},"end":{"line":174,"column":3}}]},"5":{"type":"branch","line":154,"loc":{"start":{"line":154,"column":31},"end":{"line":159,"column":7}},"locations":[{"start":{"line":154,"column":31},"end":{"line":159,"column":7}}]},"6":{"type":"branch","line":159,"loc":{"start":{"line":159,"column":6},"end":{"line":167,"column":13}},"locations":[{"start":{"line":159,"column":6},"end":{"line":167,"column":13}}]},"7":{"type":"branch","line":167,"loc":{"start":{"line":167,"column":4},"end":{"line":173,"column":5}},"locations":[{"start":{"line":167,"column":4},"end":{"line":173,"column":5}}]},"8":{"type":"branch","line":179,"loc":{"start":{"line":179,"column":33},"end":{"line":224,"column":3}},"locations":[{"start":{"line":179,"column":33},"end":{"line":224,"column":3}}]},"9":{"type":"branch","line":182,"loc":{"start":{"line":182,"column":23},"end":{"line":187,"column":7}},"locations":[{"start":{"line":182,"column":23},"end":{"line":187,"column":7}}]},"10":{"type":"branch","line":192,"loc":{"start":{"line":192,"column":6},"end":{"line":204,"column":31}},"locations":[{"start":{"line":192,"column":6},"end":{"line":204,"column":31}}]},"11":{"type":"branch","line":204,"loc":{"start":{"line":204,"column":31},"end":{"line":209,"column":7}},"locations":[{"start":{"line":204,"column":31},"end":{"line":209,"column":7}}]},"12":{"type":"branch","line":209,"loc":{"start":{"line":209,"column":6},"end":{"line":217,"column":13}},"locations":[{"start":{"line":209,"column":6},"end":{"line":217,"column":13}}]},"13":{"type":"branch","line":217,"loc":{"start":{"line":217,"column":4},"end":{"line":223,"column":5}},"locations":[{"start":{"line":217,"column":4},"end":{"line":223,"column":5}}]},"14":{"type":"branch","line":230,"loc":{"start":{"line":230,"column":33},"end":{"line":247,"column":3}},"locations":[{"start":{"line":230,"column":33},"end":{"line":247,"column":3}}]},"15":{"type":"branch","line":240,"loc":{"start":{"line":240,"column":4},"end":{"line":246,"column":5}},"locations":[{"start":{"line":240,"column":4},"end":{"line":246,"column":5}}]},"16":{"type":"branch","line":252,"loc":{"start":{"line":252,"column":33},"end":{"line":290,"column":3}},"locations":[{"start":{"line":252,"column":33},"end":{"line":290,"column":3}}]},"17":{"type":"branch","line":260,"loc":{"start":{"line":260,"column":31},"end":{"line":265,"column":7}},"locations":[{"start":{"line":260,"column":31},"end":{"line":265,"column":7}}]},"18":{"type":"branch","line":268,"loc":{"start":{"line":268,"column":44},"end":{"line":268,"column":70}},"locations":[{"start":{"line":268,"column":44},"end":{"line":268,"column":70}}]},"19":{"type":"branch","line":269,"loc":{"start":{"line":269,"column":24},"end":{"line":274,"column":7}},"locations":[{"start":{"line":269,"column":24},"end":{"line":274,"column":7}}]},"20":{"type":"branch","line":283,"loc":{"start":{"line":283,"column":4},"end":{"line":289,"column":5}},"locations":[{"start":{"line":283,"column":4},"end":{"line":289,"column":5}}]},"21":{"type":"branch","line":295,"loc":{"start":{"line":295,"column":32},"end":{"line":340,"column":3}},"locations":[{"start":{"line":295,"column":32},"end":{"line":340,"column":3}}]},"22":{"type":"branch","line":298,"loc":{"start":{"line":298,"column":23},"end":{"line":303,"column":7}},"locations":[{"start":{"line":298,"column":23},"end":{"line":303,"column":7}}]},"23":{"type":"branch","line":310,"loc":{"start":{"line":310,"column":31},"end":{"line":315,"column":7}},"locations":[{"start":{"line":310,"column":31},"end":{"line":315,"column":7}}]},"24":{"type":"branch","line":318,"loc":{"start":{"line":318,"column":44},"end":{"line":318,"column":70}},"locations":[{"start":{"line":318,"column":44},"end":{"line":318,"column":70}}]},"25":{"type":"branch","line":319,"loc":{"start":{"line":319,"column":24},"end":{"line":324,"column":7}},"locations":[{"start":{"line":319,"column":24},"end":{"line":324,"column":7}}]},"26":{"type":"branch","line":333,"loc":{"start":{"line":333,"column":4},"end":{"line":339,"column":5}},"locations":[{"start":{"line":333,"column":4},"end":{"line":339,"column":5}}]},"27":{"type":"branch","line":345,"loc":{"start":{"line":345,"column":37},"end":{"line":365,"column":3}},"locations":[{"start":{"line":345,"column":37},"end":{"line":365,"column":3}}]},"28":{"type":"branch","line":358,"loc":{"start":{"line":358,"column":4},"end":{"line":364,"column":5}},"locations":[{"start":{"line":358,"column":4},"end":{"line":364,"column":5}}]},"29":{"type":"branch","line":370,"loc":{"start":{"line":370,"column":36},"end":{"line":397,"column":3}},"locations":[{"start":{"line":370,"column":36},"end":{"line":397,"column":3}}]},"30":{"type":"branch","line":373,"loc":{"start":{"line":373,"column":23},"end":{"line":378,"column":7}},"locations":[{"start":{"line":373,"column":23},"end":{"line":378,"column":7}}]},"31":{"type":"branch","line":390,"loc":{"start":{"line":390,"column":4},"end":{"line":396,"column":5}},"locations":[{"start":{"line":390,"column":4},"end":{"line":396,"column":5}}]}},"b":{"0":[4],"1":[0],"2":[1],"3":[4],"4":[7],"5":[2],"6":[5],"7":[0],"8":[2],"9":[0],"10":[1],"11":[0],"12":[1],"13":[0],"14":[2],"15":[0],"16":[1],"17":[0],"18":[0],"19":[0],"20":[0],"21":[1],"22":[0],"23":[0],"24":[0],"25":[0],"26":[0],"27":[1],"28":[0],"29":[1],"30":[0],"31":[0]},"fnMap":{"0":{"name":"createCubeRouter","decl":{"start":{"line":97,"column":7},"end":{"line":408,"column":1}},"loc":{"start":{"line":97,"column":7},"end":{"line":408,"column":1}},"line":97},"1":{"name":"mountCubeRoutes","decl":{"start":{"line":413,"column":7},"end":{"line":420,"column":1}},"loc":{"start":{"line":413,"column":7},"end":{"line":420,"column":1}},"line":413},"2":{"name":"createCubeApp","decl":{"start":{"line":437,"column":7},"end":{"line":442,"column":1}},"loc":{"start":{"line":437,"column":7},"end":{"line":442,"column":1}},"line":437}},"f":{"0":4,"1":0,"2":0}}
,"/Users/cliftonc/work/dc/drizzle-cube/src/adapters/fastify/index.ts": {"path":"/Users/cliftonc/work/dc/drizzle-cube/src/adapters/fastify/index.ts","all":false,"statementMap":{"0":{"start":{"line":1,"column":0},"end":{"line":1,"column":3}},"94":{"start":{"line":95,"column":0},"end":{"line":95,"column":92}},"95":{"start":{"line":96,"column":0},"end":{"line":96,"column":28}},"96":{"start":{"line":97,"column":0},"end":{"line":97,"column":34}},"97":{"start":{"line":98,"column":0},"end":{"line":98,"column":29}},"98":{"start":{"line":99,"column":0},"end":{"line":99,"column":3}},"99":{"start":{"line":100,"column":0},"end":{"line":100,"column":10}},"100":{"start":{"line":101,"column":0},"end":{"line":101,"column":10}},"101":{"start":{"line":102,"column":0},"end":{"line":102,"column":12}},"102":{"start":{"line":103,"column":0},"end":{"line":103,"column":11}},"103":{"start":{"line":104,"column":0},"end":{"line":104,"column":27}},"104":{"start":{"line":105,"column":0},"end":{"line":105,"column":15}},"105":{"start":{"line":106,"column":0},"end":{"line":106,"column":21}},"106":{"start":{"line":107,"column":0},"end":{"line":107,"column":32}},"107":{"start":{"line":108,"column":0},"end":{"line":108,"column":32}},"108":{"start":{"line":109,"column":0},"end":{"line":109,"column":13}},"111":{"start":{"line":112,"column":0},"end":{"line":112,"column":37}},"112":{"start":{"line":113,"column":0},"end":{"line":113,"column":83}},"113":{"start":{"line":114,"column":0},"end":{"line":114,"column":3}},"116":{"start":{"line":117,"column":0},"end":{"line":117,"column":19}},"117":{"start":{"line":118,"column":0},"end":{"line":118,"column":57}},"118":{"start":{"line":119,"column":0},"end":{"line":119,"column":3}},"121":{"start":{"line":122,"column":0},"end":{"line":122,"column":59}},"122":{"start":{"line":123,"column":0},"end":{"line":123,"column":36}},"123":{"start":{"line":124,"column":0},"end":{"line":124,"column":79}},"124":{"start":{"line":125,"column":0},"end":{"line":125,"column":5}},"125":{"start":{"line":126,"column":0},"end":{"line":126,"column":4}},"128":{"start":{"line":129,"column":0},"end":{"line":129,"column":51}},"129":{"start":{"line":130,"column":0},"end":{"line":130,"column":12}},"130":{"start":{"line":131,"column":0},"end":{"line":131,"column":11}},"131":{"start":{"line":132,"column":0},"end":{"line":132,"column":14}},"132":{"start":{"line":133,"column":0},"end":{"line":133,"column":4}},"135":{"start":{"line":136,"column":0},"end":{"line":136,"column":25}},"136":{"start":{"line":137,"column":0},"end":{"line":137,"column":36}},"137":{"start":{"line":138,"column":0},"end":{"line":138,"column":4}},"142":{"start":{"line":143,"column":0},"end":{"line":143,"column":36}},"143":{"start":{"line":144,"column":0},"end":{"line":144,"column":14}},"144":{"start":{"line":145,"column":0},"end":{"line":145,"column":13}},"145":{"start":{"line":146,"column":0},"end":{"line":146,"column":13}},"146":{"start":{"line":147,"column":0},"end":{"line":147,"column":23}},"147":{"start":{"line":148,"column":0},"end":{"line":148,"column":34}},"148":{"start":{"line":149,"column":0},"end":{"line":149,"column":7}},"149":{"start":{"line":150,"column":0},"end":{"line":150,"column":5}},"150":{"start":{"line":151,"column":0},"end":{"line":151,"column":62}},"151":{"start":{"line":152,"column":0},"end":{"line":152,"column":9}},"153":{"start":{"line":154,"column":0},"end":{"line":154,"column":38}},"154":{"start":{"line":155,"column":0},"end":{"line":155,"column":53}},"157":{"start":{"line":158,"column":0},"end":{"line":158,"column":67}},"160":{"start":{"line":161,"column":0},"end":{"line":161,"column":59}},"161":{"start":{"line":162,"column":0},"end":{"line":162,"column":32}},"162":{"start":{"line":163,"column":0},"end":{"line":163,"column":58}},"163":{"start":{"line":164,"column":0},"end":{"line":164,"column":69}},"164":{"start":{"line":165,"column":0},"end":{"line":165,"column":13}},"165":{"start":{"line":166,"column":0},"end":{"line":166,"column":10}},"166":{"start":{"line":167,"column":0},"end":{"line":167,"column":7}},"169":{"start":{"line":170,"column":0},"end":{"line":170,"column":86}},"172":{"start":{"line":173,"column":0},"end":{"line":173,"column":61}},"174":{"start":{"line":175,"column":0},"end":{"line":175,"column":21}},"175":{"start":{"line":176,"column":0},"end":{"line":176,"column":55}},"176":{"start":{"line":177,"column":0},"end":{"line":177,"column":56}},"177":{"start":{"line":178,"column":0},"end":{"line":178,"column":74}},"178":{"start":{"line":179,"column":0},"end":{"line":179,"column":11}},"179":{"start":{"line":180,"column":0},"end":{"line":180,"column":8}},"180":{"start":{"line":181,"column":0},"end":{"line":181,"column":5}},"181":{"start":{"line":182,"column":0},"end":{"line":182,"column":4}},"186":{"start":{"line":187,"column":0},"end":{"line":187,"column":35}},"187":{"start":{"line":188,"column":0},"end":{"line":188,"column":13}},"188":{"start":{"line":189,"column":0},"end":{"line":189,"column":20}},"189":{"start":{"line":190,"column":0},"end":{"line":190,"column":23}},"190":{"start":{"line":191,"column":0},"end":{"line":191,"column":21}},"191":{"start":{"line":192,"column":0},"end":{"line":192,"column":35}},"192":{"start":{"line":193,"column":0},"end":{"line":193,"column":10}},"193":{"start":{"line":194,"column":0},"end":{"line":194,"column":27}},"194":{"start":{"line":195,"column":0},"end":{"line":195,"column":7}},"195":{"start":{"line":196,"column":0},"end":{"line":196,"column":5}},"196":{"start":{"line":197,"column":0},"end":{"line":197,"column":62}},"197":{"start":{"line":198,"column":0},"end":{"line":198,"column":9}},"198":{"start":{"line":199,"column":0},"end":{"line":199,"column":70}},"200":{"start":{"line":201,"column":0},"end":{"line":201,"column":30}},"201":{"start":{"line":202,"column":0},"end":{"line":202,"column":11}},"202":{"start":{"line":203,"column":0},"end":{"line":203,"column":38}},"203":{"start":{"line":204,"column":0},"end":{"line":204,"column":28}},"204":{"start":{"line":205,"column":0},"end":{"line":205,"column":58}},"205":{"start":{"line":206,"column":0},"end":{"line":206,"column":44}},"206":{"start":{"line":207,"column":0},"end":{"line":207,"column":13}},"207":{"start":{"line":208,"column":0},"end":{"line":208,"column":10}},"208":{"start":{"line":209,"column":0},"end":{"line":209,"column":7}},"211":{"start":{"line":212,"column":0},"end":{"line":212,"column":67}},"214":{"start":{"line":215,"column":0},"end":{"line":215,"column":59}},"215":{"start":{"line":216,"column":0},"end":{"line":216,"column":32}},"216":{"start":{"line":217,"column":0},"end":{"line":217,"column":58}},"217":{"start":{"line":218,"column":0},"end":{"line":218,"column":69}},"218":{"start":{"line":219,"column":0},"end":{"line":219,"column":13}},"219":{"start":{"line":220,"column":0},"end":{"line":220,"column":10}},"220":{"start":{"line":221,"column":0},"end":{"line":221,"column":7}},"223":{"start":{"line":224,"column":0},"end":{"line":224,"column":86}},"226":{"start":{"line":227,"column":0},"end":{"line":227,"column":61}},"228":{"start":{"line":229,"column":0},"end":{"line":229,"column":21}},"229":{"start":{"line":230,"column":0},"end":{"line":230,"column":55}},"230":{"start":{"line":231,"column":0},"end":{"line":231,"column":56}},"231":{"start":{"line":232,"column":0},"end":{"line":232,"column":74}},"232":{"start":{"line":233,"column":0},"end":{"line":233,"column":11}},"233":{"start":{"line":234,"column":0},"end":{"line":234,"column":8}},"234":{"start":{"line":235,"column":0},"end":{"line":235,"column":5}},"235":{"start":{"line":236,"column":0},"end":{"line":236,"column":4}},"241":{"start":{"line":242,"column":0},"end":{"line":242,"column":91}},"242":{"start":{"line":243,"column":0},"end":{"line":243,"column":9}},"247":{"start":{"line":248,"column":0},"end":{"line":248,"column":50}},"249":{"start":{"line":250,"column":0},"end":{"line":250,"column":41}},"251":{"start":{"line":252,"column":0},"end":{"line":252,"column":21}},"252":{"start":{"line":253,"column":0},"end":{"line":253,"column":48}},"253":{"start":{"line":254,"column":0},"end":{"line":254,"column":56}},"254":{"start":{"line":255,"column":0},"end":{"line":255,"column":76}},"255":{"start":{"line":256,"column":0},"end":{"line":256,"column":11}},"256":{"start":{"line":257,"column":0},"end":{"line":257,"column":8}},"257":{"start":{"line":258,"column":0},"end":{"line":258,"column":5}},"258":{"start":{"line":259,"column":0},"end":{"line":259,"column":4}},"263":{"start":{"line":264,"column":0},"end":{"line":264,"column":35}},"264":{"start":{"line":265,"column":0},"end":{"line":265,"column":14}},"265":{"start":{"line":266,"column":0},"end":{"line":266,"column":13}},"266":{"start":{"line":267,"column":0},"end":{"line":267,"column":13}},"267":{"start":{"line":268,"column":0},"end":{"line":268,"column":23}},"268":{"start":{"line":269,"column":0},"end":{"line":269,"column":34}},"269":{"start":{"line":270,"column":0},"end":{"line":270,"column":7}},"270":{"start":{"line":271,"column":0},"end":{"line":271,"column":5}},"271":{"start":{"line":272,"column":0},"end":{"line":272,"column":62}},"272":{"start":{"line":273,"column":0},"end":{"line":273,"column":9}},"273":{"start":{"line":274,"column":0},"end":{"line":274,"column":64}},"275":{"start":{"line":276,"column":0},"end":{"line":276,"column":67}},"278":{"start":{"line":279,"column":0},"end":{"line":279,"column":59}},"279":{"start":{"line":280,"column":0},"end":{"line":280,"column":32}},"280":{"start":{"line":281,"column":0},"end":{"line":281,"column":58}},"281":{"start":{"line":282,"column":0},"end":{"line":282,"column":69}},"282":{"start":{"line":283,"column":0},"end":{"line":283,"column":13}},"283":{"start":{"line":284,"column":0},"end":{"line":284,"column":10}},"284":{"start":{"line":285,"column":0},"end":{"line":285,"column":7}},"287":{"start":{"line":288,"column":0},"end":{"line":288,"column":70}},"288":{"start":{"line":289,"column":0},"end":{"line":289,"column":25}},"289":{"start":{"line":290,"column":0},"end":{"line":290,"column":58}},"290":{"start":{"line":291,"column":0},"end":{"line":291,"column":48}},"291":{"start":{"line":292,"column":0},"end":{"line":292,"column":13}},"292":{"start":{"line":293,"column":0},"end":{"line":293,"column":10}},"293":{"start":{"line":294,"column":0},"end":{"line":294,"column":7}},"295":{"start":{"line":296,"column":0},"end":{"line":296,"column":48}},"298":{"start":{"line":299,"column":0},"end":{"line":299,"column":89}},"300":{"start":{"line":301,"column":0},"end":{"line":301,"column":48}},"302":{"start":{"line":303,"column":0},"end":{"line":303,"column":21}},"303":{"start":{"line":304,"column":0},"end":{"line":304,"column":54}},"304":{"start":{"line":305,"column":0},"end":{"line":305,"column":56}},"305":{"start":{"line":306,"column":0},"end":{"line":306,"column":73}},"306":{"start":{"line":307,"column":0},"end":{"line":307,"column":11}},"307":{"start":{"line":308,"column":0},"end":{"line":308,"column":8}},"308":{"start":{"line":309,"column":0},"end":{"line":309,"column":5}},"309":{"start":{"line":310,"column":0},"end":{"line":310,"column":4}},"314":{"start":{"line":315,"column":0},"end":{"line":315,"column":34}},"315":{"start":{"line":316,"column":0},"end":{"line":316,"column":13}},"316":{"start":{"line":317,"column":0},"end":{"line":317,"column":20}},"317":{"start":{"line":318,"column":0},"end":{"line":318,"column":23}},"318":{"start":{"line":319,"column":0},"end":{"line":319,"column":21}},"319":{"start":{"line":320,"column":0},"end":{"line":320,"column":35}},"320":{"start":{"line":321,"column":0},"end":{"line":321,"column":10}},"321":{"start":{"line":322,"column":0},"end":{"line":322,"column":27}},"322":{"start":{"line":323,"column":0},"end":{"line":323,"column":7}},"323":{"start":{"line":324,"column":0},"end":{"line":324,"column":5}},"324":{"start":{"line":325,"column":0},"end":{"line":325,"column":62}},"325":{"start":{"line":326,"column":0},"end":{"line":326,"column":9}},"326":{"start":{"line":327,"column":0},"end":{"line":327,"column":70}},"328":{"start":{"line":329,"column":0},"end":{"line":329,"column":57}},"329":{"start":{"line":330,"column":0},"end":{"line":330,"column":67}},"332":{"start":{"line":333,"column":0},"end":{"line":333,"column":59}},"333":{"start":{"line":334,"column":0},"end":{"line":334,"column":32}},"334":{"start":{"line":335,"column":0},"end":{"line":335,"column":58}},"335":{"start":{"line":336,"column":0},"end":{"line":336,"column":69}},"336":{"start":{"line":337,"column":0},"end":{"line":337,"column":13}},"337":{"start":{"line":338,"column":0},"end":{"line":338,"column":10}},"338":{"start":{"line":339,"column":0},"end":{"line":339,"column":7}},"341":{"start":{"line":342,"column":0},"end":{"line":342,"column":70}},"342":{"start":{"line":343,"column":0},"end":{"line":343,"column":25}},"343":{"start":{"line":344,"column":0},"end":{"line":344,"column":58}},"344":{"start":{"line":345,"column":0},"end":{"line":345,"column":48}},"345":{"start":{"line":346,"column":0},"end":{"line":346,"column":13}},"346":{"start":{"line":347,"column":0},"end":{"line":347,"column":10}},"347":{"start":{"line":348,"column":0},"end":{"line":348,"column":7}},"349":{"start":{"line":350,"column":0},"end":{"line":350,"column":48}},"352":{"start":{"line":353,"column":0},"end":{"line":353,"column":89}},"354":{"start":{"line":355,"column":0},"end":{"line":355,"column":48}},"356":{"start":{"line":357,"column":0},"end":{"line":357,"column":21}},"357":{"start":{"line":358,"column":0},"end":{"line":358,"column":54}},"358":{"start":{"line":359,"column":0},"end":{"line":359,"column":56}},"359":{"start":{"line":360,"column":0},"end":{"line":360,"column":73}},"360":{"start":{"line":361,"column":0},"end":{"line":361,"column":11}},"361":{"start":{"line":362,"column":0},"end":{"line":362,"column":8}},"362":{"start":{"line":363,"column":0},"end":{"line":363,"column":5}},"363":{"start":{"line":364,"column":0},"end":{"line":364,"column":4}},"368":{"start":{"line":369,"column":0},"end":{"line":369,"column":39}},"369":{"start":{"line":370,"column":0},"end":{"line":370,"column":14}},"370":{"start":{"line":371,"column":0},"end":{"line":371,"column":13}},"371":{"start":{"line":372,"column":0},"end":{"line":372,"column":13}},"372":{"start":{"line":373,"column":0},"end":{"line":373,"column":23}},"373":{"start":{"line":374,"column":0},"end":{"line":374,"column":34}},"374":{"start":{"line":375,"column":0},"end":{"line":375,"column":7}},"375":{"start":{"line":376,"column":0},"end":{"line":376,"column":5}},"376":{"start":{"line":377,"column":0},"end":{"line":377,"column":62}},"377":{"start":{"line":378,"column":0},"end":{"line":378,"column":9}},"379":{"start":{"line":380,"column":0},"end":{"line":380,"column":38}},"380":{"start":{"line":381,"column":0},"end":{"line":381,"column":53}},"383":{"start":{"line":384,"column":0},"end":{"line":384,"column":67}},"386":{"start":{"line":387,"column":0},"end":{"line":387,"column":78}},"388":{"start":{"line":389,"column":0},"end":{"line":389,"column":19}},"390":{"start":{"line":391,"column":0},"end":{"line":391,"column":21}},"391":{"start":{"line":392,"column":0},"end":{"line":392,"column":47}},"392":{"start":{"line":393,"column":0},"end":{"line":393,"column":37}},"393":{"start":{"line":394,"column":0},"end":{"line":394,"column":84}},"394":{"start":{"line":395,"column":0},"end":{"line":395,"column":20}},"395":{"start":{"line":396,"column":0},"end":{"line":396,"column":8}},"396":{"start":{"line":397,"column":0},"end":{"line":397,"column":5}},"397":{"start":{"line":398,"column":0},"end":{"line":398,"column":4}},"402":{"start":{"line":403,"column":0},"end":{"line":403,"column":38}},"403":{"start":{"line":404,"column":0},"end":{"line":404,"column":13}},"404":{"start":{"line":405,"column":0},"end":{"line":405,"column":20}},"405":{"start":{"line":406,"column":0},"end":{"line":406,"column":23}},"406":{"start":{"line":407,"column":0},"end":{"line":407,"column":21}},"407":{"start":{"line":408,"column":0},"end":{"line":408,"column":35}},"408":{"start":{"line":409,"column":0},"end":{"line":409,"column":10}},"409":{"start":{"line":410,"column":0},"end":{"line":410,"column":27}},"410":{"start":{"line":411,"column":0},"end":{"line":411,"column":7}},"411":{"start":{"line":412,"column":0},"end":{"line":412,"column":5}},"412":{"start":{"line":413,"column":0},"end":{"line":413,"column":62}},"413":{"start":{"line":414,"column":0},"end":{"line":414,"column":9}},"414":{"start":{"line":415,"column":0},"end":{"line":415,"column":70}},"416":{"start":{"line":417,"column":0},"end":{"line":417,"column":57}},"419":{"start":{"line":420,"column":0},"end":{"line":420,"column":67}},"422":{"start":{"line":423,"column":0},"end":{"line":423,"column":78}},"424":{"start":{"line":425,"column":0},"end":{"line":425,"column":19}},"426":{"start":{"line":427,"column":0},"end":{"line":427,"column":21}},"427":{"start":{"line":428,"column":0},"end":{"line":428,"column":47}},"428":{"start":{"line":429,"column":0},"end":{"line":429,"column":37}},"429":{"start":{"line":430,"column":0},"end":{"line":430,"column":84}},"430":{"start":{"line":431,"column":0},"end":{"line":431,"column":20}},"431":{"start":{"line":432,"column":0},"end":{"line":432,"column":8}},"432":{"start":{"line":433,"column":0},"end":{"line":433,"column":5}},"433":{"start":{"line":434,"column":0},"end":{"line":434,"column":4}},"436":{"start":{"line":437,"column":0},"end":{"line":437,"column":60}},"437":{"start":{"line":438,"column":0},"end":{"line":438,"column":58}},"439":{"start":{"line":440,"column":0},"end":{"line":440,"column":33}},"440":{"start":{"line":441,"column":0},"end":{"line":441,"column":23}},"441":{"start":{"line":442,"column":0},"end":{"line":442,"column":5}},"443":{"start":{"line":444,"column":0},"end":{"line":444,"column":55}},"444":{"start":{"line":445,"column":0},"end":{"line":445,"column":4}},"446":{"start":{"line":447,"column":0},"end":{"line":447,"column":8}},"447":{"start":{"line":448,"column":0},"end":{"line":448,"column":1}},"452":{"start":{"line":453,"column":0},"end":{"line":453,"column":41}},"453":{"start":{"line":454,"column":0},"end":{"line":454,"column":27}},"454":{"start":{"line":455,"column":0},"end":{"line":455,"column":32}},"455":{"start":{"line":456,"column":0},"end":{"line":456,"column":18}},"456":{"start":{"line":457,"column":0},"end":{"line":457,"column":52}},"457":{"start":{"line":458,"column":0},"end":{"line":458,"column":1}},"474":{"start":{"line":475,"column":0},"end":{"line":475,"column":30}},"475":{"start":{"line":476,"column":0},"end":{"line":476,"column":32}},"476":{"start":{"line":477,"column":0},"end":{"line":477,"column":20}},"477":{"start":{"line":478,"column":0},"end":{"line":478,"column":38}},"478":{"start":{"line":479,"column":0},"end":{"line":479,"column":16}},"479":{"start":{"line":480,"column":0},"end":{"line":480,"column":4}},"481":{"start":{"line":482,"column":0},"end":{"line":482,"column":46}},"483":{"start":{"line":484,"column":0},"end":{"line":484,"column":16}},"484":{"start":{"line":485,"column":0},"end":{"line":485,"column":1}}},"s":{"0":1,"94":1,"95":5,"96":5,"97":5,"98":5,"99":5,"100":5,"101":5,"102":5,"103":5,"104":5,"105":5,"106":5,"107":5,"108":5,"111":5,"112":0,"113":0,"116":5,"117":1,"118":1,"121":5,"122":20,"123":11,"124":11,"125":5,"128":5,"129":5,"130":5,"131":5,"132":5,"135":5,"136":5,"137":5,"142":5,"143":5,"144":5,"145":5,"146":5,"147":5,"148":5,"149":5,"150":5,"151":8,"153":8,"154":8,"157":8,"160":8,"161":8,"162":2,"163":2,"164":2,"165":2,"166":2,"169":6,"172":6,"174":8,"175":0,"176":0,"177":0,"178":0,"179":0,"180":0,"181":5,"186":5,"187":5,"188":5,"189":5,"190":5,"191":5,"192":5,"193":5,"194":5,"195":5,"196":5,"197":2,"198":2,"200":2,"201":2,"202":2,"203":2,"204":1,"205":1,"206":1,"207":1,"208":1,"211":1,"214":1,"215":2,"216":0,"217":0,"218":0,"219":0,"220":0,"223":1,"226":1,"228":2,"229":0,"230":0,"231":0,"232":0,"233":0,"234":0,"235":5,"241":5,"242":4,"247":4,"249":4,"251":4,"252":0,"253":0,"254":0,"255":0,"256":0,"257":0,"258":5,"263":5,"264":5,"265":5,"266":5,"267":5,"268":5,"269":5,"270":5,"271":5,"272":1,"273":1,"275":1,"278":1,"279":1,"280":0,"281":0,"282":0,"283":0,"284":0,"287":1,"288":1,"289":0,"290":0,"291":0,"292":0,"293":0,"295":1,"298":1,"300":1,"302":1,"303":0,"304":0,"305":0,"306":0,"307":0,"308":0,"309":5,"314":5,"315":5,"316":5,"317":5,"318":5,"319":5,"320":5,"321":5,"322":5,"323":5,"324":5,"325":2,"326":2,"328":2,"329":2,"332":1,"333":2,"334":0,"335":0,"336":0,"337":0,"338":0,"341":2,"342":2,"343":0,"344":0,"345":0,"346":0,"347":0,"349":1,"352":1,"354":1,"356":1,"357":1,"358":1,"359":1,"360":1,"361":1,"362":1,"363":5,"368":5,"369":5,"370":5,"371":5,"372":5,"373":5,"374":5,"375":5,"376":5,"377":1,"379":1,"380":1,"383":1,"386":1,"388":1,"390":1,"391":0,"392":0,"393":0,"394":0,"395":0,"396":0,"397":5,"402":5,"403":5,"404":5,"405":5,"406":5,"407":5,"408":5,"409":5,"410":5,"411":5,"412":5,"413":1,"414":1,"416":1,"419":1,"422":1,"424":1,"426":1,"427":0,"428":0,"429":0,"430":0,"431":0,"432":0,"433":5,"436":5,"437":1,"439":1,"440":1,"441":1,"443":1,"444":5,"446":5,"447":5,"452":0,"453":0,"454":0,"455":0,"456":0,"457":0,"474":1,"475":1,"476":1,"477":1,"478":1,"479":1,"481":1,"483":1,"484":1},"branchMap":{"0":{"type":"branch","line":95,"loc":{"start":{"line":95,"column":72},"end":{"line":448,"column":1}},"locations":[{"start":{"line":95,"column":72},"end":{"line":448,"column":1}}]},"1":{"type":"branch","line":112,"loc":{"start":{"line":112,"column":36},"end":{"line":114,"column":3}},"locations":[{"start":{"line":112,"column":36},"end":{"line":114,"column":3}}]},"2":{"type":"branch","line":117,"loc":{"start":{"line":117,"column":18},"end":{"line":119,"column":3}},"locations":[{"start":{"line":117,"column":18},"end":{"line":119,"column":3}}]},"3":{"type":"branch","line":122,"loc":{"start":{"line":122,"column":31},"end":{"line":126,"column":3}},"locations":[{"start":{"line":122,"column":31},"end":{"line":126,"column":3}}]},"4":{"type":"branch","line":123,"loc":{"start":{"line":123,"column":35},"end":{"line":125,"column":5}},"locations":[{"start":{"line":123,"column":35},"end":{"line":125,"column":5}}]},"5":{"type":"branch","line":136,"loc":{"start":{"line":136,"column":16},"end":{"line":138,"column":3}},"locations":[{"start":{"line":136,"column":16},"end":{"line":138,"column":3}}]},"6":{"type":"branch","line":151,"loc":{"start":{"line":151,"column":5},"end":{"line":182,"column":3}},"locations":[{"start":{"line":151,"column":5},"end":{"line":182,"column":3}}]},"7":{"type":"branch","line":155,"loc":{"start":{"line":155,"column":40},"end":{"line":155,"column":53}},"locations":[{"start":{"line":155,"column":40},"end":{"line":155,"column":53}}]},"8":{"type":"branch","line":162,"loc":{"start":{"line":162,"column":31},"end":{"line":167,"column":7}},"locations":[{"start":{"line":162,"column":31},"end":{"line":167,"column":7}}]},"9":{"type":"branch","line":167,"loc":{"start":{"line":167,"column":6},"end":{"line":175,"column":13}},"locations":[{"start":{"line":167,"column":6},"end":{"line":175,"column":13}}]},"10":{"type":"branch","line":175,"loc":{"start":{"line":175,"column":4},"end":{"line":181,"column":5}},"locations":[{"start":{"line":175,"column":4},"end":{"line":181,"column":5}}]},"11":{"type":"branch","line":197,"loc":{"start":{"line":197,"column":5},"end":{"line":236,"column":3}},"locations":[{"start":{"line":197,"column":5},"end":{"line":236,"column":3}}]},"12":{"type":"branch","line":204,"loc":{"start":{"line":204,"column":6},"end":{"line":216,"column":31}},"locations":[{"start":{"line":204,"column":6},"end":{"line":216,"column":31}}]},"13":{"type":"branch","line":216,"loc":{"start":{"line":216,"column":31},"end":{"line":221,"column":7}},"locations":[{"start":{"line":216,"column":31},"end":{"line":221,"column":7}}]},"14":{"type":"branch","line":221,"loc":{"start":{"line":221,"column":6},"end":{"line":229,"column":13}},"locations":[{"start":{"line":221,"column":6},"end":{"line":229,"column":13}}]},"15":{"type":"branch","line":229,"loc":{"start":{"line":229,"column":4},"end":{"line":235,"column":5}},"locations":[{"start":{"line":229,"column":4},"end":{"line":235,"column":5}}]},"16":{"type":"branch","line":242,"loc":{"start":{"line":242,"column":34},"end":{"line":259,"column":3}},"locations":[{"start":{"line":242,"column":34},"end":{"line":259,"column":3}}]},"17":{"type":"branch","line":252,"loc":{"start":{"line":252,"column":4},"end":{"line":258,"column":5}},"locations":[{"start":{"line":252,"column":4},"end":{"line":258,"column":5}}]},"18":{"type":"branch","line":272,"loc":{"start":{"line":272,"column":5},"end":{"line":310,"column":3}},"locations":[{"start":{"line":272,"column":5},"end":{"line":310,"column":3}}]},"19":{"type":"branch","line":280,"loc":{"start":{"line":280,"column":31},"end":{"line":285,"column":7}},"locations":[{"start":{"line":280,"column":31},"end":{"line":285,"column":7}}]},"20":{"type":"branch","line":288,"loc":{"start":{"line":288,"column":44},"end":{"line":288,"column":70}},"locations":[{"start":{"line":288,"column":44},"end":{"line":288,"column":70}}]},"21":{"type":"branch","line":289,"loc":{"start":{"line":289,"column":24},"end":{"line":294,"column":7}},"locations":[{"start":{"line":289,"column":24},"end":{"line":294,"column":7}}]},"22":{"type":"branch","line":303,"loc":{"start":{"line":303,"column":4},"end":{"line":309,"column":5}},"locations":[{"start":{"line":303,"column":4},"end":{"line":309,"column":5}}]},"23":{"type":"branch","line":325,"loc":{"start":{"line":325,"column":5},"end":{"line":364,"column":3}},"locations":[{"start":{"line":325,"column":5},"end":{"line":364,"column":3}}]},"24":{"type":"branch","line":330,"loc":{"start":{"line":330,"column":66},"end":{"line":334,"column":31}},"locations":[{"start":{"line":330,"column":66},"end":{"line":334,"column":31}}]},"25":{"type":"branch","line":334,"loc":{"start":{"line":334,"column":31},"end":{"line":339,"column":7}},"locations":[{"start":{"line":334,"column":31},"end":{"line":339,"column":7}}]},"26":{"type":"branch","line":339,"loc":{"start":{"line":339,"column":6},"end":{"line":342,"column":49}},"locations":[{"start":{"line":339,"column":6},"end":{"line":342,"column":49}}]},"27":{"type":"branch","line":342,"loc":{"start":{"line":342,"column":44},"end":{"line":342,"column":70}},"locations":[{"start":{"line":342,"column":44},"end":{"line":342,"column":70}}]},"28":{"type":"branch","line":343,"loc":{"start":{"line":343,"column":24},"end":{"line":348,"column":7}},"locations":[{"start":{"line":343,"column":24},"end":{"line":348,"column":7}}]},"29":{"type":"branch","line":348,"loc":{"start":{"line":348,"column":6},"end":{"line":363,"column":5}},"locations":[{"start":{"line":348,"column":6},"end":{"line":363,"column":5}}]},"30":{"type":"branch","line":360,"loc":{"start":{"line":360,"column":39},"end":{"line":360,"column":73}},"locations":[{"start":{"line":360,"column":39},"end":{"line":360,"column":73}}]},"31":{"type":"branch","line":377,"loc":{"start":{"line":377,"column":5},"end":{"line":398,"column":3}},"locations":[{"start":{"line":377,"column":5},"end":{"line":398,"column":3}}]},"32":{"type":"branch","line":391,"loc":{"start":{"line":391,"column":4},"end":{"line":397,"column":5}},"locations":[{"start":{"line":391,"column":4},"end":{"line":397,"column":5}}]},"33":{"type":"branch","line":413,"loc":{"start":{"line":413,"column":5},"end":{"line":434,"column":3}},"locations":[{"start":{"line":413,"column":5},"end":{"line":434,"column":3}}]},"34":{"type":"branch","line":427,"loc":{"start":{"line":427,"column":4},"end":{"line":433,"column":5}},"locations":[{"start":{"line":427,"column":4},"end":{"line":433,"column":5}}]},"35":{"type":"branch","line":437,"loc":{"start":{"line":437,"column":26},"end":{"line":445,"column":3}},"locations":[{"start":{"line":437,"column":26},"end":{"line":445,"column":3}}]},"36":{"type":"branch","line":475,"loc":{"start":{"line":475,"column":7},"end":{"line":485,"column":1}},"locations":[{"start":{"line":475,"column":7},"end":{"line":485,"column":1}}]}},"b":{"0":[5],"1":[0],"2":[1],"3":[20],"4":[11],"5":[5],"6":[8],"7":[7],"8":[2],"9":[6],"10":[0],"11":[2],"12":[1],"13":[0],"14":[1],"15":[0],"16":[4],"17":[0],"18":[1],"19":[0],"20":[0],"21":[0],"22":[0],"23":[2],"24":[1],"25":[0],"26":[1],"27":[0],"28":[0],"29":[1],"30":[0],"31":[1],"32":[0],"33":[1],"34":[0],"35":[1],"36":[1]},"fnMap":{"0":{"name":"cubePlugin2","decl":{"start":{"line":95,"column":72},"end":{"line":448,"column":1}},"loc":{"start":{"line":95,"column":72},"end":{"line":448,"column":1}},"line":95},"1":{"name":"registerCubeRoutes","decl":{"start":{"line":453,"column":0},"end":{"line":458,"column":1}},"loc":{"start":{"line":453,"column":0},"end":{"line":458,"column":1}},"line":453},"2":{"name":"createCubeApp","decl":{"start":{"line":475,"column":7},"end":{"line":485,"column":1}},"loc":{"start":{"line":475,"column":7},"end":{"line":485,"column":1}},"line":475}},"f":{"0":5,"1":0,"2":1}}
,"/Users/cliftonc/work/dc/drizzle-cube/src/adapters/hono/index.ts": {"path":"/Users/cliftonc/work/dc/drizzle-cube/src/adapters/hono/index.ts","all":false,"statementMap":{"0":{"start":{"line":1,"column":0},"end":{"line":1,"column":3}},"93":{"start":{"line":94,"column":0},"end":{"line":94,"column":33}},"94":{"start":{"line":95,"column":0},"end":{"line":95,"column":29}},"95":{"start":{"line":96,"column":0},"end":{"line":96,"column":3}},"96":{"start":{"line":97,"column":0},"end":{"line":97,"column":10}},"97":{"start":{"line":98,"column":0},"end":{"line":98,"column":10}},"98":{"start":{"line":99,"column":0},"end":{"line":99,"column":12}},"99":{"start":{"line":100,"column":0},"end":{"line":100,"column":11}},"100":{"start":{"line":101,"column":0},"end":{"line":101,"column":27}},"101":{"start":{"line":102,"column":0},"end":{"line":102,"column":15}},"102":{"start":{"line":103,"column":0},"end":{"line":103,"column":21}},"103":{"start":{"line":104,"column":0},"end":{"line":104,"column":31}},"104":{"start":{"line":105,"column":0},"end":{"line":105,"column":13}},"107":{"start":{"line":108,"column":0},"end":{"line":108,"column":37}},"108":{"start":{"line":109,"column":0},"end":{"line":109,"column":76}},"109":{"start":{"line":110,"column":0},"end":{"line":110,"column":3}},"111":{"start":{"line":112,"column":0},"end":{"line":112,"column":24}},"114":{"start":{"line":115,"column":0},"end":{"line":115,"column":19}},"115":{"start":{"line":116,"column":0},"end":{"line":116,"column":42}},"116":{"start":{"line":117,"column":0},"end":{"line":117,"column":3}},"119":{"start":{"line":120,"column":0},"end":{"line":120,"column":51}},"120":{"start":{"line":121,"column":0},"end":{"line":121,"column":12}},"121":{"start":{"line":122,"column":0},"end":{"line":122,"column":11}},"122":{"start":{"line":123,"column":0},"end":{"line":123,"column":14}},"123":{"start":{"line":124,"column":0},"end":{"line":124,"column":4}},"126":{"start":{"line":127,"column":0},"end":{"line":127,"column":25}},"127":{"start":{"line":128,"column":0},"end":{"line":128,"column":36}},"128":{"start":{"line":129,"column":0},"end":{"line":129,"column":4}},"133":{"start":{"line":134,"column":0},
[...]
,"/Users/cliftonc/work/dc/drizzle-cube/src/server/executors/postgres-executor.ts": {"path":"/Users/cliftonc/work/dc/drizzle-cube/src/server/executors/postgres-executor.ts","all":false,"statementMap":{"0":{"start":{"line":1,"column":0},"end":{"line":1,"column":3}},"9":{"start":{"line":10,"column":0},"end":{"line":10,"column":60}},"10":{"start":{"line":11,"column":0},"end":{"line":11,"column":84}},"12":{"start":{"line":13,"column":0},"end":{"line":13,"column":45}},"14":{"start":{"line":15,"column":0},"end":{"line":15,"column":48}},"15":{"start":{"line":16,"column":0},"end":{"line":16,"column":44}},"16":{"start":{"line":17,"column":0},"end":{"line":17,"column":36}},"17":{"start":{"line":18,"column":0},"end":{"line":18,"column":86}},"18":{"start":{"line":19,"column":0},"end":{"line":19,"column":9}},"19":{"start":{"line":20,"column":0},"end":{"line":20,"column":26}},"20":{"start":{"line":21,"column":0},"end":{"line":21,"column":7}},"22":{"start":{"line":23,"column":0},"end":{"line":23,"column":5}},"25":{"start":{"line":26,"column":0},"end":{"line":26,"column":27}},"26":{"start":{"line":27,"column":0},"end":{"line":27,"column":81}},"27":{"start":{"line":28,"column":0},"end":{"line":28,"column":5}},"28":{"start":{"line":29,"column":0},"end":{"line":29,"column":47}},"31":{"start":{"line":32,"column":0},"end":{"line":32,"column":32}},"32":{"start":{"line":33,"column":0},"end":{"line":33,"column":82}},"33":{"start":{"line":34,"column":0},"end":{"line":34,"column":5}},"35":{"start":{"line":36,"column":0},"end":{"line":36,"column":22}},"36":{"start":{"line":37,"column":0},"end":{"line":37,"column":3}},"41":{"start":{"line":42,"column":0},"end":{"line":42,"column":73}},"42":{"start":{"line":43,"column":0},"end":{"line":43,"column":51}},"44":{"start":{"line":45,"column":0},"end":{"line":45,"column":29}},"45":{"start":{"line":46,"column":0},"end":{"line":46,"column":53}},"48":{"start":{"line":49,"column":0},"end":{"line":49,"column":57}},"49":{"start":{"line":50,"column":0},"end":{"line":50,"column":51}},"50":{"start":{"line":51,"column":0},"end":{"line":51,"column":14}},"51":{"start":{"line":52,"column":0},"end":{"line":52,"column":30}},"52":{"start":{"line":53,"column":0},"end":{"line":53,"column":7}},"53":{"start":{"line":54,"column":0},"end":{"line":54,"column":5}},"54":{"start":{"line":55,"column":0},"end":{"line":55,"column":20}},"55":{"start":{"line":56,"column":0},"end":{"line":56,"column":3}},"60":{"start":{"line":61,"column":0},"end":{"line":61,"column":43}},"62":{"start":{"line":63,"column":0},"end":{"line":63,"column":35}},"65":{"start":{"line":66,"column":0},"end":{"line":66,"column":47}},"68":{"start":{"line":69,"column":0},"end":{"line":69,"column":55}},"71":{"start":{"line":72,"column":0},"end":{"line":72,"column":45}},"73":{"start":{"line":74,"column":0},"end":{"line":74,"column":49}},"74":{"start":{"line":75,"column":0},"end":{"line":75,"column":44}},"75":{"start":{"line":76,"column":0},"end":{"line":76,"column":50}},"76":{"start":{"line":77,"column":0},"end":{"line":77,"column":96}},"77":{"start":{"line":78,"column":0},"end":{"line":78,"column":9}},"78":{"start":{"line":79,"column":0},"end":{"line":79,"column":7}},"81":{"start":{"line":82,"column":0},"end":{"line":82,"column":51}},"82":{"start":{"line":83,"column":0},"end":{"line":83,"column":50}},"83":{"start":{"line":84,"column":0},"end":{"line":84,"column":31}},"84":{"start":{"line":85,"column":0},"end":{"line":85,"column":28}},"85":{"start":{"line":86,"column":0},"end":{"line":86,"column":44}},"86":{"start":{"line":87,"column":0},"end":{"line":87,"column":38}},"87":{"start":{"line":88,"column":0},"end":{"line":88,"column":7}},"90":{"start":{"line":91,"column":0},"end":{"line":91,"column":18}},"91":{"start":{"line":92,"column":0},"end":{"line":92,"column":5}},"94":{"start":{"line":95,"column":0},"end":{"line":95,"column":36}},"96":{"start":{"line":97,"column":0},"end":{"line":97,"column":42}},"97":{"start":{"line":98,"column":0},"end":{"line":98,"column":76}},"98":{"start":{"line":99,"column":0},"end":{"line":99,"column":7}},"101":{"start":{"line":102,"column":0},"end":{"line":102,"column":69}},"102":{"start":{"line":103,"column":0},"end":{"line":103,"column":32}},"103":{"start":{"line":104,"column":0},"end":{"line":104,"column":7}},"104":{"start":{"line":105,"column":0},"end":{"line":105,"column":5}},"107":{"start":{"line":108,"column":0},"end":{"line":108,"column":16}},"108":{"start":{"line":109,"column":0},"end":{"line":109,"column":3}},"110":{"start":{"line":111,"column":0},"end":{"line":111,"column":31}},"111":{"start":{"line":112,"column":0},"end":{"line":112,"column":21}},"112":{"start":{"line":113,"column":0},"end":{"line":113,"column":3}},"113":{"start":{"line":114,"column":0},"end":{"line":114,"column":1}},"118":{"start":{"line":119,"column":0},"end":{"line":119,"column":39}},"119":{"start":{"line":120,"column":0},"end":{"line":120,"column":22}},"120":{"start":{"line":121,"column":0},"end":{"line":121,"column":14}},"121":{"start":{"line":122,"column":0},"end":{"line":122,"column":21}},"122":{"start":{"line":123,"column":0},"end":{"line":123,"column":53}},"123":{"start":{"line":124,"column":0},"end":{"line":124,"column":1}}},"s":{"0":1,"9":1,"10":1,"12":1,"14":1,"15":1,"16":1,"17":1,"18":1,"19":0,"20":0,"22":1,"25":0,"26":0,"27":0,"28":0,"31":0,"32":0,"33":0,"35":0,"36":1,"41":1,"42":1,"44":1,"45":1,"48":1,"49":1,"50":1,"51":0,"52":0,"53":1,"54":1,"55":1,"60":1,"62":1,"65":1,"68":0,"71":1,"73":0,"74":0,"75":0,"76":0,"77":0,"78":0,"81":0,"82":0,"83":0,"84":0,"85":0,"86":0,"87":0,"90":0,"91":0,"94":0,"96":0,"97":0,"98":0,"101":0,"102":0,"103":0,"104":0,"107":0,"108":1,"110":1,"111":0,"112":0,"113":1,"118":1,"119":4,"120":4,"121":4,"122":4,"123":4},"branchMap":{"0":{"type":"branch","line":11,"loc":{"start":{"line":11,"column":2},"end":{"line":37,"column":3}},"locations":[{"start":{"line":11,"column":2},"end":{"line":37,"column":3}}]},"1":{"type":"branch","line":19,"loc":{"start":{"line":19,"column":8},"end":{"line":21,"column":7}},"locations":[{"start":{"line":19,"column":8},"end":{"line":21,"column":7}}]},"2":{"type":"branch","line":23,"loc":{"start":{"line":23,"column":4},"end":{"line":36,"column":22}},"locations":[{"start":{"line":23,"column":4},"end":{"line":36,"column":22}}]},"3":{"type":"branch","line":18,"loc":{"start":{"line":18,"column":28},"end":{"line":18,"column":80}},"locations":[{"start":{"line":18,"column":28},"end":{"line":18,"column":80}}]},"4":{"type":"branch","line":42,"loc":{"start":{"line":42,"column":10},"end":{"line":56,"column":3}},"locations":[{"start":{"line":42,"column":10},"end":{"line":56,"column":3}}]},"5":{"type":"branch","line":43,"loc":{"start":{"line":43,"column":41},"end":{"line":43,"column":51}},"locations":[{"start":{"line":43,"column":41},"end":{"line":43,"column":51}}]},"6":{"type":"branch","line":51,"loc":{"start":{"line":51,"column":6},"end":{"line":53,"column":7}},"locations":[{"start":{"line":51,"column":6},"end":{"line":53,"column":7}}]},"7":{"type":"branch","line":61,"loc":{"start":{"line":61,"column":10},"end":{"line":109,"column":3}},"locations":[{"start":{"line":61,"column":10},"end":{"line":109,"column":3}}]},"8":{"type":"branch","line":63,"loc":{"start":{"line":63,"column":23},"end":{"line":63,"column":35}},"locations":[{"start":{"line":63,"column":23},"end":{"line":63,"column":35}}]},"9":{"type":"branch","line":66,"loc":{"start":{"line":66,"column":42},"end":{"line":72,"column":44}},"locations":[{"start":{"line":66,"column":42},"end":{"line":72,"column":44}}]},"10":{"type":"branch","line":72,"loc":{"start":{"line":72,"column":44},"end":{"line":108,"column":16}},"locations":[{"start":{"line":72,"column":44},"end":{"line":108,"column":16}}]},"11":{"type":"branch","line":119,"loc":{"start":{"line":119,"column":7},"end":{"line":124,"column":1}},"locations":[{"start":{"line":119,"column":7},"end":{"line":124,"column":1}}]}},"b":{"0":[1],"1":[0],"2":[0],"3":[1],"4":[1],"5":[0],"6":[0],"7":[1],"8":[0],"9":[0],"10":[0],"11":[4]},"fnMap":{"0":{"name":"execute","decl":{"start":{"line":11,"column":2},"end":{"line":37,"column":3}},"loc":{"start":{"line":11,"column":2},"end":{"line":37,"column":3}},"line":11},"1":{"name":"convertNumericFields","decl":{"start":{"line":42,"column":10},"end":{"line":56,"column":3}},"loc":{"start":{"line":42,"column":10},"end":{"line":56,"column":3}},"line":42},"2":{"name":"coerceToNumber","decl":{"start":{"line":61,"column":10},"end":{"line":109,"column":3}},"loc":{"start":{"line":61,"column":10},"end":{"line":109,"column":3}},"line":61},"3":{"name":"getEngineType","decl":{"start":{"line":111,"column":2},"end":{"line":113,"column":3}},"loc":{"start":{"line":111,"column":2},"end":{"line":113,"column":3}},"line":111},"4":{"name":"createPostgresExecutor","decl":{"start":{"line":119,"column":7},"end":{"line":124,"column":1}},"loc":{"start":{"line":119,"column":7},"end":{"line":124,"column":1}},"line":119}},"f":{"0":1,"1":1,"2":1,"3":0,"4":4}}
,"/Users/cliftonc/work/dc/drizzle-cube/src/server/executors/sqlite-executor.ts": {"path":"/Users/cliftonc/work/dc/drizzle-cube/src/server/executors/sqlite-executor.ts","all":false,"statementMap":{"0":{"start":{"line":1,"column":0},"end":{"line":1,"column":3}},"9":{"start":{"line":10,"column":0},"end":{"line":10,"column":58}},"10":{"start":{"line":11,"column":0},"end":{"line":11,"column":84}},"12":{"start":{"line":13,"column":0},"end":{"line":13,"column":84}},"14":{"start":{"line":15,"column":0},"end":{"line":15,"column":42}},"15":{"start":{"line":16,"column":0},"end":{"line":16,"column":34}},"16":{"start":{"line":17,"column":0},"end":{"line":17,"column":84}},"17":{"start":{"line":18,"column":0},"end":{"line":18,"column":7}},"18":{"start":{"line":19,"column":0},"end":{"line":19,"column":24}},"19":{"start":{"line":20,"column":0},"end":{"line":20,"column":5}},"22":{"start":{"line":23,"column":0},"end":{"line":23,"column":9}},"25":{"start":{"line":26,"column":0},"end":{"line":26,"column":24}},"26":{"start":{"line":27,"column":0},"end":{"line":27,"column":41}},"27":{"start":{"line":28,"column":0},"end":{"line":28,"column":36}},"28":{"start":{"line":29,"column":0},"end":{"line":29,"column":86}},"29":{"start":{"line":30,"column":0},"end":{"line":30,"column":9}},"30":{"start":{"line":31,"column":0},"end":{"line":31,"column":26}},"31":{"start":{"line":32,"column":0},"end":{"line":32,"column":31}},"33":{"start":{"line":34,"column":0},"end":{"line":34,"column":41}},"34":{"start":{"line":35,"column":0},"end":{"line":35,"column":26}},"35":{"start":{"line":36,"column":0},"end":{"line":36,"column":14}},"36":{"start":{"line":37,"column":0},"end":{"line":37,"column":86}},"37":{"start":{"line":38,"column":0},"end":{"line":38,"column":7}},"38":{"start":{"line":39,"column":0},"end":{"line":39,"column":21}},"39":{"start":{"line":40,"column":0},"end":{"line":40,"column":109}},"40":{"start":{"line":41,"column":0},"end":{"line":41,"column":5}},"41":{"start":{"line":42,"column":0},"end":{"line":42,"column":3}},"46":{"start":{"line":47,"column":0},"end":{"line":47,"column":73}},"47":{"start":{"line":48,"column":0},"end":{"line":48,"column":51}},"49":{"start":{"line":50,"column":0},"end":{"line":50,"column":29}},"50":{"start":{"line":51,"column":0},"end":{"line":51,"column":53}},"53":{"start":{"line":54,"column":0},"end":{"line":54,"column":57}},"54":{"start":{"line":55,"column":0},"end":{"line":55,"column":51}},"55":{"start":{"line":56,"column":0},"end":{"line":56,"column":14}},"56":{"start":{"line":57,"column":0},"end":{"line":57,"column":30}},"57":{"start":{"line":58,"column":0},"end":{"line":58,"column":7}},"58":{"start":{"line":59,"column":0},"end":{"line":59,"column":5}},"59":{"start":{"line":60,"column":0},"end":{"line":60,"column":20}},"60":{"start":{"line":61,"column":0},"end":{"line":61,"column":3}},"65":{"start":{"line":66,"column":0},"end":{"line":66,"column":43}},"67":{"start":{"line":68,"column":0},"end":{"line":68,"column":35}},"70":{"start":{"line":71,"column":0},"end":{"line":71,"column":47}},"73":{"start":{"line":74,"column":0},"end":{"line":74,"column":36}},"75":{"start":{"line":76,"column":0},"end":{"line":76,"column":42}},"76":{"start":{"line":77,"column":0},"end":{"line":77,"column":76}},"77":{"start":{"line":78,"column":0},"end":{"line":78,"column":7}},"80":{"start":{"line":81,"column":0},"end":{"line":81,"column":69}},"81":{"start":{"line":82,"column":0},"end":{"line":82,"column":32}},"82":{"start":{"line":83,"column":0},"end":{"line":83,"column":7}},"83":{"start":{"line":84,"column":0},"end":{"line":84,"column":5}},"86":{"start":{"line":87,"column":0},"end":{"line":87,"column":16}},"87":{"start":{"line":88,"column":0},"end":{"line":88,"column":3}},"89":{"start":{"line":90,"column":0},"end":{"line":90,"column":29}},"90":{"start":{"line":91,"column":0},"end":{"line":91,"column":19}},"91":{"start":{"line":92,"column":0},"end":{"line":92,"column":3}},"92":{"start":{"line":93,"column":0},"end":{"line":93,"column":1}},"97":{"start":{"line":98,"column":0},"end":{"line":98,"column":37}},"98":{"start":{"line":99,"column":0},"end":{"line":99,"column":22}},"99":{"start":{"line":100,"column":0},"end":{"line":100,"column":14}},"100":{"start":{"line":101,"column":0},"end":{"line":101,"column":19}},"101":{"start":{"line":102,"column":0},"end":{"line":102,"column":49}},"102":{"start":{"line":103,"column":0},"end":{"line":103,"column":1}}},"s":{"0":1,"9":1,"10":1,"12":0,"14":0,"15":0,"16":0,"17":0,"18":0,"19":0,"22":0,"25":0,"26":0,"27":0,"28":0,"29":0,"30":0,"31":0,"33":0,"34":0,"35":0,"36":0,"37":0,"38":0,"39":0,"40":0,"41":0,"46":1,"47":0,"49":0,"50":0,"53":0,"54":0,"55":0,"56":0,"57":0,"58":0,"59":0,"60":0,"65":1,"67":0,"70":0,"73":0,"75":0,"76":0,"77":0,"80":0,"81":0,"82":0,"83":0,"86":0,"87":0,"89":1,"90":0,"91":0,"92":1,"97":1,"98":0,"99":0,"100":0,"101":0,"102":0},"branchMap":{},"b":{},"fnMap":{"0":{"name":"execute","decl":{"start":{"line":11,"column":2},"end":{"line":42,"column":3}},"loc":{"start":{"line":11,"column":2},"end":{"line":42,"column":3}},"line":11},"1":{"name":"convertNumericFields","decl":{"start":{"line":47,"column":10},"end":{"line":61,"column":3}},"loc":{"start":{"line":47,"column":10},"end":{"line":61,"column":3}},"line":47},"2":{"name":"coerceToNumber","decl":{"start":{"line":66,"column":10},"end":{"line":88,"column":3}},"loc":{"start":{"line":66,"column":10},"end":{"line":88,"column":3}},"line":66},"3":{"name":"getEngineType","decl":{"start":{"line":90,"column":2},"end":{"line":92,"column":3}},"loc":{"start":{"line":90,"column":2},"end":{"line":92,"column":3}},"line":90},"4":{"name":"createSQLiteExecutor","decl":{"start":{"line":98,"column":7},"end":{"line":103,"column":1}},"loc":{"start":{"line":98,"column":7},"end":{"line":103,"column":1}},"line":98}},"f":{"0":0,"1":0,"2":0,"3":0,"4":0}}
,"/Users/cliftonc/work/dc/drizzle-cube/src/server/types/core.ts": {"path":"/Users/cliftonc/work/dc/drizzle-cube/src/server/types/core.ts","all":true,"statementMap":{},"s":{},"branchMap":{"0":{"type":"branch","line":1,"loc":{"start":{"line":1,"column":3006},"end":{"line":113,"column":106}},"locations":[{"start":{"line":1,"column":3006},"end":{"line":113,"column":106}}]}},"b":{"0":[1]},"fnMap":{"0":{"name":"(empty-report)","decl":{"start":{"line":1,"column":3006},"end":{"line":113,"column":106}},"loc":{"start":{"line":1,"column":3006},"end":{"line":113,"column":106}},"line":1}},"f":{"0":1}}
,"/Users/cliftonc/work/dc/drizzle-cube/src/server/types/cube.ts": {"path":"/Users/cliftonc/work/dc/drizzle-cube/src/server/types/cube.ts","all":true,"statementMap":{},"s":{},"branchMap":{"0":{"type":"branch","line":1,"loc":{"start":{"line":1,"column":6029},"end":{"line":241,"column":1}},"locations":[{"start":{"line":1,"column":6029},"end":{"line":241,"column":1}}]}},"b":{"0":[1]},"fnMap":{"0":{"name":"(empty-report)","decl":{"start":{"line":1,"column":6029},"end":{"line":241,"column":1}},"loc":{"start":{"line":1,"column":6029},"end":{"line":241,"column":1}},"line":1}},"f":{"0":1}}
,"/Users/cliftonc/work/dc/drizzle-cube/src/server/types/executor.ts": {"path":"/Users/cliftonc/work/dc/drizzle-cube/src/server/types/executor.ts","all":true,"statementMap":{},"s":{},"branchMap":{"0":{"type":"branch","line":1,"loc":{"start":{"line":1,"column":865},"end":{"line":25,"column":1}},"locations":[{"start":{"line":1,"column":865},"end":{"line":25,"column":1}}]}},"b":{"0":[1]},"fnMap":{"0":{"name":"(empty-report)","decl":{"start":{"line":1,"column":865},"end":{"line":25,"column":1}},"loc":{"start":{"line":1,"column":865},"end":{"line":25,"column":1}},"line":1}},"f":{"0":1}}
,"/Users/cliftonc/work/dc/drizzle-cube/src/server/types/index.ts": {"path":"/Users/cliftonc/work/dc/drizzle-cube/src/server/types/index.ts","all":true,"statementMap":{"0":{"start":{"line":1,"column":0},"end":{"line":1,"column":59}}},"s":{"0":0},"branchMap":{"0":{"type":"branch","line":1,"loc":{"start":{"line":1,"column":812},"end":{"line":35,"column":42}},"locations":[{"start":{"line":1,"column":812},"end":{"line":35,"column":42}}]}},"b":{"0":[0]},"fnMap":{"0":{"name":"(empty-report)","decl":{"start":{"line":1,"column":812},"end":{"line":35,"column":42}},"loc":{"start":{"line":1,"column":812},"end":{"line":35,"column":42}},"line":1}},"f":{"0":0}}
,"/Users/cliftonc/work/dc/drizzle-cube/src/server/types/metadata.ts": {"path":"/Users/cliftonc/work/dc/drizzle-cube/src/server/types/metadata.ts","all":true,"statementMap":{},"s":{},"branchMap":{"0":{"type":"branch","line":1,"loc":{"start":{"line":1,"column":1146},"end":{"line":60,"column":1}},"locations":[{"start":{"line":1,"column":1146},"end":{"line":60,"column":1}}]}},"b":{"0":[1]},"fnMap":{"0":{"name":"(empty-report)","decl":{"start":{"line":1,"column":1146},"end":{"line":60,"column":1}},"loc":{"start":{"line":1,"column":1146},"end":{"line":60,"column":1}},"line":1}},"f":{"0":1}}
,"/Users/cliftonc/work/dc/drizzle-cube/src/server/types/query.ts": {"path":"/Users/cliftonc/work/dc/drizzle-cube/src/server/types/query.ts","all":true,"statementMap":{},"s":{},"branchMap":{"0":{"type":"branch","line":1,"loc":{"start":{"line":1,"column":1341},"end":{"line":77,"column":16}},"locations":[{"start":{"line":1,"column":1341},"end":{"line":77,"column":16}}]}},"b":{"0":[1]},"fnMap":{"0":{"name":"(empty-report)","decl":{"start":{"line":1,"column":1341},"end":{"line":77,"column":16}},"loc":{"start":{"line":1,"column":1341},"end":{"line":77,"column":16}},"line":1}},"f":{"0":1}}
,"/Users/cliftonc/work/dc/drizzle-cube/src/server/types/utils.ts": {"path":"/Users/cliftonc/work/dc/drizzle-cube/src/server/types/utils.ts","all":true,"statementMap":{},"s":{},"branchMap":{"0":{"type":"branch","line":1,"loc":{"start":{"line":1,"column":551},"end":{"line":21,"column":44}},"locations":[{"start":{"line":1,"column":551},"end":{"line":21,"column":44}}]}},"b":{"0":[1]},"fnMap":{"0":{"name":"(empty-report)","decl":{"start":{"line":1,"column":551},"end":{"line":21,"column":44}},"loc":{"start":{"line":1,"column":551},"end":{"line":21,"column":44}},"line":1}},"f":{"0":1}}
}
