TN:
SF:src/client/types.ts
FN:442,isMultiQueryConfig
FN:598,isServerFunnelQuery
FNF:2
FNH:2
FNDA:19,isMultiQueryConfig
FNDA:19,isServerFunnelQuery
DA:443,19
DA:599,19
LF:2
LH:2
BRDA:444,0,0,19
BRDA:444,0,1,19
BRDA:444,0,2,19
BRDA:444,0,3,0
BRDA:444,0,4,0
BRDA:600,1,0,19
BRDA:600,1,1,19
BRDA:600,1,2,19
BRDA:600,1,3,0
BRF:9
BRH:6
end_of_record
TN:
SF:src/client/adapters/adapterRegistry.ts
FN:39,ensureBuiltInAdaptersInitialized
FN:68,(anonymous_1)
FN:85,(anonymous_2)
FN:104,(anonymous_3)
FN:115,(anonymous_4)
FN:125,(anonymous_5)
FNF:6
FNH:6
FNDA:488,ensureBuiltInAdaptersInitialized
FNDA:15,(anonymous_1)
FNDA:463,(anonymous_2)
FNDA:21,(anonymous_3)
FNDA:4,(anonymous_4)
FNDA:49,(anonymous_5)
DA:29,13
DA:32,13
DA:40,488
DA:42,53
DA:43,43
DA:45,53
DA:46,53
DA:48,53
DA:49,53
DA:51,53
DA:52,53
DA:55,53
DA:61,13
DA:69,15
DA:70,5
DA:74,15
DA:86,463
DA:87,463
DA:88,463
DA:89,2
DA:94,461
DA:105,21
DA:106,21
DA:116,4
DA:117,4
DA:126,49
DA:127,49
LF:27
LH:27
BRDA:40,0,0,435
BRDA:40,0,1,53
BRDA:42,1,0,43
BRDA:42,1,1,10
BRDA:45,2,0,53
BRDA:45,2,1,0
BRDA:48,3,0,53
BRDA:48,3,1,0
BRDA:51,4,0,53
BRDA:51,4,1,0
BRDA:69,5,0,5
BRDA:69,5,1,10
BRDA:88,6,0,2
BRDA:88,6,1,461
BRDA:91,7,0,2
BRDA:91,7,1,0
BRF:16
BRH:12
end_of_record
TN:
SF:src/client/adapters/flowModeAdapter.ts
FN:29,stateToServerQuery
FN:36,(anonymous_1)
FN:75,serverQueryToState
FN:96,(anonymous_3)
FN:142,isValidFlowConfig
FN:164,(anonymous_5)
FN:180,(anonymous_6)
FN:193,(anonymous_7)
FN:197,(anonymous_8)
FN:209,(anonymous_9)
FN:225,(anonymous_10)
FN:286,(anonymous_11)
FN:294,(anonymous_12)
FNF:13
FNH:13
FNDA:36,stateToServerQuery
FNDA:4,(anonymous_1)
FNDA:14,serverQueryToState
FNDA:4,(anonymous_3)
FNDA:14,isValidFlowConfig
FNDA:8,(anonymous_5)
FNDA:27,(anonymous_6)
FNDA:14,(anonymous_7)
FNDA:15,(anonymous_8)
FNDA:36,(anonymous_9)
FNDA:18,(anonymous_10)
FNDA:2,(anonymous_11)
FNDA:884,(anonymous_12)
DA:31,36
DA:32,36
DA:33,12
DA:34,10
DA:35,2
DA:36,4
DA:45,36
DA:49,36
DA:59,36
DA:76,14
DA:79,14
DA:80,14
DA:81,12
DA:82,12
DA:83,12
DA:85,2
DA:86,2
DA:90,14
DA:91,14
DA:92,12
DA:93,10
DA:94,2
DA:95,2
DA:96,4
DA:105,14
DA:106,14
DA:107,12
DA:108,11
DA:109,1
DA:110,1
DA:115,14
DA:116,14
DA:117,6
DA:118,2
DA:120,4
DA:124,14
DA:143,14
DA:145,10
DA:147,10
DA:148,8
DA:149,5
DA:151,5
DA:152,5
DA:154,4
DA:161,15
DA:165,8
DA:181,27
DA:194,14
DA:199,15
DA:200,1
DA:205,14
DA:206,14
DA:214,36
DA:226,18
DA:227,18
DA:230,18
DA:231,2
DA:235,18
DA:236,2
DA:240,18
DA:241,2
DA:245,18
DA:246,2
DA:250,18
DA:251,2
DA:255,18
DA:256,2
DA:258,18
DA:259,2
DA:262,18
DA:266,1
DA:270,18
DA:271,2
DA:275,18
DA:276,4
DA:279,18
DA:288,2
DA:295,884
LF:78
LH:78
BRDA:32,0,0,12
BRDA:32,0,1,24
BRDA:33,1,0,10
BRDA:33,1,1,2
BRDA:35,2,0,2
BRDA:35,2,1,0
BRDA:45,3,0,36
BRDA:45,3,1,24
BRDA:50,4,0,36
BRDA:50,4,1,25
BRDA:52,5,0,5
BRDA:52,5,1,31
BRDA:54,6,0,2
BRDA:54,6,1,29
BRDA:66,7,0,36
BRDA:66,7,1,24
BRDA:80,8,0,12
BRDA:80,8,1,2
BRDA:82,9,0,12
BRDA:82,9,1,0
BRDA:85,10,0,2
BRDA:85,10,1,0
BRDA:85,11,0,2
BRDA:85,11,1,2
BRDA:91,12,0,12
BRDA:91,12,1,2
BRDA:92,13,0,10
BRDA:92,13,1,2
BRDA:94,14,0,2
BRDA:94,14,1,0
BRDA:106,15,0,12
BRDA:106,15,1,2
BRDA:107,16,0,11
BRDA:107,16,1,1
BRDA:109,17,0,1
BRDA:109,17,1,0
BRDA:109,18,0,1
BRDA:109,18,1,1
BRDA:116,19,0,6
BRDA:116,19,1,8
BRDA:117,20,0,2
BRDA:117,20,1,4
BRDA:129,21,0,14
BRDA:129,21,1,0
BRDA:132,22,0,14
BRDA:132,22,1,0
BRDA:133,23,0,14
BRDA:133,23,1,0
BRDA:134,24,0,14
BRDA:134,24,1,2
BRDA:135,25,0,14
BRDA:135,25,1,0
BRDA:143,26,0,4
BRDA:143,26,1,10
BRDA:143,27,0,14
BRDA:143,27,1,12
BRDA:147,28,0,2
BRDA:147,28,1,8
BRDA:148,29,0,3
BRDA:148,29,1,5
BRDA:149,30,0,0
BRDA:149,30,1,5
BRDA:149,31,0,5
BRDA:149,31,1,5
BRDA:152,32,0,1
BRDA:152,32,1,4
BRDA:152,33,0,5
BRDA:152,33,1,4
BRDA:189,34,0,27
BRDA:189,34,1,2
BRDA:199,35,0,1
BRDA:199,35,1,14
BRDA:219,36,0,36
BRDA:219,36,1,9
BRDA:230,37,0,2
BRDA:230,37,1,16
BRDA:235,38,0,2
BRDA:235,38,1,16
BRDA:240,39,0,2
BRDA:240,39,1,16
BRDA:245,40,0,2
BRDA:245,40,1,16
BRDA:250,41,0,2
BRDA:250,41,1,16
BRDA:255,42,0,2
BRDA:255,42,1,16
BRDA:255,43,0,18
BRDA:255,43,1,17
BRDA:258,44,0,2
BRDA:258,44,1,16
BRDA:258,45,0,18
BRDA:258,45,1,17
BRDA:262,46,0,1
BRDA:262,46,1,17
BRDA:263,47,0,18
BRDA:263,47,1,18
BRDA:270,48,0,2
BRDA:270,48,1,16
BRDA:275,49,0,4
BRDA:275,49,1,14
BRDA:275,50,0,18
BRDA:275,50,1,16
BRF:102
BRH:92
end_of_record
TN:
SF:src/client/adapters/funnelModeAdapter.ts
FN:47,stateToServerQuery
FN:54,(anonymous_1)
FN:66,(anonymous_2)
FN:106,serverQueryToState
FN:128,(anonymous_4)
FN:147,(anonymous_5)
FN:187,isValidFunnelConfig
FN:209,(anonymous_7)
FN:219,(anonymous_8)
FN:229,(anonymous_9)
FN:233,(anonymous_10)
FN:245,(anonymous_11)
FN:261,(anonymous_12)
FN:281,(anonymous_13)
FN:295,(anonymous_14)
FN:297,(anonymous_15)
FN:310,(anonymous_16)
FN:318,(anonymous_17)
FNF:18
FNH:18
FNDA:30,stateToServerQuery
FNDA:2,(anonymous_1)
FNDA:10,(anonymous_2)
FNDA:16,serverQueryToState
FNDA:2,(anonymous_4)
FNDA:11,(anonymous_5)
FNDA:16,isValidFunnelConfig
FNDA:6,(anonymous_7)
FNDA:35,(anonymous_8)
FNDA:16,(anonymous_9)
FNDA:17,(anonymous_10)
FNDA:30,(anonymous_11)
FNDA:15,(anonymous_12)
FNDA:15,(anonymous_13)
FNDA:15,(anonymous_14)
FNDA:15,(anonymous_15)
FNDA:1,(anonymous_16)
FNDA:878,(anonymous_17)
DA:49,30
DA:50,30
DA:51,8
DA:52,4
DA:53,4
DA:54,2
DA:63,30
DA:66,30
DA:67,10
DA:72,10
DA:73,0
DA:77,10
DA:79,5
DA:86,10
DA:87,3
DA:90,10
DA:93,30
DA:107,16
DA:110,16
DA:111,16
DA:112,0
DA:113,16
DA:115,15
DA:116,15
DA:117,15
DA:122,16
DA:123,16
DA:124,8
DA:125,7
DA:126,1
DA:127,1
DA:128,2
DA:137,16
DA:138,16
DA:139,9
DA:140,9
DA:141,0
DA:142,0
DA:147,16
DA:149,11
DA:150,11
DA:151,5
DA:153,0
DA:154,5
DA:159,0
DA:162,5
DA:166,11
DA:175,16
DA:188,16
DA:190,15
DA:192,15
DA:193,15
DA:194,14
DA:196,14
DA:197,14
DA:199,13
DA:206,15
DA:210,6
DA:220,35
DA:230,16
DA:235,17
DA:236,1
DA:241,16
DA:242,16
DA:250,30
DA:262,15
DA:263,15
DA:266,15
DA:267,10
DA:271,15
DA:272,11
DA:276,15
DA:277,10
DA:281,15
DA:282,15
DA:283,0
DA:287,15
DA:288,13
DA:295,15
DA:296,15
DA:297,15
DA:299,15
DA:300,0
DA:303,15
DA:312,1
DA:319,878
LF:86
LH:78
BRDA:50,0,0,8
BRDA:50,0,1,22
BRDA:51,1,0,4
BRDA:51,1,1,4
BRDA:53,2,0,1
BRDA:53,2,1,3
BRDA:63,3,0,30
BRDA:63,3,1,23
BRDA:72,4,0,0
BRDA:72,4,1,10
BRDA:72,5,0,10
BRDA:72,5,1,10
BRDA:77,6,0,5
BRDA:77,6,1,5
BRDA:77,7,0,10
BRDA:77,7,1,10
BRDA:80,8,0,5
BRDA:80,8,1,0
BRDA:86,9,0,3
BRDA:86,9,1,7
BRDA:111,10,0,0
BRDA:111,10,1,16
BRDA:111,11,0,16
BRDA:111,11,1,6
BRDA:113,12,0,15
BRDA:113,12,1,1
BRDA:116,13,0,15
BRDA:116,13,1,0
BRDA:123,14,0,8
BRDA:123,14,1,8
BRDA:124,15,0,7
BRDA:124,15,1,1
BRDA:126,16,0,1
BRDA:126,16,1,0
BRDA:138,17,0,9
BRDA:138,17,1,7
BRDA:139,18,0,9
BRDA:139,18,1,0
BRDA:141,19,0,0
BRDA:141,19,1,0
BRDA:141,20,0,0
BRDA:141,20,1,0
BRDA:150,21,0,5
BRDA:150,21,1,6
BRDA:151,22,0,0
BRDA:151,22,1,5
BRDA:154,23,0,0
BRDA:154,23,1,5
BRDA:155,24,0,5
BRDA:155,24,1,5
BRDA:169,25,0,11
BRDA:169,25,1,11
BRDA:169,25,2,4
BRDA:188,26,0,1
BRDA:188,26,1,15
BRDA:188,27,0,16
BRDA:188,27,1,15
BRDA:192,28,0,0
BRDA:192,28,1,15
BRDA:193,29,0,1
BRDA:193,29,1,14
BRDA:194,30,0,0
BRDA:194,30,1,14
BRDA:194,31,0,14
BRDA:194,31,1,14
BRDA:197,32,0,1
BRDA:197,32,1,13
BRDA:197,33,0,14
BRDA:197,33,1,13
BRDA:235,34,0,1
BRDA:235,34,1,16
BRDA:255,35,0,30
BRDA:255,35,1,2
BRDA:266,36,0,10
BRDA:266,36,1,5
BRDA:271,37,0,11
BRDA:271,37,1,4
BRDA:276,38,0,10
BRDA:276,38,1,5
BRDA:282,39,0,0
BRDA:282,39,1,15
BRDA:282,40,0,15
BRDA:282,40,1,15
BRDA:287,41,0,13
BRDA:287,41,1,2
BRDA:299,42,0,0
BRDA:299,42,1,15
BRF:87
BRH:71
end_of_record
TN:
SF:src/client/adapters/index.ts
FN:49,initializeAdapters
FNF:1
FNH:0
FNDA:0,initializeAdapters
DA:52,0
DA:53,0
DA:54,0
DA:55,0
LF:4
LH:0
BRF:0
BRH:0
end_of_record
TN:
SF:src/client/adapters/modeAdapter.ts
FNF:0
FNH:0
LF:0
LH:0
BRF:0
BRH:0
end_of_record
TN:
SF:src/client/adapters/queryModeAdapter.ts
FN:53,createEmptyQueryState
FN:67,metricsToMeasures
FN:68,(anonymous_2)
FN:75,breakdownsToQuery
FN:116,stateToCubeQuery
FN:145,measuresToMetrics
FN:146,(anonymous_6)
FN:157,queryToBreakdowns
FN:195,cubeQueryToState
FN:209,isMultiQueryConfig
FN:225,(anonymous_10)
FN:233,(anonymous_11)
FN:241,(anonymous_12)
FN:256,(anonymous_13)
FN:291,(anonymous_14)
FN:321,(anonymous_15)
FN:326,(anonymous_16)
FN:332,(anonymous_17)
FN:345,(anonymous_18)
FN:347,(anonymous_19)
FN:348,(anonymous_20)
FN:351,(anonymous_21)
FN:369,(anonymous_22)
FN:374,(anonymous_23)
FNF:24
FNH:24
FNDA:7,createEmptyQueryState
FNDA:99,metricsToMeasures
FNDA:63,(anonymous_2)
FNDA:99,breakdownsToQuery
FNDA:99,stateToCubeQuery
FNDA:101,measuresToMetrics
FNDA:78,(anonymous_6)
FNDA:101,queryToBreakdowns
FNDA:101,cubeQueryToState
FNDA:87,isMultiQueryConfig
FNDA:6,(anonymous_10)
FNDA:210,(anonymous_11)
FNDA:90,(anonymous_12)
FNDA:88,(anonymous_13)
FNDA:85,(anonymous_14)
FNDA:182,(anonymous_15)
FNDA:184,(anonymous_16)
FNDA:192,(anonymous_17)
FNDA:1,(anonymous_18)
FNDA:2,(anonymous_19)
FNDA:2,(anonymous_20)
FNDA:2,(anonymous_21)
FNDA:1,(anonymous_22)
FNDA:926,(anonymous_23)
DA:54,7
DA:68,99
DA:82,99
DA:83,99
DA:85,99
DA:86,25
DA:91,6
DA:97,6
DA:98,0
DA:99,0
DA:100,0
DA:104,6
DA:106,19
DA:110,99
DA:117,99
DA:122,99
DA:127,99
DA:128,6
DA:131,99
DA:132,4
DA:135,99
DA:136,2
DA:139,99
DA:146,101
DA:158,101
DA:161,101
DA:162,74
DA:163,20
DA:172,101
DA:173,7
DA:175,7
DA:179,7
DA:189,101
DA:196,101
DA:210,87
DA:222,14
DA:226,6
DA:234,210
DA:242,90
DA:244,89
DA:247,89
DA:248,87
DA:251,86
DA:253,85
DA:258,88
DA:259,1
DA:264,87
DA:267,87
DA:268,16
DA:269,16
DA:272,16
DA:273,1
DA:276,16
DA:284,71
DA:297,85
DA:300,85
DA:303,85
DA:310,85
DA:322,182
DA:323,182
DA:326,184
DA:327,182
DA:328,145
DA:332,182
DA:333,192
DA:335,192
DA:336,135
DA:341,182
DA:342,10
DA:344,1
DA:345,1
DA:347,1
DA:348,2
DA:349,2
DA:351,2
DA:354,1
DA:355,0
DA:362,182
DA:371,1
DA:375,926
LF:80
LH:76
BRDA:86,0,0,6
BRDA:86,0,1,19
BRDA:93,1,0,6
BRDA:93,1,1,0
BRDA:97,2,0,0
BRDA:97,2,1,6
BRDA:99,3,0,0
BRDA:99,3,1,0
BRDA:127,4,0,6
BRDA:127,4,1,93
BRDA:131,5,0,4
BRDA:131,5,1,95
BRDA:135,6,0,2
BRDA:135,6,1,97
BRDA:135,7,0,99
BRDA:135,7,1,2
BRDA:161,8,0,74
BRDA:161,8,1,27
BRDA:172,9,0,7
BRDA:172,9,1,94
BRDA:176,10,0,7
BRDA:176,10,1,0
BRDA:197,11,0,101
BRDA:197,11,1,0
BRDA:199,12,0,101
BRDA:199,12,1,95
BRDA:211,13,0,87
BRDA:211,13,1,87
BRDA:211,13,2,87
BRDA:211,13,3,16
BRDA:242,14,0,1
BRDA:242,14,1,89
BRDA:242,15,0,90
BRDA:242,15,1,89
BRDA:247,16,0,2
BRDA:247,16,1,87
BRDA:248,17,0,1
BRDA:248,17,1,86
BRDA:251,18,0,1
BRDA:251,18,1,85
BRDA:251,19,0,86
BRDA:251,19,1,85
BRDA:258,20,0,1
BRDA:258,20,1,87
BRDA:267,21,0,16
BRDA:267,21,1,71
BRDA:272,22,0,1
BRDA:272,22,1,15
BRDA:279,23,0,16
BRDA:279,23,1,0
BRDA:300,24,0,85
BRDA:300,24,1,69
BRDA:303,25,0,69
BRDA:303,25,1,16
BRDA:315,26,0,85
BRDA:315,26,1,1
BRDA:327,27,0,145
BRDA:327,27,1,37
BRDA:333,28,0,20
BRDA:333,28,1,172
BRDA:335,29,0,135
BRDA:335,29,1,57
BRDA:335,30,0,192
BRDA:335,30,1,147
BRDA:341,31,0,10
BRDA:341,31,1,172
BRDA:342,32,0,1
BRDA:342,32,1,9
BRDA:350,33,0,2
BRDA:350,33,1,2
BRDA:354,34,0,0
BRDA:354,34,1,1
BRF:72
BRH:64
end_of_record
TN:
SF:src/client/adapters/retentionModeAdapter.ts
FN:41,stateToServerQuery
FN:48,(anonymous_1)
FN:85,(anonymous_2)
FN:95,serverQueryToState
FN:116,(anonymous_4)
FN:156,(anonymous_5)
FN:182,isValidRetentionConfig
FN:204,(anonymous_7)
FN:208,(anonymous_8)
FN:223,(anonymous_9)
FN:227,(anonymous_10)
FN:239,(anonymous_11)
FN:255,(anonymous_12)
FN:315,(anonymous_13)
FN:324,(anonymous_14)
FNF:15
FNH:13
FNDA:29,stateToServerQuery
FNDA:0,(anonymous_1)
FNDA:3,(anonymous_2)
FNDA:7,serverQueryToState
FNDA:0,(anonymous_4)
FNDA:3,(anonymous_5)
FNDA:10,isValidRetentionConfig
FNDA:5,(anonymous_7)
FNDA:26,(anonymous_8)
FNDA:10,(anonymous_9)
FNDA:8,(anonymous_10)
FNDA:29,(anonymous_11)
FNDA:7,(anonymous_12)
FNDA:1,(anonymous_13)
FNDA:877,(anonymous_14)
DA:43,29
DA:44,29
DA:45,5
DA:46,5
DA:47,0
DA:48,0
DA:56,29
DA:68,29
DA:69,2
DA:76,29
DA:77,2
DA:84,29
DA:85,3
DA:88,29
DA:96,7
DA:99,7
DA:100,7
DA:101,7
DA:102,7
DA:103,7
DA:105,0
DA:106,0
DA:110,7
DA:111,7
DA:112,5
DA:113,5
DA:114,0
DA:115,0
DA:116,0
DA:125,7
DA:126,7
DA:127,5
DA:128,5
DA:130,0
DA:135,7
DA:136,7
DA:137,2
DA:138,0
DA:140,2
DA:144,7
DA:145,7
DA:146,2
DA:147,0
DA:149,2
DA:154,7
DA:155,7
DA:156,3
DA:163,7
DA:165,7
DA:183,10
DA:185,8
DA:187,8
DA:188,6
DA:189,4
DA:191,4
DA:192,4
DA:194,4
DA:201,15
DA:205,5
DA:209,26
DA:224,10
DA:229,8
DA:230,1
DA:235,7
DA:236,7
DA:244,29
DA:256,7
DA:257,7
DA:260,7
DA:261,2
DA:265,7
DA:266,2
DA:270,7
DA:271,2
DA:275,7
DA:276,1
DA:279,6
DA:280,6
DA:281,6
DA:282,0
DA:284,6
DA:285,0
DA:287,6
DA:288,0
DA:293,7
DA:294,0
DA:296,7
DA:297,1
DA:301,7
DA:302,5
DA:303,5
DA:304,0
DA:308,7
DA:317,1
DA:325,877
LF:95
LH:80
BRDA:44,0,0,5
BRDA:44,0,1,24
BRDA:45,1,0,5
BRDA:45,1,1,0
BRDA:47,2,0,0
BRDA:47,2,1,0
BRDA:58,3,0,29
BRDA:58,3,1,24
BRDA:68,4,0,2
BRDA:68,4,1,27
BRDA:70,5,0,2
BRDA:70,5,1,0
BRDA:76,6,0,2
BRDA:76,6,1,27
BRDA:78,7,0,2
BRDA:78,7,1,0
BRDA:84,8,0,2
BRDA:84,8,1,27
BRDA:84,9,0,29
BRDA:84,9,1,29
BRDA:100,10,0,7
BRDA:100,10,1,0
BRDA:102,11,0,7
BRDA:102,11,1,0
BRDA:105,12,0,0
BRDA:105,12,1,0
BRDA:111,13,0,5
BRDA:111,13,1,2
BRDA:112,14,0,5
BRDA:112,14,1,0
BRDA:114,15,0,0
BRDA:114,15,1,0
BRDA:126,16,0,5
BRDA:126,16,1,2
BRDA:127,17,0,5
BRDA:127,17,1,0
BRDA:136,18,0,2
BRDA:136,18,1,5
BRDA:137,19,0,0
BRDA:137,19,1,2
BRDA:145,20,0,2
BRDA:145,20,1,5
BRDA:146,21,0,0
BRDA:146,21,1,2
BRDA:155,22,0,2
BRDA:155,22,1,5
BRDA:155,23,0,7
BRDA:155,23,1,2
BRDA:158,24,0,3
BRDA:158,24,1,0
BRDA:163,25,0,7
BRDA:163,25,1,0
BRDA:183,26,0,2
BRDA:183,26,1,8
BRDA:183,27,0,10
BRDA:183,27,1,8
BRDA:187,28,0,2
BRDA:187,28,1,6
BRDA:188,29,0,2
BRDA:188,29,1,4
BRDA:189,30,0,0
BRDA:189,30,1,4
BRDA:189,31,0,4
BRDA:189,31,1,4
BRDA:192,32,0,0
BRDA:192,32,1,4
BRDA:192,33,0,4
BRDA:192,33,1,4
BRDA:213,34,0,26
BRDA:213,34,1,1
BRDA:214,35,0,26
BRDA:214,35,1,1
BRDA:215,36,0,26
BRDA:215,36,1,1
BRDA:216,37,0,26
BRDA:216,37,1,1
BRDA:217,38,0,26
BRDA:217,38,1,1
BRDA:218,39,0,26
BRDA:218,39,1,1
BRDA:219,40,0,26
BRDA:219,40,1,1
BRDA:229,41,0,1
BRDA:229,41,1,7
BRDA:249,42,0,29
BRDA:249,42,1,4
BRDA:260,43,0,2
BRDA:260,43,1,5
BRDA:265,44,0,2
BRDA:265,44,1,5
BRDA:270,45,0,2
BRDA:270,45,1,5
BRDA:275,46,0,1
BRDA:275,46,1,6
BRDA:275,47,0,7
BRDA:275,47,1,6
BRDA:281,48,0,0
BRDA:281,48,1,6
BRDA:284,49,0,0
BRDA:284,49,1,6
BRDA:287,50,0,0
BRDA:287,50,1,6
BRDA:293,51,0,0
BRDA:293,51,1,7
BRDA:296,52,0,1
BRDA:296,52,1,6
BRDA:301,53,0,5
BRDA:301,53,1,2
BRDA:303,54,0,0
BRDA:303,54,1,5
BRF:110
BRH:86
end_of_record
TN:
SF:src/client/charts/ChartLoader.tsx
FN:88,(anonymous_0)
FN:89,(anonymous_1)
FN:90,(anonymous_2)
FN:91,(anonymous_3)
FN:92,(anonymous_4)
FN:93,(anonymous_5)
FN:94,(anonymous_6)
FN:95,(anonymous_7)
FN:96,(anonymous_8)
FN:97,(anonymous_9)
FN:98,(anonymous_10)
FN:99,(anonymous_11)
FN:100,(anonymous_12)
FN:101,(anonymous_13)
FN:102,(anonymous_14)
FN:103,(anonymous_15)
FN:104,(anonymous_16)
FN:105,(anonymous_17)
FN:106,(anonymous_18)
FN:107,(anonymous_19)
FN:108,(anonymous_20)
FN:114,createFallbackComponent
FN:117,(anonymous_22)
FN:134,createSafeImport
FN:138,(anonymous_24)
FN:161,getLazyChart
FN:177,isValidChartType
FN:190,DefaultChartFallback
FN:217,LazyChart
FN:244,preloadChart
FN:262,preloadCharts
FN:269,getAvailableChartTypes
FN:280,isChartTypeAvailable
FN:287,getUnavailableChartTypes
FNF:34
FNH:32
FNDA:8,(anonymous_0)
FNDA:4,(anonymous_1)
FNDA:2,(anonymous_2)
FNDA:3,(anonymous_3)
FNDA:2,(anonymous_4)
FNDA:2,(anonymous_5)
FNDA:2,(anonymous_6)
FNDA:2,(anonymous_7)
FNDA:2,(anonymous_8)
FNDA:6,(anonymous_9)
FNDA:2,(anonymous_10)
FNDA:3,(anonymous_11)
FNDA:2,(anonymous_12)
FNDA:2,(anonymous_13)
FNDA:3,(anonymous_14)
FNDA:2,(anonymous_15)
FNDA:2,(anonymous_16)
FNDA:2,(anonymous_17)
FNDA:2,(anonymous_18)
FNDA:2,(anonymous_19)
FNDA:2,(anonymous_20)
FNDA:0,createFallbackComponent
FNDA:0,(anonymous_22)
FNDA:4,createSafeImport
FNDA:4,(anonymous_24)
FNDA:35,getLazyChart
FNDA:15,isValidChartType
FNDA:16,DefaultChartFallback
FNDA:36,LazyChart
FNDA:54,preloadChart
FNDA:5,preloadCharts
FNDA:6,getAvailableChartTypes
FNDA:13,isChartTypeAvailable
FNDA:2,getUnavailableChartTypes
DA:19,1
DA:22,1
DA:28,1
DA:87,1
DA:88,8
DA:89,4
DA:90,2
DA:91,3
DA:92,2
DA:93,2
DA:94,2
DA:95,2
DA:96,2
DA:97,6
DA:98,2
DA:99,3
DA:100,2
DA:101,2
DA:102,3
DA:103,2
DA:104,2
DA:105,2
DA:106,2
DA:107,2
DA:108,2
DA:115,0
DA:117,0
DA:118,0
DA:126,0
DA:127,0
DA:138,4
DA:139,4
DA:140,4
DA:143,0
DA:149,0
DA:152,0
DA:162,35
DA:163,8
DA:164,8
DA:165,4
DA:168,4
DA:169,4
DA:171,31
DA:178,15
DA:191,16
DA:223,36
DA:225,36
DA:245,54
DA:246,54
DA:247,53
DA:263,5
DA:270,6
DA:281,13
DA:288,2
LF:54
LH:46
BRDA:120,0,0,0
BRDA:120,0,1,0
BRDA:121,1,0,0
BRDA:121,1,1,0
BRDA:145,2,0,0
BRDA:145,2,1,0
BRDA:162,3,0,8
BRDA:162,3,1,27
BRDA:164,4,0,4
BRDA:164,4,1,4
BRDA:194,5,0,4
BRDA:194,5,1,12
BRDA:194,6,0,12
BRDA:194,6,1,11
BRDA:226,7,0,36
BRDA:226,7,1,30
BRDA:246,8,0,53
BRDA:246,8,1,1
BRF:18
BRH:12
end_of_record
TN:
SF:src/client/charts/chartConfigRegistry.ts
FNF:0
FNH:0
DA:25,1
LF:1
LH:1
BRF:0
BRH:0
end_of_record
TN:
SF:src/client/charts/chartConfigs.ts
FN:165,getChartConfig
FNF:1
FNH:0
FNDA:0,getChartConfig
DA:132,4
DA:166,0
LF:2
LH:1
BRDA:166,0,0,0
BRDA:166,0,1,0
BRF:2
BRH:0
end_of_record
TN:
SF:src/client/charts/lazyChartConfigRegistry.ts
FN:15,(anonymous_0)
FN:16,(anonymous_1)
FN:17,(anonymous_2)
FN:18,(anonymous_3)
FN:19,(anonymous_4)
FN:20,(anonymous_5)
FN:21,(anonymous_6)
FN:22,(anonymous_7)
FN:23,(anonymous_8)
FN:24,(anonymous_9)
FN:25,(anonymous_10)
FN:26,(anonymous_11)
FN:27,(anonymous_12)
FN:28,(anonymous_13)
FN:29,(anonymous_14)
FN:30,(anonymous_15)
FN:31,(anonymous_16)
FN:32,(anonymous_17)
FN:33,(anonymous_18)
FN:34,(anonymous_19)
FN:35,(anonymous_20)
FN:78,getChartConfigAsync
FN:114,getChartConfigSync
FN:121,isChartConfigLoaded
FN:144,useChartConfig
FN:155,(anonymous_25)
FN:172,(anonymous_26)
FN:181,(anonymous_27)
FN:195,preloadChartConfig
FN:206,preloadChartConfigs
FN:225,loadAllChartConfigs
FN:244,clearChartConfigCache
FNF:32
FNH:11
FNDA:1,(anonymous_0)
FNDA:1,(anonymous_1)
FNDA:0,(anonymous_2)
FNDA:0,(anonymous_3)
FNDA:0,(anonymous_4)
FNDA:0,(anonymous_5)
FNDA:0,(anonymous_6)
FNDA:0,(anonymous_7)
FNDA:0,(anonymous_8)
FNDA:0,(anonymous_9)
FNDA:0,(anonymous_10)
FNDA:0,(anonymous_11)
FNDA:0,(anonymous_12)
FNDA:0,(anonymous_13)
FNDA:0,(anonymous_14)
FNDA:1,(anonymous_15)
FNDA:1,(anonymous_16)
FNDA:0,(anonymous_17)
FNDA:0,(anonymous_18)
FNDA:0,(anonymous_19)
FNDA:1,(anonymous_20)
FNDA:5,getChartConfigAsync
FNDA:28,getChartConfigSync
FNDA:0,isChartConfigLoaded
FNDA:28,useChartConfig
FNDA:12,(anonymous_25)
FNDA:5,(anonymous_26)
FNDA:5,(anonymous_27)
FNDA:0,preloadChartConfig
FNDA:0,preloadChartConfigs
FNDA:0,loadAllChartConfigs
FNDA:0,clearChartConfigCache
DA:14,4
DA:15,1
DA:16,1
DA:17,0
DA:18,0
DA:19,0
DA:20,0
DA:21,0
DA:22,0
DA:23,0
DA:24,0
DA:25,0
DA:26,0
DA:27,0
DA:28,0
DA:29,0
DA:30,1
DA:31,1
DA:32,0
DA:33,0
DA:34,0
DA:35,1
DA:39,4
DA:64,4
DA:80,5
DA:81,0
DA:84,5
DA:85,5
DA:86,0
DA:89,5
DA:90,5
DA:91,5
DA:92,5
DA:94,5
DA:95,5
DA:96,5
DA:98,0
DA:100,0
DA:101,0
DA:115,28
DA:122,0
DA:149,28
DA:152,28
DA:153,28
DA:155,28
DA:156,12
DA:157,0
DA:158,0
DA:159,0
DA:163,12
DA:164,7
DA:165,7
DA:166,7
DA:170,5
DA:171,5
DA:173,5
DA:174,5
DA:175,5
DA:177,0
DA:178,0
DA:181,5
DA:184,28
DA:196,0
DA:197,0
DA:207,0
DA:226,0
DA:227,0
DA:229,0
DA:230,0
DA:231,0
DA:232,0
DA:233,0
DA:236,0
DA:245,0
LF:74
LH:35
BRDA:80,0,0,0
BRDA:80,0,1,5
BRDA:85,1,0,0
BRDA:85,1,1,5
BRDA:94,2,0,5
BRDA:94,2,1,0
BRDA:115,3,0,28
BRDA:115,3,1,10
BRDA:150,4,0,28
BRDA:150,4,1,0
BRDA:156,5,0,0
BRDA:156,5,1,12
BRDA:163,6,0,7
BRDA:163,6,1,5
BRDA:173,7,0,5
BRDA:173,7,1,0
BRDA:196,8,0,0
BRDA:196,8,1,0
BRDA:232,9,0,0
BRDA:232,9,1,0
BRF:20
BRH:10
end_of_record
TN:
SF:src/client/client/BatchCoordinator.ts
FN:25,(anonymous_0)
FN:34,(anonymous_1)
FN:35,(anonymous_2)
FN:51,(anonymous_3)
FN:54,(anonymous_4)
FN:62,(anonymous_5)
FN:76,(anonymous_6)
FN:82,(anonymous_7)
FN:94,(anonymous_8)
FN:103,(anonymous_9)
FN:110,(anonymous_10)
FNF:11
FNH:11
FNDA:87,(anonymous_0)
FNDA:85,(anonymous_1)
FNDA:85,(anonymous_2)
FNDA:23,(anonymous_3)
FNDA:19,(anonymous_4)
FNDA:19,(anonymous_5)
FNDA:78,(anonymous_6)
FNDA:75,(anonymous_7)
FNDA:3,(anonymous_8)
FNDA:4,(anonymous_9)
FNDA:2,(anonymous_10)
DA:20,87
DA:21,87
DA:26,87
DA:27,87
DA:35,85
DA:37,85
DA:40,85
DA:41,23
DA:52,23
DA:54,23
DA:55,19
DA:64,19
DA:67,19
DA:68,19
DA:70,19
DA:71,1
DA:74,18
DA:76,78
DA:79,18
DA:82,16
DA:83,75
DA:86,75
DA:87,1
DA:89,74
DA:94,2
DA:95,3
DA:104,4
DA:111,2
DA:112,2
LF:29
LH:29
BRDA:25,0,0,87
BRDA:40,1,0,23
BRDA:40,1,1,62
BRDA:70,2,0,1
BRDA:70,2,1,18
BRDA:86,3,0,1
BRDA:86,3,1,74
BRDA:86,4,0,75
BRDA:86,4,1,74
BRDA:86,4,2,1
BRDA:95,5,0,2
BRDA:95,5,1,1
BRF:12
BRH:12
end_of_record
TN:
SF:src/client/client/CubeClient.ts
FN:13,(anonymous_0)
FN:26,(anonymous_1)
FN:36,(anonymous_2)
FN:75,(anonymous_3)
FN:91,(anonymous_4)
FN:101,(anonymous_5)
FN:114,(anonymous_6)
FN:152,(anonymous_7)
FN:190,(anonymous_8)
FN:230,(anonymous_9)
FN:252,(anonymous_10)
FN:256,(anonymous_11)
FN:265,(anonymous_12)
FN:270,(anonymous_13)
FN:275,(anonymous_14)
FN:288,(anonymous_15)
FN:300,createCubeClient
FN:305,cube
FNF:18
FNH:14
FNDA:535,(anonymous_0)
FNDA:54,(anonymous_1)
FNDA:55,(anonymous_2)
FNDA:494,(anonymous_3)
FNDA:1,(anonymous_4)
FNDA:1,(anonymous_5)
FNDA:37,(anonymous_6)
FNDA:22,(anonymous_7)
FNDA:23,(anonymous_8)
FNDA:42,(anonymous_9)
FNDA:87,(anonymous_10)
FNDA:122,(anonymous_11)
FNDA:0,(anonymous_12)
FNDA:0,(anonymous_13)
FNDA:0,(anonymous_14)
FNDA:33,(anonymous_15)
FNDA:526,createCubeClient
FNDA:0,cube
DA:14,535
DA:15,535
DA:19,535
DA:21,535
DA:22,8
DA:28,54
DA:29,54
DA:30,54
DA:33,54
DA:36,55
DA:39,54
DA:40,0
DA:43,54
DA:49,51
DA:50,6
DA:51,6
DA:52,6
DA:54,5
DA:55,5
DA:56,5
DA:57,5
DA:59,0
DA:63,0
DA:68,6
DA:71,45
DA:72,45
DA:76,494
DA:78,494
DA:84,491
DA:85,4
DA:88,487
DA:93,1
DA:94,1
DA:96,1
DA:101,1
DA:107,1
DA:108,0
DA:111,1
DA:115,37
DA:117,37
DA:124,36
DA:125,1
DA:126,1
DA:127,1
DA:128,1
DA:129,1
DA:130,1
DA:131,1
DA:133,0
DA:136,0
DA:141,1
DA:144,35
DA:153,22
DA:155,22
DA:162,21
DA:163,1
DA:164,1
DA:165,1
DA:166,1
DA:167,1
DA:168,1
DA:169,1
DA:171,0
DA:174,0
DA:179,1
DA:182,20
DA:191,23
DA:194,23
DA:195,23
DA:196,1
DA:199,23
DA:206,22
DA:207,1
DA:208,1
DA:209,1
DA:210,1
DA:211,1
DA:212,1
DA:213,1
DA:215,0
DA:218,0
DA:223,1
DA:226,21
DA:230,21
DA:232,42
DA:234,3
DA:241,39
DA:253,87
DA:259,122
DA:260,0
DA:262,122
DA:267,0
DA:272,0
DA:278,0
DA:279,0
DA:281,0
DA:290,33
DA:291,0
DA:293,33
DA:301,526
DA:306,0
LF:101
LH:83
BRDA:13,0,0,535
BRDA:14,1,0,535
BRDA:14,1,1,1
BRDA:19,2,0,535
BRDA:19,2,1,535
BRDA:21,3,0,8
BRDA:21,3,1,527
BRDA:39,4,0,0
BRDA:39,4,1,54
BRDA:49,5,0,6
BRDA:49,5,1,45
BRDA:56,6,0,5
BRDA:56,6,1,0
BRDA:84,7,0,4
BRDA:84,7,1,487
BRDA:107,8,0,0
BRDA:107,8,1,1
BRDA:124,9,0,1
BRDA:124,9,1,35
BRDA:130,10,0,1
BRDA:130,10,1,0
BRDA:162,11,0,1
BRDA:162,11,1,20
BRDA:168,12,0,1
BRDA:168,12,1,0
BRDA:195,13,0,1
BRDA:195,13,1,22
BRDA:206,14,0,1
BRDA:206,14,1,21
BRDA:212,15,0,1
BRDA:212,15,1,0
BRDA:232,16,0,3
BRDA:232,16,1,39
BRDA:232,17,0,42
BRDA:232,17,1,42
BRDA:259,18,0,0
BRDA:259,18,1,122
BRDA:259,19,0,122
BRDA:259,19,1,0
BRDA:260,20,0,0
BRDA:260,20,1,0
BRDA:262,21,0,122
BRDA:262,21,1,0
BRDA:278,22,0,0
BRDA:278,22,1,0
BRDA:278,23,0,0
BRDA:278,23,1,0
BRDA:279,24,0,0
BRDA:279,24,1,0
BRDA:281,25,0,0
BRDA:281,25,1,0
BRDA:290,26,0,0
BRDA:290,26,1,33
BRDA:290,27,0,33
BRDA:290,27,1,0
BRDA:300,28,0,526
BRDA:305,29,0,0
BRF:57
BRH:35
end_of_record
TN:
SF:src/client/components/AnalysisBuilderLazy.tsx
FN:6,(anonymous_0)
FN:10,(anonymous_1)
FNF:2
FNH:0
FNDA:0,(anonymous_0)
FNDA:0,(anonymous_1)
DA:6,0
DA:10,0
DA:11,0
DA:22,0
LF:4
LH:0
BRF:0
BRH:0
end_of_record
TN:
SF:src/client/components/AnalyticsDashboard.tsx
FN:15,AnalyticsDashboard
FN:42,(anonymous_1)
FN:57,(anonymous_2)
FN:59,(anonymous_3)
FN:74,(anonymous_4)
FN:75,(anonymous_5)
FN:81,(anonymous_6)
FN:95,(anonymous_7)
FNF:8
FNH:8
FNDA:19,AnalyticsDashboard
FNDA:19,(anonymous_1)
FNDA:2,(anonymous_2)
FNDA:2,(anonymous_3)
FNDA:2,(anonymous_4)
FNDA:2,(anonymous_5)
FNDA:2,(anonymous_6)
FNDA:19,(anonymous_7)
DA:26,19
DA:27,19
DA:33,19
DA:42,19
DA:43,19
DA:44,19
DA:47,19
DA:48,15
DA:52,4
DA:53,2
DA:57,2
DA:59,2
DA:61,2
DA:63,1
DA:70,1
DA:74,2
DA:75,2
DA:77,2
DA:81,19
DA:83,2
DA:84,1
DA:88,1
DA:90,1
DA:95,19
DA:96,19
DA:97,19
DA:100,19
LF:27
LH:27
BRDA:17,0,0,19
BRDA:43,1,0,19
BRDA:43,1,1,13
BRDA:44,2,0,19
BRDA:44,2,1,15
BRDA:47,3,0,15
BRDA:47,3,1,4
BRDA:52,4,0,2
BRDA:52,4,1,2
BRDA:61,5,0,1
BRDA:61,5,1,1
BRDA:83,6,0,1
BRDA:83,6,1,1
BRDA:83,7,0,2
BRDA:83,7,1,1
BRF:15
BRH:15
end_of_record
TN:
SF:src/client/components/AnalyticsPage.tsx
FN:2,AnalyticsPage
FNF:1
FNH:0
FNDA:0,AnalyticsPage
DA:3,0
LF:1
LH:0
BRF:0
BRH:0
end_of_record
TN:
SF:src/client/components/AnalyticsPortlet.tsx
FN:38,(anonymous_0)
FN:71,(anonymous_1)
FN:80,(anonymous_2)
FN:81,(anonymous_3)
FN:86,(anonymous_4)
FN:149,(anonymous_5)
FN:200,(anonymous_6)
FN:251,(anonymous_7)
FN:271,(anonymous_8)
FN:281,(anonymous_9)
FN:291,(anonymous_10)
FN:393,(anonymous_11)
FN:394,(anonymous_12)
FN:433,(anonymous_13)
FN:455,(anonymous_14)
FN:471,(anonymous_15)
FN:515,(anonymous_16)
FN:530,(anonymous_17)
FN:558,(anonymous_18)
FN:687,(anonymous_19)
FN:734,(anonymous_20)
FNF:21
FNH:12
FNDA:21,(anonymous_0)
FNDA:21,(anonymous_1)
FNDA:21,(anonymous_2)
FNDA:0,(anonymous_3)
FNDA:21,(anonymous_4)
FNDA:0,(anonymous_5)
FNDA:0,(anonymous_6)
FNDA:21,(anonymous_7)
FNDA:0,(anonymous_8)
FNDA:0,(anonymous_9)
FNDA:0,(anonymous_10)
FNDA:2,(anonymous_11)
FNDA:1,(anonymous_12)
FNDA:0,(anonymous_13)
FNDA:0,(anonymous_14)
FNDA:21,(anonymous_15)
FNDA:1,(anonymous_16)
FNDA:0,(anonymous_17)
FNDA:20,(anonymous_18)
FNDA:14,(anonymous_19)
FNDA:14,(anonymous_20)
DA:38,1
DA:53,21
DA:57,21
DA:58,21
DA:68,21
DA:71,21
DA:72,21
DA:76,21
DA:77,21
DA:80,21
DA:81,21
DA:86,21
DA:88,21
DA:89,1
DA:92,20
DA:93,20
DA:96,20
DA:99,20
DA:100,0
DA:102,0
DA:112,19
DA:113,0
DA:115,0
DA:125,19
DA:126,0
DA:133,0
DA:136,0
DA:138,0
DA:141,0
DA:142,0
DA:144,0
DA:145,0
DA:149,0
DA:150,0
DA:152,0
DA:153,0
DA:154,0
DA:155,0
DA:158,0
DA:160,0
DA:162,0
DA:166,0
DA:167,0
DA:168,0
DA:169,0
DA:170,0
DA:173,0
DA:176,0
DA:184,0
DA:185,0
DA:186,0
DA:192,0
DA:196,19
DA:198,0
DA:200,0
DA:206,0
DA:210,19
DA:211,19
DA:217,19
DA:229,1
DA:230,1
DA:235,21
DA:238,21
DA:240,21
DA:242,21
DA:246,21
DA:249,21
DA:250,21
DA:251,21
DA:252,21
DA:253,19
DA:255,19
DA:256,0
DA:262,21
DA:265,21
DA:268,21
DA:272,0
DA:281,21
DA:282,0
DA:284,0
DA:287,0
DA:291,21
DA:292,0
DA:294,0
DA:296,0
DA:299,21
DA:300,21
DA:301,21
DA:302,21
DA:303,21
DA:306,21
DA:310,21
DA:314,21
DA:321,21
DA:328,21
DA:336,21
DA:342,21
DA:348,21
DA:349,21
DA:358,21
DA:367,21
DA:376,21
DA:386,21
DA:388,21
DA:393,21
DA:395,1
DA:397,1
DA:400,0
DA:401,0
DA:402,0
DA:404,0
DA:406,0
DA:407,1
DA:410,0
DA:411,0
DA:412,0
DA:414,0
DA:416,0
DA:417,1
DA:420,0
DA:421,0
DA:422,0
DA:423,0
DA:425,0
DA:427,0
DA:428,1
DA:431,0
DA:433,0
DA:435,0
DA:436,0
DA:438,0
DA:440,0
DA:441,1
DA:444,1
DA:445,1
DA:446,0
DA:448,1
DA:450,1
DA:455,21
DA:456,0
DA:457,0
DA:458,0
DA:459,0
DA:460,0
DA:461,0
DA:462,0
DA:463,0
DA:465,0
DA:471,21
DA:472,21
DA:475,1
DA:476,0
DA:484,0
DA:488,1
DA:489,0
DA:497,0
DA:501,1
DA:502,0
DA:510,0
DA:514,1
DA:515,1
DA:516,1
DA:519,0
DA:521,1
DA:524,1
DA:526,1
DA:528,1
DA:530,0
DA:543,1
DA:558,21
DA:560,21
DA:561,1
DA:572,20
DA:573,1
DA:581,19
DA:583,18
DA:584,2
DA:591,16
DA:592,2
DA:642,14
DA:652,18
DA:654,1
DA:656,1
DA:687,14
DA:689,14
DA:690,1
DA:695,13
DA:696,0
DA:701,13
DA:702,0
DA:706,13
DA:707,0
DA:711,13
DA:712,0
DA:716,13
DA:717,0
DA:720,13
DA:723,2
DA:725,11
DA:730,14
DA:734,14
DA:735,14
DA:736,14
DA:739,14
DA:745,14
DA:746,1
DA:757,13
DA:760,14
DA:763,14
DA:767,14
DA:789,0
DA:790,0
DA:802,14
DA:804,21
DA:848,1
LF:215
LH:125
BRDA:45,0,0,21
BRDA:47,1,0,21
BRDA:68,2,0,21
BRDA:68,2,1,20
BRDA:88,3,0,1
BRDA:88,3,1,20
BRDA:99,4,0,0
BRDA:99,4,1,20
BRDA:112,5,0,0
BRDA:112,5,1,19
BRDA:125,6,0,0
BRDA:125,6,1,19
BRDA:136,7,0,0
BRDA:136,7,1,0
BRDA:136,8,0,0
BRDA:136,8,1,0
BRDA:141,9,0,0
BRDA:141,9,1,0
BRDA:141,10,0,0
BRDA:141,10,1,0
BRDA:150,11,0,0
BRDA:150,11,1,0
BRDA:152,12,0,0
BRDA:152,12,1,0
BRDA:152,13,0,0
BRDA:152,13,1,0
BRDA:152,13,2,0
BRDA:154,14,0,0
BRDA:154,14,1,0
BRDA:158,15,0,0
BRDA:158,15,1,0
BRDA:160,16,0,0
BRDA:160,16,1,0
BRDA:166,17,0,0
BRDA:166,17,1,0
BRDA:168,18,0,0
BRDA:168,18,1,0
BRDA:168,19,0,0
BRDA:168,19,1,0
BRDA:173,20,0,0
BRDA:173,20,1,0
BRDA:184,21,0,0
BRDA:184,21,1,0
BRDA:184,22,0,0
BRDA:184,22,1,0
BRDA:196,23,0,0
BRDA:196,23,1,19
BRDA:249,24,0,19
BRDA:249,24,1,2
BRDA:252,25,0,19
BRDA:252,25,1,2
BRDA:255,26,0,0
BRDA:255,26,1,19
BRDA:262,27,0,21
BRDA:262,27,1,21
BRDA:269,28,0,21
BRDA:269,28,1,2
BRDA:277,29,0,21
BRDA:277,29,1,21
BRDA:277,29,2,21
BRDA:277,29,3,21
BRDA:277,29,4,21
BRDA:282,30,0,0
BRDA:282,30,1,0
BRDA:292,31,0,0
BRDA:292,31,1,0
BRDA:299,32,0,21
BRDA:299,32,1,19
BRDA:299,32,2,19
BRDA:299,32,3,18
BRDA:299,32,4,18
BRDA:299,32,5,18
BRDA:299,32,6,18
BRDA:299,32,7,18
BRDA:300,33,0,21
BRDA:300,33,1,0
BRDA:300,33,2,0
BRDA:300,33,3,0
BRDA:300,33,4,0
BRDA:300,33,5,0
BRDA:300,33,6,0
BRDA:301,34,0,21
BRDA:301,34,1,0
BRDA:301,34,2,0
BRDA:301,34,3,0
BRDA:302,35,0,21
BRDA:302,35,1,0
BRDA:302,35,2,0
BRDA:302,35,3,0
BRDA:303,36,0,21
BRDA:303,36,1,0
BRDA:303,36,2,0
BRDA:303,36,3,0
BRDA:329,37,0,21
BRDA:329,37,1,0
BRDA:329,37,2,0
BRDA:348,38,0,0
BRDA:348,38,1,21
BRDA:349,39,0,0
BRDA:349,39,1,21
BRDA:350,40,0,0
BRDA:350,40,1,0
BRDA:351,41,0,0
BRDA:351,41,1,21
BRDA:352,42,0,0
BRDA:352,42,1,0
BRDA:353,43,0,0
BRDA:353,43,1,21
BRDA:354,44,0,0
BRDA:354,44,1,0
BRDA:355,45,0,0
BRDA:355,45,1,21
BRDA:358,46,0,0
BRDA:358,46,1,21
BRDA:360,47,0,0
BRDA:360,47,1,21
BRDA:362,48,0,0
BRDA:362,48,1,21
BRDA:364,49,0,0
BRDA:364,49,1,21
BRDA:367,50,0,0
BRDA:367,50,1,21
BRDA:369,51,0,0
BRDA:369,51,1,21
BRDA:371,52,0,0
BRDA:371,52,1,21
BRDA:373,53,0,0
BRDA:373,53,1,21
BRDA:376,54,0,0
BRDA:376,54,1,21
BRDA:378,55,0,0
BRDA:378,55,1,21
BRDA:380,56,0,0
BRDA:380,56,1,21
BRDA:382,57,0,0
BRDA:382,57,1,21
BRDA:386,58,0,0
BRDA:386,58,1,21
BRDA:388,59,0,0
BRDA:388,59,1,21
BRDA:395,60,0,1
BRDA:395,60,1,1
BRDA:397,61,0,0
BRDA:397,61,1,1
BRDA:397,62,0,1
BRDA:397,62,1,0
BRDA:401,63,0,0
BRDA:401,63,1,0
BRDA:407,64,0,0
BRDA:407,64,1,1
BRDA:407,65,0,1
BRDA:407,65,1,0
BRDA:411,66,0,0
BRDA:411,66,1,0
BRDA:417,67,0,0
BRDA:417,67,1,1
BRDA:417,68,0,1
BRDA:417,68,1,0
BRDA:420,69,0,0
BRDA:420,69,1,0
BRDA:422,70,0,0
BRDA:422,70,1,0
BRDA:428,71,0,0
BRDA:428,71,1,1
BRDA:428,72,0,1
BRDA:428,72,1,0
BRDA:435,73,0,0
BRDA:435,73,1,0
BRDA:441,74,0,1
BRDA:441,74,1,0
BRDA:445,75,0,0
BRDA:445,75,1,1
BRDA:456,76,0,0
BRDA:456,76,1,0
BRDA:458,77,0,0
BRDA:458,77,1,0
BRDA:460,78,0,0
BRDA:460,78,1,0
BRDA:462,79,0,0
BRDA:462,79,1,0
BRDA:472,80,0,20
BRDA:472,80,1,1
BRDA:472,81,0,21
BRDA:472,81,1,1
BRDA:475,82,0,0
BRDA:475,82,1,1
BRDA:475,83,0,1
BRDA:475,83,1,0
BRDA:475,83,2,0
BRDA:477,84,0,0
BRDA:477,84,1,0
BRDA:478,85,0,0
BRDA:478,85,1,0
BRDA:482,86,0,0
BRDA:482,86,1,0
BRDA:488,87,0,0
BRDA:488,87,1,1
BRDA:488,88,0,1
BRDA:488,88,1,0
BRDA:488,88,2,0
BRDA:490,89,0,0
BRDA:490,89,1,0
BRDA:491,90,0,0
BRDA:491,90,1,0
BRDA:501,91,0,0
BRDA:501,91,1,1
BRDA:501,92,0,1
BRDA:501,92,1,0
BRDA:501,92,2,0
BRDA:503,93,0,0
BRDA:503,93,1,0
BRDA:504,94,0,0
BRDA:504,94,1,0
BRDA:508,95,0,0
BRDA:508,95,1,0
BRDA:514,96,0,1
BRDA:514,96,1,0
BRDA:514,97,0,1
BRDA:514,97,1,1
BRDA:514,97,2,1
BRDA:516,98,0,0
BRDA:516,98,1,0
BRDA:516,98,2,1
BRDA:526,99,0,1
BRDA:526,99,1,0
BRDA:528,100,0,0
BRDA:528,100,1,1
BRDA:544,101,0,1
BRDA:544,101,1,1
BRDA:544,101,2,0
BRDA:545,102,0,1
BRDA:545,102,1,1
BRDA:546,103,0,1
BRDA:546,103,1,0
BRDA:558,104,0,21
BRDA:558,104,1,20
BRDA:560,105,0,1
BRDA:560,105,1,20
BRDA:560,106,0,21
BRDA:560,106,1,1
BRDA:572,107,0,1
BRDA:572,107,1,19
BRDA:572,108,0,20
BRDA:572,108,1,19
BRDA:572,108,2,18
BRDA:581,109,0,18
BRDA:581,109,1,1
BRDA:583,110,0,2
BRDA:583,110,1,16
BRDA:583,111,0,18
BRDA:583,111,1,16
BRDA:583,111,2,16
BRDA:583,111,3,15
BRDA:583,111,4,2
BRDA:586,112,0,2
BRDA:586,112,1,1
BRDA:591,113,0,2
BRDA:591,113,1,14
BRDA:609,114,0,2
BRDA:609,114,1,0
BRDA:617,115,0,2
BRDA:617,115,1,0
BRDA:626,116,0,2
BRDA:626,116,1,2
BRDA:642,117,0,0
BRDA:642,117,1,14
BRDA:643,118,0,0
BRDA:643,118,1,0
BRDA:644,119,0,0
BRDA:644,119,1,14
BRDA:645,120,0,0
BRDA:645,120,1,0
BRDA:646,121,0,0
BRDA:646,121,1,14
BRDA:647,122,0,0
BRDA:647,122,1,0
BRDA:647,122,2,0
BRDA:648,123,0,0
BRDA:648,123,1,14
BRDA:649,124,0,0
BRDA:649,124,1,0
BRDA:650,125,0,14
BRDA:650,125,1,13
BRDA:652,126,0,1
BRDA:652,126,1,17
BRDA:659,127,0,1
BRDA:659,127,1,0
BRDA:672,128,0,0
BRDA:672,128,1,1
BRDA:689,129,0,1
BRDA:689,129,1,13
BRDA:695,130,0,0
BRDA:695,130,1,13
BRDA:696,131,0,0
BRDA:696,131,1,0
BRDA:701,132,0,0
BRDA:701,132,1,13
BRDA:702,133,0,0
BRDA:702,133,1,0
BRDA:706,134,0,0
BRDA:706,134,1,13
BRDA:707,135,0,0
BRDA:707,135,1,0
BRDA:711,136,0,0
BRDA:711,136,1,13
BRDA:712,137,0,0
BRDA:712,137,1,0
BRDA:716,138,0,0
BRDA:716,138,1,13
BRDA:720,139,0,1
BRDA:720,139,1,2
BRDA:720,139,2,11
BRDA:739,140,0,0
BRDA:739,140,1,14
BRDA:739,141,0,14
BRDA:739,141,1,0
BRDA:745,142,0,1
BRDA:745,142,1,13
BRDA:757,143,0,1
BRDA:757,143,1,12
BRDA:760,144,0,14
BRDA:760,144,1,13
BRDA:760,144,2,13
BRDA:760,144,3,13
BRDA:760,144,4,13
BRDA:763,145,0,0
BRDA:763,145,1,13
BRDA:763,146,0,14
BRDA:763,146,1,0
BRDA:773,147,0,14
BRDA:773,147,1,1
BRDA:776,148,0,0
BRDA:776,148,1,13
BRDA:781,149,0,13
BRDA:781,149,1,0
BRDA:794,150,0,0
BRDA:794,150,1,0
BRDA:802,151,0,14
BRDA:802,151,1,14
BRDA:802,151,2,14
BRDA:802,151,3,14
BRDA:802,151,4,14
BRDA:818,152,0,21
BRDA:818,152,1,0
BRDA:818,152,2,0
BRDA:836,153,0,21
BRDA:836,153,1,0
BRDA:836,153,2,0
BRDA:836,153,3,0
BRF:349
BRH:162
end_of_record
TN:
SF:src/client/components/ChartErrorBoundary.tsx
FN:21,(anonymous_0)
FN:30,(anonymous_1)
FN:39,(anonymous_2)
FN:50,(anonymous_3)
FN:58,(anonymous_4)
FNF:5
FNH:5
FNDA:23,(anonymous_0)
FNDA:1,(anonymous_1)
FNDA:11,(anonymous_2)
FNDA:1,(anonymous_3)
FNDA:57,(anonymous_4)
DA:4,1
DA:22,23
DA:23,23
DA:32,22
DA:41,11
DA:47,11
DA:50,1
DA:51,1
DA:59,57
DA:61,33
DA:62,3
DA:66,30
DA:137,24
LF:13
LH:13
BRDA:43,0,0,11
BRDA:43,0,1,0
BRDA:59,1,0,33
BRDA:59,1,1,24
BRDA:61,2,0,3
BRDA:61,2,1,30
BRDA:71,3,0,3
BRDA:71,3,1,27
BRDA:83,4,0,33
BRDA:83,4,1,30
BRDA:90,5,0,33
BRDA:90,5,1,3
BRDA:101,6,0,33
BRDA:101,6,1,3
BRDA:106,7,0,3
BRDA:106,7,1,0
BRDA:114,8,0,33
BRDA:114,8,1,10
BRF:18
BRH:16
end_of_record
TN:
SF:src/client/components/ChartTypeSelector.tsx
FN:43,ChartTypeSelector
FN:54,(anonymous_1)
FN:58,(anonymous_2)
FN:63,(anonymous_3)
FN:69,(anonymous_4)
FN:76,(anonymous_5)
FN:77,(anonymous_6)
FN:92,(anonymous_7)
FN:116,(anonymous_8)
FN:138,(anonymous_9)
FNF:10
FNH:9
FNDA:103,ChartTypeSelector
FNDA:77,(anonymous_1)
FNDA:4,(anonymous_2)
FNDA:0,(anonymous_3)
FNDA:77,(anonymous_4)
FNDA:2163,(anonymous_5)
FNDA:2497,(anonymous_6)
FNDA:17,(anonymous_7)
FNDA:334,(anonymous_8)
FNDA:2,(anonymous_9)
DA:19,3
DA:51,103
DA:52,103
DA:54,103
DA:55,77
DA:57,77
DA:59,4
DA:60,0
DA:64,0
DA:65,0
DA:69,77
DA:70,77
DA:75,103
DA:76,2163
DA:78,2497
DA:79,2497
DA:80,2497
DA:83,103
DA:84,103
DA:85,103
DA:87,103
DA:92,17
DA:117,334
DA:118,334
DA:119,334
DA:120,334
DA:121,334
DA:122,334
DA:125,334
DA:126,334
DA:127,334
DA:130,334
DA:134,334
DA:139,2
DA:140,2
DA:141,2
LF:36
LH:33
BRDA:46,0,0,103
BRDA:47,1,0,103
BRDA:49,2,0,103
BRDA:59,3,0,0
BRDA:59,3,1,4
BRDA:64,4,0,0
BRDA:64,4,1,0
BRDA:78,5,0,2497
BRDA:78,5,1,0
BRDA:79,6,0,2497
BRDA:79,6,1,0
BRDA:96,7,0,103
BRDA:96,7,1,0
BRDA:102,8,0,16
BRDA:102,8,1,87
BRDA:112,9,0,103
BRDA:112,9,1,16
BRDA:113,10,0,1
BRDA:113,10,1,15
BRDA:115,11,0,1
BRDA:115,11,1,15
BRDA:126,12,0,334
BRDA:126,12,1,328
BRDA:130,13,0,4
BRDA:130,13,1,330
BRDA:130,14,0,334
BRDA:130,14,1,4
BRDA:139,15,0,0
BRDA:139,15,1,2
BRDA:147,16,0,4
BRDA:147,16,1,330
BRDA:149,17,0,16
BRDA:149,17,1,314
BRDA:155,18,0,16
BRDA:155,18,1,318
BRDA:155,19,0,334
BRDA:155,19,1,16
BRDA:161,20,0,334
BRDA:161,20,1,0
BRDA:164,21,0,0
BRDA:164,21,1,0
BRDA:166,22,0,0
BRDA:166,22,1,0
BRDA:175,23,0,4
BRDA:175,23,1,330
BRDA:177,24,0,16
BRDA:177,24,1,314
BRDA:181,25,0,16
BRDA:181,25,1,318
BRDA:181,26,0,334
BRDA:181,26,1,16
BRDA:187,27,0,334
BRDA:187,27,1,16
BRDA:187,27,2,16
BRF:54
BRH:42
end_of_record
TN:
SF:src/client/components/ColorPaletteSelector.tsx
FN:18,ColorPaletteSelector
FN:29,(anonymous_1)
FN:30,handleClickOutside
FN:38,(anonymous_3)
FN:42,(anonymous_4)
FN:52,(anonymous_5)
FN:58,(anonymous_6)
FN:69,(anonymous_7)
FN:92,(anonymous_8)
FN:92,(anonymous_9)
FN:96,(anonymous_10)
FN:107,(anonymous_11)
FN:121,(anonymous_12)
FNF:13
FNH:13
FNDA:61,ColorPaletteSelector
FNDA:61,(anonymous_1)
FNDA:1,handleClickOutside
FNDA:18,(anonymous_3)
FNDA:4,(anonymous_4)
FNDA:24,(anonymous_5)
FNDA:244,(anonymous_6)
FNDA:183,(anonymous_7)
FNDA:1980,(anonymous_8)
FNDA:540,(anonymous_9)
FNDA:4,(anonymous_10)
FNDA:3240,(anonymous_11)
FNDA:3456,(anonymous_12)
DA:10,2
DA:23,61
DA:24,61
DA:26,61
DA:29,61
DA:31,1
DA:32,1
DA:36,61
DA:37,18
DA:38,18
DA:42,61
DA:43,4
DA:44,4
DA:47,61
DA:52,24
DA:59,244
DA:70,183
DA:92,1980
DA:93,540
DA:96,4
DA:108,3240
DA:122,3456
LF:22
LH:22
BRDA:19,0,0,61
BRDA:21,1,0,61
BRDA:31,2,0,1
BRDA:31,2,1,0
BRDA:31,3,0,1
BRDA:31,3,1,1
BRDA:36,4,0,18
BRDA:36,4,1,43
BRDA:84,5,0,18
BRDA:84,5,1,43
BRDA:89,6,0,61
BRDA:89,6,1,18
BRDA:98,7,0,18
BRDA:98,7,1,522
BRDA:100,8,0,18
BRDA:100,8,1,522
BRDA:135,9,0,540
BRDA:135,9,1,18
BRF:18
BRH:17
end_of_record
TN:
SF:src/client/components/ConfirmModal.tsx
FN:32,(anonymous_0)
FN:43,(anonymous_1)
FN:48,(anonymous_2)
FNF:3
FNH:3
FNDA:49,(anonymous_0)
FNDA:3,(anonymous_1)
FNDA:49,(anonymous_2)
DA:32,3
DA:43,49
DA:44,3
DA:45,3
DA:48,49
DA:49,49
DA:51,49
DA:53,22
DA:55,6
DA:58,21
DA:62,49
LF:11
LH:11
BRDA:36,0,0,49
BRDA:38,1,0,49
BRDA:39,2,0,49
BRDA:40,3,0,49
BRDA:41,4,0,49
BRDA:51,5,0,22
BRDA:51,5,1,6
BRDA:51,5,2,21
BRDA:51,5,3,21
BRDA:86,6,0,5
BRDA:86,6,1,44
BRF:11
BRH:11
end_of_record
TN:
SF:src/client/components/DashboardEditModal.tsx
FN:14,DashboardEditModal
FN:28,(anonymous_1)
FN:35,(anonymous_2)
FN:58,(anonymous_3)
FN:103,(anonymous_4)
FN:119,(anonymous_5)
FNF:6
FNH:6
FNDA:252,DashboardEditModal
FNDA:32,(anonymous_1)
FNDA:8,(anonymous_2)
FNDA:9,(anonymous_3)
FNDA:136,(anonymous_4)
FNDA:45,(anonymous_5)
DA:23,252
DA:24,252
DA:25,252
DA:28,252
DA:29,32
DA:30,30
DA:31,30
DA:35,252
DA:36,8
DA:38,8
DA:39,0
DA:42,8
DA:44,8
DA:45,8
DA:49,7
DA:54,8
DA:58,252
DA:59,9
DA:60,9
DA:61,9
DA:62,9
DA:66,252
DA:86,252
DA:103,136
DA:119,45
LF:25
LH:24
BRDA:20,0,0,252
BRDA:21,1,0,252
BRDA:29,2,0,30
BRDA:29,2,1,2
BRDA:38,3,0,0
BRDA:38,3,1,8
BRDA:47,4,0,8
BRDA:47,4,1,6
BRDA:78,5,0,252
BRDA:78,5,1,244
BRDA:81,6,0,8
BRDA:81,6,1,244
BRF:12
BRH:11
end_of_record
TN:
SF:src/client/components/DashboardFilterPanel.tsx
FN:33,(anonymous_0)
FN:49,(anonymous_1)
FN:53,(anonymous_2)
FN:57,(anonymous_3)
FN:64,(anonymous_4)
FN:71,(anonymous_5)
FN:83,(anonymous_6)
FN:88,(anonymous_7)
FN:104,(anonymous_8)
FN:121,(anonymous_9)
FN:122,(anonymous_10)
FN:130,(anonymous_11)
FN:131,(anonymous_12)
FN:142,(anonymous_13)
FN:144,(anonymous_14)
FN:149,(anonymous_15)
FN:172,(anonymous_16)
FN:231,(anonymous_17)
FNF:18
FNH:13
FNDA:67,(anonymous_0)
FNDA:0,(anonymous_1)
FNDA:0,(anonymous_2)
FNDA:0,(anonymous_3)
FNDA:0,(anonymous_4)
FNDA:0,(anonymous_5)
FNDA:9,(anonymous_6)
FNDA:5,(anonymous_7)
FNDA:4,(anonymous_8)
FNDA:14,(anonymous_9)
FNDA:16,(anonymous_10)
FNDA:4,(anonymous_11)
FNDA:8,(anonymous_12)
FNDA:5,(anonymous_13)
FNDA:6,(anonymous_14)
FNDA:8,(anonymous_15)
FNDA:2,(anonymous_16)
FNDA:1,(anonymous_17)
DA:33,1
DA:45,67
DA:46,67
DA:49,67
DA:50,0
DA:52,0
DA:53,0
DA:57,0
DA:64,0
DA:71,0
DA:83,67
DA:84,9
DA:88,67
DA:89,5
DA:98,5
DA:99,5
DA:104,67
DA:105,4
DA:116,4
DA:117,4
DA:121,67
DA:122,16
DA:123,14
DA:124,14
DA:125,14
DA:130,67
DA:131,8
DA:132,4
DA:135,4
DA:136,2
DA:137,2
DA:142,67
DA:144,6
DA:147,5
DA:149,4
DA:150,8
DA:154,1
DA:158,5
DA:161,5
DA:162,5
DA:163,5
DA:165,0
DA:166,0
DA:172,67
DA:173,2
DA:174,2
DA:178,67
DA:179,1
DA:183,66
DA:184,1
DA:187,65
DA:231,1
LF:52
LH:44
BRDA:42,0,0,67
BRDA:50,1,0,0
BRDA:50,1,1,0
BRDA:55,2,0,0
BRDA:55,2,1,0
BRDA:56,3,0,0
BRDA:56,3,1,0
BRDA:71,4,0,0
BRDA:71,4,1,0
BRDA:123,5,0,14
BRDA:123,5,1,0
BRDA:135,6,0,2
BRDA:135,6,1,2
BRDA:147,7,0,4
BRDA:147,7,1,1
BRDA:150,8,0,4
BRDA:150,8,1,4
BRDA:161,9,0,5
BRDA:161,9,1,0
BRDA:178,10,0,1
BRDA:178,10,1,66
BRDA:183,11,0,1
BRDA:183,11,1,65
BRDA:183,12,0,66
BRDA:183,12,1,10
BRDA:190,13,0,56
BRDA:190,13,1,9
BRDA:223,14,0,67
BRDA:223,14,1,65
BRDA:223,14,2,19
BRDA:223,14,3,19
BRF:31
BRH:21
end_of_record
TN:
SF:src/client/components/DashboardGrid.tsx
FN:56,findScrollableAncestor
FN:121,(anonymous_1)
FN:123,(anonymous_2)
FN:130,(anonymous_3)
FN:143,(anonymous_4)
FN:153,(anonymous_5)
FN:159,(anonymous_6)
FN:166,(anonymous_7)
FN:171,(anonymous_8)
FN:203,DashboardGrid
FN:234,(anonymous_10)
FN:247,(anonymous_11)
FN:311,(anonymous_12)
FN:316,(anonymous_13)
FN:323,(anonymous_14)
FN:355,(anonymous_15)
FN:357,(anonymous_16)
FN:360,(anonymous_17)
FN:370,(anonymous_18)
FN:378,(anonymous_19)
FN:379,(anonymous_20)
FN:387,(anonymous_21)
FN:392,(anonymous_22)
FN:402,(anonymous_23)
FN:413,(anonymous_24)
FN:414,(anonymous_25)
FN:452,(anonymous_26)
FN:463,(anonymous_27)
FN:464,(anonymous_28)
FN:505,(anonymous_29)
FN:510,(anonymous_30)
FN:512,(anonymous_31)
FN:515,(anonymous_32)
FN:518,(anonymous_33)
FN:528,(anonymous_34)
FN:539,(anonymous_35)
FN:544,(anonymous_36)
FN:546,(anonymous_37)
FN:558,(anonymous_38)
FN:583,(anonymous_39)
FN:585,(anonymous_40)
FN:602,(anonymous_41)
FN:613,(anonymous_42)
FN:621,(anonymous_43)
FN:626,(anonymous_44)
FN:630,(anonymous_45)
FN:632,(anonymous_46)
FN:668,(anonymous_47)
FN:676,(anonymous_48)
FN:685,(anonymous_49)
FN:689,(anonymous_50)
FN:691,(anonymous_51)
FN:702,(anonymous_52)
FN:719,(anonymous_53)
FN:727,(anonymous_54)
FN:733,(anonymous_55)
FN:734,(anonymous_56)
FN:753,(anonymous_57)
FN:755,(anonymous_58)
FN:766,(anonymous_59)
FN:771,(anonymous_60)
FN:776,(anonymous_61)
FN:777,(anonymous_62)
FN:796,(anonymous_63)
FN:798,(anonymous_64)
FN:809,(anonymous_65)
FN:814,(anonymous_66)
FN:819,(anonymous_67)
FN:824,(anonymous_68)
FN:829,(anonymous_69)
FN:834,(anonymous_70)
FN:838,(anonymous_71)
FN:843,(anonymous_72)
FN:848,(anonymous_73)
FN:853,(anonymous_74)
FN:858,(anonymous_75)
FN:866,(anonymous_76)
FN:885,(anonymous_77)
FN:932,(anonymous_78)
FN:933,(anonymous_79)
FN:959,(anonymous_80)
FN:974,(anonymous_81)
FN:996,(anonymous_82)
FN:1007,(anonymous_83)
FN:1008,(anonymous_84)
FN:1016,(anonymous_85)
FN:1052,(anonymous_86)
FN:1072,(anonymous_87)
FN:1084,(anonymous_88)
FN:1141,(anonymous_89)
FN:1158,(anonymous_90)
FN:1159,(anonymous_91)
FN:1191,(anonymous_92)
FN:1197,(anonymous_93)
FN:1198,(anonymous_94)
FN:1203,(anonymous_95)
FN:1209,(anonymous_96)
FN:1210,(anonymous_97)
FN:1270,(anonymous_98)
FNF:99
FNH:26
FNDA:16,findScrollableAncestor
FNDA:0,(anonymous_1)
FNDA:18,(anonymous_2)
FNDA:0,(anonymous_3)
FNDA:0,(anonymous_4)
FNDA:0,(anonymous_5)
FNDA:0,(anonymous_6)
FNDA:0,(anonymous_7)
FNDA:0,(anonymous_8)
FNDA:23,DashboardGrid
FNDA:18,(anonymous_10)
FNDA:32,(anonymous_11)
FNDA:18,(anonymous_12)
FNDA:23,(anonymous_13)
FNDA:23,(anonymous_14)
FNDA:23,(anonymous_15)
FNDA:4,(anonymous_16)
FNDA:4,(anonymous_17)
FNDA:23,(anonymous_18)
FNDA:23,(anonymous_19)
FNDA:0,(anonymous_20)
FNDA:23,(anonymous_21)
FNDA:0,(anonymous_22)
FNDA:1,(anonymous_23)
FNDA:0,(anonymous_24)
FNDA:0,(anonymous_25)
FNDA:0,(anonymous_26)
FNDA:0,(anonymous_27)
FNDA:0,(anonymous_28)
FNDA:0,(anonymous_29)
FNDA:0,(anonymous_30)
FNDA:0,(anonymous_31)
FNDA:0,(anonymous_32)
FNDA:0,(anonymous_33)
FNDA:0,(anonymous_34)
FNDA:0,(anonymous_35)
FNDA:0,(anonymous_36)
FNDA:0,(anonymous_37)
FNDA:0,(anonymous_38)
FNDA:0,(anonymous_39)
FNDA:0,(anonymous_40)
FNDA:0,(anonymous_41)
FNDA:0,(anonymous_42)
FNDA:0,(anonymous_43)
FNDA:0,(anonymous_44)
FNDA:0,(anonymous_45)
FNDA:0,(anonymous_46)
FNDA:0,(anonymous_47)
FNDA:0,(anonymous_48)
FNDA:0,(anonymous_49)
FNDA:0,(anonymous_50)
FNDA:0,(anonymous_51)
FNDA:0,(anonymous_52)
FNDA:0,(anonymous_53)
FNDA:0,(anonymous_54)
FNDA:0,(anonymous_55)
FNDA:0,(anonymous_56)
FNDA:0,(anonymous_57)
FNDA:0,(anonymous_58)
FNDA:0,(anonymous_59)
FNDA:0,(anonymous_60)
FNDA:0,(anonymous_61)
FNDA:0,(anonymous_62)
FNDA:0,(anonymous_63)
FNDA:0,(anonymous_64)
FNDA:1,(anonymous_65)
FNDA:0,(anonymous_66)
FNDA:0,(anonymous_67)
FNDA:0,(anonymous_68)
FNDA:0,(anonymous_69)
FNDA:44,(anonymous_70)
FNDA:0,(anonymous_71)
FNDA:18,(anonymous_72)
FNDA:0,(anonymous_73)
FNDA:0,(anonymous_74)
FNDA:0,(anonymous_75)
FNDA:23,(anonymous_76)
FNDA:23,(anonymous_77)
FNDA:0,(anonymous_78)
FNDA:0,(anonymous_79)
FNDA:23,(anonymous_80)
FNDA:21,(anonymous_81)
FNDA:0,(anonymous_82)
FNDA:23,(anonymous_83)
FNDA:23,(anonymous_84)
FNDA:0,(anonymous_85)
FNDA:3,(anonymous_86)
FNDA:0,(anonymous_87)
FNDA:0,(anonymous_88)
FNDA:0,(anonymous_89)
FNDA:0,(anonymous_90)
FNDA:0,(anonymous_91)
FNDA:0,(anonymous_92)
FNDA:0,(anonymous_93)
FNDA:0,(anonymous_94)
FNDA:0,(anonymous_95)
FNDA:0,(anonymous_96)
FNDA:0,(anonymous_97)
FNDA:23,(anonymous_98)
DA:28,1
DA:29,1
DA:30,1
DA:31,1
DA:32,1
DA:33,1
DA:34,1
DA:35,1
DA:36,1
DA:37,1
DA:38,1
DA:57,16
DA:59,16
DA:61,16
DA:62,32
DA:63,32
DA:64,32
DA:67,32
DA:71,32
DA:74,32
DA:75,0
DA:78,32
DA:79,16
DA:82,16
DA:114,1
DA:121,1
DA:123,18
DA:130,1
DA:134,0
DA:135,0
DA:137,0
DA:138,0
DA:140,0
DA:141,0
DA:142,0
DA:143,0
DA:149,0
DA:150,0
DA:151,0
DA:153,0
DA:159,1
DA:163,0
DA:165,0
DA:166,0
DA:171,0
DA:172,0
DA:174,0
DA:175,0
DA:176,0
DA:177,0
DA:178,0
DA:179,0
DA:180,0
DA:182,0
DA:185,0
DA:186,0
DA:187,0
DA:188,0
DA:189,0
DA:190,0
DA:191,0
DA:192,0
DA:195,0
DA:218,23
DA:228,23
DA:231,23
DA:234,23
DA:239,23
DA:240,23
DA:241,23
DA:242,23
DA:244,23
DA:247,23
DA:248,32
DA:249,32
DA:250,32
DA:251,16
DA:252,16
DA:253,16
DA:260,23
DA:263,23
DA:264,23
DA:265,23
DA:266,23
DA:272,23
DA:308,23
DA:311,23
DA:312,18
DA:316,23
DA:317,23
DA:318,0
DA:323,23
DA:324,23
DA:325,0
DA:331,23
DA:339,23
DA:348,23
DA:355,23
DA:357,23
DA:358,4
DA:360,4
DA:367,4
DA:370,23
DA:378,23
DA:379,23
DA:380,0
DA:381,0
DA:385,23
DA:387,23
DA:388,23
DA:392,23
DA:402,23
DA:403,1
DA:407,0
DA:408,0
DA:409,0
DA:413,0
DA:414,0
DA:415,0
DA:416,0
DA:424,0
DA:428,0
DA:438,0
DA:441,0
DA:444,1
DA:445,1
DA:447,0
DA:452,23
DA:453,0
DA:457,0
DA:458,0
DA:459,0
DA:463,0
DA:464,0
DA:465,0
DA:466,0
DA:474,0
DA:478,0
DA:488,0
DA:491,0
DA:494,0
DA:495,0
DA:496,0
DA:498,0
DA:505,23
DA:506,0
DA:507,0
DA:509,0
DA:510,0
DA:512,0
DA:515,0
DA:516,0
DA:517,0
DA:518,0
DA:519,0
DA:520,0
DA:525,0
DA:528,0
DA:529,0
DA:530,0
DA:531,0
DA:532,0
DA:535,0
DA:536,0
DA:539,23
DA:540,0
DA:541,0
DA:543,0
DA:544,0
DA:546,0
DA:549,0
DA:550,0
DA:551,0
DA:552,0
DA:554,0
DA:555,0
DA:556,0
DA:558,0
DA:559,0
DA:560,0
DA:561,0
DA:562,0
DA:563,0
DA:566,0
DA:567,0
DA:569,0
DA:570,0
DA:571,0
DA:572,0
DA:575,0
DA:576,0
DA:577,0
DA:578,0
DA:581,0
DA:583,0
DA:584,0
DA:585,0
DA:586,0
DA:587,0
DA:589,0
DA:590,0
DA:592,0
DA:594,0
DA:599,0
DA:602,0
DA:603,0
DA:604,0
DA:605,0
DA:606,0
DA:609,0
DA:610,0
DA:613,23
DA:614,0
DA:615,0
DA:616,0
DA:617,0
DA:618,0
DA:621,23
DA:622,0
DA:623,0
DA:626,23
DA:627,0
DA:628,0
DA:630,0
DA:632,0
DA:635,0
DA:636,0
DA:637,0
DA:639,0
DA:640,0
DA:641,0
DA:642,0
DA:643,0
DA:646,0
DA:647,0
DA:648,0
DA:651,0
DA:652,0
DA:654,0
DA:655,0
DA:656,0
DA:657,0
DA:660,0
DA:662,0
DA:663,0
DA:664,0
DA:665,0
DA:668,0
DA:673,0
DA:676,0
DA:682,0
DA:685,23
DA:686,0
DA:687,0
DA:689,0
DA:691,0
DA:694,0
DA:695,0
DA:697,0
DA:698,0
DA:699,0
DA:701,0
DA:702,0
DA:707,0
DA:712,0
DA:714,0
DA:719,23
DA:720,0
DA:727,23
DA:728,0
DA:729,0
DA:732,0
DA:733,0
DA:734,0
DA:735,0
DA:736,0
DA:737,0
DA:740,0
DA:741,0
DA:746,0
DA:748,0
DA:752,0
DA:753,0
DA:754,0
DA:755,0
DA:756,0
DA:766,23
DA:767,0
DA:771,23
DA:772,0
DA:775,0
DA:776,0
DA:777,0
DA:778,0
DA:779,0
DA:780,0
DA:783,0
DA:784,0
DA:789,0
DA:791,0
DA:795,0
DA:796,0
DA:797,0
DA:798,0
DA:799,0
DA:809,23
DA:810,1
DA:814,23
DA:815,0
DA:819,23
DA:820,0
DA:824,23
DA:825,0
DA:829,23
DA:830,0
DA:834,23
DA:835,44
DA:838,23
DA:839,0
DA:843,23
DA:848,23
DA:849,0
DA:853,23
DA:854,0
DA:858,23
DA:859,0
DA:866,23
DA:885,23
DA:890,23
DA:916,23
DA:917,2
DA:932,0
DA:933,0
DA:959,23
DA:974,21
DA:975,21
DA:997,0
DA:1007,23
DA:1009,23
DA:1016,21
DA:1017,0
DA:1034,21
DA:1035,23
DA:1037,23
DA:1052,3
DA:1072,0
DA:1084,0
DA:1141,0
DA:1160,0
DA:1164,0
DA:1191,0
DA:1197,0
DA:1198,0
DA:1203,0
DA:1209,0
DA:1210,0
DA:1270,23
LF:357
LH:116
BRDA:57,0,0,0
BRDA:57,0,1,16
BRDA:67,1,0,32
BRDA:67,1,1,32
BRDA:67,1,2,32
BRDA:67,1,3,32
BRDA:71,2,0,32
BRDA:71,2,1,32
BRDA:74,3,0,0
BRDA:74,3,1,32
BRDA:74,4,0,32
BRDA:74,4,1,0
BRDA:78,5,0,16
BRDA:78,5,1,16
BRDA:124,6,0,18
BRDA:124,6,1,18
BRDA:125,7,0,18
BRDA:125,7,1,18
BRDA:126,8,0,18
BRDA:126,8,1,18
BRDA:127,9,0,18
BRDA:127,9,1,18
BRDA:135,10,0,0
BRDA:135,10,1,0
BRDA:140,11,0,0
BRDA:140,11,1,0
BRDA:145,12,0,0
BRDA:145,12,1,0
BRDA:155,13,0,0
BRDA:155,13,1,0
BRDA:163,14,0,0
BRDA:163,14,1,0
BRDA:172,15,0,0
BRDA:172,15,1,0
BRDA:174,16,0,0
BRDA:174,16,1,0
BRDA:186,17,0,0
BRDA:186,17,1,0
BRDA:189,18,0,0
BRDA:189,18,1,0
BRDA:205,19,0,23
BRDA:231,20,0,0
BRDA:231,20,1,23
BRDA:231,21,0,23
BRDA:231,21,1,0
BRDA:250,22,0,16
BRDA:250,22,1,16
BRDA:260,23,0,20
BRDA:260,23,1,3
BRDA:317,24,0,0
BRDA:317,24,1,23
BRDA:317,25,0,23
BRDA:317,25,1,4
BRDA:317,25,2,19
BRDA:324,26,0,0
BRDA:324,26,1,23
BRDA:324,27,0,23
BRDA:324,27,1,2
BRDA:349,28,0,23
BRDA:349,28,1,0
BRDA:380,29,0,0
BRDA:380,29,1,0
BRDA:380,30,0,0
BRDA:380,30,1,0
BRDA:403,31,0,1
BRDA:403,31,1,0
BRDA:403,32,0,1
BRDA:403,32,1,1
BRDA:403,32,2,1
BRDA:403,32,3,0
BRDA:408,33,0,0
BRDA:408,33,1,0
BRDA:415,34,0,0
BRDA:415,34,1,0
BRDA:453,35,0,0
BRDA:453,35,1,0
BRDA:453,36,0,0
BRDA:453,36,1,0
BRDA:453,36,2,0
BRDA:453,36,3,0
BRDA:458,37,0,0
BRDA:458,37,1,0
BRDA:465,38,0,0
BRDA:465,38,1,0
BRDA:494,39,0,0
BRDA:494,39,1,0
BRDA:506,40,0,0
BRDA:506,40,1,0
BRDA:519,41,0,0
BRDA:519,41,1,0
BRDA:531,42,0,0
BRDA:531,42,1,0
BRDA:540,43,0,0
BRDA:540,43,1,0
BRDA:552,44,0,0
BRDA:552,44,1,0
BRDA:552,45,0,0
BRDA:552,45,1,0
BRDA:552,45,2,0
BRDA:561,46,0,0
BRDA:561,46,1,0
BRDA:569,47,0,0
BRDA:569,47,1,0
BRDA:575,48,0,0
BRDA:575,48,1,0
BRDA:581,49,0,0
BRDA:581,49,1,0
BRDA:581,50,0,0
BRDA:581,50,1,0
BRDA:584,51,0,0
BRDA:584,51,1,0
BRDA:586,52,0,0
BRDA:586,52,1,0
BRDA:589,53,0,0
BRDA:589,53,1,0
BRDA:605,54,0,0
BRDA:605,54,1,0
BRDA:614,55,0,0
BRDA:614,55,1,0
BRDA:628,56,0,0
BRDA:628,56,1,0
BRDA:637,57,0,0
BRDA:637,57,1,0
BRDA:641,58,0,0
BRDA:641,58,1,0
BRDA:647,59,0,0
BRDA:647,59,1,0
BRDA:647,60,0,0
BRDA:647,60,1,0
BRDA:652,61,0,0
BRDA:652,61,1,0
BRDA:654,62,0,0
BRDA:654,62,1,0
BRDA:655,63,0,0
BRDA:655,63,1,0
BRDA:655,64,0,0
BRDA:655,64,1,0
BRDA:655,64,2,0
BRDA:656,65,0,0
BRDA:656,65,1,0
BRDA:662,66,0,0
BRDA:662,66,1,0
BRDA:663,67,0,0
BRDA:663,67,1,0
BRDA:664,68,0,0
BRDA:664,68,1,0
BRDA:687,69,0,0
BRDA:687,69,1,0
BRDA:695,70,0,0
BRDA:695,70,1,0
BRDA:698,71,0,0
BRDA:698,71,1,0
BRDA:732,72,0,0
BRDA:732,72,1,0
BRDA:736,73,0,0
BRDA:736,73,1,0
BRDA:740,74,0,0
BRDA:740,74,1,0
BRDA:752,75,0,0
BRDA:752,75,1,0
BRDA:754,76,0,0
BRDA:754,76,1,0
BRDA:775,77,0,0
BRDA:775,77,1,0
BRDA:779,78,0,0
BRDA:779,78,1,0
BRDA:783,79,0,0
BRDA:783,79,1,0
BRDA:795,80,0,0
BRDA:795,80,1,0
BRDA:797,81,0,0
BRDA:797,81,1,0
BRDA:916,82,0,2
BRDA:916,82,1,21
BRDA:916,83,0,23
BRDA:916,83,1,23
BRDA:924,84,0,2
BRDA:924,84,1,2
BRDA:948,85,0,0
BRDA:948,85,1,2
BRDA:949,86,0,0
BRDA:949,86,1,2
BRDA:970,87,0,4
BRDA:970,87,1,19
BRDA:1007,88,0,23
BRDA:1007,88,1,23
BRDA:1034,89,0,0
BRDA:1034,89,1,21
BRDA:1040,90,0,23
BRDA:1040,90,1,11
BRDA:1040,90,2,11
BRDA:1044,91,0,0
BRDA:1044,91,1,11
BRDA:1047,92,0,0
BRDA:1047,92,1,11
BRDA:1052,93,0,3
BRDA:1052,93,1,3
BRDA:1055,94,0,2
BRDA:1055,94,1,9
BRDA:1057,95,0,4
BRDA:1057,95,1,5
BRDA:1062,96,0,2
BRDA:1062,96,1,9
BRDA:1063,97,0,2
BRDA:1063,97,1,9
BRDA:1063,98,0,4
BRDA:1063,98,1,5
BRDA:1066,99,0,4
BRDA:1066,99,1,7
BRDA:1067,100,0,4
BRDA:1067,100,1,7
BRDA:1069,101,0,11
BRDA:1069,101,1,4
BRDA:1069,101,2,4
BRDA:1075,102,0,4
BRDA:1075,102,1,0
BRDA:1078,103,0,0
BRDA:1078,103,1,4
BRDA:1087,104,0,0
BRDA:1087,104,1,4
BRDA:1090,105,0,0
BRDA:1090,105,1,4
BRDA:1097,106,0,11
BRDA:1097,106,1,2
BRDA:1103,107,0,11
BRDA:1103,107,1,4
BRDA:1103,107,2,4
BRDA:1111,108,0,11
BRDA:1111,108,1,4
BRDA:1136,109,0,23
BRDA:1136,109,1,11
BRDA:1136,109,2,11
BRDA:1136,109,3,11
BRDA:1138,110,0,0
BRDA:1138,110,1,11
BRDA:1139,111,0,11
BRDA:1139,111,1,11
BRDA:1141,112,0,0
BRDA:1141,112,1,0
BRDA:1146,113,0,11
BRDA:1146,113,1,11
BRDA:1154,114,0,23
BRDA:1154,114,1,21
BRDA:1156,115,0,23
BRDA:1156,115,1,21
BRDA:1158,116,0,23
BRDA:1158,116,1,0
BRDA:1159,117,0,0
BRDA:1159,117,1,21
BRDA:1172,118,0,23
BRDA:1172,118,1,0
BRDA:1172,118,2,0
BRDA:1222,119,0,1
BRDA:1222,119,1,20
BRDA:1229,120,0,2
BRDA:1229,120,1,18
BRDA:1244,121,0,0
BRDA:1244,121,1,21
BRDA:1245,122,0,0
BRDA:1245,122,1,21
BRDA:1254,123,0,23
BRDA:1254,123,1,21
BRDA:1255,124,0,23
BRDA:1255,124,1,21
BRDA:1257,125,0,23
BRDA:1257,125,1,21
BRDA:1270,126,0,23
BRDA:1270,126,1,21
BRF:268
BRH:116
end_of_record
TN:
SF:src/client/components/DashboardPortletCard.tsx
FN:51,arePropsEqual
FN:94,shallowEqualObjects
FN:114,DashboardPortletCard2
FN:129,(anonymous_3)
FN:134,(anonymous_4)
FN:140,(anonymous_5)
FN:141,(anonymous_6)
FN:142,(anonymous_7)
FN:145,(anonymous_8)
FN:164,(anonymous_9)
FN:165,(anonymous_10)
FN:168,(anonymous_11)
FN:173,(anonymous_12)
FN:183,(anonymous_13)
FN:192,(anonymous_14)
FN:199,(anonymous_15)
FN:239,(anonymous_16)
FN:246,(anonymous_17)
FN:260,(anonymous_18)
FN:273,(anonymous_19)
FN:282,(anonymous_20)
FN:286,(anonymous_21)
FN:287,(anonymous_22)
FN:291,(anonymous_23)
FN:306,(anonymous_24)
FN:310,(anonymous_25)
FN:311,(anonymous_26)
FN:315,(anonymous_27)
FN:340,(anonymous_28)
FN:344,(anonymous_29)
FN:349,(anonymous_30)
FN:350,(anonymous_31)
FN:368,(anonymous_32)
FN:386,(anonymous_33)
FN:390,(anonymous_34)
FN:407,(anonymous_35)
FN:411,(anonymous_36)
FN:422,(anonymous_37)
FN:426,(anonymous_38)
FN:437,(anonymous_39)
FN:441,(anonymous_40)
FN:462,(anonymous_41)
FNF:42
FNH:20
FNDA:5,arePropsEqual
FNDA:0,shallowEqualObjects
FNDA:53,DashboardPortletCard2
FNDA:42,(anonymous_3)
FNDA:42,(anonymous_4)
FNDA:166,(anonymous_5)
FNDA:166,(anonymous_6)
FNDA:166,(anonymous_7)
FNDA:166,(anonymous_8)
FNDA:42,(anonymous_9)
FNDA:0,(anonymous_10)
FNDA:0,(anonymous_11)
FNDA:42,(anonymous_12)
FNDA:42,(anonymous_13)
FNDA:0,(anonymous_14)
FNDA:0,(anonymous_15)
FNDA:0,(anonymous_16)
FNDA:96,(anonymous_17)
FNDA:0,(anonymous_18)
FNDA:0,(anonymous_19)
FNDA:0,(anonymous_20)
FNDA:0,(anonymous_21)
FNDA:0,(anonymous_22)
FNDA:0,(anonymous_23)
FNDA:5,(anonymous_24)
FNDA:0,(anonymous_25)
FNDA:0,(anonymous_26)
FNDA:0,(anonymous_27)
FNDA:1,(anonymous_28)
FNDA:0,(anonymous_29)
FNDA:1,(anonymous_30)
FNDA:0,(anonymous_31)
FNDA:0,(anonymous_32)
FNDA:1,(anonymous_33)
FNDA:0,(anonymous_34)
FNDA:1,(anonymous_35)
FNDA:0,(anonymous_36)
FNDA:1,(anonymous_37)
FNDA:0,(anonymous_38)
FNDA:1,(anonymous_39)
FNDA:0,(anonymous_40)
FNDA:52,(anonymous_41)
DA:13,2
DA:56,5
DA:59,5
DA:63,0
DA:67,5
DA:75,5
DA:79,0
DA:83,0
DA:87,0
DA:88,0
DA:90,0
DA:98,0
DA:99,0
DA:101,0
DA:102,0
DA:104,0
DA:106,0
DA:107,0
DA:110,0
DA:114,2
DA:129,53
DA:130,53
DA:133,53
DA:134,53
DA:135,53
DA:136,53
DA:137,53
DA:140,166
DA:141,166
DA:142,166
DA:145,166
DA:148,53
DA:151,53
DA:152,53
DA:155,53
DA:156,53
DA:157,53
DA:160,53
DA:161,53
DA:164,53
DA:165,42
DA:166,0
DA:168,42
DA:169,0
DA:171,42
DA:172,42
DA:173,42
DA:174,42
DA:175,42
DA:180,53
DA:183,53
DA:184,42
DA:185,0
DA:187,42
DA:192,53
DA:193,0
DA:194,0
DA:196,0
DA:197,0
DA:198,0
DA:199,0
DA:203,53
DA:206,53
DA:208,53
DA:216,53
DA:229,53
DA:236,53
DA:239,53
DA:240,0
DA:243,53
DA:246,96
DA:261,0
DA:262,0
DA:263,0
DA:265,0
DA:274,0
DA:283,0
DA:284,0
DA:286,0
DA:288,0
DA:289,0
DA:291,0
DA:307,5
DA:308,5
DA:310,0
DA:312,0
DA:313,0
DA:315,0
DA:341,1
DA:342,1
DA:345,0
DA:346,0
DA:347,0
DA:349,1
DA:350,0
DA:369,0
DA:370,0
DA:387,1
DA:388,1
DA:391,0
DA:392,0
DA:393,0
DA:408,1
DA:409,1
DA:412,0
DA:413,0
DA:414,0
DA:423,1
DA:424,1
DA:427,0
DA:428,0
DA:429,0
DA:438,1
DA:439,1
DA:442,0
DA:443,0
DA:444,0
DA:462,52
LF:118
LH:61
BRDA:56,0,0,0
BRDA:56,0,1,5
BRDA:59,1,0,0
BRDA:59,1,1,5
BRDA:60,2,0,5
BRDA:60,2,1,5
BRDA:67,3,0,5
BRDA:67,3,1,0
BRDA:68,4,0,5
BRDA:68,4,1,5
BRDA:68,4,2,5
BRDA:68,4,3,5
BRDA:68,4,4,5
BRDA:68,4,5,0
BRDA:79,5,0,0
BRDA:79,5,1,0
BRDA:80,6,0,0
BRDA:80,6,1,0
BRDA:90,7,0,0
BRDA:90,7,1,0
BRDA:98,8,0,0
BRDA:98,8,1,0
BRDA:99,9,0,0
BRDA:99,9,1,0
BRDA:99,10,0,0
BRDA:99,10,1,0
BRDA:104,11,0,0
BRDA:104,11,1,0
BRDA:107,12,0,0
BRDA:107,12,1,0
BRDA:135,13,0,53
BRDA:135,13,1,0
BRDA:166,14,0,0
BRDA:166,14,1,0
BRDA:169,15,0,0
BRDA:169,15,1,0
BRDA:180,16,0,53
BRDA:180,16,1,0
BRDA:184,17,0,0
BRDA:184,17,1,42
BRDA:194,18,0,0
BRDA:194,18,1,0
BRDA:197,19,0,0
BRDA:197,19,1,0
BRDA:203,20,0,0
BRDA:203,20,1,53
BRDA:204,21,0,0
BRDA:204,21,1,0
BRDA:210,22,0,0
BRDA:210,22,1,53
BRDA:218,23,0,18
BRDA:218,23,1,35
BRDA:229,24,0,53
BRDA:229,24,1,52
BRDA:236,25,0,53
BRDA:236,25,1,53
BRDA:250,26,0,0
BRDA:250,26,1,53
BRDA:250,27,0,53
BRDA:250,27,1,0
BRDA:253,28,0,0
BRDA:253,28,1,53
BRDA:253,29,0,53
BRDA:253,29,1,0
BRDA:254,30,0,0
BRDA:254,30,1,53
BRDA:254,31,0,53
BRDA:254,31,1,0
BRDA:257,32,0,0
BRDA:257,32,1,53
BRDA:257,33,0,53
BRDA:257,33,1,0
BRDA:261,34,0,0
BRDA:261,34,1,0
BRDA:261,35,0,0
BRDA:261,35,1,0
BRDA:269,36,0,53
BRDA:269,36,1,2
BRDA:269,36,2,52
BRDA:280,37,0,52
BRDA:280,37,1,40
BRDA:280,37,2,17
BRDA:280,37,3,0
BRDA:318,38,0,52
BRDA:318,38,1,0
BRDA:353,39,0,0
BRDA:353,39,1,52
BRDA:355,40,0,0
BRDA:355,40,1,52
BRDA:359,41,0,0
BRDA:359,41,1,52
BRDA:365,42,0,52
BRDA:365,42,1,0
BRDA:365,42,2,0
BRDA:373,43,0,0
BRDA:373,43,1,0
BRDA:375,44,0,0
BRDA:375,44,1,0
BRDA:383,45,0,52
BRDA:383,45,1,40
BRDA:383,45,2,17
BRDA:383,45,3,17
BRDA:396,46,0,1
BRDA:396,46,1,16
BRDA:396,47,0,17
BRDA:396,47,1,1
BRDA:398,48,0,1
BRDA:398,48,1,16
BRDA:398,49,0,17
BRDA:398,49,1,1
BRDA:469,50,0,53
BRDA:469,50,1,53
BRDA:469,50,2,53
BRF:113
BRH:55
end_of_record
TN:
SF:src/client/components/DashboardThumbnailPlaceholder.tsx
FN:18,DashboardThumbnailPlaceholder
FNF:1
FNH:0
FNDA:0,DashboardThumbnailPlaceholder
DA:11,0
DA:21,0
LF:2
LH:0
BRDA:19,0,0,0
BRF:1
BRH:0
end_of_record
TN:
SF:src/client/components/DataHistogram.tsx
FN:28,DataHistogram
FN:35,(anonymous_1)
FN:45,(anonymous_2)
FN:62,(anonymous_3)
FN:83,(anonymous_4)
FNF:5
FNH:0
FNDA:0,DataHistogram
FNDA:0,(anonymous_1)
FNDA:0,(anonymous_2)
FNDA:0,(anonymous_3)
FNDA:0,(anonymous_4)
DA:35,0
DA:41,0
DA:42,0
DA:45,0
DA:46,0
DA:48,0
DA:51,0
DA:53,0
DA:54,0
DA:59,0
DA:62,0
DA:65,0
DA:68,0
DA:72,0
DA:85,0
DA:86,0
DA:87,0
DA:89,0
LF:18
LH:0
BRDA:32,0,0,0
BRDA:33,1,0,0
BRDA:34,2,0,0
BRDA:35,3,0,0
BRDA:37,4,0,0
BRDA:46,5,0,0
BRDA:46,5,1,0
BRDA:65,6,0,0
BRDA:65,6,1,0
BRDA:68,7,0,0
BRDA:68,7,1,0
BRDA:68,8,0,0
BRDA:68,8,1,0
BRDA:79,9,0,0
BRDA:79,9,1,0
BRDA:85,10,0,0
BRDA:85,10,1,0
BRDA:87,11,0,0
BRDA:87,11,1,0
BRDA:96,12,0,0
BRDA:96,12,1,0
BRDA:104,13,0,0
BRDA:104,13,1,0
BRDA:134,14,0,0
BRDA:134,14,1,0
BRDA:134,14,2,0
BRDA:168,15,0,0
BRDA:168,15,1,0
BRF:28
BRH:0
end_of_record
TN:
SF:src/client/components/DebugModal.tsx
FN:15,DebugModal
FN:26,(anonymous_1)
FN:27,(anonymous_2)
FN:34,(anonymous_3)
FN:38,(anonymous_4)
FN:41,(anonymous_5)
FN:42,(anonymous_6)
FN:47,(anonymous_7)
FN:55,(anonymous_8)
FN:80,(anonymous_9)
FN:86,(anonymous_10)
FNF:11
FNH:10
FNDA:62,DebugModal
FNDA:62,(anonymous_1)
FNDA:2,(anonymous_2)
FNDA:62,(anonymous_3)
FNDA:62,(anonymous_4)
FNDA:3,(anonymous_5)
FNDA:0,(anonymous_6)
FNDA:28,(anonymous_7)
FNDA:28,(anonymous_8)
FNDA:2,(anonymous_9)
FNDA:1,(anonymous_10)
DA:23,62
DA:26,62
DA:27,62
DA:28,2
DA:29,1
DA:33,62
DA:34,62
DA:38,62
DA:39,62
DA:41,28
DA:42,3
DA:43,0
DA:47,28
DA:52,62
DA:53,34
DA:55,28
DA:77,28
DA:80,2
DA:86,1
LF:19
LH:18
BRDA:28,0,0,1
BRDA:28,0,1,1
BRDA:28,1,0,2
BRDA:28,1,1,2
BRDA:39,2,0,28
BRDA:39,2,1,34
BRDA:52,3,0,34
BRDA:52,3,1,28
BRDA:115,4,0,27
BRDA:115,4,1,1
BRDA:118,5,0,28
BRDA:118,5,1,0
BRDA:121,6,0,1
BRDA:121,6,1,27
BRDA:123,7,0,62
BRDA:123,7,1,1
BRDA:125,8,0,0
BRDA:125,8,1,1
BRDA:128,9,0,62
BRDA:128,9,1,1
BRDA:130,10,0,0
BRDA:130,10,1,1
BRDA:161,11,0,27
BRDA:161,11,1,1
BRDA:169,12,0,2
BRDA:169,12,1,26
BRF:26
BRH:23
end_of_record
TN:
SF:src/client/components/DrillBreadcrumb.tsx
FN:12,HomeIcon
FN:24,ChevronIcon
FN:35,BackIcon
FN:46,getSafeLabel
FN:60,DrillBreadcrumb
FN:82,(anonymous_5)
FN:89,(anonymous_6)
FN:104,(anonymous_7)
FNF:8
FNH:8
FNDA:36,HomeIcon
FNDA:65,ChevronIcon
FNDA:36,BackIcon
FNDA:65,getSafeLabel
FNDA:37,DrillBreadcrumb
FNDA:2,(anonymous_5)
FNDA:65,(anonymous_6)
FNDA:6,(anonymous_7)
DA:13,36
DA:25,65
DA:36,36
DA:47,65
DA:48,5
DA:51,60
DA:52,1
DA:54,59
DA:61,37
DA:62,1
DA:65,36
DA:82,2
DA:90,65
DA:91,65
DA:104,6
LF:15
LH:15
BRDA:47,0,0,5
BRDA:47,0,1,60
BRDA:47,1,0,65
BRDA:47,1,1,62
BRDA:47,1,2,61
BRDA:47,1,3,60
BRDA:51,2,0,1
BRDA:51,2,1,59
BRDA:61,3,0,1
BRDA:61,3,1,36
BRDA:95,4,0,36
BRDA:95,4,1,29
BRF:12
BRH:12
end_of_record
TN:
SF:src/client/components/DrillMenu.tsx
FN:14,TimeIcon
FN:23,HierarchyIcon
FN:34,TableIcon
FN:43,DrillDownIcon
FN:51,DrillUpIcon
FN:62,getDirectionIndicator
FN:75,groupOptions
FN:91,getCategoryLabel
FN:108,DrillMenu
FN:113,(anonymous_9)
FN:115,(anonymous_10)
FN:119,(anonymous_11)
FN:120,handleClickOutside
FN:126,handleEscape
FN:133,handleScroll
FN:142,(anonymous_15)
FN:170,(anonymous_16)
FN:182,(anonymous_17)
FN:186,(anonymous_18)
FNF:19
FNH:19
FNDA:36,TimeIcon
FNDA:6,HierarchyIcon
FNDA:4,TableIcon
FNDA:65,DrillDownIcon
FNDA:3,DrillUpIcon
FNDA:73,getDirectionIndicator
FNDA:43,groupOptions
FNDA:47,getCategoryLabel
FNDA:88,DrillMenu
FNDA:44,(anonymous_9)
FNDA:44,(anonymous_10)
FNDA:44,(anonymous_11)
FNDA:3,handleClickOutside
FNDA:5,handleEscape
FNDA:1,handleScroll
FNDA:44,(anonymous_15)
FNDA:47,(anonymous_16)
FNDA:73,(anonymous_17)
FNDA:8,(anonymous_18)
DA:15,36
DA:24,6
DA:35,4
DA:44,65
DA:52,3
DA:63,73
DA:64,65
DA:66,8
DA:67,3
DA:69,5
DA:76,43
DA:78,43
DA:79,73
DA:80,73
DA:81,73
DA:82,73
DA:85,43
DA:92,47
DA:94,36
DA:96,6
DA:98,4
DA:100,1
DA:109,88
DA:110,88
DA:113,88
DA:114,44
DA:115,44
DA:119,88
DA:121,3
DA:122,2
DA:127,5
DA:128,2
DA:134,1
DA:137,44
DA:138,44
DA:140,44
DA:142,44
DA:143,44
DA:144,44
DA:145,44
DA:149,88
DA:150,45
DA:155,43
DA:162,43
DA:165,43
DA:171,47
DA:183,73
DA:187,8
DA:188,8
DA:212,43
LF:50
LH:50
BRDA:63,0,0,65
BRDA:63,0,1,8
BRDA:66,1,0,3
BRDA:66,1,1,5
BRDA:79,2,0,73
BRDA:79,2,1,1
BRDA:80,3,0,73
BRDA:80,3,1,47
BRDA:92,4,0,36
BRDA:92,4,1,6
BRDA:92,4,2,4
BRDA:92,4,3,1
BRDA:121,5,0,2
BRDA:121,5,1,1
BRDA:121,6,0,3
BRDA:121,6,1,3
BRDA:127,7,0,2
BRDA:127,7,1,3
BRDA:149,8,0,45
BRDA:149,8,1,43
BRDA:149,9,0,88
BRDA:149,9,1,86
BRDA:174,10,0,47
BRDA:174,10,1,36
BRDA:175,11,0,47
BRDA:175,11,1,6
BRDA:176,12,0,47
BRDA:176,12,1,4
BRDA:203,13,0,47
BRDA:203,13,1,4
BRF:30
BRH:30
end_of_record
TN:
SF:src/client/components/FloatingEditToolbar.tsx
FN:53,FloatingEditToolbar
FN:70,(anonymous_1)
FN:73,(anonymous_2)
FN:80,(anonymous_3)
FN:84,(anonymous_4)
FN:130,(anonymous_5)
FN:137,(anonymous_6)
FN:151,(anonymous_7)
FN:157,(anonymous_8)
FN:198,ToolbarButton
FN:225,CompactPaletteDropdown
FN:237,(anonymous_11)
FN:237,(anonymous_12)
FN:241,(anonymous_13)
FN:249,(anonymous_14)
FNF:15
FNH:15
FNDA:54,FloatingEditToolbar
FNDA:44,(anonymous_1)
FNDA:2,(anonymous_2)
FNDA:7,(anonymous_3)
FNDA:39,(anonymous_4)
FNDA:1,(anonymous_5)
FNDA:1,(anonymous_6)
FNDA:7,(anonymous_7)
FNDA:1,(anonymous_8)
FNDA:184,ToolbarButton
FNDA:8,CompactPaletteDropdown
FNDA:880,(anonymous_11)
FNDA:240,(anonymous_12)
FNDA:1,(anonymous_13)
FNDA:960,(anonymous_14)
DA:21,2
DA:22,2
DA:23,2
DA:24,2
DA:25,2
DA:26,2
DA:66,54
DA:67,54
DA:70,54
DA:71,44
DA:73,7
DA:74,2
DA:75,1
DA:79,7
DA:80,7
DA:84,54
DA:85,39
DA:86,8
DA:91,54
DA:97,54
DA:98,54
DA:104,54
DA:130,1
DA:137,1
DA:151,7
DA:158,1
DA:159,1
DA:182,54
DA:183,0
DA:186,54
DA:199,184
DA:227,8
DA:229,8
DA:237,880
DA:238,240
DA:241,1
DA:250,960
LF:37
LH:36
BRDA:71,0,0,37
BRDA:71,0,1,7
BRDA:74,1,0,1
BRDA:74,1,1,1
BRDA:74,2,0,2
BRDA:74,2,1,2
BRDA:85,3,0,8
BRDA:85,3,1,31
BRDA:91,4,0,3
BRDA:91,4,1,51
BRDA:98,5,0,3
BRDA:98,5,1,51
BRDA:99,6,0,0
BRDA:99,6,1,3
BRDA:100,7,0,9
BRDA:100,7,1,42
BRDA:115,8,0,37
BRDA:115,8,1,17
BRDA:116,9,0,37
BRDA:116,9,1,17
BRDA:122,10,0,54
BRDA:122,10,1,37
BRDA:122,10,2,36
BRDA:143,11,0,54
BRDA:143,11,1,37
BRDA:153,12,0,37
BRDA:153,12,1,8
BRDA:168,13,0,54
BRDA:168,13,1,37
BRDA:182,14,0,0
BRDA:182,14,1,54
BRDA:206,15,0,2
BRDA:206,15,1,182
BRDA:208,16,0,74
BRDA:208,16,1,108
BRDA:227,17,0,1
BRDA:227,17,1,7
BRDA:243,18,0,8
BRDA:243,18,1,232
BRDA:259,19,0,240
BRDA:259,19,1,8
BRF:41
BRH:39
end_of_record
TN:
SF:src/client/components/LoadingIndicator.tsx
FN:24,LoadingIndicator
FNF:1
FNH:1
FNDA:8,LoadingIndicator
DA:18,2
DA:28,8
LF:2
LH:2
BRDA:25,0,0,8
BRDA:26,1,0,8
BRF:2
BRH:2
end_of_record
TN:
SF:src/client/components/MobileStackedLayout.tsx
FN:20,findScrollableAncestor
FN:60,MobileStackedLayout
FN:72,(anonymous_2)
FN:80,(anonymous_3)
FN:81,(anonymous_4)
FN:87,(anonymous_5)
FN:97,(anonymous_6)
FN:132,(anonymous_7)
FN:148,(anonymous_8)
FNF:9
FNH:9
FNDA:32,findScrollableAncestor
FNDA:32,MobileStackedLayout
FNDA:64,(anonymous_2)
FNDA:32,(anonymous_3)
FNDA:31,(anonymous_4)
FNDA:3,(anonymous_5)
FNDA:52,(anonymous_6)
FNDA:3,(anonymous_7)
FNDA:104,(anonymous_8)
DA:11,1
DA:21,32
DA:23,32
DA:25,32
DA:26,64
DA:27,64
DA:28,64
DA:31,64
DA:35,64
DA:38,64
DA:39,0
DA:42,64
DA:43,32
DA:46,32
DA:66,32
DA:69,32
DA:70,32
DA:72,32
DA:73,64
DA:74,64
DA:75,32
DA:80,32
DA:81,32
DA:82,31
DA:83,7
DA:87,32
DA:89,3
DA:91,3
DA:94,32
DA:99,52
DA:100,52
DA:101,52
DA:102,52
DA:103,52
DA:104,52
DA:105,52
DA:108,52
DA:110,52
DA:112,52
DA:114,52
DA:132,3
DA:148,104
LF:42
LH:41
BRDA:21,0,0,0
BRDA:21,0,1,32
BRDA:31,1,0,64
BRDA:31,1,1,64
BRDA:31,1,2,64
BRDA:31,1,3,64
BRDA:35,2,0,64
BRDA:35,2,1,64
BRDA:38,3,0,0
BRDA:38,3,1,64
BRDA:38,4,0,64
BRDA:38,4,1,0
BRDA:42,5,0,32
BRDA:42,5,1,32
BRDA:74,6,0,32
BRDA:74,6,1,32
BRDA:82,7,0,24
BRDA:82,7,1,7
BRDA:103,8,0,52
BRDA:103,8,1,0
BRDA:110,9,0,2
BRDA:110,9,1,50
BRDA:125,10,0,52
BRDA:125,10,1,50
BRDA:155,11,0,52
BRDA:155,11,1,51
BRDA:155,11,2,50
BRF:27
BRH:23
end_of_record
TN:
SF:src/client/components/Modal.tsx
FN:17,(anonymous_0)
FN:30,(anonymous_1)
FN:38,(anonymous_2)
FN:53,(anonymous_3)
FN:62,(anonymous_4)
FN:94,(anonymous_5)
FNF:6
FNH:6
FNDA:473,(anonymous_0)
FNDA:309,(anonymous_1)
FNDA:333,(anonymous_2)
FNDA:333,(anonymous_3)
FNDA:442,(anonymous_4)
FNDA:50,(anonymous_5)
DA:17,6
DA:30,473
DA:31,309
DA:32,4
DA:38,473
DA:39,333
DA:41,307
DA:42,301
DA:46,307
DA:49,26
DA:53,333
DA:54,333
DA:55,333
DA:60,473
DA:62,442
DA:63,442
DA:65,24
DA:67,16
DA:69,0
DA:71,0
DA:73,0
DA:75,0
DA:77,0
DA:79,402
DA:81,0
DA:85,442
DA:94,50
LF:27
LH:21
BRDA:21,0,0,473
BRDA:22,1,0,473
BRDA:23,2,0,473
BRDA:24,3,0,473
BRDA:27,4,0,473
BRDA:31,5,0,4
BRDA:31,5,1,305
BRDA:31,6,0,309
BRDA:31,6,1,4
BRDA:39,7,0,307
BRDA:39,7,1,26
BRDA:41,8,0,301
BRDA:41,8,1,6
BRDA:60,9,0,31
BRDA:60,9,1,442
BRDA:63,10,0,24
BRDA:63,10,1,16
BRDA:63,10,2,0
BRDA:63,10,3,0
BRDA:63,10,4,0
BRDA:63,10,5,0
BRDA:63,10,6,0
BRDA:63,10,7,402
BRDA:63,10,8,0
BRDA:87,11,0,402
BRDA:87,11,1,40
BRDA:89,12,0,273
BRDA:89,12,1,169
BRDA:92,13,0,402
BRDA:92,13,1,40
BRDA:92,14,0,402
BRDA:92,14,1,40
BRDA:92,15,0,473
BRDA:92,15,1,442
BRDA:92,16,0,402
BRDA:92,16,1,40
BRDA:92,17,0,473
BRDA:92,17,1,442
BRDA:97,18,0,429
BRDA:97,18,1,13
BRDA:100,19,0,473
BRDA:100,19,1,13
BRDA:100,19,2,441
BRDA:102,20,0,441
BRDA:102,20,1,429
BRDA:107,21,0,441
BRDA:107,21,1,441
BRDA:123,22,0,163
BRDA:123,22,1,279
BRDA:128,23,0,473
BRDA:128,23,1,427
BRF:51
BRH:45
end_of_record
TN:
SF:src/client/components/PortletAnalysisModal.tsx
FN:41,PortletAnalysisModal
FN:61,(anonymous_1)
FN:68,(anonymous_2)
FN:69,(anonymous_3)
FN:75,(anonymous_4)
FN:85,(anonymous_5)
FN:102,(anonymous_6)
FN:132,(anonymous_7)
FN:152,(anonymous_8)
FN:187,(anonymous_9)
FN:208,(anonymous_10)
FN:229,(anonymous_11)
FN:236,(anonymous_12)
FN:329,(anonymous_13)
FN:377,(anonymous_14)
FNF:15
FNH:12
FNDA:173,PortletAnalysisModal
FNDA:28,(anonymous_1)
FNDA:0,(anonymous_2)
FNDA:0,(anonymous_3)
FNDA:29,(anonymous_4)
FNDA:29,(anonymous_5)
FNDA:0,(anonymous_6)
FNDA:29,(anonymous_7)
FNDA:29,(anonymous_8)
FNDA:29,(anonymous_9)
FNDA:29,(anonymous_10)
FNDA:30,(anonymous_11)
FNDA:12,(anonymous_12)
FNDA:1,(anonymous_13)
FNDA:125,(anonymous_14)
DA:54,173
DA:57,173
DA:61,173
DA:62,28
DA:63,28
DA:65,0
DA:67,0
DA:68,0
DA:69,0
DA:75,173
DA:76,29
DA:79,10
DA:80,10
DA:85,173
DA:86,29
DA:89,10
DA:90,10
DA:93,10
DA:95,1
DA:99,9
DA:100,0
DA:102,0
DA:117,9
DA:118,9
DA:132,173
DA:133,29
DA:136,10
DA:137,10
DA:139,9
DA:147,173
DA:152,173
DA:153,29
DA:156,1
DA:157,0
DA:170,1
DA:172,0
DA:173,0
DA:175,0
DA:183,1
DA:187,173
DA:188,29
DA:191,0
DA:193,0
DA:194,0
DA:196,0
DA:204,0
DA:208,173
DA:209,29
DA:212,0
DA:214,0
DA:215,0
DA:217,0
DA:225,0
DA:229,173
DA:230,30
DA:231,28
DA:236,173
DA:237,12
DA:238,1
DA:239,1
DA:243,11
DA:245,12
DA:246,1
DA:247,1
DA:251,10
DA:252,10
DA:255,10
DA:257,0
DA:263,10
DA:265,0
DA:271,10
DA:273,2
DA:274,8
DA:276,2
DA:277,2
DA:284,6
DA:285,6
DA:292,10
DA:294,3
DA:295,0
DA:296,3
DA:297,0
DA:298,3
DA:299,1
DA:301,2
DA:303,3
DA:304,3
DA:308,7
DA:324,12
DA:325,12
DA:329,173
DA:330,1
DA:335,173
DA:353,173
DA:377,125
LF:95
LH:71
BRDA:62,0,0,28
BRDA:62,0,1,0
BRDA:62,1,0,28
BRDA:62,1,1,0
BRDA:68,2,0,0
BRDA:68,2,1,0
BRDA:76,3,0,19
BRDA:76,3,1,10
BRDA:86,4,0,19
BRDA:86,4,1,10
BRDA:90,5,0,0
BRDA:90,5,1,10
BRDA:93,6,0,1
BRDA:93,6,1,9
BRDA:99,7,0,0
BRDA:99,7,1,9
BRDA:99,8,0,9
BRDA:99,8,1,0
BRDA:133,9,0,19
BRDA:133,9,1,10
BRDA:137,10,0,1
BRDA:137,10,1,9
BRDA:153,11,0,28
BRDA:153,11,1,1
BRDA:156,12,0,0
BRDA:156,12,1,1
BRDA:156,13,0,1
BRDA:156,13,1,0
BRDA:170,14,0,0
BRDA:170,14,1,1
BRDA:170,15,0,1
BRDA:170,15,1,1
BRDA:188,16,0,29
BRDA:188,16,1,0
BRDA:191,17,0,0
BRDA:191,17,1,0
BRDA:191,18,0,0
BRDA:191,18,1,0
BRDA:209,19,0,29
BRDA:209,19,1,0
BRDA:212,20,0,0
BRDA:212,20,1,0
BRDA:212,21,0,0
BRDA:212,21,1,0
BRDA:230,22,0,28
BRDA:230,22,1,2
BRDA:231,23,0,28
BRDA:231,23,1,18
BRDA:237,24,0,1
BRDA:237,24,1,11
BRDA:245,25,0,1
BRDA:245,25,1,11
BRDA:255,26,0,0
BRDA:255,26,1,10
BRDA:255,27,0,10
BRDA:255,27,1,0
BRDA:258,28,0,0
BRDA:258,28,1,0
BRDA:258,28,2,0
BRDA:258,28,3,0
BRDA:263,29,0,0
BRDA:263,29,1,10
BRDA:263,30,0,10
BRDA:263,30,1,0
BRDA:266,31,0,0
BRDA:266,31,1,0
BRDA:266,31,2,0
BRDA:266,31,3,0
BRDA:271,32,0,2
BRDA:271,32,1,8
BRDA:271,33,0,10
BRDA:271,33,1,2
BRDA:273,34,0,2
BRDA:273,34,1,2
BRDA:274,35,0,2
BRDA:274,35,1,6
BRDA:278,36,0,2
BRDA:278,36,1,2
BRDA:278,36,2,1
BRDA:278,36,3,1
BRDA:278,36,4,1
BRDA:278,36,5,1
BRDA:286,37,0,6
BRDA:286,37,1,6
BRDA:286,37,2,1
BRDA:286,37,3,1
BRDA:286,37,4,1
BRDA:286,37,5,1
BRDA:292,38,0,3
BRDA:292,38,1,7
BRDA:294,39,0,0
BRDA:294,39,1,3
BRDA:296,40,0,0
BRDA:296,40,1,3
BRDA:298,41,0,1
BRDA:298,41,1,2
BRDA:309,42,0,7
BRDA:309,42,1,4
BRDA:320,43,0,12
BRDA:320,43,1,4
BRDA:321,44,0,12
BRDA:321,44,1,4
BRF:102
BRH:68
end_of_record
TN:
SF:src/client/components/PortletContainer.tsx
FN:22,PortletContainer
FN:30,(anonymous_1)
FN:35,(anonymous_2)
FN:50,(anonymous_3)
FN:85,(anonymous_4)
FN:94,(anonymous_5)
FN:103,(anonymous_6)
FN:106,(anonymous_7)
FN:107,(anonymous_8)
FNF:9
FNH:7
FNDA:43,PortletContainer
FNDA:40,(anonymous_1)
FNDA:40,(anonymous_2)
FNDA:0,(anonymous_3)
FNDA:4,(anonymous_4)
FNDA:2,(anonymous_5)
FNDA:2,(anonymous_6)
FNDA:2,(anonymous_7)
FNDA:0,(anonymous_8)
DA:30,43
DA:31,43
DA:34,43
DA:35,43
DA:36,43
DA:37,43
DA:38,43
DA:40,43
DA:50,43
DA:58,0
DA:61,43
DA:85,4
DA:94,2
DA:103,2
DA:106,2
DA:107,0
LF:16
LH:14
BRDA:24,0,0,43
BRDA:36,1,0,43
BRDA:36,1,1,1
BRDA:68,2,0,43
BRDA:68,2,1,0
BRDA:82,3,0,43
BRDA:82,3,1,14
BRF:7
BRH:6
end_of_record
TN:
SF:src/client/components/PortletFilterConfigModal.tsx
FN:18,PortletFilterConfigModal
FN:29,(anonymous_1)
FN:33,(anonymous_2)
FN:34,(anonymous_3)
FN:36,(anonymous_4)
FN:43,(anonymous_5)
FN:48,(anonymous_6)
FN:54,(anonymous_7)
FN:80,(anonymous_8)
FN:119,(anonymous_9)
FN:134,(anonymous_10)
FNF:11
FNH:11
FNDA:73,PortletFilterConfigModal
FNDA:46,(anonymous_1)
FNDA:13,(anonymous_2)
FNDA:13,(anonymous_3)
FNDA:5,(anonymous_4)
FNDA:5,(anonymous_5)
FNDA:4,(anonymous_6)
FNDA:234,(anonymous_7)
FNDA:23,(anonymous_8)
FNDA:234,(anonymous_9)
FNDA:13,(anonymous_10)
DA:26,73
DA:29,73
DA:30,46
DA:33,73
DA:34,13
DA:35,13
DA:36,5
DA:38,10
DA:43,73
DA:44,5
DA:45,5
DA:48,73
DA:49,4
DA:50,4
DA:54,73
DA:55,234
DA:58,233
DA:59,171
DA:60,171
DA:61,171
DA:65,62
DA:66,62
DA:67,62
DA:70,0
DA:73,73
DA:75,70
DA:80,23
DA:120,234
DA:122,234
DA:134,13
LF:30
LH:29
BRDA:21,0,0,73
BRDA:22,1,0,73
BRDA:35,2,0,3
BRDA:35,2,1,10
BRDA:55,3,0,1
BRDA:55,3,1,233
BRDA:58,4,0,171
BRDA:58,4,1,62
BRDA:58,5,0,233
BRDA:58,5,1,171
BRDA:59,6,0,171
BRDA:59,6,1,0
BRDA:60,7,0,169
BRDA:60,7,1,2
BRDA:65,8,0,62
BRDA:65,8,1,0
BRDA:65,9,0,62
BRDA:65,9,1,62
BRDA:66,10,0,62
BRDA:66,10,1,0
BRDA:67,11,0,61
BRDA:67,11,1,1
BRDA:73,12,0,3
BRDA:73,12,1,70
BRDA:92,13,0,3
BRDA:92,13,1,67
BRDA:126,14,0,47
BRDA:126,14,1,187
BRDA:145,15,0,234
BRDA:145,15,1,47
BRF:30
BRH:27
end_of_record
TN:
SF:src/client/components/RowManagedLayout.tsx
FN:22,RowManagedLayout
FN:37,(anonymous_1)
FN:40,(anonymous_2)
FN:47,(anonymous_3)
FN:54,(anonymous_4)
FN:75,(anonymous_5)
FN:79,(anonymous_6)
FN:80,(anonymous_7)
FN:87,(anonymous_8)
FN:101,(anonymous_9)
FN:129,(anonymous_10)
FN:130,(anonymous_11)
FN:135,(anonymous_12)
FN:136,(anonymous_13)
FN:153,(anonymous_14)
FN:157,(anonymous_15)
FN:160,(anonymous_16)
FN:168,(anonymous_17)
FN:172,(anonymous_18)
FN:175,(anonymous_19)
FN:186,(anonymous_20)
FN:187,(anonymous_21)
FN:191,(anonymous_22)
FN:192,(anonymous_23)
FN:205,(anonymous_24)
FN:209,(anonymous_25)
FN:210,(anonymous_26)
FNF:27
FNH:20
FNDA:48,RowManagedLayout
FNDA:23,(anonymous_1)
FNDA:15,(anonymous_2)
FNDA:1,(anonymous_3)
FNDA:1,(anonymous_4)
FNDA:4,(anonymous_5)
FNDA:1,(anonymous_6)
FNDA:1,(anonymous_7)
FNDA:32,(anonymous_8)
FNDA:24,(anonymous_9)
FNDA:1,(anonymous_10)
FNDA:0,(anonymous_11)
FNDA:0,(anonymous_12)
FNDA:1,(anonymous_13)
FNDA:1,(anonymous_14)
FNDA:0,(anonymous_15)
FNDA:1,(anonymous_16)
FNDA:1,(anonymous_17)
FNDA:0,(anonymous_18)
FNDA:1,(anonymous_19)
FNDA:1,(anonymous_20)
FNDA:0,(anonymous_21)
FNDA:0,(anonymous_22)
FNDA:1,(anonymous_23)
FNDA:1,(anonymous_24)
FNDA:0,(anonymous_25)
FNDA:1,(anonymous_26)
DA:20,2
DA:37,48
DA:38,48
DA:40,48
DA:41,15
DA:44,48
DA:47,48
DA:48,1
DA:49,1
DA:50,1
DA:51,1
DA:54,48
DA:55,1
DA:56,1
DA:59,48
DA:60,48
DA:62,48
DA:76,4
DA:77,4
DA:79,1
DA:81,1
DA:82,1
DA:83,1
DA:88,32
DA:89,32
DA:90,32
DA:91,32
DA:92,32
DA:93,32
DA:95,32
DA:102,24
DA:103,24
DA:104,23
DA:106,23
DA:116,23
DA:129,1
DA:131,0
DA:132,0
DA:133,0
DA:135,0
DA:137,1
DA:138,1
DA:139,1
DA:140,1
DA:141,1
DA:154,1
DA:155,1
DA:158,0
DA:161,1
DA:162,1
DA:163,1
DA:169,1
DA:170,1
DA:173,0
DA:176,1
DA:177,1
DA:178,1
DA:186,1
DA:188,0
DA:189,0
DA:191,0
DA:193,1
DA:194,1
DA:195,1
DA:206,1
DA:207,1
DA:209,0
DA:211,1
DA:212,1
DA:213,1
LF:70
LH:60
BRDA:44,0,0,48
BRDA:44,0,1,47
BRDA:48,1,0,1
BRDA:48,1,1,0
BRDA:49,2,0,1
BRDA:49,2,1,0
BRDA:50,3,0,1
BRDA:50,3,1,0
BRDA:64,4,0,33
BRDA:64,4,1,15
BRDA:64,5,0,8
BRDA:64,5,1,40
BRDA:68,6,0,4
BRDA:68,6,1,44
BRDA:69,7,0,1
BRDA:69,7,1,47
BRDA:72,8,0,48
BRDA:72,8,1,33
BRDA:74,9,0,0
BRDA:74,9,1,33
BRDA:89,10,0,32
BRDA:89,10,1,1
BRDA:90,11,0,1
BRDA:90,11,1,31
BRDA:91,12,0,2
BRDA:91,12,1,30
BRDA:103,13,0,1
BRDA:103,13,1,23
BRDA:126,14,0,23
BRDA:126,14,1,7
BRDA:128,15,0,0
BRDA:128,15,1,7
BRDA:131,16,0,0
BRDA:131,16,1,0
BRDA:137,17,0,0
BRDA:137,17,1,1
BRDA:149,18,0,32
BRDA:149,18,1,21
BRDA:152,19,0,1
BRDA:152,19,1,20
BRDA:167,20,0,2
BRDA:167,20,1,19
BRDA:183,21,0,32
BRDA:183,21,1,21
BRDA:185,22,0,0
BRDA:185,22,1,21
BRDA:202,23,0,48
BRDA:202,23,1,33
BRDA:204,24,0,0
BRDA:204,24,1,33
BRF:50
BRH:40
end_of_record
TN:
SF:src/client/components/ScaledGridWrapper.tsx
FN:19,ScaledGridWrapper
FN:28,(anonymous_1)
FN:31,(anonymous_2)
FN:40,(anonymous_3)
FNF:4
FNH:4
FNDA:45,ScaledGridWrapper
FNDA:22,(anonymous_1)
FNDA:23,(anonymous_2)
FNDA:22,(anonymous_3)
DA:24,45
DA:25,45
DA:28,45
DA:29,22
DA:31,22
DA:32,23
DA:35,22
DA:38,22
DA:40,22
DA:44,45
DA:46,45
LF:11
LH:11
BRDA:29,0,0,0
BRDA:29,0,1,22
BRDA:32,1,0,23
BRDA:32,1,1,0
BRDA:38,2,0,22
BRDA:38,2,1,21
BRDA:50,3,0,2
BRDA:50,3,1,43
BRF:8
BRH:6
end_of_record
TN:
SF:src/client/components/AIAssistant/constants.ts
FNF:0
FNH:0
DA:5,1
DA:6,1
DA:8,1
DA:67,1
DA:69,1
LF:5
LH:5
BRF:0
BRH:0
end_of_record
TN:
SF:src/client/components/AIAssistant/index.ts
FNF:0
FNH:0
LF:0
LH:0
BRF:0
BRH:0
end_of_record
TN:
SF:src/client/components/AIAssistant/types.ts
FNF:0
FNH:0
LF:0
LH:0
BRF:0
BRH:0
end_of_record
TN:
SF:src/client/components/AIAssistant/utils.ts
FN:18,sendGeminiMessage
FN:98,saveAIConfig
FN:109,loadAIConfig
FN:125,extractTextFromResponse
FNF:4
FNH:2
FNDA:19,sendGeminiMessage
FNDA:0,saveAIConfig
FNDA:0,loadAIConfig
FNDA:17,extractTextFromResponse
DA:23,19
DA:28,19
DA:32,19
DA:33,0
DA:36,19
DA:37,19
DA:38,19
DA:39,19
DA:41,19
DA:47,18
DA:48,18
DA:49,18
DA:51,18
DA:52,1
DA:54,1
DA:56,1
DA:57,1
DA:60,1
DA:61,0
DA:67,1
DA:68,1
DA:69,1
DA:70,0
DA:75,0
DA:76,0
DA:77,0
DA:78,0
DA:80,0
DA:84,1
DA:87,17
DA:88,17
DA:89,17
DA:99,0
DA:100,0
DA:102,0
DA:110,0
DA:111,0
DA:112,0
DA:113,0
DA:114,0
DA:117,0
DA:119,0
DA:126,17
DA:129,17
LF:44
LH:26
BRDA:21,0,0,19
BRDA:32,1,0,0
BRDA:32,1,1,19
BRDA:32,2,0,19
BRDA:32,2,1,0
BRDA:51,3,0,1
BRDA:51,3,1,17
BRDA:60,4,0,0
BRDA:60,4,1,1
BRDA:60,5,0,1
BRDA:60,5,1,0
BRDA:62,6,0,0
BRDA:62,6,1,0
BRDA:67,7,0,1
BRDA:67,7,1,0
BRDA:68,8,0,1
BRDA:68,8,1,1
BRDA:69,9,0,0
BRDA:69,9,1,1
BRDA:78,10,0,0
BRDA:78,10,1,0
BRDA:112,11,0,0
BRDA:112,11,1,0
BRDA:126,12,0,17
BRDA:126,12,1,1
BRF:25
BRH:13
end_of_record
TN:
SF:src/client/components/AnalysisBuilder/AnalysisAIPanel.tsx
FN:33,AnalysisAIPanel
FN:44,(anonymous_1)
FN:94,(anonymous_2)
FNF:3
FNH:3
FNDA:25,AnalysisAIPanel
FNDA:7,(anonymous_1)
FNDA:5,(anonymous_2)
DA:11,1
DA:12,1
DA:43,25
DA:45,7
DA:46,1
DA:47,1
DA:53,25
DA:94,5
LF:8
LH:8
BRDA:45,0,0,1
BRDA:45,0,1,6
BRDA:45,1,0,7
BRDA:45,1,1,2
BRDA:63,2,0,25
BRDA:63,2,1,4
BRDA:70,3,0,25
BRDA:70,3,1,6
BRDA:82,4,0,6
BRDA:82,4,1,19
BRDA:110,5,0,25
BRDA:110,5,1,21
BRDA:112,6,0,21
BRDA:112,6,1,4
BRDA:112,7,0,25
BRDA:112,7,1,21
BRDA:117,8,0,4
BRDA:117,8,1,21
BRDA:133,9,0,25
BRDA:133,9,1,2
BRDA:141,10,0,25
BRDA:141,10,1,6
BRDA:141,10,2,5
BRF:23
BRH:23
end_of_record
TN:
SF:src/client/components/AnalysisBuilder/AnalysisAxisDropZone.tsx
FN:52,AnalysisAxisDropZone
FN:81,(anonymous_1)
FN:92,(anonymous_2)
FN:107,(anonymous_3)
FN:108,(anonymous_4)
FN:117,(anonymous_5)
FN:123,(anonymous_6)
FN:145,(anonymous_7)
FN:173,(anonymous_8)
FN:213,(anonymous_9)
FN:227,(anonymous_10)
FN:245,(anonymous_11)
FN:272,(anonymous_12)
FN:278,(anonymous_13)
FN:292,(anonymous_14)
FN:350,(anonymous_15)
FN:367,(anonymous_16)
FN:385,(anonymous_17)
FN:412,(anonymous_18)
FN:418,(anonymous_19)
FN:425,(anonymous_20)
FN:450,(anonymous_21)
FN:454,(anonymous_22)
FN:455,(anonymous_23)
FN:476,(anonymous_24)
FN:495,(anonymous_25)
FN:517,(anonymous_26)
FNF:27
FNH:24
FNDA:202,AnalysisAxisDropZone
FNDA:202,(anonymous_1)
FNDA:202,(anonymous_2)
FNDA:175,(anonymous_3)
FNDA:1,(anonymous_4)
FNDA:175,(anonymous_5)
FNDA:181,(anonymous_6)
FNDA:1,(anonymous_7)
FNDA:2,(anonymous_8)
FNDA:1,(anonymous_9)
FNDA:0,(anonymous_10)
FNDA:61,(anonymous_11)
FNDA:61,(anonymous_12)
FNDA:2,(anonymous_13)
FNDA:61,(anonymous_14)
FNDA:3,(anonymous_15)
FNDA:1,(anonymous_16)
FNDA:3,(anonymous_17)
FNDA:0,(anonymous_18)
FNDA:1,(anonymous_19)
FNDA:61,(anonymous_20)
FNDA:1,(anonymous_21)
FNDA:1,(anonymous_22)
FNDA:1,(anonymous_23)
FNDA:1,(anonymous_24)
FNDA:2,(anonymous_25)
FNDA:0,(anonymous_26)
DA:18,3
DA:19,3
DA:20,3
DA:21,3
DA:66,202
DA:67,202
DA:68,202
DA:69,202
DA:72,202
DA:73,202
DA:75,202
DA:76,202
DA:78,202
DA:81,202
DA:82,202
DA:85,202
DA:86,6
DA:89,202
DA:92,202
DA:93,202
DA:96,202
DA:97,6
DA:100,202
DA:103,202
DA:104,202
DA:107,202
DA:108,175
DA:109,1
DA:110,1
DA:111,1
DA:112,1
DA:113,1
DA:116,175
DA:117,175
DA:118,175
DA:123,202
DA:124,181
DA:126,13
DA:127,9
DA:128,9
DA:129,9
DA:130,4
DA:133,4
DA:137,168
DA:138,168
DA:139,168
DA:140,168
DA:145,202
DA:147,1
DA:149,1
DA:150,1
DA:153,1
DA:154,1
DA:155,1
DA:158,1
DA:159,1
DA:162,1
DA:163,0
DA:164,0
DA:166,1
DA:167,1
DA:168,1
DA:173,202
DA:174,2
DA:178,2
DA:181,2
DA:186,2
DA:188,2
DA:189,2
DA:190,2
DA:191,2
DA:195,0
DA:198,0
DA:199,0
DA:203,2
DA:204,0
DA:207,0
DA:208,0
DA:209,0
DA:213,202
DA:214,1
DA:215,1
DA:216,0
DA:218,0
DA:224,0
DA:227,0
DA:229,0
DA:230,0
DA:236,1
DA:237,1
DA:238,1
DA:239,1
DA:241,1
DA:245,202
DA:246,61
DA:247,55
DA:250,6
DA:251,6
DA:254,6
DA:256,4
DA:258,4
DA:259,2
DA:263,0
DA:264,0
DA:268,2
DA:272,202
DA:273,61
DA:274,6
DA:278,202
DA:279,2
DA:280,2
DA:281,2
DA:283,2
DA:292,202
DA:293,61
DA:295,21
DA:296,21
DA:301,40
DA:303,2
DA:310,38
DA:318,202
DA:352,3
DA:353,0
DA:357,3
DA:359,3
DA:360,3
DA:361,3
DA:363,0
DA:364,0
DA:369,1
DA:371,1
DA:377,1
DA:378,1
DA:380,1
DA:381,1
DA:382,1
DA:387,3
DA:388,1
DA:392,2
DA:394,3
DA:395,2
DA:397,0
DA:401,2
DA:402,2
DA:414,0
DA:415,0
DA:420,1
DA:421,1
DA:426,61
DA:428,61
DA:429,61
DA:430,61
DA:432,61
DA:451,1
DA:452,1
DA:454,1
DA:455,1
DA:477,1
DA:478,1
DA:479,1
DA:495,2
DA:518,0
DA:519,0
DA:520,0
DA:521,0
DA:522,0
DA:523,0
DA:524,0
LF:168
LH:138
BRDA:85,0,0,6
BRDA:85,0,1,196
BRDA:85,1,0,202
BRDA:85,1,1,26
BRDA:89,2,0,202
BRDA:89,2,1,104
BRDA:96,3,0,6
BRDA:96,3,1,196
BRDA:96,4,0,202
BRDA:96,4,1,26
BRDA:100,5,0,202
[...]
FNDA:8,(anonymous_1)
FNDA:8,(anonymous_2)
FNDA:6,(anonymous_3)
FNDA:6,(anonymous_4)
FNDA:12,validateStepQueries
FNDA:21,canResolveBindingKey
FNDA:8,(anonymous_7)
FNDA:7,validateBindingKeyForSteps
FNDA:39,validateTimeWindow
FNDA:7,validateFunnelConfig
FNDA:6,isMinimumFunnelConfigValid
FNDA:193,getAvailableBindingKeyDimensions
FNDA:81,getBindingKeyLabel
DA:27,12
DA:29,12
DA:30,2
DA:33,10
DA:35,8
DA:36,8
DA:38,8
DA:39,2
DA:44,8
DA:45,6
DA:46,1
DA:54,2
DA:55,6
DA:57,4
DA:58,0
DA:63,6
DA:64,4
DA:65,1
DA:74,10
DA:83,12
DA:85,12
DA:86,25
DA:87,25
DA:91,25
DA:95,25
DA:96,3
DA:104,12
DA:114,21
DA:116,14
DA:120,7
DA:121,7
DA:123,8
DA:133,7
DA:135,7
DA:136,17
DA:137,17
DA:138,1
DA:139,1
DA:147,7
DA:156,39
DA:160,16
DA:162,16
DA:163,8
DA:169,8
DA:179,7
DA:180,7
DA:183,7
DA:184,1
DA:191,7
DA:192,2
DA:198,5
DA:201,5
DA:205,7
DA:208,7
DA:209,17
DA:210,17
DA:211,17
DA:212,1
DA:213,1
DA:218,7
DA:219,7
DA:220,1
DA:224,7
DA:225,1
DA:231,7
DA:245,6
DA:246,1
DA:249,5
DA:250,2
DA:253,3
DA:254,0
DA:257,3
DA:258,1
DA:261,2
DA:271,193
DA:273,187
DA:275,187
DA:276,366
DA:278,365
DA:281,1338
DA:282,973
DA:291,187
DA:300,81
DA:302,12
DA:303,9
DA:304,9
DA:308,3
DA:309,2
DA:310,2
DA:311,2
DA:314,1
LF:91
LH:89
BRDA:29,0,0,2
BRDA:29,0,1,10
BRDA:33,1,0,8
BRDA:33,1,1,2
BRDA:38,2,0,2
BRDA:38,2,1,6
BRDA:45,3,0,1
BRDA:45,3,1,5
BRDA:57,4,0,0
BRDA:57,4,1,4
BRDA:64,5,0,1
BRDA:64,5,1,3
BRDA:91,6,0,25
BRDA:91,6,1,21
BRDA:91,6,2,5
BRDA:91,6,3,1
BRDA:91,6,4,4
BRDA:91,6,5,1
BRDA:95,7,0,3
BRDA:95,7,1,22
BRDA:114,8,0,14
BRDA:114,8,1,7
BRDA:121,9,0,1
BRDA:121,9,1,6
BRDA:137,10,0,1
BRDA:137,10,1,16
BRDA:138,11,0,1
BRDA:138,11,1,0
BRDA:156,12,0,23
BRDA:156,12,1,16
BRDA:162,13,0,8
BRDA:162,13,1,8
BRDA:183,14,0,1
BRDA:183,14,1,6
BRDA:191,15,0,2
BRDA:191,15,1,5
BRDA:211,16,0,1
BRDA:211,16,1,16
BRDA:219,17,0,1
BRDA:219,17,1,6
BRDA:224,18,0,1
BRDA:224,18,1,6
BRDA:245,19,0,1
BRDA:245,19,1,5
BRDA:249,20,0,2
BRDA:249,20,1,3
BRDA:253,21,0,0
BRDA:253,21,1,3
BRDA:253,22,0,3
BRDA:253,22,1,1
BRDA:257,23,0,1
BRDA:257,23,1,2
BRDA:257,24,0,3
BRDA:257,24,1,2
BRDA:271,25,0,6
BRDA:271,25,1,187
BRDA:276,26,0,1
BRDA:276,26,1,365
BRDA:281,27,0,973
BRDA:281,27,1,365
BRDA:281,28,0,1338
BRDA:281,28,1,395
BRDA:285,29,0,973
BRDA:285,29,1,0
BRDA:285,29,2,0
BRDA:285,29,3,0
BRDA:300,30,0,69
BRDA:300,30,1,12
BRDA:302,31,0,9
BRDA:302,31,1,3
BRDA:304,32,0,9
BRDA:304,32,1,1
BRDA:308,33,0,2
BRDA:308,33,1,1
BRDA:311,34,0,2
BRDA:311,34,1,0
BRF:76
BRH:69
end_of_record
TN:
SF:src/client/utils/index.ts
FN:22,createDashboardLayout
FN:34,generateResponsiveLayouts
FN:35,(anonymous_2)
FN:47,(anonymous_3)
FN:48,(anonymous_4)
FN:49,(anonymous_5)
FN:50,(anonymous_6)
FN:57,formatChartData
FN:65,(anonymous_8)
FN:83,generatePortletId
FN:90,findNextPosition
FN:96,(anonymous_11)
FN:104,validateCubeQuery
FN:127,createSamplePortlet
FNF:14
FNH:0
FNDA:0,createDashboardLayout
FNDA:0,generateResponsiveLayouts
FNDA:0,(anonymous_2)
FNDA:0,(anonymous_3)
FNDA:0,(anonymous_4)
FNDA:0,(anonymous_5)
FNDA:0,(anonymous_6)
FNDA:0,formatChartData
FNDA:0,(anonymous_8)
FNDA:0,generatePortletId
FNDA:0,findNextPosition
FNDA:0,(anonymous_11)
FNDA:0,validateCubeQuery
FNDA:0,createSamplePortlet
DA:23,0
DA:25,0
DA:35,0
DA:45,0
DA:47,0
DA:48,0
DA:49,0
DA:50,0
DA:61,0
DA:63,0
DA:65,0
DA:66,0
DA:68,0
DA:69,0
DA:70,0
DA:72,0
DA:76,0
DA:84,0
DA:91,0
DA:92,0
DA:96,0
DA:98,0
DA:105,0
DA:106,0
DA:109,0
DA:110,0
DA:114,0
DA:115,0
DA:118,0
DA:120,0
DA:128,0
LF:31
LH:0
BRDA:57,0,0,0
BRDA:61,1,0,0
BRDA:61,2,0,0
BRDA:63,3,0,0
BRDA:63,3,1,0
BRDA:69,4,0,0
BRDA:69,4,1,0
BRDA:90,5,0,0
BRDA:90,6,0,0
BRDA:91,7,0,0
BRDA:91,7,1,0
BRDA:109,8,0,0
BRDA:109,8,1,0
BRDA:109,9,0,0
BRDA:109,9,1,0
BRDA:114,10,0,0
BRDA:114,10,1,0
BRDA:114,11,0,0
BRDA:114,11,1,0
BRF:19
BRH:0
end_of_record
TN:
SF:src/client/utils/measureIcons.tsx
FN:8,getMeasureIcon
FN:20,getAllMeasureIcons
FNF:2
FNH:2
FNDA:60,getMeasureIcon
FNDA:12,getAllMeasureIcons
DA:12,60
DA:13,60
DA:21,12
DA:22,12
DA:24,12
DA:25,120
DA:26,120
DA:29,12
LF:8
LH:8
BRDA:10,0,0,60
BRF:1
BRH:1
end_of_record
TN:
SF:src/client/utils/multiQueryUtils.ts
FN:23,isMultiQueryData
FN:30,getQueryLabels
FN:46,getQueryIndices
FN:56,(anonymous_3)
FN:68,mergeResultsConcat
FN:75,(anonymous_5)
FN:79,(anonymous_6)
FN:108,mergeResultsByKey
FN:116,(anonymous_8)
FN:120,(anonymous_9)
FN:122,(anonymous_10)
FN:127,(anonymous_11)
FN:135,(anonymous_12)
FN:143,(anonymous_13)
FN:155,(anonymous_14)
FN:173,mergeQueryResults
FN:201,getCombinedFields
FN:213,(anonymous_17)
FN:215,(anonymous_18)
FN:218,(anonymous_19)
FN:221,(anonymous_20)
FN:235,generateQueryLabel
FN:254,validateMergeKey
FN:263,(anonymous_23)
FN:266,(anonymous_24)
FNF:25
FNH:25
FNDA:21,isMultiQueryData
FNDA:7,getQueryLabels
FNDA:6,getQueryIndices
FNDA:7,(anonymous_3)
FNDA:28,mergeResultsConcat
FNDA:54,(anonymous_5)
FNDA:89,(anonymous_6)
FNDA:12,mergeResultsByKey
FNDA:22,(anonymous_8)
FNDA:27,(anonymous_9)
FNDA:33,(anonymous_10)
FNDA:18,(anonymous_11)
FNDA:25,(anonymous_12)
FNDA:34,(anonymous_13)
FNDA:6,(anonymous_14)
FNDA:26,mergeQueryResults
FNDA:10,getCombinedFields
FNDA:15,(anonymous_17)
FNDA:15,(anonymous_18)
FNDA:6,(anonymous_19)
FNDA:4,(anonymous_20)
FNDA:9,generateQueryLabel
FNDA:10,validateMergeKey
FNDA:16,(anonymous_23)
FNDA:3,(anonymous_24)
DA:24,21
DA:31,7
DA:33,5
DA:34,5
DA:35,15
DA:36,15
DA:37,12
DA:40,5
DA:47,6
DA:49,4
DA:50,4
DA:51,14
DA:52,14
DA:53,12
DA:56,7
DA:73,28
DA:75,28
DA:76,54
DA:77,54
DA:79,54
DA:80,89
DA:88,28
DA:114,12
DA:116,12
DA:117,22
DA:118,22
DA:120,22
DA:122,33
DA:124,27
DA:126,16
DA:127,18
DA:128,16
DA:131,27
DA:135,27
DA:136,25
DA:137,22
DA:142,27
DA:143,16
DA:144,34
DA:145,11
DA:146,10
DA:155,12
DA:156,6
DA:157,6
DA:158,6
DA:181,26
DA:182,25
DA:185,23
DA:186,2
DA:190,21
DA:209,10
DA:210,10
DA:211,10
DA:213,10
DA:215,15
DA:218,15
DA:221,15
DA:224,10
DA:237,9
DA:238,4
DA:239,4
DA:240,4
DA:241,2
DA:243,2
DA:247,5
DA:261,10
DA:263,10
DA:264,16
DA:266,3
DA:269,16
DA:270,7
DA:274,10
LF:72
LH:72
BRDA:24,0,0,21
BRDA:24,0,1,18
BRDA:24,0,2,16
BRDA:24,0,3,15
BRDA:31,1,0,2
BRDA:31,1,1,5
BRDA:36,2,0,12
BRDA:36,2,1,3
BRDA:47,3,0,2
BRDA:47,3,1,4
BRDA:52,4,0,12
BRDA:52,4,1,2
BRDA:77,5,0,54
BRDA:77,5,1,47
BRDA:118,6,0,22
BRDA:118,6,1,1
BRDA:122,7,0,33
BRDA:122,7,1,9
BRDA:124,8,0,16
BRDA:124,8,1,11
BRDA:136,9,0,22
BRDA:136,9,1,3
BRDA:142,10,0,16
BRDA:142,10,1,11
BRDA:144,11,0,11
BRDA:144,11,1,23
BRDA:144,12,0,34
BRDA:144,12,1,19
BRDA:145,13,0,10
BRDA:145,13,1,1
BRDA:156,14,0,6
BRDA:156,14,1,0
BRDA:157,15,0,6
BRDA:157,15,1,1
BRDA:181,16,0,1
BRDA:181,16,1,25
BRDA:182,17,0,2
BRDA:182,17,1,23
BRDA:185,18,0,2
BRDA:185,18,1,21
BRDA:185,19,0,23
BRDA:185,19,1,4
BRDA:185,19,2,3
BRDA:237,20,0,4
BRDA:237,20,1,5
BRDA:237,21,0,9
BRDA:237,21,1,5
BRDA:240,22,0,2
BRDA:240,22,1,2
BRDA:265,23,0,16
BRDA:265,23,1,5
BRDA:266,24,0,16
BRDA:266,24,1,13
BRDA:269,25,0,7
BRDA:269,25,1,9
BRF:55
BRH:54
end_of_record
TN:
SF:src/client/utils/multiQueryValidation.ts
FN:49,extractTimeDimensions
FN:57,validateTimeDimensionAlignment
FN:83,(anonymous_2)
FN:105,validateMergeKeys
FN:114,(anonymous_4)
FN:136,detectMeasureCollisions
FN:144,(anonymous_6)
FN:145,(anonymous_7)
FN:157,(anonymous_8)
FN:160,(anonymous_9)
FN:179,detectAsymmetricDateRanges
FN:185,(anonymous_11)
FN:191,(anonymous_12)
FN:195,(anonymous_13)
FN:208,validateMultiQueryConfig
FN:244,isMultiQueryValid
FN:245,(anonymous_16)
FN:255,getValidationSummary
FNF:18
FNH:14
FNDA:4,extractTimeDimensions
FNDA:3,validateTimeDimensionAlignment
FNDA:1,(anonymous_2)
FNDA:3,validateMergeKeys
FNDA:2,(anonymous_4)
FNDA:14,detectMeasureCollisions
FNDA:28,(anonymous_6)
FNDA:31,(anonymous_7)
FNDA:27,(anonymous_8)
FNDA:8,(anonymous_9)
FNDA:14,detectAsymmetricDateRanges
FNDA:28,(anonymous_11)
FNDA:28,(anonymous_12)
FNDA:0,(anonymous_13)
FNDA:14,validateMultiQueryConfig
FNDA:0,isMultiQueryValid
FNDA:0,(anonymous_16)
FNDA:0,getValidationSummary
DA:50,4
DA:58,3
DA:60,3
DA:63,3
DA:64,3
DA:67,1
DA:68,1
DA:71,1
DA:72,0
DA:78,0
DA:82,1
DA:83,1
DA:84,1
DA:85,0
DA:99,1
DA:106,3
DA:108,3
DA:110,3
DA:111,6
DA:112,6
DA:114,2
DA:117,6
DA:118,6
DA:119,0
DA:129,6
DA:137,14
DA:139,14
DA:142,14
DA:144,14
DA:145,28
DA:146,31
DA:147,27
DA:149,31
DA:154,14
DA:155,14
DA:157,14
DA:158,27
DA:159,4
DA:160,8
DA:164,14
DA:165,4
DA:173,14
DA:180,14
DA:182,14
DA:185,14
DA:186,28
DA:187,28
DA:191,28
DA:192,14
DA:193,0
DA:195,0
DA:200,14
DA:213,14
DA:214,14
DA:216,14
DA:217,0
DA:221,14
DA:224,14
DA:227,14
DA:228,3
DA:229,3
DA:230,3
DA:234,14
DA:245,0
DA:256,0
DA:257,0
DA:260,0
DA:262,0
DA:263,0
DA:266,0
DA:267,0
DA:270,0
LF:72
LH:56
BRDA:50,0,0,4
BRDA:50,0,1,2
BRDA:60,1,0,0
BRDA:60,1,1,3
BRDA:64,2,0,2
BRDA:64,2,1,1
BRDA:71,3,0,0
BRDA:71,3,1,1
BRDA:71,4,0,1
BRDA:71,4,1,0
BRDA:84,5,0,0
BRDA:84,5,1,1
BRDA:84,6,0,1
BRDA:84,6,1,1
BRDA:108,7,0,0
BRDA:108,7,1,3
BRDA:108,8,0,3
BRDA:108,8,1,3
BRDA:113,9,0,6
BRDA:113,9,1,2
BRDA:114,10,0,6
BRDA:114,10,1,4
BRDA:118,11,0,0
BRDA:118,11,1,6
BRDA:139,12,0,0
BRDA:139,12,1,14
BRDA:146,13,0,27
BRDA:146,13,1,4
BRDA:158,14,0,4
BRDA:158,14,1,23
BRDA:164,15,0,4
BRDA:164,15,1,10
BRDA:168,16,0,0
BRDA:168,16,1,4
BRDA:168,17,0,4
BRDA:168,17,1,0
BRDA:182,18,0,0
BRDA:182,18,1,14
BRDA:192,19,0,0
BRDA:192,19,1,14
BRDA:211,20,0,14
BRDA:216,21,0,0
BRDA:216,21,1,14
BRDA:227,22,0,3
BRDA:227,22,1,11
BRDA:229,23,0,3
BRDA:229,23,1,0
BRDA:246,24,0,0
BRDA:246,24,1,0
BRDA:247,25,0,0
BRDA:247,25,1,0
BRDA:248,26,0,0
BRDA:248,26,1,0
BRDA:256,27,0,0
BRDA:256,27,1,0
BRDA:256,28,0,0
BRDA:256,28,1,0
BRDA:262,29,0,0
BRDA:262,29,1,0
BRDA:263,30,0,0
BRDA:263,30,1,0
BRDA:266,31,0,0
BRDA:266,31,1,0
BRDA:267,32,0,0
BRDA:267,32,1,0
BRF:65
BRH:34
end_of_record
TN:
SF:src/client/utils/periodUtils.ts
FN:11,getPeriodEndDate
FN:65,isLastPeriodComplete
FN:101,getQueryGranularity
FN:111,(anonymous_3)
FN:135,filterIncompletePeriod
FNF:5
FNH:5
FNDA:42,getPeriodEndDate
FNDA:25,isLastPeriodComplete
FNDA:32,getQueryGranularity
FNDA:18,(anonymous_3)
FNDA:17,filterIncompletePeriod
DA:12,42
DA:14,42
DA:17,9
DA:18,9
DA:22,6
DA:23,6
DA:24,6
DA:25,6
DA:26,6
DA:31,9
DA:32,9
DA:33,9
DA:37,10
DA:38,10
DA:39,10
DA:40,10
DA:41,10
DA:46,6
DA:47,6
DA:48,6
DA:52,2
DA:55,42
DA:70,25
DA:71,6
DA:74,19
DA:75,19
DA:76,2
DA:80,17
DA:81,17
DA:82,1
DA:86,16
DA:89,16
DA:92,16
DA:105,32
DA:106,6
DA:110,26
DA:111,16
DA:112,18
DA:116,16
DA:117,4
DA:122,22
DA:123,22
DA:143,17
DA:151,17
DA:152,3
DA:155,14
DA:158,14
DA:159,2
DA:168,12
DA:169,2
DA:173,10
DA:174,1
DA:178,9
DA:179,2
DA:182,7
DA:183,1
DA:187,6
DA:188,6
DA:189,5
DA:197,1
LF:60
LH:60
BRDA:14,0,0,9
BRDA:14,0,1,6
BRDA:14,0,2,9
BRDA:14,0,3,10
BRDA:14,0,4,6
BRDA:14,0,5,2
BRDA:70,1,0,6
BRDA:70,1,1,19
BRDA:70,2,0,25
BRDA:70,2,1,23
BRDA:70,2,2,21
BRDA:75,3,0,2
BRDA:75,3,1,17
BRDA:81,4,0,1
BRDA:81,4,1,16
BRDA:105,5,0,6
BRDA:105,5,1,26
BRDA:105,6,0,32
BRDA:105,6,1,27
BRDA:110,7,0,16
BRDA:110,7,1,10
BRDA:112,8,0,18
BRDA:112,8,1,16
BRDA:112,8,2,15
BRDA:116,9,0,4
BRDA:116,9,1,12
BRDA:123,10,0,22
BRDA:123,10,1,2
BRDA:140,11,0,17
BRDA:151,12,0,3
BRDA:151,12,1,14
BRDA:158,13,0,2
BRDA:158,13,1,12
BRDA:168,14,0,2
BRDA:168,14,1,10
BRDA:173,15,0,1
BRDA:173,15,1,9
BRDA:178,16,0,2
BRDA:178,16,1,7
BRDA:178,17,0,9
BRDA:178,17,1,7
BRDA:182,18,0,1
BRDA:182,18,1,6
BRDA:188,19,0,5
BRDA:188,19,1,1
BRF:45
BRH:45
end_of_record
TN:
SF:src/client/utils/pivotUtils.ts
FN:18,getOrderedColumnsFromQuery
FN:30,(anonymous_1)
FN:108,hasTimeDimensionForPivot
FN:115,(anonymous_3)
FN:126,(anonymous_4)
FN:135,(anonymous_5)
FN:159,extractAndSortTimeValues
FN:166,(anonymous_7)
FN:182,buildColumns
FN:200,(anonymous_9)
FN:209,(anonymous_10)
FN:224,groupByDimensions
FN:230,(anonymous_12)
FN:233,(anonymous_13)
FN:257,buildPivotedRows
FN:273,(anonymous_15)
FN:274,(anonymous_16)
FN:284,(anonymous_17)
FN:294,(anonymous_18)
FN:326,pivotTableData
FN:355,getMeasureType
FN:359,(anonymous_21)
FNF:22
FNH:22
FNDA:10,getOrderedColumnsFromQuery
FNDA:4,(anonymous_1)
FNDA:30,hasTimeDimensionForPivot
FNDA:15,(anonymous_3)
FNDA:5,(anonymous_4)
FNDA:5,(anonymous_5)
FNDA:17,extractAndSortTimeValues
FNDA:37,(anonymous_7)
FNDA:17,buildColumns
FNDA:11,(anonymous_9)
FNDA:26,(anonymous_10)
FNDA:17,groupByDimensions
FNDA:37,(anonymous_12)
FNDA:28,(anonymous_13)
FNDA:17,buildPivotedRows
FNDA:22,(anonymous_15)
FNDA:40,(anonymous_16)
FNDA:37,(anonymous_17)
FNDA:54,(anonymous_18)
FNDA:20,pivotTableData
FNDA:14,getMeasureType
FNDA:23,(anonymous_21)
DA:19,10
DA:21,9
DA:24,9
DA:25,6
DA:29,9
DA:30,3
DA:31,4
DA:32,3
DA:38,9
DA:39,6
DA:42,9
DA:112,30
DA:115,15
DA:116,13
DA:119,11
DA:124,8
DA:126,3
DA:128,5
DA:130,4
DA:131,3
DA:135,3
DA:136,5
DA:139,3
DA:141,5
DA:142,5
DA:146,8
DA:148,8
DA:164,17
DA:166,17
DA:167,37
DA:168,37
DA:169,36
DA:170,36
DA:175,17
DA:187,17
DA:190,17
DA:191,4
DA:200,17
DA:201,11
DA:209,17
DA:210,26
DA:217,17
DA:228,17
DA:230,17
DA:232,37
DA:233,28
DA:237,37
DA:238,28
DA:242,37
DA:243,37
DA:244,36
DA:245,36
DA:249,17
DA:264,17
DA:265,17
DA:267,17
DA:268,17
DA:269,17
DA:273,17
DA:274,22
DA:275,40
DA:276,40
DA:280,40
DA:283,40
DA:284,40
DA:285,37
DA:289,40
DA:290,21
DA:294,40
DA:295,54
DA:296,54
DA:301,40
DA:302,40
DA:304,40
DA:314,17
DA:332,20
DA:333,3
DA:337,17
DA:340,17
DA:343,17
DA:345,17
DA:356,14
DA:358,11
DA:359,23
DA:360,11
DA:361,7
DA:365,4
LF:87
LH:87
BRDA:19,0,0,1
BRDA:19,0,1,9
BRDA:24,1,0,6
BRDA:24,1,1,3
BRDA:29,2,0,3
BRDA:29,2,1,6
BRDA:31,3,0,3
BRDA:31,3,1,1
BRDA:38,4,0,6
BRDA:38,4,1,3
BRDA:112,5,0,17
BRDA:112,5,1,13
BRDA:116,6,0,2
BRDA:116,6,1,11
BRDA:119,7,0,3
BRDA:119,7,1,8
BRDA:124,8,0,3
BRDA:124,8,1,5
BRDA:124,9,0,8
BRDA:124,9,1,4
BRDA:128,10,0,1
BRDA:128,10,1,4
BRDA:130,11,0,1
BRDA:130,11,1,3
BRDA:139,12,0,1
BRDA:139,12,1,2
BRDA:141,13,0,5
BRDA:141,13,1,3
BRDA:146,14,0,0
BRDA:146,14,1,8
BRDA:168,15,0,36
BRDA:168,15,1,1
BRDA:190,16,0,4
BRDA:190,16,1,13
BRDA:232,17,0,23
BRDA:232,17,1,14
BRDA:233,18,0,28
BRDA:233,18,1,0
BRDA:237,19,0,28
BRDA:237,19,1,9
BRDA:243,20,0,36
BRDA:243,20,1,1
BRDA:276,21,0,21
BRDA:276,21,1,19
BRDA:283,22,0,8
BRDA:283,22,1,32
BRDA:285,23,0,37
BRDA:285,23,1,0
BRDA:289,24,0,21
BRDA:289,24,1,19
BRDA:296,25,0,54
BRDA:296,25,1,5
BRDA:302,26,0,9
BRDA:302,26,1,31
BRDA:302,27,0,40
BRDA:302,27,1,22
BRDA:332,28,0,3
BRDA:332,28,1,17
BRDA:332,29,0,20
BRDA:332,29,1,19
BRDA:356,30,0,3
BRDA:356,30,1,11
BRDA:360,31,0,7
BRDA:360,31,1,4
BRF:64
BRH:61
end_of_record
TN:
SF:src/client/utils/shareUtils.ts
FN:33,compressAndEncode
FN:44,decodeAndDecompress
FN:66,isShareableSize
FN:80,compressWithFallback
FN:108,generateShareUrl
FN:119,parseShareHash
FN:133,clearShareHash
FN:144,getMaxHashLength
FN:156,createShareUrl
FN:164,parseShareUrl
FNF:10
FNH:10
FNDA:25,compressAndEncode
FNDA:6,decodeAndDecompress
FNDA:2,isShareableSize
FNDA:19,compressWithFallback
FNDA:2,generateShareUrl
FNDA:5,parseShareHash
FNDA:1,clearShareHash
FNDA:1,getMaxHashLength
FNDA:1,createShareUrl
FNDA:2,parseShareUrl
DA:27,2
DA:28,2
DA:34,25
DA:35,25
DA:45,6
DA:46,6
DA:47,6
DA:49,4
DA:52,4
DA:53,1
DA:54,1
DA:57,3
DA:59,0
DA:67,2
DA:68,2
DA:82,19
DA:83,19
DA:84,18
DA:88,1
DA:96,1
DA:97,1
DA:98,1
DA:102,0
DA:109,2
DA:110,2
DA:112,2
DA:120,5
DA:122,5
DA:123,5
DA:124,3
DA:127,2
DA:134,1
DA:136,1
DA:137,1
DA:138,1
DA:145,1
DA:157,1
DA:165,2
DA:166,2
DA:167,1
LF:40
LH:38
BRDA:47,0,0,2
BRDA:47,0,1,4
BRDA:52,1,0,1
BRDA:52,1,1,3
BRDA:83,2,0,18
BRDA:83,2,1,1
BRDA:97,3,0,1
BRDA:97,3,1,0
BRDA:110,4,0,0
BRDA:110,4,1,2
BRDA:120,5,0,0
BRDA:120,5,1,5
BRDA:123,6,0,3
BRDA:123,6,1,2
BRDA:123,7,0,5
BRDA:123,7,1,3
BRDA:134,8,0,0
BRDA:134,8,1,1
BRDA:166,9,0,1
BRDA:166,9,1,1
BRF:20
BRH:16
end_of_record
TN:
SF:src/client/utils/syntaxHighlighting.ts
FN:18,loadSyntaxHighlighter
FN:29,(anonymous_1)
FN:58,highlightCodeBlocks
FN:68,(anonymous_3)
FN:82,highlightCodeBlock
FN:98,isSyntaxHighlightingAvailable
FN:106,getSyntaxHighlighter
FNF:7
FNH:7
FNDA:146,loadSyntaxHighlighter
FNDA:3,(anonymous_1)
FNDA:4,highlightCodeBlocks
FNDA:5,(anonymous_3)
FNDA:3,highlightCodeBlock
FNDA:4,isSyntaxHighlightingAvailable
FNDA:106,getSyntaxHighlighter
DA:11,3
DA:12,3
DA:20,146
DA:21,117
DA:25,29
DA:26,26
DA:29,3
DA:30,3
DA:32,3
DA:33,3
DA:34,3
DA:35,3
DA:38,3
DA:39,3
DA:40,3
DA:43,3
DA:45,0
DA:47,0
DA:51,3
DA:60,4
DA:63,4
DA:64,0
DA:68,4
DA:70,5
DA:71,4
DA:83,3
DA:85,3
DA:86,0
DA:89,3
DA:90,2
DA:99,4
DA:107,106
LF:32
LH:28
BRDA:20,0,0,117
BRDA:20,0,1,29
BRDA:25,1,0,26
BRDA:25,1,1,3
BRDA:63,2,0,0
BRDA:63,2,1,4
BRDA:70,3,0,4
BRDA:70,3,1,1
BRDA:85,4,0,0
BRDA:85,4,1,3
BRDA:89,5,0,2
BRDA:89,5,1,1
BRF:12
BRH:10
end_of_record
TN:
SF:src/client/utils/targetUtils.ts
FN:10,parseTargetValues
FN:24,(anonymous_1)
FN:25,(anonymous_2)
FN:26,(anonymous_3)
FN:47,spreadTargetValues
FN:84,calculateVariance
FN:97,formatVariance
FN:107,getUniqueTargets
FN:108,(anonymous_8)
FNF:9
FNH:9
FNDA:119,parseTargetValues
FNDA:31,(anonymous_1)
FNDA:31,(anonymous_2)
FNDA:29,(anonymous_3)
FNDA:115,spreadTargetValues
FNDA:8,calculateVariance
FNDA:6,formatVariance
FNDA:5,getUniqueTargets
FNDA:10,(anonymous_8)
DA:11,119
DA:12,104
DA:15,15
DA:16,15
DA:17,1
DA:20,14
DA:22,14
DA:24,31
DA:25,31
DA:27,29
DA:28,29
DA:29,1
DA:31,28
DA:34,14
DA:36,1
DA:37,1
DA:48,115
DA:49,102
DA:53,13
DA:54,5
DA:58,8
DA:59,8
DA:60,8
DA:62,8
DA:64,8
DA:67,24
DA:70,24
DA:71,35
DA:75,8
DA:85,8
DA:86,3
DA:88,5
DA:98,6
DA:99,6
DA:108,10
LF:35
LH:35
BRDA:11,0,0,104
BRDA:11,0,1,15
BRDA:11,1,0,119
BRDA:11,1,1,16
BRDA:16,2,0,1
BRDA:16,2,1,14
BRDA:28,3,0,1
BRDA:28,3,1,28
BRDA:34,4,0,13
BRDA:34,4,1,0
BRDA:48,5,0,102
BRDA:48,5,1,13
BRDA:48,6,0,115
BRDA:48,6,1,15
BRDA:53,7,0,5
BRDA:53,7,1,8
BRDA:67,8,0,4
BRDA:67,8,1,20
BRDA:85,9,0,3
BRDA:85,9,1,5
BRDA:86,10,0,1
BRDA:86,10,1,2
BRDA:86,11,0,1
BRDA:86,11,1,1
BRDA:97,12,0,6
BRDA:98,13,0,5
BRDA:98,13,1,1
BRF:27
BRH:26
end_of_record
TN:
SF:src/client/utils/thumbnail.ts
FN:33,resizeImage
FN:40,(anonymous_1)
FN:42,(anonymous_2)
FN:88,(anonymous_3)
FN:96,getScreenshotModule
FN:124,warnIfScreenshotLibMissing
FN:131,(anonymous_6)
FN:149,captureThumbnail
FN:211,isThumbnailCaptureAvailable
FN:230,isPortletCopyAvailable
FN:252,isTransparentBackground
FN:267,getEffectiveBackgroundColor
FN:293,copyPortletToClipboard
FNF:13
FNH:9
FNDA:0,resizeImage
FNDA:0,(anonymous_1)
FNDA:0,(anonymous_2)
FNDA:0,(anonymous_3)
FNDA:6,getScreenshotModule
FNDA:514,warnIfScreenshotLibMissing
FNDA:1,(anonymous_6)
FNDA:3,captureThumbnail
FNDA:3,isThumbnailCaptureAvailable
FNDA:1,isPortletCopyAvailable
FNDA:3,isTransparentBackground
FNDA:3,getEffectiveBackgroundColor
FNDA:1,copyPortletToClipboard
DA:23,35
DA:24,35
DA:40,0
DA:41,0
DA:42,0
DA:43,0
DA:44,0
DA:45,0
DA:47,0
DA:48,0
DA:49,0
DA:50,0
DA:54,0
DA:55,0
DA:58,0
DA:59,0
DA:61,0
DA:62,0
DA:63,0
DA:64,0
DA:67,0
DA:69,0
DA:70,0
DA:71,0
DA:73,0
DA:75,0
DA:79,0
DA:85,0
DA:86,0
DA:88,0
DA:89,0
DA:97,6
DA:98,0
DA:101,6
DA:104,6
DA:105,6
DA:106,6
DA:108,0
DA:109,0
DA:110,0
DA:125,514
DA:126,514
DA:129,1
DA:131,1
DA:132,1
DA:133,0
DA:137,0
DA:154,3
DA:155,0
DA:159,3
DA:160,1
DA:164,2
DA:165,2
DA:166,0
DA:169,2
DA:172,2
DA:173,3
DA:174,3
DA:175,3
DA:177,3
DA:181,3
DA:184,3
DA:187,3
DA:193,0
DA:201,0
DA:203,2
DA:204,2
DA:214,3
DA:215,2
DA:218,1
DA:219,0
DA:222,1
DA:223,1
DA:232,1
DA:233,0
DA:237,1
DA:238,1
DA:239,0
DA:243,1
DA:253,3
DA:254,3
DA:257,0
DA:258,0
DA:259,0
DA:261,0
DA:268,3
DA:270,3
DA:271,3
DA:272,3
DA:273,0
DA:275,3
DA:279,3
DA:283,3
DA:294,1
DA:295,1
DA:296,1
DA:297,0
DA:298,0
DA:302,1
DA:305,1
DA:311,0
DA:312,0
DA:315,0
DA:317,0
DA:319,1
DA:320,1
LF:106
LH:53
BRDA:48,0,0,0
BRDA:48,0,1,0
BRDA:67,1,0,0
BRDA:67,1,1,0
BRDA:71,2,0,0
BRDA:71,2,1,0
BRDA:85,3,0,0
BRDA:85,3,1,0
BRDA:97,4,0,0
BRDA:97,4,1,6
BRDA:125,5,0,0
BRDA:125,5,1,514
BRDA:126,6,0,513
BRDA:126,6,1,1
BRDA:129,7,0,0
BRDA:129,7,1,1
BRDA:132,8,0,0
BRDA:132,8,1,1
BRDA:132,9,0,1
BRDA:132,9,1,0
BRDA:154,10,0,0
BRDA:154,10,1,3
BRDA:159,11,0,1
BRDA:159,11,1,2
BRDA:165,12,0,0
BRDA:165,12,1,2
BRDA:172,13,0,2
BRDA:172,13,1,2
BRDA:173,14,0,3
BRDA:173,14,1,2
BRDA:174,15,0,3
BRDA:174,15,1,2
BRDA:175,16,0,3
BRDA:175,16,1,2
BRDA:214,17,0,2
BRDA:214,17,1,1
BRDA:218,18,0,0
BRDA:218,18,1,1
BRDA:232,19,0,0
BRDA:232,19,1,1
BRDA:238,20,0,0
BRDA:238,20,1,1
BRDA:244,21,0,1
BRDA:244,21,1,0
BRDA:253,22,0,3
BRDA:253,22,1,0
BRDA:253,23,0,3
BRDA:253,23,1,3
BRDA:253,23,2,3
BRDA:258,24,0,0
BRDA:258,24,1,0
BRDA:258,25,0,0
BRDA:258,25,1,0
BRDA:272,26,0,0
BRDA:272,26,1,3
BRDA:283,27,0,3
BRDA:283,27,1,3
BRDA:296,28,0,0
BRDA:296,28,1,1
BRF:59
BRH:33
end_of_record
