TN:
SF:src/adapters/express/index.ts
FN:128,createCubeRouter
FN:171,(anonymous_1)
FN:178,(anonymous_2)
FN:216,(anonymous_3)
FN:270,(anonymous_4)
FN:312,(anonymous_5)
FN:334,(anonymous_6)
FN:377,(anonymous_7)
FN:427,(anonymous_8)
FN:452,(anonymous_9)
FN:485,(anonymous_10)
FN:528,(anonymous_11)
FN:627,(anonymous_12)
FN:639,(anonymous_13)
FN:643,(anonymous_14)
FN:652,(anonymous_15)
FN:660,(anonymous_16)
FN:673,mountCubeRoutes
FN:697,createCubeApp
FNF:19
FNH:12
FNDA:28,createCubeRouter
FNDA:24,(anonymous_1)
FNDA:28,(anonymous_2)
FNDA:8,(anonymous_3)
FNDA:12,(anonymous_4)
FNDA:16,(anonymous_5)
FNDA:4,(anonymous_6)
FNDA:4,(anonymous_7)
FNDA:4,(anonymous_8)
FNDA:4,(anonymous_9)
FNDA:0,(anonymous_10)
FNDA:0,(anonymous_11)
FNDA:0,(anonymous_12)
FNDA:0,(anonymous_13)
FNDA:0,(anonymous_14)
FNDA:0,(anonymous_15)
FNDA:0,(anonymous_16)
FNDA:8,mountCubeRoutes
FNDA:4,createCubeApp
DA:142,28
DA:145,28
DA:146,4
DA:149,24
DA:152,24
DA:153,4
DA:157,24
DA:160,24
DA:163,24
DA:171,24
DA:172,24
DA:178,24
DA:179,28
DA:181,28
DA:184,28
DA:187,28
DA:188,28
DA:189,8
DA:196,20
DA:199,20
DA:202,20
DA:205,0
DA:206,0
DA:216,24
DA:217,8
DA:218,8
DA:219,8
DA:220,0
DA:227,8
DA:228,8
DA:230,4
DA:237,4
DA:240,4
DA:241,4
DA:242,0
DA:249,4
DA:252,4
DA:255,4
DA:258,0
DA:259,0
DA:270,24
DA:271,12
DA:272,12
DA:274,12
DA:275,3
DA:281,9
DA:282,3
DA:289,6
DA:292,6
DA:295,6
DA:297,6
DA:300,0
DA:301,0
DA:312,24
DA:313,16
DA:318,16
DA:320,16
DA:323,0
DA:324,0
DA:334,24
DA:335,4
DA:336,4
DA:338,4
DA:341,4
DA:342,4
DA:343,0
DA:350,4
DA:351,4
DA:352,0
DA:358,4
DA:361,4
DA:363,4
DA:366,0
DA:367,0
DA:377,24
DA:378,4
DA:379,4
DA:380,4
DA:381,0
DA:387,4
DA:388,4
DA:391,4
DA:392,4
DA:393,0
DA:400,4
DA:401,4
DA:402,0
DA:408,4
DA:411,4
DA:413,4
DA:416,0
DA:417,0
DA:427,24
DA:428,4
DA:430,4
DA:433,4
DA:436,4
DA:438,4
DA:441,0
DA:442,0
DA:452,24
DA:453,4
DA:454,4
DA:455,4
DA:456,0
DA:462,4
DA:465,4
DA:468,4
DA:470,4
DA:473,0
DA:474,0
DA:485,24
DA:486,0
DA:488,0
DA:489,0
DA:492,0
DA:495,0
DA:496,0
DA:497,0
DA:503,0
DA:505,0
DA:508,0
DA:509,0
DA:519,24
DA:520,24
DA:528,24
DA:530,0
DA:534,0
DA:535,0
DA:539,0
DA:540,0
DA:541,0
DA:544,0
DA:545,0
DA:546,0
DA:552,0
DA:553,0
DA:554,0
DA:557,0
DA:558,0
DA:560,0
DA:561,0
DA:573,0
DA:574,0
DA:578,0
DA:582,0
DA:583,0
DA:586,0
DA:587,0
DA:588,0
DA:589,0
DA:590,0
DA:591,0
DA:592,0
DA:593,0
DA:594,0
DA:595,0
DA:598,0
DA:601,0
DA:602,0
DA:603,0
DA:606,0
DA:607,0
DA:608,0
DA:609,0
DA:610,0
DA:612,0
DA:613,0
DA:614,0
DA:615,0
DA:616,0
DA:617,0
DA:618,0
DA:619,0
DA:620,0
DA:623,0
DA:627,24
DA:628,0
DA:629,0
DA:630,0
DA:631,0
DA:632,0
DA:633,0
DA:639,0
DA:640,0
DA:643,0
DA:644,0
DA:652,24
DA:655,0
DA:660,24
DA:661,0
DA:662,0
DA:663,0
DA:667,24
DA:677,8
DA:678,8
DA:679,8
DA:700,4
DA:701,4
LF:199
LH:100
BRDA:138,0,0,28
BRDA:139,1,0,28
BRDA:141,2,0,28
BRDA:145,3,0,4
BRDA:145,3,1,24
BRDA:145,4,0,28
BRDA:145,4,1,28
BRDA:152,5,0,4
BRDA:152,5,1,20
BRDA:181,6,0,28
BRDA:181,6,1,28
BRDA:188,7,0,8
BRDA:188,7,1,20
BRDA:207,8,0,0
BRDA:207,8,1,0
BRDA:219,9,0,0
BRDA:219,9,1,8
BRDA:241,10,0,0
BRDA:241,10,1,4
BRDA:260,11,0,0
BRDA:260,11,1,0
BRDA:274,12,0,3
BRDA:274,12,1,9
BRDA:274,13,0,12
BRDA:274,13,1,9
BRDA:281,14,0,3
BRDA:281,14,1,6
BRDA:302,15,0,0
BRDA:302,15,1,0
BRDA:325,16,0,0
BRDA:325,16,1,0
BRDA:342,17,0,0
BRDA:342,17,1,4
BRDA:350,18,0,4
BRDA:350,18,1,0
BRDA:351,19,0,0
BRDA:351,19,1,4
BRDA:368,20,0,0
BRDA:368,20,1,0
BRDA:380,21,0,0
BRDA:380,21,1,4
BRDA:392,22,0,0
BRDA:392,22,1,4
BRDA:400,23,0,4
BRDA:400,23,1,0
BRDA:401,24,0,0
BRDA:401,24,1,4
BRDA:418,25,0,0
BRDA:418,25,1,0
BRDA:430,26,0,4
BRDA:430,26,1,4
BRDA:443,27,0,0
BRDA:443,27,1,0
BRDA:455,28,0,0
BRDA:455,28,1,4
BRDA:475,29,0,0
BRDA:475,29,1,0
BRDA:488,30,0,0
BRDA:488,30,1,0
BRDA:489,31,0,0
BRDA:489,31,1,0
BRDA:496,32,0,0
BRDA:496,32,1,0
BRDA:510,33,0,0
BRDA:510,33,1,0
BRDA:519,34,0,24
BRDA:519,34,1,0
BRDA:520,35,0,24
BRDA:520,35,1,24
BRDA:532,36,0,0
BRDA:532,36,1,0
BRDA:534,37,0,0
BRDA:534,37,1,0
BRDA:540,38,0,0
BRDA:540,38,1,0
BRDA:545,39,0,0
BRDA:545,39,1,0
BRDA:553,40,0,0
BRDA:553,40,1,0
BRDA:573,41,0,0
BRDA:573,41,1,0
BRDA:578,42,0,0
BRDA:578,42,1,0
BRDA:578,43,0,0
BRDA:578,43,1,0
BRDA:578,43,2,0
BRDA:578,43,3,0
BRDA:582,44,0,0
BRDA:582,44,1,0
BRDA:586,45,0,0
BRDA:586,45,1,0
BRDA:587,46,0,0
BRDA:587,46,1,0
BRDA:601,47,0,0
BRDA:601,47,1,0
BRDA:607,48,0,0
BRDA:607,48,1,0
BRDA:609,49,0,0
BRDA:609,49,1,0
BRDA:610,50,0,0
BRDA:610,50,1,0
BRDA:612,51,0,0
BRDA:612,51,1,0
BRDA:662,52,0,0
BRDA:662,52,1,0
BRF:105
BRH:34
end_of_record
TN:
SF:src/adapters/fastify/index.ts
FN:126,cubePlugin2
FN:155,(anonymous_1)
FN:170,(anonymous_2)
FN:185,(anonymous_3)
FN:234,(anonymous_4)
FN:296,(anonymous_5)
FN:338,(anonymous_6)
FN:368,(anonymous_7)
FN:421,(anonymous_8)
FN:473,(anonymous_9)
FN:509,(anonymous_10)
FN:544,(anonymous_11)
FN:594,(anonymous_12)
FN:691,(anonymous_13)
FN:705,(anonymous_14)
FN:709,(anonymous_15)
FN:718,(anonymous_16)
FN:727,(anonymous_17)
FN:744,registerCubeRoutes
FN:766,createCubeApp
FNF:20
FNH:13
FNDA:24,cubePlugin2
FNDA:92,(anonymous_1)
FNDA:20,(anonymous_2)
FNDA:32,(anonymous_3)
FNDA:8,(anonymous_4)
FNDA:9,(anonymous_5)
FNDA:16,(anonymous_6)
FNDA:4,(anonymous_7)
FNDA:8,(anonymous_8)
FNDA:4,(anonymous_9)
FNDA:4,(anonymous_10)
FNDA:0,(anonymous_11)
FNDA:0,(anonymous_12)
FNDA:0,(anonymous_13)
FNDA:0,(anonymous_14)
FNDA:0,(anonymous_15)
FNDA:0,(anonymous_16)
FNDA:7,(anonymous_17)
FNDA:0,registerCubeRoutes
FNDA:4,createCubeApp
DA:126,4
DA:142,24
DA:145,24
DA:146,4
DA:150,20
DA:151,4
DA:155,20
DA:156,92
DA:157,56
DA:162,20
DA:170,20
DA:171,20
DA:177,20
DA:186,32
DA:188,32
DA:189,32
DA:192,32
DA:195,32
DA:196,32
DA:197,8
DA:204,24
DA:207,24
DA:210,24
DA:213,0
DA:214,0
DA:224,20
DA:235,8
DA:236,8
DA:239,8
DA:240,8
DA:242,4
DA:249,4
DA:252,4
DA:253,4
DA:254,0
DA:261,4
DA:264,4
DA:267,4
DA:270,0
DA:271,0
DA:282,20
DA:297,9
DA:298,9
DA:300,9
DA:301,0
DA:307,9
DA:308,3
DA:315,6
DA:318,6
DA:321,6
DA:323,6
DA:326,0
DA:327,0
DA:338,20
DA:339,16
DA:344,16
DA:346,16
DA:349,0
DA:350,0
DA:360,20
DA:369,4
DA:370,4
DA:372,4
DA:375,4
DA:376,4
DA:377,0
DA:384,4
DA:385,4
DA:386,0
DA:392,4
DA:395,4
DA:397,4
DA:400,0
DA:401,0
DA:411,20
DA:422,8
DA:423,8
DA:425,8
DA:426,8
DA:429,4
DA:430,4
DA:431,0
DA:438,4
DA:439,8
DA:440,0
DA:446,4
DA:449,4
DA:451,4
DA:454,4
DA:455,4
DA:465,20
DA:474,4
DA:476,4
DA:477,4
DA:480,4
DA:483,4
DA:485,4
DA:488,0
DA:489,0
DA:499,20
DA:510,4
DA:511,4
DA:513,4
DA:516,4
DA:519,4
DA:521,4
DA:524,0
DA:525,0
DA:536,20
DA:545,0
DA:547,0
DA:548,0
DA:549,0
DA:552,0
DA:555,0
DA:556,0
DA:557,0
DA:563,0
DA:565,0
DA:568,0
DA:569,0
DA:579,20
DA:580,20
DA:586,20
DA:596,0
DA:600,0
DA:601,0
DA:605,0
DA:606,0
DA:607,0
DA:610,0
DA:611,0
DA:612,0
DA:618,0
DA:619,0
DA:620,0
DA:623,0
DA:624,0
DA:626,0
DA:627,0
DA:639,0
DA:640,0
DA:644,0
DA:648,0
DA:649,0
DA:652,0
DA:653,0
DA:654,0
DA:655,0
DA:660,0
DA:663,0
DA:666,0
DA:667,0
DA:668,0
DA:671,0
DA:672,0
DA:673,0
DA:674,0
DA:675,0
DA:677,0
DA:678,0
DA:679,0
DA:684,0
DA:687,0
DA:691,20
DA:692,0
DA:693,0
DA:699,0
DA:705,0
DA:706,0
DA:709,0
DA:710,0
DA:718,20
DA:721,0
DA:727,20
DA:728,7
DA:730,7
DA:731,7
DA:734,7
DA:735,7
DA:738,20
DA:748,0
DA:769,4
DA:773,4
DA:775,4
LF:185
LH:104
BRDA:138,0,0,24
BRDA:139,1,0,24
BRDA:141,2,0,24
BRDA:145,3,0,4
BRDA:145,3,1,20
BRDA:145,4,0,24
BRDA:145,4,1,24
BRDA:150,5,0,4
BRDA:150,5,1,16
BRDA:156,6,0,56
BRDA:156,6,1,36
BRDA:189,7,0,32
BRDA:189,7,1,28
BRDA:196,8,0,8
BRDA:196,8,1,24
BRDA:215,9,0,0
BRDA:215,9,1,0
BRDA:253,10,0,0
BRDA:253,10,1,4
BRDA:272,11,0,0
BRDA:272,11,1,0
BRDA:300,12,0,0
BRDA:300,12,1,9
BRDA:300,13,0,9
BRDA:300,13,1,9
BRDA:307,14,0,3
BRDA:307,14,1,6
BRDA:328,15,0,0
BRDA:328,15,1,0
BRDA:351,16,0,0
BRDA:351,16,1,0
BRDA:376,17,0,0
BRDA:376,17,1,4
BRDA:384,18,0,4
BRDA:384,18,1,0
BRDA:385,19,0,0
BRDA:385,19,1,4
BRDA:402,20,0,0
BRDA:402,20,1,0
BRDA:430,21,0,0
BRDA:430,21,1,4
BRDA:438,22,0,4
BRDA:438,22,1,0
BRDA:439,23,0,0
BRDA:439,23,1,8
BRDA:456,24,0,4
BRDA:456,24,1,0
BRDA:477,25,0,4
BRDA:477,25,1,4
BRDA:490,26,0,0
BRDA:490,26,1,0
BRDA:526,27,0,0
BRDA:526,27,1,0
BRDA:548,28,0,0
BRDA:548,28,1,0
BRDA:549,29,0,0
BRDA:549,29,1,0
BRDA:556,30,0,0
BRDA:556,30,1,0
BRDA:570,31,0,0
BRDA:570,31,1,0
BRDA:579,32,0,20
BRDA:579,32,1,0
BRDA:580,33,0,20
BRDA:580,33,1,20
BRDA:598,34,0,0
BRDA:598,34,1,0
BRDA:600,35,0,0
BRDA:600,35,1,0
BRDA:606,36,0,0
BRDA:606,36,1,0
BRDA:611,37,0,0
BRDA:611,37,1,0
BRDA:619,38,0,0
BRDA:619,38,1,0
BRDA:639,39,0,0
BRDA:639,39,1,0
BRDA:644,40,0,0
BRDA:644,40,1,0
BRDA:644,41,0,0
BRDA:644,41,1,0
BRDA:644,41,2,0
BRDA:644,41,3,0
BRDA:648,42,0,0
BRDA:648,42,1,0
BRDA:652,43,0,0
BRDA:652,43,1,0
BRDA:653,44,0,0
BRDA:653,44,1,0
BRDA:666,45,0,0
BRDA:666,45,1,0
BRDA:672,46,0,0
BRDA:672,46,1,0
BRDA:674,47,0,0
BRDA:674,47,1,0
BRDA:675,48,0,0
BRDA:675,48,1,0
BRDA:677,49,0,0
BRDA:677,49,1,0
BRDA:730,50,0,7
BRDA:730,50,1,0
BRDA:734,51,0,7
BRDA:734,51,1,0
BRF:103
BRH:35
end_of_record
TN:
SF:src/adapters/hono/index.ts
FN:127,createCubeRoutes
FN:163,(anonymous_1)
FN:170,(anonymous_2)
FN:208,(anonymous_3)
FN:258,(anonymous_4)
FN:298,(anonymous_5)
FN:319,(anonymous_6)
FN:359,(anonymous_7)
FN:406,(anonymous_8)
FN:433,(anonymous_9)
FN:466,(anonymous_10)
FN:520,(anonymous_11)
FN:544,(anonymous_12)
FN:588,(anonymous_13)
FN:623,(anonymous_14)
FN:647,(anonymous_15)
FN:653,(anonymous_16)
FN:658,(anonymous_17)
FN:665,(anonymous_18)
FN:669,(anonymous_19)
FN:692,mountCubeRoutes
FN:716,createCubeApp
FNF:22
FNH:12
FNDA:20,createCubeRoutes
FNDA:16,(anonymous_1)
FNDA:24,(anonymous_2)
FNDA:8,(anonymous_3)
FNDA:12,(anonymous_4)
FNDA:16,(anonymous_5)
FNDA:4,(anonymous_6)
FNDA:8,(anonymous_7)
FNDA:8,(anonymous_8)
FNDA:8,(anonymous_9)
FNDA:0,(anonymous_10)
FNDA:0,(anonymous_11)
FNDA:0,(anonymous_12)
FNDA:0,(anonymous_13)
FNDA:0,(anonymous_14)
FNDA:0,(anonymous_15)
FNDA:0,(anonymous_16)
FNDA:0,(anonymous_17)
FNDA:0,(anonymous_18)
FNDA:0,(anonymous_19)
FNDA:8,mountCubeRoutes
FNDA:4,createCubeApp
DA:140,20
DA:143,20
DA:144,4
DA:147,16
DA:150,16
DA:151,0
DA:155,16
DA:163,16
DA:164,16
DA:170,16
DA:171,24
DA:172,24
DA:175,24
DA:178,24
DA:181,24
DA:182,24
DA:183,8
DA:189,16
DA:192,16
DA:195,16
DA:198,0
DA:199,0
DA:208,16
DA:209,8
DA:210,8
DA:211,8
DA:212,0
DA:218,8
DA:219,8
DA:221,4
DA:227,4
DA:230,4
DA:231,4
DA:232,0
DA:238,4
DA:241,4
DA:244,4
DA:247,0
DA:248,0
DA:258,16
DA:259,12
DA:260,12
DA:261,12
DA:263,12
DA:264,3
DA:269,9
DA:270,3
DA:276,6
DA:279,6
DA:282,6
DA:284,6
DA:287,0
DA:288,0
DA:298,16
DA:299,16
DA:304,16
DA:306,16
DA:309,0
DA:310,0
DA:319,16
DA:320,4
DA:321,4
DA:323,4
DA:326,4
DA:327,4
DA:328,0
DA:334,4
DA:335,4
DA:336,0
DA:341,4
DA:344,4
DA:346,4
DA:349,0
DA:350,0
DA:359,16
DA:360,8
DA:361,8
DA:362,8
DA:363,4
DA:368,4
DA:369,4
DA:372,4
DA:373,4
DA:374,0
DA:380,4
DA:381,8
DA:382,0
DA:387,4
DA:390,4
DA:392,4
DA:395,0
DA:396,0
DA:406,16
DA:407,8
DA:408,8
DA:411,8
DA:414,8
DA:417,8
DA:419,4
DA:422,4
DA:423,4
DA:433,16
DA:434,8
DA:435,8
DA:436,8
DA:437,4
DA:443,4
DA:446,4
DA:449,4
DA:451,4
DA:454,0
DA:455,0
DA:466,16
DA:467,0
DA:468,0
DA:471,0
DA:472,0
DA:475,0
DA:478,0
DA:479,0
DA:480,0
DA:486,0
DA:488,0
DA:491,0
DA:492,0
DA:502,16
DA:504,16
DA:511,16
DA:512,16
DA:514,16
DA:520,16
DA:522,0
DA:526,0
DA:527,0
DA:531,0
DA:532,0
DA:533,0
DA:536,0
DA:537,0
DA:538,0
DA:544,0
DA:545,0
DA:546,0
DA:547,0
DA:550,0
DA:551,0
DA:553,0
DA:554,0
DA:568,0
DA:569,0
DA:572,0
DA:575,0
DA:579,0
DA:580,0
DA:581,0
DA:584,0
DA:585,0
DA:586,0
DA:587,0
DA:589,0
DA:590,0
DA:591,0
DA:594,0
DA:605,0
DA:608,0
DA:609,0
DA:610,0
DA:613,0
DA:614,0
DA:615,0
DA:616,0
DA:617,0
DA:619,0
DA:620,0
DA:621,0
DA:622,0
DA:624,0
DA:625,0
DA:626,0
DA:629,0
DA:639,0
DA:647,16
DA:650,0
DA:653,16
DA:654,0
DA:655,0
DA:657,0
DA:659,0
DA:665,0
DA:666,0
DA:670,0
DA:674,0
DA:686,16
DA:696,8
DA:697,8
DA:698,8
DA:719,4
DA:720,4
LF:198
LH:106
BRDA:137,0,0,20
BRDA:139,1,0,20
BRDA:143,2,0,4
BRDA:143,2,1,16
BRDA:143,3,0,20
BRDA:143,3,1,20
BRDA:150,4,0,0
BRDA:150,4,1,16
BRDA:175,5,0,24
BRDA:175,5,1,24
BRDA:182,6,0,8
BRDA:182,6,1,16
BRDA:200,7,0,0
BRDA:200,7,1,0
BRDA:211,8,0,0
BRDA:211,8,1,8
BRDA:231,9,0,0
BRDA:231,9,1,4
BRDA:249,10,0,0
BRDA:249,10,1,0
BRDA:263,11,0,3
BRDA:263,11,1,9
BRDA:263,12,0,12
BRDA:263,12,1,9
BRDA:269,13,0,3
BRDA:269,13,1,6
BRDA:289,14,0,0
BRDA:289,14,1,0
BRDA:311,15,0,0
BRDA:311,15,1,0
BRDA:327,16,0,0
BRDA:327,16,1,4
BRDA:334,17,0,4
BRDA:334,17,1,0
BRDA:335,18,0,0
BRDA:335,18,1,4
BRDA:351,19,0,0
BRDA:351,19,1,0
BRDA:362,20,0,4
BRDA:362,20,1,4
BRDA:373,21,0,0
BRDA:373,21,1,4
BRDA:380,22,0,4
BRDA:380,22,1,0
BRDA:381,23,0,0
BRDA:381,23,1,8
BRDA:397,24,0,0
BRDA:397,24,1,0
BRDA:411,25,0,8
BRDA:411,25,1,8
BRDA:424,26,0,4
BRDA:424,26,1,0
BRDA:436,27,0,4
BRDA:436,27,1,4
BRDA:456,28,0,0
BRDA:456,28,1,0
BRDA:471,29,0,0
BRDA:471,29,1,0
BRDA:472,30,0,0
BRDA:472,30,1,0
BRDA:479,31,0,0
BRDA:479,31,1,0
BRDA:493,32,0,0
BRDA:493,32,1,0
BRDA:502,33,0,16
BRDA:502,33,1,0
BRDA:514,34,0,16
BRDA:514,34,1,16
BRDA:524,35,0,0
BRDA:524,35,1,0
BRDA:526,36,0,0
BRDA:526,36,1,0
BRDA:532,37,0,0
BRDA:532,37,1,0
BRDA:537,38,0,0
BRDA:537,38,1,0
BRDA:546,39,0,0
BRDA:546,39,1,0
BRDA:568,40,0,0
BRDA:568,40,1,0
BRDA:572,41,0,0
BRDA:572,41,1,0
BRDA:575,42,0,0
BRDA:575,42,1,0
BRDA:575,43,0,0
BRDA:575,43,1,0
BRDA:575,43,2,0
BRDA:575,43,3,0
BRDA:580,44,0,0
BRDA:580,44,1,0
BRDA:584,45,0,0
BRDA:584,45,1,0
BRDA:608,46,0,0
BRDA:608,46,1,0
BRDA:614,47,0,0
BRDA:614,47,1,0
BRDA:616,48,0,0
BRDA:616,48,1,0
BRDA:617,49,0,0
BRDA:617,49,1,0
BRDA:619,50,0,0
BRDA:619,50,1,0
BRF:102
BRH:35
end_of_record
TN:
SF:src/adapters/mcp-transport.ts
FN:59,negotiateProtocol
FN:69,wantsEventStream
FN:71,(anonymous_2)
FN:94,validateAcceptHeader
FN:96,(anonymous_4)
FN:97,(anonymous_5)
FN:98,(anonymous_6)
FN:122,validateOriginHeader
FN:150,(anonymous_8)
FN:164,serializeSseEvent
FN:178,buildJsonRpcError
FN:186,buildJsonRpcResult
FN:194,parseJsonRpc
FN:207,dispatchMcpMethod
FN:264,(anonymous_14)
FN:278,(anonymous_15)
FN:293,(anonymous_16)
FN:308,(anonymous_17)
FN:339,jsonRpcError
FN:348,normalizeHeader
FN:356,isNotification
FN:360,primeEventId
FN:364,buildToolList
FN:464,executeToolCall
FN:490,wrapContent
FN:615,getDefaultResources
FN:619,getDefaultPrompts
FNF:27
FNH:27
FNDA:28,negotiateProtocol
FNDA:40,wantsEventStream
FNDA:44,(anonymous_2)
FNDA:32,validateAcceptHeader
FNDA:40,(anonymous_4)
FNDA:28,(anonymous_5)
FNDA:36,(anonymous_6)
FNDA:36,validateOriginHeader
FNDA:20,(anonymous_8)
FNDA:24,serializeSseEvent
FNDA:20,buildJsonRpcError
FNDA:16,buildJsonRpcResult
FNDA:36,parseJsonRpc
FNDA:120,dispatchMcpMethod
FNDA:8,(anonymous_14)
FNDA:12,(anonymous_15)
FNDA:16,(anonymous_16)
FNDA:20,(anonymous_17)
FNDA:40,jsonRpcError
FNDA:48,normalizeHeader
FNDA:20,isNotification
FNDA:32,primeEventId
FNDA:16,buildToolList
FNDA:28,executeToolCall
FNDA:12,wrapContent
FNDA:28,getDefaultResources
FNDA:28,getDefaultPrompts
DA:56,20
DA:57,20
DA:60,28
DA:61,28
DA:62,28
DA:70,40
DA:71,44
DA:72,32
DA:73,32
DA:75,32
DA:81,20
DA:86,20
DA:95,32
DA:96,40
DA:97,28
DA:98,36
DA:99,24
DA:126,36
DA:129,36
DA:130,12
DA:131,8
DA:133,4
DA:137,24
DA:138,8
DA:143,16
DA:144,16
DA:146,4
DA:150,12
DA:151,20
DA:152,20
DA:154,0
DA:157,12
DA:158,8
DA:161,4
DA:165,24
DA:166,24
DA:167,8
DA:169,24
DA:170,4
DA:172,24
DA:173,24
DA:174,24
DA:175,24
DA:179,20
DA:187,16
DA:195,36
DA:196,20
DA:197,20
DA:198,8
DA:204,8
DA:212,120
DA:213,120
DA:214,120
DA:216,120
DA:220,16
DA:223,16
DA:225,4
DA:228,12
DA:231,16
DA:256,16
DA:260,28
DA:263,4
DA:264,8
DA:274,4
DA:277,8
DA:278,12
DA:279,8
DA:280,8
DA:292,4
DA:293,16
DA:298,4
DA:304,4
DA:307,8
DA:308,20
DA:309,8
DA:310,8
DA:318,4
DA:320,8
DA:321,8
DA:322,4
DA:324,4
DA:327,8
DA:328,8
DA:329,4
DA:331,4
DA:332,4
DA:335,4
DA:340,40
DA:341,40
DA:342,40
DA:343,4
DA:345,40
DA:349,48
DA:350,36
DA:351,16
DA:353,20
DA:357,20
DA:361,32
DA:365,16
DA:465,28
DA:466,28
DA:467,28
DA:468,4
DA:470,24
DA:471,24
DA:473,4
DA:475,8
DA:476,8
DA:477,4
DA:480,8
DA:481,8
DA:482,4
DA:483,4
DA:486,4
DA:491,12
DA:508,20
DA:510,20
DA:616,28
DA:620,28
LF:119
LH:118
BRDA:61,0,0,28
BRDA:61,0,1,8
BRDA:64,1,0,24
BRDA:64,1,1,4
BRDA:70,2,0,8
BRDA:70,2,1,32
BRDA:75,3,0,32
BRDA:75,3,1,28
BRDA:95,4,0,8
BRDA:95,4,1,24
BRDA:99,5,0,24
BRDA:99,5,1,20
BRDA:124,6,0,36
BRDA:126,7,0,36
BRDA:129,8,0,12
BRDA:129,8,1,24
BRDA:130,9,0,8
BRDA:130,9,1,4
BRDA:137,10,0,8
BRDA:137,10,1,16
BRDA:137,11,0,24
BRDA:137,11,1,20
BRDA:157,12,0,8
BRDA:157,12,1,4
BRDA:166,13,0,8
BRDA:166,13,1,16
BRDA:169,14,0,4
BRDA:169,14,1,20
BRDA:169,15,0,24
BRDA:169,15,1,8
BRDA:181,16,0,20
BRDA:181,16,1,8
BRDA:182,17,0,4
BRDA:182,17,1,16
BRDA:189,18,0,16
BRDA:189,18,1,4
BRDA:195,19,0,16
BRDA:195,19,1,20
BRDA:195,20,0,36
BRDA:195,20,1,28
BRDA:197,21,0,12
BRDA:197,21,1,8
BRDA:197,22,0,20
BRDA:197,22,1,16
BRDA:213,23,0,120
BRDA:213,23,1,120
BRDA:214,24,0,120
BRDA:214,24,1,120
BRDA:216,25,0,16
BRDA:216,25,1,4
BRDA:216,25,2,16
BRDA:216,25,3,0
BRDA:216,25,4,28
BRDA:216,25,5,4
BRDA:216,25,6,4
BRDA:216,25,7,8
BRDA:216,25,8,4
BRDA:216,25,9,4
BRDA:216,25,10,4
BRDA:216,25,11,8
BRDA:216,25,12,4
BRDA:216,25,13,8
BRDA:216,25,14,8
BRDA:216,25,15,4
BRDA:223,26,0,4
BRDA:223,26,1,12
BRDA:223,27,0,16
BRDA:223,27,1,8
BRDA:249,28,0,16
BRDA:249,28,1,0
BRDA:249,29,0,16
BRDA:249,29,1,0
BRDA:278,30,0,8
BRDA:278,30,1,4
BRDA:279,31,0,0
BRDA:279,31,1,8
BRDA:308,32,0,8
BRDA:308,32,1,4
BRDA:309,33,0,0
BRDA:309,33,1,8
BRDA:318,34,0,4
BRDA:318,34,1,0
BRDA:320,35,0,8
BRDA:320,35,1,0
BRDA:321,36,0,4
BRDA:321,36,1,4
BRDA:327,37,0,8
BRDA:327,37,1,0
BRDA:328,38,0,4
BRDA:328,38,1,4
BRDA:342,39,0,4
BRDA:342,39,1,36
BRDA:349,40,0,12
BRDA:349,40,1,36
BRDA:350,41,0,16
BRDA:350,41,1,20
BRDA:351,42,0,16
BRDA:351,42,1,8
BRDA:357,43,0,20
BRDA:357,43,1,16
BRDA:466,44,0,28
BRDA:466,44,1,0
BRDA:467,45,0,4
BRDA:467,45,1,24
BRDA:471,46,0,24
BRDA:471,46,1,8
BRDA:471,46,2,8
BRDA:471,46,3,4
BRDA:473,47,0,4
BRDA:473,47,1,0
BRDA:475,48,0,8
BRDA:475,48,1,0
BRDA:476,49,0,4
BRDA:476,49,1,4
BRDA:480,50,0,8
BRDA:480,50,1,0
BRDA:481,51,0,4
BRDA:481,51,1,4
BRDA:495,52,0,0
BRDA:495,52,1,12
BRF:120
BRH:107
end_of_record
TN:
SF:src/adapters/nextjs/index.ts
FN:171,createSemanticLayer
FN:190,(anonymous_1)
FN:200,getCorsHeaders
FN:240,createOptionsHandler
FN:241,optionsHandler
FN:253,createLoadHandler
FN:261,loadHandler
FN:329,createMetaHandler
FN:337,metaHandler
FN:368,createSqlHandler
FN:376,sqlHandler
FN:454,createDryRunHandler
FN:462,dryRunHandler
FN:521,createBatchHandler
FN:529,batchHandler
FN:587,createExplainHandler
FN:595,explainHandler
FN:650,createDiscoverHandler
FN:658,discoverHandler
FN:692,createSuggestHandler
FN:700,suggestHandler
FN:741,createValidateHandler
FN:749,validateHandler
FN:791,createMcpLoadHandler
FN:799,mcpLoadHandler
FN:842,createMcpRpcHandler
FN:849,mcpRpcHandler
FN:862,(anonymous_27)
FN:878,(anonymous_28)
FN:937,(anonymous_29)
FN:949,(anonymous_30)
FN:974,(anonymous_31)
FN:989,(anonymous_32)
FN:1017,(anonymous_33)
FN:1031,(anonymous_34)
FN:1061,createCubeHandlers
FNF:36
FNH:18
FNDA:175,createSemanticLayer
FNDA:175,(anonymous_1)
FNDA:66,getCorsHeaders
FNDA:16,createOptionsHandler
FNDA:12,optionsHandler
FNDA:63,createLoadHandler
FNDA:44,loadHandler
FNDA:19,createMetaHandler
FNDA:8,metaHandler
FNDA:27,createSqlHandler
FNDA:16,sqlHandler
FNDA:27,createDryRunHandler
FNDA:16,dryRunHandler
FNDA:25,createBatchHandler
FNDA:15,batchHandler
FNDA:7,createExplainHandler
FNDA:0,explainHandler
FNDA:0,createDiscoverHandler
FNDA:0,discoverHandler
FNDA:0,createSuggestHandler
FNDA:0,suggestHandler
FNDA:0,createValidateHandler
FNDA:0,validateHandler
FNDA:0,createMcpLoadHandler
FNDA:0,mcpLoadHandler
FNDA:7,createMcpRpcHandler
FNDA:0,mcpRpcHandler
FNDA:0,(anonymous_27)
FNDA:0,(anonymous_28)
FNDA:0,(anonymous_29)
FNDA:0,(anonymous_30)
FNDA:0,(anonymous_31)
FNDA:0,(anonymous_32)
FNDA:0,(anonymous_33)
FNDA:0,(anonymous_34)
FNDA:7,createCubeHandlers
DA:174,175
DA:177,175
DA:178,0
DA:182,175
DA:190,175
DA:191,175
DA:194,175
DA:201,66
DA:202,66
DA:205,66
DA:206,66
DA:207,58
DA:208,8
DA:209,4
DA:210,4
DA:212,4
DA:213,4
DA:214,4
DA:220,66
DA:221,66
DA:225,66
DA:226,58
DA:230,66
DA:231,58
DA:234,66
DA:241,16
DA:242,12
DA:243,12
DA:256,63
DA:259,63
DA:261,63
DA:262,44
DA:265,44
DA:266,28
DA:267,28
DA:268,16
DA:269,12
DA:270,12
DA:271,4
DA:276,8
DA:277,8
DA:279,4
DA:285,4
DA:291,32
DA:293,28
DA:294,28
DA:295,4
DA:302,24
DA:304,24
DA:305,24
DA:307,24
DA:312,4
DA:313,0
DA:315,4
DA:332,19
DA:335,19
DA:337,19
DA:338,8
DA:343,8
DA:344,8
DA:346,8
DA:351,0
DA:352,0
DA:354,0
DA:371,27
DA:374,27
DA:376,27
DA:377,16
DA:380,16
DA:381,8
DA:382,8
DA:383,8
DA:384,4
DA:385,4
DA:386,0
DA:391,4
DA:392,4
DA:394,0
DA:400,4
DA:406,12
DA:409,12
DA:410,12
DA:411,4
DA:418,8
DA:419,16
DA:420,0
DA:426,8
DA:429,8
DA:430,8
DA:432,8
DA:437,0
DA:438,0
DA:440,0
DA:457,27
DA:460,27
DA:462,27
DA:463,16
DA:466,16
DA:467,8
DA:468,8
DA:469,8
DA:470,8
DA:471,8
DA:472,4
DA:477,4
DA:478,4
DA:480,0
DA:486,0
DA:493,12
DA:496,12
DA:498,8
DA:503,4
DA:504,0
DA:506,4
DA:524,25
DA:527,25
DA:529,25
DA:530,15
DA:531,15
DA:532,3
DA:538,12
DA:539,12
DA:541,12
DA:542,3
DA:548,9
DA:549,3
DA:556,6
DA:559,6
DA:562,6
DA:564,6
DA:569,0
DA:570,0
DA:572,0
DA:590,7
DA:593,7
DA:595,7
DA:596,0
DA:597,0
DA:598,0
DA:604,0
DA:605,0
DA:606,0
DA:609,0
DA:612,0
DA:613,0
DA:614,0
DA:621,0
DA:627,0
DA:632,0
DA:633,0
DA:635,0
DA:653,0
DA:656,0
DA:658,0
DA:659,0
DA:660,0
DA:661,0
DA:667,0
DA:668,0
DA:670,0
DA:675,0
DA:676,0
DA:678,0
DA:695,0
DA:698,0
DA:700,0
DA:701,0
DA:702,0
DA:703,0
DA:709,0
DA:710,0
DA:711,0
DA:717,0
DA:719,0
DA:724,0
DA:725,0
DA:727,0
DA:744,0
DA:747,0
DA:749,0
DA:750,0
DA:751,0
DA:752,0
DA:758,0
DA:759,0
DA:760,0
DA:766,0
DA:768,0
DA:773,0
DA:774,0
DA:776,0
DA:794,0
DA:797,0
DA:799,0
DA:800,0
DA:801,0
DA:802,0
DA:808,0
DA:809,0
DA:810,0
DA:816,0
DA:817,0
DA:819,0
DA:824,0
DA:825,0
DA:827,0
DA:845,7
DA:847,7
DA:849,7
DA:851,0
DA:852,0
DA:858,0
DA:859,0
DA:860,0
DA:861,0
DA:863,0
DA:871,0
DA:876,0
DA:877,0
DA:878,0
DA:880,0
DA:883,0
DA:884,0
DA:891,0
DA:895,0
DA:896,0
DA:903,0
DA:904,0
DA:905,0
DA:911,0
DA:912,0
DA:913,0
DA:919,0
DA:920,0
DA:921,0
DA:923,0
DA:926,0
DA:927,0
DA:928,0
DA:934,0
DA:935,0
DA:937,0
DA:938,0
DA:943,0
DA:944,0
DA:949,0
DA:955,0
DA:956,0
DA:960,0
DA:964,0
DA:965,0
DA:966,0
DA:969,0
DA:970,0
DA:971,0
DA:972,0
DA:973,0
DA:975,0
DA:976,0
DA:977,0
DA:981,0
DA:987,0
DA:988,0
DA:989,0
DA:992,0
DA:995,0
DA:998,0
DA:999,0
DA:1000,0
DA:1002,0
DA:1005,0
DA:1006,0
DA:1008,0
DA:1009,0
DA:1010,0
DA:1011,0
DA:1013,0
DA:1014,0
DA:1015,0
DA:1016,0
DA:1018,0
DA:1019,0
DA:1020,0
DA:1024,0
DA:1029,0
DA:1030,0
DA:1031,0
DA:1034,0
DA:1037,0
DA:1064,7
DA:1066,7
DA:1076,7
DA:1077,7
DA:1080,7
LF:294
LH:127
BRDA:177,0,0,0
BRDA:177,0,1,175
BRDA:177,1,0,175
BRDA:177,1,1,175
BRDA:205,2,0,66
BRDA:205,2,1,0
BRDA:206,3,0,58
BRDA:206,3,1,8
BRDA:208,4,0,4
BRDA:208,4,1,4
BRDA:209,5,0,4
BRDA:209,5,1,0
BRDA:209,6,0,4
BRDA:209,6,1,4
BRDA:212,7,0,4
BRDA:212,7,1,0
BRDA:213,8,0,4
BRDA:213,8,1,0
BRDA:213,9,0,4
BRDA:213,9,1,4
BRDA:220,10,0,66
BRDA:220,10,1,0
BRDA:225,11,0,58
BRDA:225,11,1,8
BRDA:230,12,0,58
BRDA:230,12,1,8
BRDA:265,13,0,28
BRDA:265,13,1,16
BRDA:267,14,0,28
BRDA:267,14,1,24
BRDA:268,15,0,12
BRDA:268,15,1,4
BRDA:270,16,0,4
BRDA:270,16,1,8
BRDA:294,17,0,4
BRDA:294,17,1,24
BRDA:308,18,0,24
BRDA:308,18,1,0
BRDA:312,19,0,0
BRDA:312,19,1,4
BRDA:317,20,0,4
BRDA:317,20,1,0
BRDA:347,21,0,8
BRDA:347,21,1,0
BRDA:351,22,0,0
BRDA:351,22,1,0
BRDA:356,23,0,0
BRDA:356,23,1,0
BRDA:380,24,0,8
BRDA:380,24,1,8
BRDA:382,25,0,8
BRDA:382,25,1,8
BRDA:383,26,0,4
BRDA:383,26,1,4
BRDA:385,27,0,0
BRDA:385,27,1,4
BRDA:410,28,0,4
BRDA:410,28,1,8
BRDA:418,29,0,8
BRDA:418,29,1,0
BRDA:419,30,0,0
BRDA:419,30,1,16
BRDA:433,31,0,8
BRDA:433,31,1,0
BRDA:437,32,0,0
BRDA:437,32,1,0
BRDA:442,33,0,0
BRDA:442,33,1,0
BRDA:466,34,0,8
BRDA:466,34,1,8
BRDA:468,35,0,8
BRDA:468,35,1,8
BRDA:469,36,0,8
BRDA:469,36,1,0
BRDA:471,37,0,4
BRDA:471,37,1,4
BRDA:499,38,0,8
BRDA:499,38,1,0
BRDA:503,39,0,0
BRDA:503,39,1,4
BRDA:508,40,0,4
BRDA:508,40,1,0
BRDA:531,41,0,3
BRDA:531,41,1,12
BRDA:541,42,0,3
BRDA:541,42,1,9
BRDA:541,43,0,12
BRDA:541,43,1,9
BRDA:548,44,0,3
BRDA:548,44,1,6
BRDA:565,45,0,6
BRDA:565,45,1,0
BRDA:569,46,0,0
BRDA:569,46,1,0
BRDA:574,47,0,0
BRDA:574,47,1,0
BRDA:597,48,0,0
BRDA:597,48,1,0
BRDA:605,49,0,0
BRDA:605,49,1,0
BRDA:606,50,0,0
BRDA:606,50,1,0
BRDA:613,51,0,0
BRDA:613,51,1,0
BRDA:628,52,0,0
BRDA:628,52,1,0
BRDA:632,53,0,0
BRDA:632,53,1,0
BRDA:636,54,0,0
BRDA:636,54,1,0
BRDA:660,55,0,0
BRDA:660,55,1,0
BRDA:671,56,0,0
BRDA:671,56,1,0
BRDA:675,57,0,0
BRDA:675,57,1,0
BRDA:680,58,0,0
BRDA:680,58,1,0
BRDA:702,59,0,0
BRDA:702,59,1,0
BRDA:710,60,0,0
BRDA:710,60,1,0
BRDA:720,61,0,0
BRDA:720,61,1,0
BRDA:724,62,0,0
BRDA:724,62,1,0
BRDA:729,63,0,0
BRDA:729,63,1,0
BRDA:751,64,0,0
BRDA:751,64,1,0
BRDA:759,65,0,0
BRDA:759,65,1,0
BRDA:769,66,0,0
BRDA:769,66,1,0
BRDA:773,67,0,0
BRDA:773,67,1,0
BRDA:778,68,0,0
BRDA:778,68,1,0
BRDA:801,69,0,0
BRDA:801,69,1,0
BRDA:809,70,0,0
BRDA:809,70,1,0
BRDA:820,71,0,0
BRDA:820,71,1,0
BRDA:824,72,0,0
BRDA:824,72,1,0
BRDA:829,73,0,0
BRDA:829,73,1,0
BRDA:845,74,0,7
BRDA:851,75,0,0
BRDA:851,75,1,0
BRDA:858,76,0,0
BRDA:858,76,1,0
BRDA:876,77,0,0
BRDA:876,77,1,0
BRDA:883,78,0,0
BRDA:883,78,1,0
BRDA:893,79,0,0
BRDA:893,79,1,0
BRDA:895,80,0,0
BRDA:895,80,1,0
BRDA:904,81,0,0
BRDA:904,81,1,0
BRDA:912,82,0,0
BRDA:912,82,1,0
BRDA:927,83,0,0
BRDA:927,83,1,0
BRDA:937,84,0,0
BRDA:937,85,0,0
BRDA:940,86,0,0
BRDA:940,86,1,0
BRDA:955,87,0,0
BRDA:955,87,1,0
BRDA:960,88,0,0
BRDA:960,88,1,0
BRDA:960,89,0,0
BRDA:960,89,1,0
BRDA:960,89,2,0
BRDA:960,89,3,0
BRDA:965,90,0,0
BRDA:965,90,1,0
BRDA:969,91,0,0
BRDA:969,91,1,0
BRDA:970,92,0,0
BRDA:970,92,1,0
BRDA:987,93,0,0
BRDA:987,93,1,0
BRDA:998,94,0,0
BRDA:998,94,1,0
BRDA:999,95,0,0
BRDA:999,95,1,0
BRDA:1005,96,0,0
BRDA:1005,96,1,0
BRDA:1008,97,0,0
BRDA:1008,97,1,0
BRDA:1010,98,0,0
BRDA:1010,98,1,0
BRDA:1011,99,0,0
BRDA:1011,99,1,0
BRDA:1013,100,0,0
BRDA:1013,100,1,0
BRDA:1029,101,0,0
BRDA:1029,101,1,0
BRDA:1064,102,0,7
BRDA:1076,103,0,7
BRDA:1076,103,1,0
BRF:206
BRH:68
end_of_record
TN:
SF:src/adapters/utils.ts
FN:25,calculateQueryComplexity
FN:41,extractCubeNamesFromFilter
FN:63,generateRequestId
FN:72,buildTransformedQuery
FN:104,getDatabaseType
FN:118,handleDryRun
FN:150,(anonymous_6)
FN:155,(anonymous_7)
FN:161,(anonymous_8)
FN:167,(anonymous_9)
FN:186,(anonymous_10)
FN:189,(anonymous_11)
FN:190,(anonymous_12)
FN:235,formatCubeResponse
FN:274,formatSqlString
FN:301,formatSqlResponse
FN:315,formatMetaResponse
FN:368,formatErrorResponse
FN:396,handleBatchRequest
FN:405,(anonymous_19)
FN:418,(anonymous_20)
FN:444,handleFunnelDryRun
FN:511,(anonymous_22)
FN:529,handleFlowDryRun
FN:604,handleRetentionDryRun
FN:746,handleDiscover
FN:764,handleSuggest
FN:775,handleValidate
FN:787,handleLoad
FNF:29
FNH:21
FNDA:76,calculateQueryComplexity
FNDA:0,extractCubeNamesFromFilter
FNDA:598,generateRequestId
FNDA:186,buildTransformedQuery
FNDA:150,getDatabaseType
FNDA:48,handleDryRun
FNDA:36,(anonymous_6)
FNDA:36,(anonymous_7)
FNDA:0,(anonymous_8)
FNDA:0,(anonymous_9)
FNDA:36,(anonymous_10)
FNDA:36,(anonymous_11)
FNDA:36,(anonymous_12)
FNDA:150,formatCubeResponse
FNDA:108,formatSqlString
FNDA:40,formatSqlResponse
FNDA:64,formatMetaResponse
FNDA:109,formatErrorResponse
FNDA:33,handleBatchRequest
FNDA:69,(anonymous_19)
FNDA:69,(anonymous_20)
FNDA:0,handleFunnelDryRun
FNDA:0,(anonymous_22)
FNDA:0,handleFlowDryRun
FNDA:0,handleRetentionDryRun
FNDA:8,handleDiscover
FNDA:0,handleSuggest
FNDA:8,handleValidate
FNDA:8,handleLoad
DA:26,76
DA:27,76
DA:28,76
DA:29,76
DA:30,76
DA:32,76
DA:33,16
DA:34,8
DA:43,0
DA:44,0
DA:45,0
DA:46,0
DA:48,0
DA:52,0
DA:53,0
DA:54,0
DA:55,0
DA:64,598
DA:65,598
DA:66,598
DA:73,186
DA:74,186
DA:75,186
DA:77,186
DA:106,150
DA:107,150
DA:108,150
DA:109,0
DA:112,150
DA:125,48
DA:126,0
DA:131,48
DA:132,0
DA:137,48
DA:138,0
DA:142,48
DA:143,48
DA:144,12
DA:148,36
DA:150,36
DA:151,36
DA:152,36
DA:155,48
DA:156,36
DA:157,36
DA:161,48
DA:162,0
DA:163,0
DA:167,48
DA:168,0
DA:172,48
DA:176,48
DA:178,0
DA:181,36
DA:182,36
DA:186,36
DA:189,36
DA:190,36
DA:201,36
DA:202,36
DA:205,0
DA:209,36
DA:240,150
DA:241,150
DA:242,150
DA:243,150
DA:245,150
DA:275,108
DA:277,108
DA:285,108
DA:293,4
DA:294,4
DA:305,40
DA:316,64
DA:369,109
DA:404,33
DA:408,69
DA:413,54
DA:418,33
DA:419,69
DA:421,54
DA:427,15
DA:437,33
DA:450,0
DA:451,0
DA:452,0
DA:456,0
DA:459,0
DA:460,0
DA:463,0
DA:464,0
DA:465,0
DA:466,0
DA:467,0
DA:468,0
DA:473,0
DA:474,0
DA:475,0
DA:476,0
DA:477,0
DA:478,0
DA:483,0
DA:484,0
DA:485,0
DA:490,0
DA:511,0
DA:535,0
DA:536,0
DA:537,0
DA:541,0
DA:544,0
DA:545,0
DA:548,0
DA:549,0
DA:550,0
DA:551,0
DA:552,0
DA:553,0
DA:558,0
DA:559,0
DA:560,0
DA:564,0
DA:565,0
DA:566,0
DA:570,0
DA:610,0
DA:611,0
DA:612,0
DA:616,0
DA:619,0
DA:620,0
DA:623,0
DA:624,0
DA:625,0
DA:626,0
DA:627,0
DA:631,0
DA:632,0
DA:633,0
DA:634,0
DA:635,0
DA:636,0
DA:641,0
DA:642,0
DA:643,0
DA:644,0
DA:649,0
DA:750,8
DA:751,8
DA:758,8
DA:768,0
DA:769,0
DA:779,8
DA:780,8
DA:796,8
DA:799,8
DA:800,8
DA:801,0
DA:805,8
DA:807,8
LF:160
LH:75
BRDA:27,0,0,76
BRDA:27,0,1,8
BRDA:28,1,0,76
BRDA:28,1,1,20
BRDA:29,2,0,76
BRDA:29,2,1,60
BRDA:30,3,0,76
BRDA:30,3,1,64
BRDA:32,4,0,60
BRDA:32,4,1,16
BRDA:33,5,0,8
BRDA:33,5,1,8
BRDA:43,6,0,0
BRDA:43,6,1,0
BRDA:43,7,0,0
BRDA:43,7,1,0
BRDA:44,8,0,0
BRDA:44,8,1,0
BRDA:44,8,2,0
BRDA:52,9,0,0
BRDA:52,9,1,0
BRDA:54,10,0,0
BRDA:54,10,1,0
BRDA:73,11,0,186
BRDA:73,11,1,110
BRDA:74,12,0,186
BRDA:74,12,1,178
BRDA:75,13,0,186
BRDA:75,13,1,16
BRDA:106,14,0,150
BRDA:106,14,1,0
BRDA:108,15,0,0
BRDA:108,15,1,150
BRDA:125,16,0,0
BRDA:125,16,1,48
BRDA:125,17,0,48
BRDA:125,17,1,0
BRDA:131,18,0,0
BRDA:131,18,1,48
BRDA:131,19,0,48
BRDA:131,19,1,0
BRDA:131,19,2,0
BRDA:137,20,0,0
BRDA:137,20,1,48
BRDA:137,21,0,48
BRDA:137,21,1,0
BRDA:137,21,2,0
BRDA:143,22,0,12
BRDA:143,22,1,36
BRDA:176,23,0,0
BRDA:176,23,1,36
BRDA:189,24,0,36
BRDA:189,24,1,0
BRDA:190,25,0,36
BRDA:190,25,1,0
BRDA:191,26,0,36
BRDA:191,26,1,36
BRDA:192,27,0,36
BRDA:192,27,1,36
BRDA:193,28,0,36
BRDA:193,28,1,36
BRDA:220,29,0,36
BRDA:220,29,1,0
BRDA:225,30,0,0
BRDA:225,30,1,36
BRDA:261,31,0,150
BRDA:261,31,1,0
BRDA:307,32,0,40
BRDA:307,32,1,4
BRDA:368,33,0,109
BRDA:370,34,0,11
BRDA:370,34,1,98
BRDA:419,35,0,54
BRDA:419,35,1,15
BRDA:429,36,0,15
BRDA:429,36,1,0
BRDA:451,37,0,0
BRDA:451,37,1,0
BRDA:463,38,0,0
BRDA:463,38,1,0
BRDA:465,39,0,0
BRDA:465,39,1,0
BRDA:466,40,0,0
BRDA:466,40,1,0
BRDA:473,41,0,0
BRDA:473,41,1,0
BRDA:475,42,0,0
BRDA:475,42,1,0
BRDA:476,43,0,0
BRDA:476,43,1,0
BRDA:484,44,0,0
BRDA:484,44,1,0
BRDA:484,45,0,0
BRDA:484,45,1,0
BRDA:501,46,0,0
BRDA:501,46,1,0
BRDA:515,47,0,0
BRDA:515,47,1,0
BRDA:536,48,0,0
BRDA:536,48,1,0
BRDA:548,49,0,0
BRDA:548,49,1,0
BRDA:550,50,0,0
BRDA:550,50,1,0
BRDA:551,51,0,0
BRDA:551,51,1,0
BRDA:558,52,0,0
BRDA:558,52,1,0
BRDA:560,53,0,0
BRDA:560,53,1,0
BRDA:564,54,0,0
BRDA:564,54,1,0
BRDA:566,55,0,0
BRDA:566,55,1,0
BRDA:596,56,0,0
BRDA:596,56,1,0
BRDA:611,57,0,0
BRDA:611,57,1,0
BRDA:623,58,0,0
BRDA:623,58,1,0
BRDA:625,59,0,0
BRDA:625,59,1,0
BRDA:626,60,0,0
BRDA:626,60,1,0
BRDA:626,61,0,0
BRDA:626,61,1,0
BRDA:631,62,0,0
BRDA:631,62,1,0
BRDA:633,63,0,0
BRDA:633,63,1,0
BRDA:634,64,0,0
BRDA:634,64,1,0
BRDA:641,65,0,0
BRDA:641,65,1,0
BRDA:641,66,0,0
BRDA:641,66,1,0
BRDA:644,67,0,0
BRDA:644,67,1,0
BRDA:675,68,0,0
BRDA:675,68,1,0
BRDA:800,69,0,0
BRDA:800,69,1,8
BRF:142
BRH:49
end_of_record
TN:
SF:src/server/adapters/base-adapter.ts
FN:316,(anonymous_0)
FN:324,(anonymous_1)
FN:344,(anonymous_2)
FN:378,(anonymous_3)
FNF:4
FNH:3
FNDA:42,(anonymous_0)
FNDA:0,(anonymous_1)
FNDA:40,(anonymous_2)
FNDA:15,(anonymous_3)
DA:317,42
DA:325,0
DA:328,0
DA:330,0
DA:332,0
DA:334,0
DA:352,40
DA:355,40
DA:356,40
DA:358,40
DA:359,0
DA:362,40
DA:363,40
DA:364,40
DA:365,40
DA:366,40
DA:367,40
DA:369,40
DA:379,15
DA:380,15
LF:20
LH:14
BRDA:325,0,0,0
BRDA:325,0,1,0
BRDA:325,0,2,0
BRDA:325,0,3,0
BRDA:325,0,4,0
BRDA:358,1,0,0
BRDA:358,1,1,40
BRDA:362,2,0,40
BRDA:362,2,1,40
BRDA:363,3,0,40
BRDA:363,3,1,40
BRDA:364,4,0,40
BRDA:364,4,1,4
BRDA:365,5,0,40
BRDA:365,5,1,36
BRDA:366,6,0,40
BRDA:366,6,1,40
BRDA:367,7,0,40
BRDA:367,7,1,40
BRF:19
BRH:13
end_of_record
TN:
SF:src/server/adapters/duckdb-adapter.ts
FN:12,(anonymous_0)
FN:21,(anonymous_1)
FN:33,(anonymous_2)
FN:53,(anonymous_3)
FN:60,(anonymous_4)
FN:70,(anonymous_5)
FN:86,(anonymous_6)
FN:95,(anonymous_7)
FN:103,(anonymous_8)
FN:130,(anonymous_9)
FN:159,(anonymous_10)
FN:175,(anonymous_11)
FN:182,(anonymous_12)
FN:183,(anonymous_13)
FN:183,(anonymous_14)
FN:195,(anonymous_15)
FN:202,(anonymous_16)
FN:210,(anonymous_17)
FN:217,(anonymous_18)
FN:224,(anonymous_19)
FN:239,(anonymous_20)
FN:255,(anonymous_21)
FN:264,(anonymous_22)
FN:273,(anonymous_23)
FN:282,(anonymous_24)
FN:295,(anonymous_25)
FNF:26
FNH:23
FNDA:57,(anonymous_0)
FNDA:48,(anonymous_1)
FNDA:3,(anonymous_2)
FNDA:1,(anonymous_3)
FNDA:3,(anonymous_4)
FNDA:3,(anonymous_5)
FNDA:21,(anonymous_6)
FNDA:1,(anonymous_7)
FNDA:308,(anonymous_8)
FNDA:82,(anonymous_9)
FNDA:0,(anonymous_10)
FNDA:189,(anonymous_11)
FNDA:38,(anonymous_12)
FNDA:38,(anonymous_13)
FNDA:0,(anonymous_14)
FNDA:8,(anonymous_15)
FNDA:33085,(anonymous_16)
FNDA:0,(anonymous_17)
FNDA:345,(anonymous_18)
FNDA:45277,(anonymous_19)
FNDA:2,(anonymous_20)
FNDA:7,(anonymous_21)
FNDA:4,(anonymous_22)
FNDA:2,(anonymous_23)
FNDA:11,(anonymous_24)
FNDA:11,(anonymous_25)
DA:13,57
DA:22,48
DA:34,3
DA:35,3
DA:37,3
DA:38,3
DA:39,3
DA:40,3
DA:41,3
DA:42,3
DA:44,3
DA:45,3
DA:54,1
DA:61,3
DA:62,3
DA:75,3
DA:76,3
DA:77,0
DA:79,3
DA:88,21
DA:96,1
DA:104,308
DA:106,13
DA:108,18
DA:110,95
DA:112,29
DA:114,140
DA:116,9
DA:118,2
DA:120,2
DA:122,0
DA:131,82
DA:133,36
DA:135,2
DA:137,4
DA:139,2
DA:141,27
DA:143,6
DA:145,2
DA:147,2
DA:149,1
DA:151,0
DA:160,0
DA:162,0
DA:164,0
DA:166,0
DA:168,0
DA:176,189
DA:183,38
DA:185,38
DA:186,0
DA:188,38
DA:196,8
DA:203,33085
DA:211,0
DA:218,345
DA:225,45277
DA:240,2
DA:256,7
DA:257,7
DA:265,4
DA:266,4
DA:274,2
DA:275,2
DA:290,11
DA:294,11
DA:296,11
DA:301,11
DA:302,11
DA:303,4
DA:304,4
DA:306,4
DA:310,4
DA:315,4
DA:319,11
DA:320,11
DA:321,11
DA:322,11
DA:324,11
DA:325,11
DA:328,11
DA:330,4
DA:332,0
DA:334,3
DA:336,0
DA:338,0
DA:340,0
DA:342,0
DA:344,0
DA:346,2
DA:348,2
DA:350,0
LF:92
LH:75
BRDA:37,0,0,0
BRDA:37,0,1,3
BRDA:38,1,0,0
BRDA:38,1,1,3
BRDA:39,2,0,2
BRDA:39,2,1,1
BRDA:40,3,0,1
BRDA:40,3,1,2
BRDA:41,4,0,0
BRDA:41,4,1,3
BRDA:42,5,0,0
BRDA:42,5,1,3
BRDA:44,6,0,3
BRDA:44,6,1,0
BRDA:76,7,0,0
BRDA:76,7,1,3
BRDA:76,8,0,3
BRDA:76,8,1,0
BRDA:104,9,0,13
BRDA:104,9,1,18
BRDA:104,9,2,95
BRDA:104,9,3,29
BRDA:104,9,4,140
BRDA:104,9,5,9
BRDA:104,9,6,2
BRDA:104,9,7,2
BRDA:104,9,8,0
BRDA:131,10,0,36
BRDA:131,10,1,2
BRDA:131,10,2,4
BRDA:131,10,3,2
BRDA:131,10,4,27
BRDA:131,10,5,6
BRDA:131,10,6,2
BRDA:131,10,7,2
BRDA:131,10,8,1
BRDA:131,10,9,0
BRDA:160,11,0,0
BRDA:160,11,1,0
BRDA:160,11,2,0
BRDA:160,11,3,0
BRDA:185,12,0,0
BRDA:185,12,1,38
BRDA:196,13,0,0
BRDA:196,13,1,8
BRDA:255,14,0,7
BRDA:256,15,0,2
BRDA:256,15,1,5
BRDA:264,16,0,4
BRDA:265,17,0,1
BRDA:265,17,1,3
BRDA:290,18,0,0
BRDA:290,18,1,11
BRDA:290,19,0,11
BRDA:290,19,1,0
BRDA:294,20,0,11
BRDA:294,20,1,0
BRDA:294,21,0,11
BRDA:294,21,1,11
BRDA:296,22,0,3
BRDA:296,22,1,8
BRDA:302,23,0,4
BRDA:302,23,1,7
BRDA:306,24,0,2
BRDA:306,24,1,2
BRDA:307,25,0,2
BRDA:307,25,1,0
BRDA:310,26,0,0
BRDA:310,26,1,4
BRDA:311,27,0,4
BRDA:311,27,1,0
BRDA:312,28,0,0
BRDA:312,28,1,0
BRDA:320,29,0,0
BRDA:320,29,1,11
BRDA:320,30,0,11
BRDA:320,30,1,0
BRDA:321,31,0,11
BRDA:321,31,1,0
BRDA:321,32,0,11
BRDA:321,32,1,11
BRDA:322,33,0,4
BRDA:322,33,1,7
BRDA:324,34,0,11
BRDA:324,34,1,0
BRDA:328,35,0,4
BRDA:328,35,1,0
BRDA:328,35,2,3
BRDA:328,35,3,0
BRDA:328,35,4,0
BRDA:328,35,5,0
BRDA:328,35,6,0
BRDA:328,35,7,0
BRDA:328,35,8,2
BRDA:328,35,9,2
BRDA:328,35,10,0
BRDA:330,36,0,4
BRDA:330,36,1,4
BRDA:330,37,0,0
BRDA:330,37,1,4
BRDA:332,38,0,0
BRDA:332,38,1,0
BRDA:332,39,0,0
BRDA:332,39,1,0
BRDA:340,40,0,0
BRDA:340,40,1,0
BRF:106
BRH:65
end_of_record
TN:
SF:src/server/adapters/mysql-adapter.ts
FN:12,(anonymous_0)
FN:19,(anonymous_1)
FN:32,(anonymous_2)
FN:54,(anonymous_3)
FN:62,(anonymous_4)
FN:84,(anonymous_5)
FN:102,(anonymous_6)
FN:112,(anonymous_7)
FN:127,(anonymous_8)
FN:164,(anonymous_9)
FN:194,(anonymous_10)
FN:212,(anonymous_11)
FN:220,(anonymous_12)
FN:221,(anonymous_13)
FN:221,(anonymous_14)
FN:233,(anonymous_15)
FN:241,(anonymous_16)
FN:249,(anonymous_17)
FN:256,(anonymous_18)
FN:264,(anonymous_19)
FN:276,(anonymous_20)
FN:292,(anonymous_21)
FN:301,(anonymous_22)
FN:310,(anonymous_23)
FN:320,(anonymous_24)
FN:333,(anonymous_25)
FNF:26
FNH:25
FNDA:74,(anonymous_0)
FNDA:60,(anonymous_1)
FNDA:4,(anonymous_2)
FNDA:5,(anonymous_3)
FNDA:7,(anonymous_4)
FNDA:3,(anonymous_5)
FNDA:12,(anonymous_6)
FNDA:0,(anonymous_7)
FNDA:350,(anonymous_8)
FNDA:121,(anonymous_9)
FNDA:12,(anonymous_10)
FNDA:206,(anonymous_11)
FNDA:46,(anonymous_12)
FNDA:50,(anonymous_13)
FNDA:4,(anonymous_14)
FNDA:16,(anonymous_15)
FNDA:33156,(anonymous_16)
FNDA:4,(anonymous_17)
FNDA:349,(anonymous_18)
FNDA:45280,(anonymous_19)
FNDA:2,(anonymous_20)
FNDA:7,(anonymous_21)
FNDA:4,(anonymous_22)
FNDA:3,(anonymous_23)
FNDA:11,(anonymous_24)
FNDA:11,(anonymous_25)
DA:13,74
DA:20,60
DA:33,4
DA:34,4
DA:38,4
DA:39,4
DA:40,4
DA:41,4
DA:42,4
DA:43,4
DA:46,4
DA:47,4
DA:55,5
DA:63,7
DA:67,7
DA:69,7
DA:70,7
DA:71,7
DA:72,7
DA:73,7
DA:74,7
DA:76,7
DA:89,3
DA:90,3
DA:92,0
DA:95,3
DA:104,12
DA:105,12
DA:113,0
DA:129,350
DA:141,350
DA:144,26
DA:147,35
DA:149,289
DA:150,289
DA:152,0
DA:154,289
DA:165,121
DA:167,43
DA:169,6
DA:171,8
DA:173,6
DA:175,31
DA:177,10
DA:180,6
DA:182,6
DA:184,5
DA:186,0
DA:195,12
DA:197,4
DA:199,4
DA:201,4
DA:203,0
DA:213,206
DA:221,50
DA:223,46
DA:224,4
DA:226,42
DA:234,16
DA:242,33156
DA:250,4
DA:257,349
DA:265,45280
DA:277,2
DA:293,7
DA:294,7
DA:302,4
DA:303,4
DA:313,3
DA:328,11
DA:332,11
DA:334,11
DA:339,11
DA:340,11
DA:341,4
DA:342,4
DA:344,4
DA:348,4
DA:353,4
DA:357,11
DA:358,11
DA:359,11
DA:360,11
DA:362,11
DA:363,11
DA:366,11
DA:368,4
DA:370,0
DA:372,3
DA:374,0
DA:376,0
DA:378,0
DA:380,0
DA:382,0
DA:384,2
DA:386,2
DA:388,0
LF:97
LH:85
BRDA:38,0,0,0
BRDA:38,0,1,4
BRDA:39,1,0,0
BRDA:39,1,1,4
BRDA:40,2,0,4
BRDA:40,2,1,0
BRDA:41,3,0,0
BRDA:41,3,1,4
BRDA:42,4,0,0
BRDA:42,4,1,4
BRDA:43,5,0,0
BRDA:43,5,1,4
BRDA:69,6,0,0
BRDA:69,6,1,7
BRDA:70,7,0,0
BRDA:70,7,1,7
BRDA:71,8,0,6
BRDA:71,8,1,1
BRDA:72,9,0,1
BRDA:72,9,1,6
BRDA:73,10,0,0
BRDA:73,10,1,7
BRDA:74,11,0,0
BRDA:74,11,1,7
BRDA:90,12,0,0
BRDA:90,12,1,3
BRDA:90,13,0,3
BRDA:90,13,1,0
BRDA:141,14,0,26
BRDA:141,14,1,35
BRDA:141,14,2,289
BRDA:150,15,0,0
BRDA:150,15,1,289
BRDA:165,16,0,43
BRDA:165,16,1,6
BRDA:165,16,2,8
BRDA:165,16,3,6
BRDA:165,16,4,31
BRDA:165,16,5,10
BRDA:165,16,6,6
BRDA:165,16,7,6
BRDA:165,16,8,5
BRDA:165,16,9,0
BRDA:195,17,0,4
BRDA:195,17,1,4
BRDA:195,17,2,4
BRDA:195,17,3,0
BRDA:223,18,0,4
BRDA:223,18,1,42
BRDA:234,19,0,4
BRDA:234,19,1,12
BRDA:292,20,0,7
BRDA:293,21,0,2
BRDA:293,21,1,5
BRDA:301,22,0,4
BRDA:302,23,0,1
BRDA:302,23,1,3
BRDA:328,24,0,0
BRDA:328,24,1,11
BRDA:328,25,0,11
BRDA:328,25,1,0
BRDA:332,26,0,11
BRDA:332,26,1,0
BRDA:332,27,0,11
BRDA:332,27,1,11
BRDA:334,28,0,3
BRDA:334,28,1,8
BRDA:340,29,0,4
BRDA:340,29,1,7
BRDA:344,30,0,2
BRDA:344,30,1,2
BRDA:345,31,0,2
BRDA:345,31,1,0
BRDA:348,32,0,0
BRDA:348,32,1,4
BRDA:349,33,0,4
BRDA:349,33,1,0
BRDA:350,34,0,0
BRDA:350,34,1,0
BRDA:358,35,0,0
BRDA:358,35,1,11
BRDA:358,36,0,11
BRDA:358,36,1,0
BRDA:359,37,0,11
BRDA:359,37,1,0
BRDA:359,38,0,11
BRDA:359,38,1,11
BRDA:360,39,0,4
BRDA:360,39,1,7
BRDA:362,40,0,11
BRDA:362,40,1,0
BRDA:366,41,0,4
BRDA:366,41,1,0
BRDA:366,41,2,3
BRDA:366,41,3,0
BRDA:366,41,4,0
BRDA:366,41,5,0
BRDA:366,41,6,0
BRDA:366,41,7,0
BRDA:366,41,8,2
BRDA:366,41,9,2
BRDA:366,41,10,0
BRDA:368,42,0,4
BRDA:368,42,1,4
BRDA:368,43,0,0
BRDA:368,43,1,4
BRDA:370,44,0,0
BRDA:370,44,1,0
BRDA:370,45,0,0
BRDA:370,45,1,0
BRDA:378,46,0,0
BRDA:378,46,1,0
BRF:112
BRH:71
end_of_record
TN:
SF:src/server/adapters/postgres-adapter.ts
FN:12,(anonymous_0)
FN:19,(anonymous_1)
FN:31,(anonymous_2)
FN:50,(anonymous_3)
FN:57,(anonymous_4)
FN:67,(anonymous_5)
FN:83,(anonymous_6)
FN:103,(anonymous_7)
FN:111,(anonymous_8)
FN:141,(anonymous_9)
FN:170,(anonymous_10)
FN:189,(anonymous_11)
FN:197,(anonymous_12)
FN:198,(anonymous_13)
FN:198,(anonymous_14)
FN:210,(anonymous_15)
FN:218,(anonymous_16)
FN:226,(anonymous_17)
FN:233,(anonymous_18)
FN:241,(anonymous_19)
FN:252,(anonymous_20)
FN:268,(anonymous_21)
FN:277,(anonymous_22)
FN:286,(anonymous_23)
FN:295,(anonymous_24)
FN:308,(anonymous_25)
FNF:26
FNH:24
FNDA:86,(anonymous_0)
FNDA:68,(anonymous_1)
FNDA:11,(anonymous_2)
FNDA:5,(anonymous_3)
FNDA:7,(anonymous_4)
FNDA:3,(anonymous_5)
FNDA:21,(anonymous_6)
FNDA:1,(anonymous_7)
FNDA:364,(anonymous_8)
FNDA:117,(anonymous_9)
FNDA:4,(anonymous_10)
FNDA:206,(anonymous_11)
FNDA:38,(anonymous_12)
FNDA:38,(anonymous_13)
FNDA:0,(anonymous_14)
FNDA:16,(anonymous_15)
FNDA:33232,(anonymous_16)
FNDA:0,(anonymous_17)
FNDA:361,(anonymous_18)
FNDA:45278,(anonymous_19)
FNDA:2,(anonymous_20)
FNDA:7,(anonymous_21)
FNDA:4,(anonymous_22)
FNDA:9,(anonymous_23)
FNDA:11,(anonymous_24)
FNDA:11,(anonymous_25)
DA:13,86
DA:20,68
DA:32,11
DA:33,11
DA:35,11
DA:36,11
DA:37,11
DA:38,11
DA:39,11
DA:40,11
DA:42,11
DA:43,11
DA:51,5
DA:58,7
DA:59,7
DA:72,3
DA:73,3
DA:74,0
DA:76,3
DA:84,21
DA:87,5
DA:90,5
DA:93,11
DA:95,0
DA:104,1
DA:113,364
DA:115,17
DA:117,22
DA:119,103
DA:121,37
DA:124,160
DA:126,13
DA:128,6
DA:130,6
DA:133,0
DA:142,117
DA:144,51
DA:146,6
DA:148,8
DA:150,6
DA:152,27
DA:154,6
DA:156,6
DA:158,6
DA:160,1
DA:162,0
DA:171,4
DA:173,4
DA:175,0
DA:177,0
DA:179,0
DA:190,206
DA:198,38
DA:200,38
DA:201,0
DA:203,38
DA:211,16
DA:219,33232
DA:227,0
DA:234,361
DA:242,45278
DA:253,2
DA:269,7
DA:270,7
DA:278,4
DA:279,4
DA:287,9
DA:288,9
DA:303,11
DA:307,11
DA:309,11
DA:314,11
DA:315,11
DA:316,4
DA:317,4
DA:319,4
DA:323,4
DA:328,4
DA:332,11
DA:333,11
DA:334,11
DA:335,11
DA:337,11
DA:338,11
DA:341,11
DA:343,4
DA:345,0
DA:347,3
DA:349,0
DA:351,0
DA:353,0
DA:355,0
DA:357,0
DA:359,2
DA:361,2
DA:363,0
LF:96
LH:80
BRDA:35,0,0,0
BRDA:35,0,1,11
BRDA:36,1,0,0
BRDA:36,1,1,11
BRDA:37,2,0,10
BRDA:37,2,1,1
BRDA:38,3,0,1
BRDA:38,3,1,10
BRDA:39,4,0,0
BRDA:39,4,1,11
BRDA:40,5,0,0
BRDA:40,5,1,11
BRDA:42,6,0,11
BRDA:42,6,1,0
BRDA:73,7,0,0
BRDA:73,7,1,3
BRDA:73,8,0,3
BRDA:73,8,1,0
BRDA:84,9,0,5
BRDA:84,9,1,5
BRDA:84,9,2,11
BRDA:84,9,3,0
BRDA:113,10,0,17
BRDA:113,10,1,22
BRDA:113,10,2,103
BRDA:113,10,3,37
BRDA:113,10,4,160
BRDA:113,10,5,13
BRDA:113,10,6,6
BRDA:113,10,7,6
BRDA:113,10,8,0
BRDA:142,11,0,51
BRDA:142,11,1,6
BRDA:142,11,2,8
BRDA:142,11,3,6
BRDA:142,11,4,27
BRDA:142,11,5,6
BRDA:142,11,6,6
BRDA:142,11,7,6
BRDA:142,11,8,1
BRDA:142,11,9,0
BRDA:171,12,0,4
BRDA:171,12,1,0
BRDA:171,12,2,0
BRDA:171,12,3,0
BRDA:200,13,0,0
BRDA:200,13,1,38
BRDA:211,14,0,4
BRDA:211,14,1,12
BRDA:268,15,0,7
BRDA:269,16,0,2
BRDA:269,16,1,5
BRDA:277,17,0,4
BRDA:278,18,0,1
BRDA:278,18,1,3
BRDA:303,19,0,0
BRDA:303,19,1,11
BRDA:303,20,0,11
BRDA:303,20,1,0
BRDA:307,21,0,11
BRDA:307,21,1,0
BRDA:307,22,0,11
BRDA:307,22,1,11
BRDA:309,23,0,3
BRDA:309,23,1,8
BRDA:315,24,0,4
BRDA:315,24,1,7
BRDA:319,25,0,2
BRDA:319,25,1,2
BRDA:320,26,0,2
BRDA:320,26,1,0
BRDA:323,27,0,0
BRDA:323,27,1,4
BRDA:324,28,0,4
BRDA:324,28,1,0
BRDA:325,29,0,0
BRDA:325,29,1,0
BRDA:333,30,0,0
BRDA:333,30,1,11
BRDA:333,31,0,11
BRDA:333,31,1,0
BRDA:334,32,0,11
BRDA:334,32,1,0
BRDA:334,33,0,11
BRDA:334,33,1,11
BRDA:335,34,0,4
BRDA:335,34,1,7
BRDA:337,35,0,11
BRDA:337,35,1,0
BRDA:341,36,0,4
BRDA:341,36,1,0
BRDA:341,36,2,3
BRDA:341,36,3,0
BRDA:341,36,4,0
BRDA:341,36,5,0
BRDA:341,36,6,0
BRDA:341,36,7,0
BRDA:341,36,8,2
BRDA:341,36,9,2
BRDA:341,36,10,0
BRDA:343,37,0,4
BRDA:343,37,1,4
BRDA:343,38,0,0
BRDA:343,38,1,4
BRDA:345,39,0,0
BRDA:345,39,1,0
BRDA:345,40,0,0
BRDA:345,40,1,0
BRDA:353,41,0,0
BRDA:353,41,1,0
BRF:110
BRH:70
end_of_record
TN:
SF:src/server/adapters/singlestore-adapter.ts
FN:10,(anonymous_0)
FNF:1
FNH:1
FNDA:12,(anonymous_0)
DA:11,12
LF:1
LH:1
BRF:0
BRH:0
end_of_record
TN:
SF:src/server/adapters/sqlite-adapter.ts
FN:12,(anonymous_0)
FN:20,(anonymous_1)
FN:33,(anonymous_2)
FN:43,(anonymous_3)
FN:51,(anonymous_4)
FN:61,(anonymous_5)
FN:80,(anonymous_6)
FN:100,(anonymous_7)
FN:117,(anonymous_8)
FN:169,(anonymous_9)
FN:201,(anonymous_10)
FN:222,(anonymous_11)
FN:230,(anonymous_12)
FN:233,(anonymous_13)
FN:245,(anonymous_14)
FN:263,(anonymous_15)
FN:279,(anonymous_16)
FN:285,(anonymous_17)
FN:298,(anonymous_18)
FN:306,(anonymous_19)
FN:319,(anonymous_20)
FN:333,(anonymous_21)
FN:341,(anonymous_22)
FN:353,(anonymous_23)
FN:369,(anonymous_24)
FN:379,(anonymous_25)
FN:389,(anonymous_26)
FN:399,(anonymous_27)
FN:412,(anonymous_28)
FNF:29
FNH:27
FNDA:445,(anonymous_0)
FNDA:8,(anonymous_1)
FNDA:4,(anonymous_2)
FNDA:5,(anonymous_3)
FNDA:7,(anonymous_4)
FNDA:3,(anonymous_5)
FNDA:12,(anonymous_6)
FNDA:0,(anonymous_7)
FNDA:318,(anonymous_8)
FNDA:97,(anonymous_9)
FNDA:12,(anonymous_10)
FNDA:205,(anonymous_11)
FNDA:38,(anonymous_12)
FNDA:38,(anonymous_13)
FNDA:0,(anonymous_14)
FNDA:16,(anonymous_15)
FNDA:26,(anonymous_16)
FNDA:16,(anonymous_17)
FNDA:33161,(anonymous_18)
FNDA:13,(anonymous_19)
FNDA:12,(anonymous_20)
FNDA:345,(anonymous_21)
FNDA:45299,(anonymous_22)
FNDA:2,(anonymous_23)
FNDA:2,(anonymous_24)
FNDA:1,(anonymous_25)
FNDA:3,(anonymous_26)
FNDA:11,(anonymous_27)
FNDA:11,(anonymous_28)
DA:13,445
DA:21,8
DA:34,4
DA:35,4
DA:44,5
DA:52,7
DA:53,7
DA:66,3
DA:67,3
DA:69,0
DA:72,3
DA:81,12
DA:84,4
DA:87,4
DA:90,4
DA:92,0
DA:101,0
DA:123,318
DA:126,17
DA:130,22
DA:131,22
DA:136,81
DA:140,31
DA:143,142
DA:146,13
DA:147,13
DA:151,6
DA:152,6
DA:156,6
DA:157,6
DA:161,0
DA:170,97
DA:172,43
DA:174,2
DA:176,4
DA:178,2
DA:180,27
DA:182,6
DA:185,2
DA:188,6
DA:191,5
DA:193,0
DA:202,12
DA:206,4
DA:209,4
DA:211,4
DA:213,0
DA:223,205
DA:233,38
DA:235,38
DA:238,38
DA:240,38
DA:243,0
DA:245,0
DA:247,38
DA:248,0
DA:250,0
DA:251,0
DA:253,0
DA:256,38
DA:264,16
DA:283,26
DA:285,26
DA:287,16
DA:288,16
DA:299,33161
DA:300,90
DA:302,33071
DA:303,4
DA:305,33067
DA:306,13
DA:309,33062
DA:310,11785
DA:312,21277
DA:320,12
DA:323,8
DA:324,4
DA:325,0
DA:327,4
DA:334,345
DA:342,45299
DA:354,2
DA:372,2
DA:382,1
DA:392,3
DA:407,11
DA:411,11
DA:413,11
DA:418,11
DA:419,11
DA:420,4
DA:421,4
DA:423,4
DA:427,4
DA:432,4
DA:436,11
DA:437,11
DA:438,11
DA:439,11
DA:441,11
DA:442,11
DA:445,11
DA:447,4
DA:449,0
DA:451,3
DA:453,0
DA:455,0
DA:457,0
DA:459,0
DA:461,0
DA:463,2
DA:465,2
DA:467,0
LF:113
LH:93
BRDA:67,0,0,0
BRDA:67,0,1,3
BRDA:67,1,0,3
BRDA:67,1,1,0
BRDA:81,2,0,4
BRDA:81,2,1,4
BRDA:81,2,2,4
BRDA:81,2,3,0
BRDA:123,3,0,17
BRDA:123,3,1,22
BRDA:123,3,2,81
BRDA:123,3,3,31
BRDA:123,3,4,142
BRDA:123,3,5,13
BRDA:123,3,6,6
BRDA:123,3,7,6
BRDA:123,3,8,0
BRDA:170,4,0,43
BRDA:170,4,1,2
BRDA:170,4,2,4
BRDA:170,4,3,2
BRDA:170,4,4,27
BRDA:170,4,5,6
BRDA:170,4,6,2
BRDA:170,4,7,6
BRDA:170,4,8,5
BRDA:170,4,9,0
BRDA:202,5,0,4
BRDA:202,5,1,4
BRDA:202,5,2,4
BRDA:202,5,3,0
BRDA:235,6,0,38
BRDA:235,6,1,38
BRDA:235,6,2,38
BRDA:235,6,3,0
BRDA:235,6,4,0
BRDA:238,7,0,38
BRDA:238,7,1,0
BRDA:247,8,0,0
BRDA:247,8,1,38
BRDA:248,9,0,0
BRDA:248,9,1,0
BRDA:248,9,2,0
BRDA:248,9,3,0
BRDA:248,9,4,0
BRDA:250,10,0,0
BRDA:250,10,1,0
BRDA:264,11,0,4
BRDA:264,11,1,12
BRDA:299,12,0,90
BRDA:299,12,1,33071
BRDA:300,13,0,66
BRDA:300,13,1,24
BRDA:302,14,0,4
BRDA:302,14,1,33067
BRDA:305,15,0,5
BRDA:305,15,1,33062
BRDA:309,16,0,11785
BRDA:309,16,1,21277
BRDA:320,17,0,8
BRDA:320,17,1,4
BRDA:323,18,0,4
BRDA:323,18,1,4
BRDA:324,19,0,4
BRDA:324,19,1,0
BRDA:369,20,0,2
BRDA:379,21,0,1
BRDA:407,22,0,0
BRDA:407,22,1,11
BRDA:407,23,0,11
BRDA:407,23,1,0
BRDA:411,24,0,11
BRDA:411,24,1,0
BRDA:411,25,0,11
BRDA:411,25,1,11
BRDA:413,26,0,3
BRDA:413,26,1,8
BRDA:419,27,0,4
BRDA:419,27,1,7
BRDA:423,28,0,2
BRDA:423,28,1,2
BRDA:424,29,0,2
BRDA:424,29,1,0
BRDA:427,30,0,0
BRDA:427,30,1,4
BRDA:428,31,0,4
BRDA:428,31,1,0
BRDA:429,32,0,0
BRDA:429,32,1,0
BRDA:437,33,0,0
BRDA:437,33,1,11
BRDA:437,34,0,11
BRDA:437,34,1,0
BRDA:438,35,0,11
BRDA:438,35,1,0
BRDA:438,36,0,11
BRDA:438,36,1,11
BRDA:439,37,0,4
BRDA:439,37,1,7
BRDA:441,38,0,11
BRDA:441,38,1,0
BRDA:445,39,0,4
BRDA:445,39,1,0
BRDA:445,39,2,3
BRDA:445,39,3,0
BRDA:445,39,4,0
BRDA:445,39,5,0
BRDA:445,39,6,0
BRDA:445,39,7,0
BRDA:445,39,8,2
BRDA:445,39,9,2
BRDA:445,39,10,0
BRDA:447,40,0,4
BRDA:447,40,1,4
BRDA:447,41,0,0
BRDA:447,41,1,4
BRDA:449,42,0,0
BRDA:449,42,1,0
BRDA:449,43,0,0
BRDA:449,43,1,0
BRDA:457,44,0,0
BRDA:457,44,1,0
BRF:122
BRH:78
end_of_record
TN:
SF:src/server/ai/discovery.ts
FN:69,levenshteinDistance
FN:100,fuzzyMatchScore
FN:128,matchAgainstArray
FN:142,extractKeywords
FN:161,(anonymous_4)
FN:167,scoreCube
FN:275,(anonymous_6)
FN:277,(anonymous_7)
FN:280,(anonymous_8)
FN:282,(anonymous_9)
FN:290,detectCapabilities
FN:295,(anonymous_11)
FN:298,(anonymous_12)
FN:318,buildAnalysisConfig
FN:331,(anonymous_14)
FN:341,(anonymous_15)
FN:354,(anonymous_16)
FN:363,(anonymous_17)
FN:399,generateHints
FN:426,discoverCubes
FN:436,(anonymous_20)
FN:448,(anonymous_21)
FN:449,(anonymous_22)
FN:495,(anonymous_23)
FN:502,findBestFieldMatch
FNF:25
FNH:25
FNDA:42852,levenshteinDistance
FNDA:45204,fuzzyMatchScore
FNDA:2996,matchAgainstArray
FNDA:412,extractKeywords
FNDA:1464,(anonymous_4)
FNDA:1064,scoreCube
FNDA:328,(anonymous_6)
FNDA:612,(anonymous_7)
FNDA:36,(anonymous_8)
FNDA:132,(anonymous_9)
FNDA:808,detectCapabilities
FNDA:2368,(anonymous_11)
FNDA:1824,(anonymous_12)
FNDA:404,buildAnalysisConfig
FNDA:112,(anonymous_14)
FNDA:96,(anonymous_15)
FNDA:336,(anonymous_16)
FNDA:112,(anonymous_17)
FNDA:404,generateHints
FNDA:416,discoverCubes
FNDA:12,(anonymous_20)
FNDA:32,(anonymous_21)
FNDA:32,(anonymous_22)
FNDA:112,(anonymous_23)
FNDA:60,findBestFieldMatch
DA:70,42852
DA:72,42852
DA:73,546060
DA:76,42852
DA:77,301352
DA:80,42852
DA:81,503208
DA:82,3025500
DA:83,214820
DA:85,2810680
DA:94,42852
DA:101,45204
DA:102,45204
DA:105,45204
DA:108,44812
DA:111,42852
DA:112,42852
DA:113,78044
DA:114,78044
DA:118,42852
DA:119,42852
DA:120,42852
DA:122,42852
DA:129,2996
DA:130,2996
DA:131,7508
DA:132,7508
DA:133,108
DA:136,2996
DA:144,412
DA:157,412
DA:161,1464
DA:171,1064
DA:172,1064
DA:173,1064
DA:174,1064
DA:176,1064
DA:178,2484
DA:179,2484
DA:180,136
DA:181,136
DA:185,2484
DA:186,2484
DA:187,152
DA:188,152
DA:192,2484
DA:193,2480
DA:194,2480
DA:195,288
DA:196,288
DA:201,2484
DA:202,848
DA:203,1580
DA:204,1580
DA:205,264
DA:206,264
DA:212,2484
DA:213,6196
DA:216,6196
DA:217,6196
DA:220,6196
DA:223,6196
DA:224,2196
DA:228,6196
DA:229,1464
DA:232,6196
DA:233,696
DA:234,696
DA:235,696
DA:236,696
DA:241,2484
DA:242,6764
DA:245,6764
DA:246,6764
DA:249,6764
DA:252,6764
DA:253,0
DA:257,6764
DA:258,1464
DA:261,6764
DA:262,132
DA:263,132
DA:264,132
DA:265,132
DA:271,1064
DA:274,1064
DA:275,328
DA:277,612
DA:279,1064
DA:280,36
DA:282,132
DA:284,1064
DA:292,808
DA:295,2368
DA:298,808
DA:299,1824
DA:305,808
DA:307,808
DA:319,404
DA:322,404
DA:323,284
DA:327,120
DA:330,120
DA:331,112
DA:332,112
DA:339,120
DA:340,440
DA:341,440
DA:342,48
DA:350,120
DA:353,120
DA:354,336
DA:355,112
DA:362,120
DA:363,440
DA:364,8
DA:372,120
DA:373,120
DA:374,440
DA:375,440
DA:382,112
DA:389,120
DA:400,404
DA:402,404
DA:403,284
DA:407,120
DA:408,40
DA:412,120
DA:413,112
DA:414,112
DA:418,120
DA:420,120
DA:430,416
DA:433,416
DA:434,416
DA:436,4
DA:437,12
DA:438,12
DA:439,12
DA:440,12
DA:442,12
DA:448,32
DA:449,32
DA:459,412
DA:460,412
DA:461,0
DA:465,412
DA:466,412
DA:467,1064
DA:469,1064
DA:470,392
DA:471,392
DA:472,392
DA:475,392
DA:477,392
DA:494,412
DA:495,112
DA:507,60
DA:509,60
DA:511,100
DA:512,0
DA:513,0
DA:514,0
DA:515,0
DA:516,0
DA:517,0
DA:520,0
DA:521,0
DA:527,100
DA:528,100
DA:529,276
DA:530,276
DA:531,276
DA:532,276
DA:533,68
DA:536,276
DA:537,40
DA:543,60
LF:178
LH:168
BRDA:82,0,0,214820
BRDA:82,0,1,2810680
BRDA:105,1,0,392
BRDA:105,1,1,44812
BRDA:108,2,0,1960
BRDA:108,2,1,42852
BRDA:113,3,0,0
BRDA:113,3,1,78044
BRDA:114,4,0,0
BRDA:114,4,1,78044
BRDA:122,5,0,280
BRDA:122,5,1,42572
BRDA:132,6,0,108
BRDA:132,6,1,7400
BRDA:161,7,0,1464
BRDA:161,7,1,1216
BRDA:179,8,0,136
BRDA:179,8,1,2348
BRDA:181,9,0,136
BRDA:181,9,1,0
BRDA:186,10,0,152
BRDA:186,10,1,2332
BRDA:188,11,0,152
BRDA:188,11,1,0
BRDA:192,12,0,2480
BRDA:192,12,1,4
BRDA:194,13,0,288
BRDA:194,13,1,2192
BRDA:196,14,0,240
BRDA:196,14,1,48
BRDA:201,15,0,848
BRDA:201,15,1,1636
BRDA:204,16,0,264
BRDA:204,16,1,1316
BRDA:206,17,0,188
BRDA:206,17,1,76
BRDA:216,18,0,6196
BRDA:216,18,1,0
BRDA:223,19,0,2196
BRDA:223,19,1,4000
BRDA:228,20,0,1464
BRDA:228,20,1,4732
BRDA:232,21,0,696
BRDA:232,21,1,5500
BRDA:234,22,0,304
BRDA:234,22,1,392
BRDA:235,23,0,696
BRDA:235,23,1,612
BRDA:245,24,0,6764
BRDA:245,24,1,0
BRDA:252,25,0,0
BRDA:252,25,1,6764
BRDA:257,26,0,1464
BRDA:257,26,1,5300
BRDA:261,27,0,132
BRDA:261,27,1,6632
BRDA:263,28,0,112
BRDA:263,28,1,20
BRDA:264,29,0,132
BRDA:264,29,1,132
BRDA:299,30,0,1824
BRDA:299,30,1,1696
BRDA:299,30,2,1584
BRDA:299,30,3,0
BRDA:305,31,0,808
BRDA:305,31,1,584
BRDA:305,31,2,576
BRDA:322,32,0,284
BRDA:322,32,1,120
BRDA:322,33,0,404
BRDA:322,33,1,284
BRDA:322,33,2,284
BRDA:330,34,0,112
BRDA:330,34,1,8
BRDA:334,35,0,112
BRDA:334,35,1,112
BRDA:340,36,0,440
BRDA:340,36,1,0
BRDA:341,37,0,48
BRDA:341,37,1,392
BRDA:341,38,0,440
BRDA:341,38,1,104
BRDA:344,39,0,48
BRDA:344,39,1,48
BRDA:353,40,0,112
BRDA:353,40,1,8
BRDA:357,41,0,112
BRDA:357,41,1,112
BRDA:363,42,0,8
BRDA:363,42,1,432
BRDA:363,43,0,440
BRDA:363,43,1,120
BRDA:374,44,0,440
BRDA:374,44,1,0
BRDA:375,45,0,112
BRDA:375,45,1,328
BRDA:375,46,0,440
BRDA:375,46,1,192
BRDA:375,46,2,80
BRDA:375,46,3,80
BRDA:375,46,4,80
BRDA:375,46,5,80
BRDA:384,47,0,112
BRDA:384,47,1,112
BRDA:402,48,0,284
BRDA:402,48,1,120
BRDA:407,49,0,40
BRDA:407,49,1,80
BRDA:412,50,0,112
BRDA:412,50,1,8
BRDA:428,51,0,416
BRDA:430,52,0,416
BRDA:430,53,0,416
BRDA:434,54,0,4
BRDA:434,54,1,412
BRDA:440,55,0,12
BRDA:440,55,1,8
BRDA:440,55,2,8
BRDA:452,56,0,4
BRDA:452,56,1,8
BRDA:453,57,0,4
BRDA:453,57,1,8
BRDA:460,58,0,0
BRDA:460,58,1,412
BRDA:469,59,0,392
BRDA:469,59,1,672
BRDA:475,60,0,392
BRDA:475,60,1,276
BRDA:475,60,2,276
BRDA:487,61,0,116
BRDA:487,61,1,276
BRDA:488,62,0,116
BRDA:488,62,1,276
BRDA:511,63,0,0
BRDA:511,63,1,100
BRDA:511,64,0,100
BRDA:511,64,1,100
BRDA:513,65,0,0
BRDA:513,65,1,0
BRDA:516,66,0,0
BRDA:516,66,1,0
BRDA:520,67,0,0
BRDA:520,67,1,0
BRDA:520,68,0,0
BRDA:520,68,1,0
BRDA:520,68,2,0
BRDA:527,69,0,100
BRDA:527,69,1,0
BRDA:527,70,0,100
BRDA:527,70,1,100
BRDA:529,71,0,276
BRDA:529,71,1,0
BRDA:532,72,0,68
BRDA:532,72,1,208
BRDA:536,73,0,40
BRDA:536,73,1,236
BRDA:536,74,0,276
BRDA:536,74,1,40
BRDA:536,74,2,0
BRF:159
BRH:135
end_of_record
TN:
SF:src/server/ai/index.ts
FNF:0
FNH:0
LF:0
LH:0
BRF:0
BRH:0
end_of_record
TN:
SF:src/server/ai/mcp-prompts.ts
FN:393,getDefaultMCPPrompts
FNF:1
FNH:1
FNDA:20,getDefaultMCPPrompts
DA:23,212
DA:69,212
DA:96,212
DA:286,212
DA:383,212
DA:394,20
LF:6
LH:6
BRF:0
BRH:0
end_of_record
TN:
SF:src/server/ai/schemas.ts
FNF:0
FNH:0
DA:6,216
LF:1
LH:1
BRF:0
BRH:0
end_of_record
TN:
SF:src/server/ai/suggestion.ts
FN:36,getTimeExpressions
FN:41,(anonymous_1)
FN:44,(anonymous_2)
FN:45,(anonymous_3)
FN:46,(anonymous_4)
FN:50,(anonymous_5)
FN:60,(anonymous_6)
FN:66,(anonymous_7)
FN:77,(anonymous_8)
FN:83,(anonymous_9)
FN:95,(anonymous_10)
FN:101,(anonymous_11)
FN:111,(anonymous_12)
FN:117,(anonymous_13)
FN:129,(anonymous_14)
FN:135,(anonymous_15)
FN:145,(anonymous_16)
FN:156,(anonymous_17)
FN:166,(anonymous_18)
FN:176,(anonymous_19)
FN:197,detectAnalysisMode
FN:216,generateNextSteps
FN:243,parseTimeExpression
FN:255,(anonymous_23)
FN:282,(anonymous_24)
FN:296,detectAggregationIntent
FN:319,detectGroupingIntent
FN:348,suggestQuery
FN:363,(anonymous_28)
FN:374,(anonymous_29)
FN:374,(anonymous_30)
FN:375,(anonymous_31)
FN:378,(anonymous_32)
FN:423,(anonymous_33)
FN:439,(anonymous_34)
FN:445,(anonymous_35)
FN:485,(anonymous_36)
FN:510,(anonymous_37)
FNF:38
FNH:33
FNDA:288,getTimeExpressions
FNDA:76,(anonymous_1)
FNDA:20,(anonymous_2)
FNDA:4,(anonymous_3)
FNDA:12,(anonymous_4)
FNDA:8,(anonymous_5)
FNDA:4,(anonymous_6)
FNDA:4,(anonymous_7)
FNDA:4,(anonymous_8)
FNDA:4,(anonymous_9)
FNDA:20,(anonymous_10)
FNDA:8,(anonymous_11)
FNDA:4,(anonymous_12)
FNDA:4,(anonymous_13)
FNDA:4,(anonymous_14)
FNDA:4,(anonymous_15)
FNDA:0,(anonymous_16)
FNDA:0,(anonymous_17)
FNDA:0,(anonymous_18)
FNDA:0,(anonymous_19)
FNDA:388,detectAnalysisMode
FNDA:132,generateNextSteps
FNDA:288,parseTimeExpression
FNDA:12,(anonymous_23)
FNDA:32,(anonymous_24)
FNDA:288,detectAggregationIntent
FNDA:288,detectGroupingIntent
FNDA:388,suggestQuery
FNDA:32,(anonymous_28)
FNDA:356,(anonymous_29)
FNDA:516,(anonymous_30)
FNDA:356,(anonymous_31)
FNDA:356,(anonymous_32)
FNDA:656,(anonymous_33)
FNDA:108,(anonymous_34)
FNDA:0,(anonymous_35)
FNDA:784,(anonymous_36)
FNDA:256,(anonymous_37)
DA:37,288
DA:38,288
DA:41,288
DA:44,288
DA:45,288
DA:46,288
DA:47,12
DA:48,12
DA:50,288
DA:51,8
DA:52,8
DA:53,8
DA:56,288
DA:60,4
DA:67,4
DA:68,4
DA:69,4
DA:70,4
DA:77,4
DA:84,4
DA:85,4
DA:86,4
DA:87,4
DA:88,4
DA:95,20
DA:102,8
DA:103,8
DA:104,8
DA:111,4
DA:118,4
DA:119,4
DA:120,4
DA:121,4
DA:122,4
DA:129,4
DA:136,4
DA:137,4
DA:138,4
DA:147,0
DA:148,0
DA:149,0
DA:157,0
DA:158,0
DA:159,0
DA:167,0
DA:168,0
DA:169,0
DA:178,0
DA:188,216
DA:198,388
DA:200,388
DA:201,52
DA:203,336
DA:204,40
DA:206,296
DA:207,40
DA:210,256
DA:217,132
DA:219,132
DA:221,52
DA:227,40
DA:233,40
DA:244,288
DA:245,288
DA:247,288
DA:248,3492
DA:249,3492
DA:251,88
DA:252,28
DA:253,28
DA:254,28
DA:255,28
DA:257,28
DA:258,4
DA:259,4
DA:260,4
DA:262,24
DA:263,4
DA:264,4
DA:265,4
DA:267,20
DA:268,4
DA:269,4
DA:270,4
DA:275,76
DA:276,16
DA:277,16
DA:278,16
DA:279,16
DA:280,16
DA:281,16
DA:282,32
DA:283,16
DA:286,60
DA:290,200
DA:297,288
DA:299,288
DA:307,288
DA:308,1144
DA:309,104
DA:313,184
DA:320,288
DA:321,288
DA:324,288
DA:326,288
DA:327,48
DA:331,288
DA:332,288
DA:333,4
DA:337,288
DA:338,288
DA:339,4
DA:342,288
DA:353,388
DA:354,388
DA:355,388
DA:358,388
DA:362,388
DA:363,32
DA:364,16
DA:365,12
DA:366,12
DA:368,4
DA:369,4
DA:372,372
DA:373,372
DA:374,516
DA:375,356
DA:377,372
DA:378,356
DA:382,388
DA:385,100
DA:386,100
DA:389,100
DA:401,288
DA:402,288
DA:405,288
DA:406,288
DA:407,104
DA:408,104
DA:412,288
DA:413,288
DA:416,288
DA:417,1112
DA:420,1112
DA:423,656
DA:426,1112
DA:427,2720
DA:428,96
DA:429,96
DA:430,96
DA:431,96
DA:437,288
DA:439,108
DA:440,24
DA:441,24
DA:442,24
DA:443,0
DA:445,0
DA:446,0
DA:448,0
DA:449,0
DA:450,0
DA:456,288
DA:457,168
DA:458,168
DA:459,168
DA:462,288
DA:465,288
DA:466,288
DA:468,288
DA:469,56
DA:470,56
DA:471,40
DA:472,40
DA:473,40
DA:478,288
DA:479,368
DA:480,1032
DA:482,1032
DA:485,784
DA:488,1032
DA:489,2800
DA:491,24
DA:492,12
DA:493,12
DA:494,12
DA:495,12
DA:502,288
DA:503,52
DA:507,288
DA:508,288
DA:510,256
DA:511,88
DA:512,84
DA:516,84
DA:517,84
DA:519,84
DA:520,84
DA:521,84
DA:523,4
DA:528,288
DA:531,288
DA:532,48
DA:533,48
DA:546,240
LF:206
LH:190
BRDA:52,0,0,8
BRDA:52,0,1,0
BRDA:200,1,0,52
BRDA:200,1,1,336
BRDA:203,2,0,40
BRDA:203,2,1,296
BRDA:206,3,0,40
BRDA:206,3,1,256
BRDA:217,4,0,48
BRDA:217,4,1,84
BRDA:219,5,0,52
BRDA:219,5,1,40
BRDA:219,5,2,40
BRDA:249,6,0,88
BRDA:249,6,1,3404
BRDA:251,7,0,28
BRDA:251,7,1,60
BRDA:251,8,0,88
BRDA:251,8,1,28
BRDA:257,9,0,4
BRDA:257,9,1,24
BRDA:262,10,0,4
BRDA:262,10,1,20
BRDA:265,11,0,4
BRDA:265,11,1,0
BRDA:267,12,0,4
BRDA:267,12,1,16
BRDA:270,13,0,4
BRDA:270,13,1,0
BRDA:275,14,0,16
BRDA:275,14,1,60
BRDA:308,15,0,104
BRDA:308,15,1,1040
BRDA:362,16,0,16
BRDA:362,16,1,372
BRDA:364,17,0,12
BRDA:364,17,1,4
BRDA:377,18,0,276
BRDA:377,18,1,96
BRDA:382,19,0,100
BRDA:382,19,1,288
BRDA:386,20,0,84
BRDA:386,20,1,16
BRDA:391,21,0,84
BRDA:391,21,1,16
BRDA:392,22,0,84
BRDA:392,22,1,16
BRDA:406,23,0,104
BRDA:406,23,1,184
BRDA:417,24,0,1112
BRDA:417,24,1,0
BRDA:423,25,0,1112
BRDA:423,25,1,884
BRDA:427,26,0,96
BRDA:427,26,1,2624
BRDA:437,27,0,24
BRDA:437,27,1,264
BRDA:437,28,0,288
BRDA:437,28,1,196
BRDA:440,29,0,24
BRDA:440,29,1,0
BRDA:443,30,0,0
BRDA:443,30,1,0
BRDA:446,31,0,0
BRDA:446,31,1,0
BRDA:448,32,0,0
BRDA:448,32,1,0
BRDA:456,33,0,168
BRDA:456,33,1,120
BRDA:456,34,0,288
BRDA:456,34,1,172
BRDA:470,35,0,40
BRDA:470,35,1,16
BRDA:480,36,0,1032
BRDA:480,36,1,0
BRDA:485,37,0,1032
BRDA:485,37,1,752
BRDA:489,38,0,24
BRDA:489,38,1,2776
BRDA:489,39,0,2800
BRDA:489,39,1,96
BRDA:491,40,0,12
BRDA:491,40,1,12
BRDA:491,41,0,24
BRDA:491,41,1,12
BRDA:502,42,0,52
BRDA:502,42,1,236
BRDA:508,43,0,88
BRDA:508,43,1,200
BRDA:511,44,0,84
BRDA:511,44,1,4
BRDA:516,45,0,84
BRDA:516,45,1,0
BRDA:531,46,0,48
BRDA:531,46,1,240
BRDA:532,47,0,48
BRDA:532,47,1,0
BRDA:538,48,0,48
BRDA:538,48,1,0
BRDA:540,49,0,48
BRDA:540,49,1,0
BRDA:550,50,0,120
BRDA:550,50,1,120
BRF:103
BRH:87
end_of_record
TN:
SF:src/server/ai/validation.ts
FN:44,levenshteinDistance
FN:75,findClosestField
FN:95,validateMeasure
FN:112,(anonymous_3)
FN:116,(anonymous_4)
FN:139,(anonymous_5)
FN:153,(anonymous_6)
FN:181,validateDimension
FN:198,(anonymous_8)
FN:201,(anonymous_9)
FN:224,(anonymous_10)
FN:237,(anonymous_11)
FN:265,validateFilters
FN:296,(anonymous_13)
FN:299,(anonymous_14)
FN:315,(anonymous_15)
FN:316,(anonymous_16)
FN:320,(anonymous_17)
FN:321,(anonymous_18)
FN:350,validateFunnelQuery
FN:410,validateFlowQuery
FN:459,validateRetentionQuery
FN:507,validateQuery
FN:568,(anonymous_23)
FN:570,(anonymous_24)
FN:619,(anonymous_25)
FN:622,(anonymous_26)
FN:625,(anonymous_27)
FNF:28
FNH:17
FNDA:12,levenshteinDistance
FNDA:4,findClosestField
FNDA:8,validateMeasure
FNDA:8,(anonymous_3)
FNDA:0,(anonymous_4)
FNDA:8,(anonymous_5)
FNDA:0,(anonymous_6)
FNDA:84,validateDimension
FNDA:84,(anonymous_8)
FNDA:0,(anonymous_9)
FNDA:176,(anonymous_10)
FNDA:12,(anonymous_11)
FNDA:24,validateFilters
FNDA:24,(anonymous_13)
FNDA:0,(anonymous_14)
FNDA:48,(anonymous_15)
FNDA:24,(anonymous_16)
FNDA:0,(anonymous_17)
FNDA:0,(anonymous_18)
FNDA:16,validateFunnelQuery
FNDA:12,validateFlowQuery
FNDA:12,validateRetentionQuery
FNDA:48,validateQuery
FNDA:0,(anonymous_23)
FNDA:0,(anonymous_24)
FNDA:0,(anonymous_25)
FNDA:0,(anonymous_26)
FNDA:0,(anonymous_27)
DA:45,12
DA:47,12
DA:48,116
DA:51,12
DA:52,204
DA:55,12
DA:56,104
DA:57,1664
DA:58,84
DA:60,1580
DA:69,12
DA:79,4
DA:81,4
DA:82,12
DA:84,12
DA:85,0
DA:89,4
DA:101,8
DA:102,8
DA:103,0
DA:108,0
DA:111,8
DA:112,8
DA:114,8
DA:116,0
DA:117,0
DA:119,0
DA:120,0
DA:127,0
DA:129,0
DA:136,0
DA:139,8
DA:140,8
DA:142,0
DA:143,0
DA:144,0
DA:151,0
DA:153,0
DA:154,0
DA:156,0
DA:157,0
DA:158,0
DA:165,0
DA:167,0
DA:187,84
DA:188,84
DA:189,0
DA:194,0
DA:197,84
DA:198,84
DA:200,84
DA:201,0
DA:202,0
DA:204,0
DA:205,0
DA:212,0
DA:214,0
DA:221,0
DA:224,176
DA:225,84
DA:226,4
DA:227,4
DA:228,0
DA:235,0
DA:237,12
DA:238,4
DA:240,4
DA:241,0
DA:242,0
DA:249,0
DA:251,4
DA:271,24
DA:273,24
DA:274,0
DA:275,0
DA:277,24
DA:278,0
DA:279,0
DA:283,24
DA:284,24
DA:285,24
DA:286,24
DA:287,0
DA:292,0
DA:295,24
DA:296,24
DA:298,24
DA:299,0
DA:300,0
DA:301,0
DA:302,0
DA:304,0
DA:311,0
DA:315,48
DA:316,24
DA:318,24
DA:319,0
DA:320,0
DA:321,0
DA:323,0
DA:325,0
DA:326,0
DA:327,0
DA:328,0
DA:336,0
DA:357,16
DA:358,16
DA:361,16
DA:362,4
DA:366,12
DA:367,12
DA:370,16
DA:371,0
DA:375,16
DA:376,16
DA:379,16
DA:380,0
DA:384,16
DA:385,4
DA:391,12
DA:392,24
DA:393,24
DA:394,0
DA:400,24
DA:401,24
DA:417,12
DA:418,12
DA:420,12
DA:421,0
DA:425,12
DA:426,12
DA:429,12
DA:430,0
DA:434,12
DA:435,12
DA:438,12
DA:439,4
DA:443,8
DA:444,8
DA:447,12
DA:448,4
DA:466,12
DA:467,12
DA:469,12
DA:470,0
DA:474,12
DA:475,12
DA:478,12
DA:479,4
DA:483,8
DA:484,8
DA:487,12
DA:488,4
DA:495,12
DA:496,8
DA:511,48
DA:512,48
DA:513,48
DA:516,48
DA:517,16
DA:519,16
DA:527,32
DA:528,12
DA:529,12
DA:537,20
DA:538,12
DA:539,12
DA:548,8
DA:549,8
DA:550,8
DA:555,8
DA:556,4
DA:557,4
DA:562,8
DA:563,0
DA:564,0
DA:567,0
DA:568,0
DA:569,0
DA:570,0
DA:571,0
DA:572,0
DA:584,8
DA:585,0
DA:589,8
DA:590,0
DA:597,8
DA:598,0
DA:605,8
DA:606,0
DA:615,8
DA:616,0
DA:618,0
DA:619,0
DA:621,0
DA:622,0
DA:624,0
DA:625,0
DA:631,0
DA:634,8
LF:200
LH:118
BRDA:57,0,0,84
BRDA:57,0,1,1580
BRDA:84,1,0,0
BRDA:84,1,1,12
BRDA:84,2,0,12
BRDA:84,2,1,0
BRDA:84,2,2,0
BRDA:102,3,0,0
BRDA:102,3,1,8
BRDA:114,4,0,0
BRDA:114,4,1,8
BRDA:119,5,0,0
BRDA:119,5,1,0
BRDA:140,6,0,0
BRDA:140,6,1,8
BRDA:143,7,0,0
BRDA:143,7,1,0
BRDA:143,8,0,0
BRDA:143,8,1,0
BRDA:156,9,0,0
BRDA:156,9,1,0
BRDA:171,10,0,0
BRDA:171,10,1,0
BRDA:188,11,0,0
BRDA:188,11,1,84
BRDA:200,12,0,0
BRDA:200,12,1,84
BRDA:204,13,0,0
BRDA:204,13,1,0
BRDA:225,14,0,4
BRDA:225,14,1,80
BRDA:227,15,0,0
BRDA:227,15,1,4
BRDA:227,16,0,4
BRDA:227,16,1,0
BRDA:240,17,0,0
BRDA:240,17,1,4
BRDA:255,18,0,0
BRDA:255,18,1,4
BRDA:273,19,0,0
BRDA:273,19,1,24
BRDA:273,20,0,24
BRDA:273,20,1,0
BRDA:277,21,0,0
BRDA:277,21,1,24
BRDA:277,22,0,24
BRDA:277,22,1,0
BRDA:283,23,0,24
BRDA:283,23,1,0
BRDA:286,24,0,0
BRDA:286,24,1,24
BRDA:298,25,0,0
BRDA:298,25,1,24
BRDA:301,26,0,0
BRDA:301,26,1,0
BRDA:308,27,0,0
BRDA:308,27,1,0
BRDA:309,28,0,0
BRDA:309,28,1,0
BRDA:318,29,0,0
BRDA:318,29,1,24
BRDA:318,30,0,24
BRDA:318,30,1,0
BRDA:325,31,0,0
BRDA:325,31,1,0
BRDA:358,32,0,0
BRDA:358,32,1,16
BRDA:361,33,0,4
BRDA:361,33,1,12
BRDA:366,34,0,12
BRDA:366,34,1,0
BRDA:370,35,0,0
BRDA:370,35,1,16
BRDA:375,36,0,16
BRDA:375,36,1,0
BRDA:379,37,0,0
BRDA:379,37,1,16
BRDA:379,38,0,16
BRDA:379,38,1,16
BRDA:384,39,0,4
BRDA:384,39,1,12
BRDA:393,40,0,0
BRDA:393,40,1,24
BRDA:400,41,0,24
BRDA:400,41,1,0
BRDA:400,42,0,24
BRDA:400,42,1,24
BRDA:418,43,0,0
BRDA:418,43,1,12
BRDA:420,44,0,0
BRDA:420,44,1,12
BRDA:425,45,0,12
BRDA:425,45,1,0
BRDA:429,46,0,0
BRDA:429,46,1,12
BRDA:434,47,0,12
BRDA:434,47,1,0
BRDA:438,48,0,4
BRDA:438,48,1,8
BRDA:443,49,0,8
BRDA:443,49,1,0
BRDA:447,50,0,4
BRDA:447,50,1,8
BRDA:447,51,0,12
BRDA:447,51,1,4
BRDA:467,52,0,0
BRDA:467,52,1,12
BRDA:469,53,0,0
BRDA:469,53,1,12
BRDA:474,54,0,12
BRDA:474,54,1,0
BRDA:478,55,0,4
BRDA:478,55,1,8
BRDA:483,56,0,8
BRDA:483,56,1,0
BRDA:487,57,0,4
BRDA:487,57,1,8
BRDA:495,58,0,8
BRDA:495,58,1,4
BRDA:516,59,0,16
BRDA:516,59,1,32
BRDA:527,60,0,12
BRDA:527,60,1,20
BRDA:537,61,0,12
BRDA:537,61,1,8
BRDA:548,62,0,8
BRDA:548,62,1,0
BRDA:555,63,0,4
BRDA:555,63,1,4
BRDA:562,64,0,0
BRDA:562,64,1,8
BRDA:569,65,0,0
BRDA:569,65,1,0
BRDA:571,66,0,0
BRDA:571,66,1,0
BRDA:571,67,0,0
BRDA:571,67,1,0
BRDA:584,68,0,0
BRDA:584,68,1,8
BRDA:589,69,0,0
BRDA:589,69,1,8
BRDA:589,70,0,8
BRDA:589,70,1,0
BRDA:597,71,0,0
BRDA:597,71,1,8
BRDA:597,72,0,8
BRDA:597,72,1,8
BRDA:605,73,0,0
BRDA:605,73,1,8
BRDA:605,74,0,8
BRDA:605,74,1,4
BRDA:615,75,0,0
BRDA:615,75,1,8
BRDA:618,76,0,0
BRDA:618,76,1,0
BRDA:619,77,0,0
BRDA:619,77,1,0
BRDA:621,78,0,0
BRDA:621,78,1,0
BRDA:622,79,0,0
BRDA:622,79,1,0
BRDA:624,80,0,0
BRDA:624,80,1,0
BRDA:627,81,0,0
BRDA:627,81,1,0
BRDA:638,82,0,0
BRDA:638,82,1,8
BRF:167
BRH:82
end_of_record
TN:
SF:src/server/builders/date-time-builder.ts
FN:24,(anonymous_0)
FN:29,(anonymous_1)
FN:48,(anonymous_2)
FN:159,(anonymous_3)
FN:322,(anonymous_4)
FNF:5
FNH:5
FNDA:3160,(anonymous_0)
FNDA:1196,(anonymous_1)
FNDA:515,(anonymous_2)
FNDA:271,(anonymous_3)
FNDA:990,(anonymous_4)
DA:24,3160
DA:34,1196
DA:36,1196
DA:38,40
DA:42,1156
DA:52,515
DA:55,515
DA:56,244
DA:57,244
DA:59,244
DA:63,236
DA:64,196
DA:67,196
DA:68,196
DA:69,196
DA:70,48
DA:75,148
DA:79,236
DA:86,271
DA:88,263
DA:89,263
DA:94,223
DA:95,55
DA:96,55
DA:97,55
DA:99,0
DA:100,0
DA:104,168
DA:105,168
DA:108,223
DA:115,40
DA:116,40
DA:120,24
DA:123,263
DA:124,263
DA:125,263
DA:126,263
DA:132,263
DA:133,6
DA:134,6
DA:135,6
DA:137,0
DA:138,0
DA:142,18
DA:143,18
DA:146,24
DA:152,8
DA:160,271
DA:161,271
DA:164,271
DA:165,271
DA:166,271
DA:167,271
DA:170,271
DA:171,12
DA:172,12
DA:173,12
DA:174,12
DA:175,12
DA:179,259
DA:180,8
DA:181,8
DA:182,8
DA:183,8
DA:184,8
DA:185,8
DA:186,8
DA:190,251
DA:191,8
DA:192,8
DA:193,8
DA:194,8
DA:196,8
DA:197,8
DA:198,8
DA:199,8
DA:203,243
DA:204,20
DA:205,20
DA:206,20
DA:210,223
DA:211,8
DA:212,8
DA:213,8
DA:214,8
DA:218,215
DA:219,16
DA:220,16
DA:221,16
DA:225,199
DA:226,199
DA:227,56
DA:228,56
DA:229,56
DA:230,56
DA:231,56
DA:232,56
DA:233,56
DA:237,143
DA:238,143
DA:239,4
DA:240,4
DA:241,4
DA:242,4
DA:243,4
DA:244,4
DA:245,4
DA:246,4
DA:250,139
DA:251,8
DA:252,8
DA:253,8
DA:254,8
DA:256,8
DA:257,8
DA:258,8
DA:259,8
DA:263,131
DA:264,8
DA:265,8
DA:266,8
DA:270,123
DA:271,12
DA:272,12
DA:273,12
DA:274,12
DA:275,12
DA:276,12
DA:280,111
DA:281,27
DA:282,27
DA:283,27
DA:287,84
DA:288,20
DA:289,20
DA:290,20
DA:291,20
DA:295,64
DA:296,64
DA:297,12
DA:298,12
DA:299,12
DA:300,12
DA:301,12
DA:305,52
DA:306,52
DA:307,12
DA:308,12
DA:309,12
DA:310,12
DA:311,12
DA:314,40
DA:323,990
DA:326,990
DA:327,0
DA:330,0
DA:331,0
DA:336,0
DA:340,990
DA:343,0
DA:344,0
DA:345,0
DA:348,0
DA:349,0
DA:354,0
DA:358,990
DA:361,990
DA:362,782
DA:363,782
DA:366,766
DA:367,185
DA:372,581
DA:376,208
DA:377,208
DA:380,128
DA:381,30
DA:386,98
DA:390,0
DA:391,0
DA:394,0
DA:395,0
DA:400,0
LF:182
LH:163
BRDA:36,0,0,40
BRDA:36,0,1,1156
BRDA:38,1,0,40
BRDA:38,1,1,0
BRDA:52,2,0,0
BRDA:52,2,1,515
BRDA:55,3,0,244
BRDA:55,3,1,271
BRDA:55,4,0,515
BRDA:55,4,1,252
BRDA:59,5,0,8
BRDA:59,5,1,236
BRDA:59,6,0,244
BRDA:59,6,1,236
BRDA:63,7,0,196
BRDA:63,7,1,40
BRDA:63,8,0,236
BRDA:63,8,1,236
BRDA:64,9,0,48
BRDA:64,9,1,148
BRDA:65,10,0,48
BRDA:65,10,1,0
BRDA:69,11,0,48
BRDA:69,11,1,148
BRDA:70,12,0,48
BRDA:70,12,1,0
BRDA:86,13,0,263
BRDA:86,13,1,8
BRDA:89,14,0,223
BRDA:89,14,1,40
BRDA:94,15,0,55
BRDA:94,15,1,168
BRDA:95,16,0,55
BRDA:95,16,1,0
BRDA:116,17,0,16
BRDA:116,17,1,24
BRDA:120,18,0,6
BRDA:120,18,1,18
BRDA:121,19,0,6
BRDA:121,19,1,0
BRDA:132,20,0,6
BRDA:132,20,1,18
BRDA:133,21,0,6
BRDA:133,21,1,0
BRDA:170,22,0,12
BRDA:170,22,1,259
BRDA:179,23,0,8
BRDA:179,23,1,251
BRDA:190,24,0,8
BRDA:190,24,1,243
BRDA:191,25,0,8
BRDA:191,25,1,0
BRDA:203,26,0,20
BRDA:203,26,1,223
BRDA:210,27,0,8
BRDA:210,27,1,215
BRDA:218,28,0,16
BRDA:218,28,1,199
BRDA:226,29,0,56
BRDA:226,29,1,143
BRDA:238,30,0,4
BRDA:238,30,1,139
BRDA:250,31,0,8
BRDA:250,31,1,131
BRDA:251,32,0,8
BRDA:251,32,1,0
BRDA:263,33,0,8
BRDA:263,33,1,123
BRDA:270,34,0,12
BRDA:270,34,1,111
BRDA:272,35,0,12
BRDA:272,35,1,0
BRDA:273,36,0,12
BRDA:273,36,1,0
BRDA:280,37,0,27
BRDA:280,37,1,84
BRDA:287,38,0,20
BRDA:287,38,1,64
BRDA:296,39,0,12
BRDA:296,39,1,52
BRDA:306,40,0,12
BRDA:306,40,1,40
BRDA:323,41,0,0
BRDA:323,41,1,990
BRDA:326,42,0,0
BRDA:326,42,1,990
BRDA:327,43,0,0
BRDA:327,43,1,0
BRDA:330,44,0,0
BRDA:330,44,1,0
BRDA:331,45,0,0
BRDA:331,45,1,0
BRDA:340,46,0,0
BRDA:340,46,1,990
BRDA:343,47,0,0
BRDA:343,47,1,0
BRDA:345,48,0,0
BRDA:345,48,1,0
BRDA:348,49,0,0
BRDA:348,49,1,0
BRDA:349,50,0,0
BRDA:349,50,1,0
BRDA:358,51,0,990
BRDA:358,51,1,0
BRDA:361,52,0,782
BRDA:361,52,1,208
BRDA:363,53,0,16
BRDA:363,53,1,766
BRDA:366,54,0,185
BRDA:366,54,1,581
BRDA:367,55,0,185
BRDA:367,55,1,0
BRDA:377,56,0,80
BRDA:377,56,1,128
BRDA:380,57,0,30
BRDA:380,57,1,98
BRDA:381,58,0,30
BRDA:381,58,1,0
BRDA:391,59,0,0
BRDA:391,59,1,0
BRDA:394,60,0,0
BRDA:394,60,1,0
BRDA:395,61,0,0
BRDA:395,61,1,0
BRF:124
BRH:87
end_of_record
TN:
SF:src/server/builders/filter-builder.ts
FN:42,(anonymous_0)
FN:50,(anonymous_1)
FN:89,(anonymous_2)
FN:112,(anonymous_3)
FN:267,(anonymous_4)
FN:274,(anonymous_5)
FN:275,(anonymous_6)
FN:283,(anonymous_7)
FN:284,(anonymous_8)
FN:297,(anonymous_9)
FNF:10
FNH:10
FNDA:2618,(anonymous_0)
FNDA:2775,(anonymous_1)
FNDA:133027,(anonymous_2)
FNDA:8,(anonymous_3)
FNDA:24,(anonymous_4)
FNDA:28,(anonymous_5)
FNDA:28,(anonymous_6)
FNDA:8,(anonymous_7)
FNDA:8,(anonymous_8)
FNDA:44,(anonymous_9)
DA:43,2618
DA:44,2618
DA:58,2775
DA:60,163
DA:61,12
DA:68,151
DA:69,8
DA:75,143
DA:79,2612
DA:81,188
DA:82,16
DA:84,172
DA:89,2424
DA:90,133027
DA:92,132951
DA:93,132927
DA:97,2424
DA:99,52
DA:100,24
DA:102,28
DA:105,2371
DA:107,2371
DA:109,714
DA:111,39
DA:112,8
DA:113,4
DA:115,35
DA:116,675
DA:118,675
DA:119,675
DA:121,0
DA:123,28
DA:124,4
DA:125,24
DA:126,24
DA:128,0
DA:130,169
DA:132,16
DA:134,24
DA:136,16
DA:138,261
DA:140,88
DA:142,44
DA:144,27
DA:146,8
DA:148,8
DA:150,211
DA:151,167
DA:152,167
DA:154,167
DA:157,123
DA:158,123
DA:159,115
DA:162,115
DA:163,115
DA:164,115
DA:165,29
DA:170,86
DA:174,123
DA:180,88
DA:182,60
DA:183,60
DA:184,56
DA:186,4
DA:189,52
DA:190,52
DA:191,40
DA:193,12
DA:196,176
DA:197,156
DA:202,20
DA:204,16
DA:205,12
DA:210,4
DA:212,148
DA:213,148
DA:215,0
DA:217,52
DA:218,52
DA:220,0
DA:222,112
DA:224,28
DA:226,12
DA:228,16
DA:230,8
DA:232,4
DA:237,4
DA:244,21
DA:245,7
DA:247,14
DA:249,20
DA:250,9
DA:252,11
DA:254,16
DA:255,5
DA:257,11
DA:259,12
DA:272,24
DA:273,16
DA:274,28
DA:275,28
DA:276,16
DA:281,8
DA:282,4
DA:283,8
DA:284,8
DA:285,4
DA:290,4
DA:303,44
DA:304,8
DA:308,36
DA:309,36
DA:310,36
DA:311,36
DA:313,32
DA:314,44
DA:316,20
DA:317,20
LF:118
LH:114
BRDA:58,0,0,163
BRDA:58,0,1,2612
BRDA:60,1,0,12
BRDA:60,1,1,151
BRDA:68,2,0,8
BRDA:68,2,1,143
BRDA:68,3,0,151
BRDA:68,3,1,151
BRDA:70,4,0,8
BRDA:70,4,1,0
BRDA:79,5,0,188
BRDA:79,5,1,2424
BRDA:79,6,0,2612
BRDA:79,6,1,2612
BRDA:81,7,0,16
BRDA:81,7,1,172
BRDA:90,8,0,76
BRDA:90,8,1,132951
BRDA:90,9,0,133027
BRDA:90,9,1,133015
BRDA:90,9,2,133007
BRDA:92,10,0,24
BRDA:92,10,1,132927
BRDA:92,11,0,132951
BRDA:92,11,1,85486
BRDA:97,12,0,52
BRDA:97,12,1,2372
BRDA:97,13,0,2424
BRDA:97,13,1,52
BRDA:99,14,0,24
BRDA:99,14,1,28
BRDA:107,15,0,2371
BRDA:107,15,1,28
BRDA:107,15,2,169
BRDA:107,15,3,16
BRDA:107,15,4,24
BRDA:107,15,5,16
BRDA:107,15,6,261
BRDA:107,15,7,88
BRDA:107,15,8,44
BRDA:107,15,9,27
BRDA:107,15,10,8
BRDA:107,15,11,8
BRDA:107,15,12,211
BRDA:107,15,13,60
BRDA:107,15,14,52
BRDA:107,15,15,176
BRDA:107,15,16,16
BRDA:107,15,17,148
BRDA:107,15,18,52
BRDA:107,15,19,112
BRDA:107,15,20,28
BRDA:107,15,21,12
BRDA:107,15,22,16
BRDA:107,15,23,8
BRDA:107,15,24,4
BRDA:107,15,25,4
BRDA:107,15,26,21
BRDA:107,15,27,20
BRDA:107,15,28,16
BRDA:107,15,29,12
BRDA:109,16,0,39
BRDA:109,16,1,675
BRDA:111,17,0,4
BRDA:111,17,1,35
BRDA:112,18,0,8
BRDA:112,18,1,0
BRDA:116,19,0,675
BRDA:116,19,1,0
BRDA:118,20,0,8
BRDA:118,20,1,667
BRDA:118,21,0,8
BRDA:118,21,1,0
BRDA:123,22,0,4
BRDA:123,22,1,24
BRDA:125,23,0,24
BRDA:125,23,1,0
BRDA:150,24,0,167
BRDA:150,24,1,44
BRDA:154,25,0,123
BRDA:154,25,1,44
BRDA:154,26,0,167
BRDA:154,26,1,123
BRDA:158,27,0,115
BRDA:158,27,1,8
BRDA:158,28,0,123
BRDA:158,28,1,123
BRDA:159,29,0,29
BRDA:159,29,1,86
BRDA:160,30,0,29
BRDA:160,30,1,0
BRDA:164,31,0,29
BRDA:164,31,1,86
BRDA:165,32,0,29
BRDA:165,32,1,0
BRDA:183,33,0,56
BRDA:183,33,1,4
BRDA:190,34,0,40
BRDA:190,34,1,12
BRDA:196,35,0,156
BRDA:196,35,1,20
BRDA:204,36,0,12
BRDA:204,36,1,4
BRDA:212,37,0,148
BRDA:212,37,1,0
BRDA:217,38,0,52
BRDA:217,38,1,0
BRDA:244,39,0,7
BRDA:244,39,1,14
BRDA:249,40,0,9
BRDA:249,40,1,11
BRDA:254,41,0,5
BRDA:254,41,1,11
BRDA:272,42,0,16
BRDA:272,42,1,8
BRDA:272,43,0,24
BRDA:272,43,1,16
BRDA:276,44,0,12
BRDA:276,44,1,4
BRDA:277,45,0,4
BRDA:277,45,1,8
BRDA:281,46,0,4
BRDA:281,46,1,4
BRDA:281,47,0,8
BRDA:281,47,1,4
BRDA:285,48,0,4
BRDA:285,48,1,0
BRDA:286,49,0,0
BRDA:286,49,1,4
BRDA:303,50,0,8
BRDA:303,50,1,36
BRDA:303,51,0,44
BRDA:303,51,1,40
BRDA:311,52,0,4
BRDA:311,52,1,32
BRDA:314,53,0,12
BRDA:314,53,1,32
BRF:137
BRH:126
end_of_record
TN:
SF:src/server/builders/group-by-builder.ts
FN:28,(anonymous_0)
FN:33,(anonymous_1)
FN:46,(anonymous_2)
FN:61,(anonymous_3)
FN:125,(anonymous_4)
FN:129,(anonymous_5)
FN:130,(anonymous_6)
FN:159,(anonymous_7)
FN:163,(anonymous_8)
FN:164,(anonymous_9)
FNF:10
FNH:9
FNDA:710,(anonymous_0)
FNDA:0,(anonymous_1)
FNDA:3332,(anonymous_2)
FNDA:3332,(anonymous_3)
FNDA:573,(anonymous_4)
FNDA:48,(anonymous_5)
FNDA:48,(anonymous_6)
FNDA:112,(anonymous_7)
FNDA:92,(anonymous_8)
FNDA:92,(anonymous_9)
DA:28,710
DA:34,0
DA:36,0
DA:47,3332
DA:51,3332
DA:67,3332
DA:70,3332
DA:76,3332
DA:78,3332
DA:81,3332
DA:83,3332
DA:85,3332
DA:86,3328
DA:87,3328
DA:88,3328
DA:89,3328
DA:90,3328
DA:91,3324
DA:92,3324
DA:97,4
DA:98,4
DA:99,4
DA:100,4
DA:101,4
DA:102,4
DA:103,4
DA:104,4
DA:105,4
DA:113,3332
DA:114,0
DA:118,3332
DA:119,1279
DA:120,1459
DA:121,1459
DA:122,1459
DA:125,1459
DA:127,1459
DA:129,48
DA:130,48
DA:132,48
DA:134,0
DA:138,48
DA:139,48
DA:143,1411
DA:144,1411
DA:145,1411
DA:152,3332
DA:153,512
DA:154,540
DA:155,540
DA:156,540
DA:159,540
DA:161,540
DA:163,92
DA:164,92
DA:166,92
DA:168,0
DA:173,0
DA:177,92
DA:178,92
DA:182,448
DA:183,448
DA:188,448
DA:198,3332
LF:64
LH:58
BRDA:70,0,0,791
BRDA:70,0,1,2541
BRDA:76,1,0,3332
BRDA:76,1,1,1279
BRDA:76,1,2,2053
BRDA:76,1,3,424
BRDA:78,2,0,3332
BRDA:78,2,1,3328
BRDA:81,3,0,3332
BRDA:81,3,1,1703
BRDA:85,4,0,3332
BRDA:85,4,1,4
BRDA:88,5,0,3328
BRDA:88,5,1,0
BRDA:88,6,0,3328
BRDA:88,6,1,3328
BRDA:88,6,2,3328
BRDA:90,7,0,3324
BRDA:90,7,1,4
BRDA:90,8,0,3328
BRDA:90,8,1,32
BRDA:97,9,0,4
BRDA:97,9,1,0
BRDA:99,10,0,4
BRDA:99,10,1,0
BRDA:103,11,0,4
BRDA:103,11,1,0
BRDA:103,12,0,4
BRDA:103,12,1,4
BRDA:113,13,0,0
BRDA:113,13,1,3332
BRDA:113,14,0,3332
BRDA:113,14,1,4
BRDA:118,15,0,1279
BRDA:118,15,1,2053
BRDA:122,16,0,1459
BRDA:122,16,1,0
BRDA:122,17,0,1459
BRDA:122,17,1,1459
BRDA:122,17,2,1459
BRDA:127,18,0,48
BRDA:127,18,1,1411
BRDA:132,19,0,0
BRDA:132,19,1,48
BRDA:132,20,0,48
BRDA:132,20,1,0
BRDA:152,21,0,512
BRDA:152,21,1,2820
BRDA:156,22,0,540
BRDA:156,22,1,0
BRDA:156,23,0,540
BRDA:156,23,1,540
BRDA:156,23,2,540
BRDA:161,24,0,92
BRDA:161,24,1,448
BRDA:166,25,0,0
BRDA:166,25,1,92
BRDA:166,26,0,92
BRDA:166,26,1,0
BRF:59
BRH:48
end_of_record
TN:
SF:src/server/builders/index.ts
FNF:0
FNH:0
LF:0
LH:0
BRF:0
BRH:0
end_of_record
TN:
SF:src/server/builders/measure-builder.ts
FN:35,(anonymous_0)
FN:48,(anonymous_1)
FN:91,(anonymous_2)
FN:95,(anonymous_3)
FN:102,(anonymous_4)
FN:146,(anonymous_5)
FN:150,(anonymous_6)
FN:164,(anonymous_7)
FN:181,(anonymous_8)
FN:222,(anonymous_9)
FN:282,(anonymous_10)
FN:300,(anonymous_11)
FN:309,(anonymous_12)
FN:317,(anonymous_13)
FN:378,(anonymous_14)
FN:414,(anonymous_15)
FN:518,(anonymous_16)
FN:528,(anonymous_17)
FN:540,(anonymous_18)
FN:564,(anonymous_19)
FN:612,(anonymous_20)
FN:624,(anonymous_21)
FN:654,(anonymous_22)
FN:674,(anonymous_23)
FN:689,(anonymous_24)
FN:706,(anonymous_25)
FN:727,(anonymous_26)
FN:773,(anonymous_27)
FNF:28
FNH:27
FNDA:986,(anonymous_0)
FNDA:4051,(anonymous_1)
FNDA:108,(anonymous_2)
FNDA:128,(anonymous_3)
FNDA:28,(anonymous_4)
FNDA:0,(anonymous_5)
FNDA:5212,(anonymous_6)
FNDA:48,(anonymous_7)
FNDA:84,(anonymous_8)
FNDA:32,(anonymous_9)
FNDA:64,(anonymous_10)
FNDA:160,(anonymous_11)
FNDA:112,(anonymous_12)
FNDA:4,(anonymous_13)
FNDA:5560,(anonymous_14)
FNDA:176,(anonymous_15)
FNDA:20,(anonymous_16)
FNDA:20,(anonymous_17)
FNDA:76,(anonymous_18)
FNDA:76,(anonymous_19)
FNDA:208,(anonymous_20)
FNDA:208,(anonymous_21)
FNDA:208,(anonymous_22)
FNDA:208,(anonymous_23)
FNDA:208,(anonymous_24)
FNDA:208,(anonymous_25)
FNDA:208,(anonymous_26)
FNDA:208,(anonymous_27)
DA:35,986
DA:54,4051
DA:55,4051
DA:56,4051
DA:57,4051
DA:60,4051
DA:61,4051
DA:62,5006
DA:67,4051
DA:69,4051
DA:70,5304
DA:71,5304
DA:72,5304
DA:73,5288
DA:77,5288
DA:78,44
DA:80,44
DA:81,44
DA:82,44
DA:84,44
DA:87,5244
DA:88,60
DA:90,60
DA:91,108
DA:94,60
DA:95,60
DA:96,128
DA:97,128
DA:98,128
DA:99,128
DA:100,128
DA:101,16
DA:102,28
DA:107,5184
DA:114,4051
DA:115,5400
DA:116,5400
DA:117,5400
DA:118,5384
DA:121,5384
DA:122,44
DA:125,5340
DA:126,5264
DA:127,80
DA:130,76
DA:131,16
DA:138,4051
DA:139,5264
DA:140,5264
DA:141,5264
DA:144,5264
DA:145,8
DA:146,8
DA:150,5256
DA:155,4051
DA:156,60
DA:158,60
DA:159,76
DA:160,76
DA:161,76
DA:164,76
DA:174,4051
DA:188,84
DA:189,4
DA:195,80
DA:198,80
DA:205,80
DA:229,32
DA:230,4
DA:236,28
DA:239,28
DA:241,28
DA:242,64
DA:243,64
DA:245,64
DA:246,64
DA:249,64
DA:251,64
DA:259,64
DA:263,44
DA:264,44
DA:266,4
DA:267,4
DA:269,4
DA:270,4
DA:272,4
DA:273,4
DA:275,4
DA:276,4
DA:278,4
DA:282,64
DA:288,28
DA:308,160
DA:309,112
DA:310,112
DA:313,108
DA:315,12
DA:317,4
DA:319,12
DA:320,4
DA:324,8
DA:325,8
DA:326,8
DA:327,4
DA:332,8
DA:341,96
DA:344,96
DA:348,60
DA:351,20
DA:353,4
DA:355,4
DA:358,4
DA:360,4
DA:367,52
DA:384,5560
DA:385,4
DA:393,5556
DA:394,0
DA:401,5556
DA:402,4
DA:410,5552
DA:413,5552
DA:414,168
DA:415,176
DA:418,176
DA:421,168
DA:423,168
DA:424,168
DA:427,168
DA:432,5552
DA:434,914
DA:436,2347
DA:438,1310
DA:440,614
DA:442,27
DA:444,35
DA:446,120
DA:451,39
DA:452,39
DA:453,39
DA:454,6
DA:456,6
DA:458,33
DA:463,29
DA:464,29
DA:465,29
DA:466,5
DA:468,5
DA:470,24
DA:479,37
DA:481,12
DA:482,12
DA:484,10
DA:485,10
DA:487,6
DA:488,6
DA:490,9
DA:492,37
DA:493,37
DA:494,10
DA:496,10
DA:498,27
DA:512,76
DA:516,76
DA:517,20
DA:520,20
DA:521,20
DA:522,20
DA:523,16
DA:525,4
DA:526,4
DA:528,20
DA:530,20
DA:531,16
DA:538,76
DA:539,72
DA:542,76
DA:545,76
DA:546,76
DA:547,40
DA:553,36
DA:554,76
DA:555,32
DA:561,4
DA:562,4
DA:564,76
DA:566,72
DA:567,68
DA:571,76
DA:583,76
DA:584,4
DA:585,4
DA:587,72
DA:591,4
DA:602,208
DA:613,22535
DA:628,0
DA:629,0
DA:631,0
DA:632,0
DA:633,0
DA:635,0
DA:636,0
DA:637,0
DA:638,0
DA:640,0
DA:645,0
DA:658,0
DA:659,0
DA:675,21552
DA:690,124
DA:691,4
DA:693,120
DA:694,120
DA:707,36
DA:710,8
DA:712,28
DA:735,719
DA:736,719
DA:737,719
DA:739,719
DA:740,939
DA:741,939
DA:743,939
DA:744,939
DA:746,939
DA:747,20
DA:750,20
DA:751,20
DA:752,20
DA:754,919
DA:756,919
DA:763,719
DA:777,44
DA:781,44
LF:235
LH:221
BRDA:72,0,0,5288
BRDA:72,0,1,16
BRDA:72,1,0,5304
BRDA:72,1,1,5296
BRDA:72,1,2,5296
[...]
FN:787,(anonymous_23)
FN:814,(anonymous_24)
FN:839,(anonymous_25)
FN:893,(anonymous_26)
FN:913,(anonymous_27)
FN:914,(anonymous_28)
FN:959,(anonymous_29)
FN:975,(anonymous_30)
FN:999,(anonymous_31)
FN:1003,(anonymous_32)
FN:1004,(anonymous_33)
FN:1021,(anonymous_34)
FN:1024,(anonymous_35)
FN:1026,(anonymous_36)
FN:1027,(anonymous_37)
FN:1053,(anonymous_38)
FN:1081,(anonymous_39)
FN:1084,(anonymous_40)
FN:1102,(anonymous_41)
FN:1103,(anonymous_42)
FN:1123,(anonymous_43)
FN:1148,(anonymous_44)
FN:1164,(anonymous_45)
FN:1179,(anonymous_46)
FNF:47
FNH:44
FNDA:1670,(anonymous_0)
FNDA:3428,(anonymous_1)
FNDA:3497,(anonymous_2)
FNDA:691,(anonymous_3)
FNDA:548,(anonymous_4)
FNDA:3340,(anonymous_5)
FNDA:3340,(anonymous_6)
FNDA:799,(anonymous_7)
FNDA:1762,(anonymous_8)
FNDA:1127,(anonymous_9)
FNDA:799,(anonymous_10)
FNDA:1374,(anonymous_11)
FNDA:651,(anonymous_12)
FNDA:12,(anonymous_13)
FNDA:651,(anonymous_14)
FNDA:429,(anonymous_15)
FNDA:651,(anonymous_16)
FNDA:8,(anonymous_17)
FNDA:1726,(anonymous_18)
FNDA:651,(anonymous_19)
FNDA:172,(anonymous_20)
FNDA:372,(anonymous_21)
FNDA:256,(anonymous_22)
FNDA:40,(anonymous_23)
FNDA:176,(anonymous_24)
FNDA:88,(anonymous_25)
FNDA:72,(anonymous_26)
FNDA:36,(anonymous_27)
FNDA:36,(anonymous_28)
FNDA:883,(anonymous_29)
FNDA:741,(anonymous_30)
FNDA:1362,(anonymous_31)
FNDA:1362,(anonymous_32)
FNDA:64,(anonymous_33)
FNDA:872,(anonymous_34)
FNDA:648,(anonymous_35)
FNDA:648,(anonymous_36)
FNDA:8,(anonymous_37)
FNDA:36,(anonymous_38)
FNDA:28,(anonymous_39)
FNDA:28,(anonymous_40)
FNDA:0,(anonymous_41)
FNDA:0,(anonymous_42)
FNDA:36,(anonymous_43)
FNDA:40,(anonymous_44)
FNDA:20,(anonymous_45)
FNDA:0,(anonymous_46)
DA:49,546
DA:55,1670
DA:56,1670
DA:57,166
DA:58,166
DA:60,1670
DA:67,3428
DA:70,3428
DA:71,3424
DA:72,4529
DA:73,4529
DA:78,3428
DA:79,1355
DA:80,1535
DA:81,1535
DA:86,3428
DA:87,508
DA:88,536
DA:89,536
DA:94,3428
DA:95,1452
DA:96,1513
DA:100,3428
DA:108,3497
DA:109,934
DA:110,934
DA:111,1984
DA:113,934
DA:117,2563
DA:118,2563
DA:119,2563
DA:120,2563
DA:129,691
DA:131,691
DA:132,403
DA:135,288
DA:136,328
DA:139,288
DA:148,548
DA:149,108
DA:150,108
DA:151,220
DA:153,108
DA:157,440
DA:158,440
DA:159,440
DA:160,440
DA:163,184
DA:164,60
DA:180,3340
DA:181,3340
DA:183,3340
DA:184,0
DA:188,3340
DA:189,3340
DA:191,3340
DA:192,0
DA:196,3340
DA:197,2541
DA:207,799
DA:210,799
DA:212,799
DA:231,3340
DA:232,2541
DA:236,799
DA:237,0
DA:241,799
DA:242,799
DA:260,799
DA:261,799
DA:262,799
DA:266,799
DA:267,799
DA:268,799
DA:269,1534
DA:270,1534
DA:280,799
DA:281,799
DA:282,1230
DA:284,711
DA:285,711
DA:286,635
DA:291,1762
DA:293,799
DA:294,963
DA:295,0
DA:304,963
DA:305,1127
DA:309,963
DA:315,963
DA:316,0
DA:320,963
DA:321,987
DA:322,8
DA:325,979
DA:326,979
DA:327,0
DA:331,979
DA:333,8
DA:336,8
DA:353,971
DA:360,971
DA:362,971
DA:370,979
DA:374,799
DA:388,799
DA:390,799
DA:391,0
DA:395,799
DA:396,979
DA:397,979
DA:398,308
DA:402,671
DA:403,1374
DA:408,979
DA:411,979
DA:413,979
DA:414,20
DA:418,651
DA:426,651
DA:433,651
DA:434,651
DA:441,651
DA:443,12
DA:447,651
DA:449,651
DA:457,651
DA:463,651
DA:482,799
DA:503,651
DA:506,651
DA:507,651
DA:508,473
DA:509,581
DA:510,581
DA:511,533
DA:515,651
DA:516,96
DA:517,112
DA:518,112
DA:519,20
DA:525,651
DA:526,651
DA:527,643
DA:528,643
DA:531,643
DA:534,429
DA:541,429
DA:549,651
DA:559,651
DA:560,651
DA:562,651
DA:563,827
DA:564,827
DA:565,0
DA:568,827
DA:570,827
DA:571,827
DA:572,0
DA:575,827
DA:578,827
DA:579,8
DA:580,8
DA:581,16
DA:582,8
DA:588,651
DA:595,8
DA:596,8
DA:597,8
DA:599,8
DA:600,16
DA:602,16
DA:603,0
DA:605,16
DA:609,8
DA:619,1726
DA:620,8
DA:624,1718
DA:625,2770
DA:626,2770
DA:627,1326
DA:631,392
DA:647,651
DA:648,651
DA:651,272
DA:652,272
DA:655,272
DA:656,52
DA:657,52
DA:658,20
DA:659,20
DA:660,20
DA:667,272
DA:668,348
DA:670,200
DA:671,200
DA:674,184
DA:675,668
DA:676,668
DA:679,176
DA:682,176
DA:683,176
DA:685,176
DA:686,172
DA:692,172
DA:701,272
DA:708,372
DA:710,516
DA:711,100
DA:712,100
DA:713,100
DA:717,416
DA:718,416
DA:719,416
DA:720,416
DA:736,256
DA:738,256
DA:740,384
DA:741,60
DA:742,60
DA:743,48
DA:745,60
DA:750,324
DA:751,36
DA:755,36
DA:757,36
DA:759,20
DA:760,20
DA:761,20
DA:768,36
DA:772,288
DA:773,288
DA:774,288
DA:775,216
DA:780,256
DA:788,40
DA:789,72
DA:790,4
DA:791,0
DA:793,4
DA:795,68
DA:796,0
DA:797,0
DA:799,0
DA:801,68
DA:802,68
DA:803,68
DA:804,16
DA:808,24
DA:815,176
DA:817,176
DA:819,44
DA:820,44
DA:821,44
DA:823,4
DA:831,44
DA:844,88
DA:845,88
DA:848,88
DA:849,4
DA:871,84
DA:872,84
DA:875,84
DA:892,84
DA:893,72
DA:895,36
DA:896,36
DA:902,36
DA:903,36
DA:904,36
DA:913,36
DA:914,36
DA:916,36
DA:917,36
DA:918,36
DA:921,36
DA:922,36
DA:923,72
DA:924,72
DA:926,36
DA:930,36
DA:932,36
DA:933,20
DA:935,16
DA:939,36
DA:940,8
DA:946,36
DA:947,0
DA:953,84
DA:965,883
DA:966,48
DA:974,835
DA:975,835
DA:976,883
DA:978,883
DA:979,741
DA:982,835
DA:983,835
DA:984,1834
DA:985,1834
DA:986,1834
DA:987,1834
DA:989,1834
DA:998,835
DA:999,1362
DA:1001,609
DA:1002,609
DA:1003,1362
DA:1004,64
DA:1007,609
DA:1008,633
DA:1009,437
DA:1021,872
DA:1023,398
DA:1024,648
DA:1025,390
DA:1026,648
DA:1027,8
DA:1029,390
DA:1038,8
DA:1039,8
DA:1059,36
DA:1060,36
DA:1063,36
DA:1064,36
DA:1065,28
DA:1066,28
DA:1071,36
DA:1072,8
DA:1081,28
DA:1082,28
DA:1084,28
DA:1089,28
DA:1098,28
DA:1099,0
DA:1100,0
DA:1102,0
DA:1103,0
DA:1107,28
DA:1110,28
DA:1129,36
DA:1132,36
DA:1133,0
DA:1136,36
DA:1137,36
DA:1138,36
DA:1139,16
DA:1142,20
DA:1143,20
DA:1144,0
DA:1148,20
DA:1149,40
DA:1154,20
DA:1157,20
DA:1159,20
DA:1160,0
DA:1164,20
DA:1170,20
DA:1171,20
DA:1177,20
DA:1179,0
DA:1183,20
DA:1184,20
DA:1185,20
DA:1200,36
LF:365
LH:342
BRDA:56,0,0,166
BRDA:56,0,1,1504
BRDA:70,1,0,3424
BRDA:70,1,1,4
BRDA:78,2,0,1355
BRDA:78,2,1,2073
BRDA:86,3,0,508
BRDA:86,3,1,2920
BRDA:94,4,0,1452
BRDA:94,4,1,1976
BRDA:108,5,0,934
BRDA:108,5,1,2563
BRDA:108,6,0,3497
BRDA:108,6,1,2950
BRDA:109,7,0,934
BRDA:109,7,1,387
BRDA:109,7,2,0
BRDA:117,8,0,2563
BRDA:117,8,1,0
BRDA:119,9,0,2563
BRDA:119,9,1,0
BRDA:131,10,0,403
BRDA:131,10,1,288
BRDA:148,11,0,108
BRDA:148,11,1,440
BRDA:148,12,0,548
BRDA:148,12,1,476
BRDA:149,13,0,108
BRDA:149,13,1,36
BRDA:149,13,2,0
BRDA:157,14,0,440
BRDA:157,14,1,0
BRDA:160,15,0,184
BRDA:160,15,1,256
BRDA:163,16,0,60
BRDA:163,16,1,124
BRDA:163,17,0,184
BRDA:163,17,1,184
BRDA:183,18,0,0
BRDA:183,18,1,3340
BRDA:191,19,0,0
BRDA:191,19,1,3340
BRDA:196,20,0,2541
BRDA:196,20,1,799
BRDA:231,21,0,2541
BRDA:231,21,1,799
BRDA:236,22,0,0
BRDA:236,22,1,799
BRDA:267,23,0,799
BRDA:267,23,1,0
BRDA:282,24,0,519
BRDA:282,24,1,711
BRDA:285,25,0,635
BRDA:285,25,1,76
BRDA:294,26,0,0
BRDA:294,26,1,963
BRDA:315,27,0,0
BRDA:315,27,1,963
BRDA:315,28,0,963
BRDA:315,28,1,963
BRDA:321,29,0,8
BRDA:321,29,1,979
BRDA:326,30,0,0
BRDA:326,30,1,979
BRDA:331,31,0,8
BRDA:331,31,1,971
BRDA:331,32,0,979
BRDA:331,32,1,8
BRDA:390,33,0,0
BRDA:390,33,1,799
BRDA:390,34,0,799
BRDA:390,34,1,799
BRDA:397,35,0,308
BRDA:397,35,1,671
BRDA:402,36,0,671
BRDA:402,36,1,0
BRDA:413,37,0,20
BRDA:413,37,1,959
BRDA:447,38,0,651
BRDA:447,38,1,0
BRDA:469,39,0,172
BRDA:469,39,1,479
BRDA:470,40,0,429
BRDA:470,40,1,222
BRDA:507,41,0,473
BRDA:507,41,1,178
BRDA:510,42,0,533
BRDA:510,42,1,48
BRDA:515,43,0,96
BRDA:515,43,1,555
BRDA:518,44,0,20
BRDA:518,44,1,92
BRDA:525,45,0,651
BRDA:525,45,1,0
BRDA:531,46,0,429
BRDA:531,46,1,214
BRDA:564,47,0,0
BRDA:564,47,1,827
BRDA:571,48,0,0
BRDA:571,48,1,827
BRDA:571,49,0,827
BRDA:571,49,1,827
BRDA:578,50,0,8
BRDA:578,50,1,819
BRDA:578,51,0,827
BRDA:578,51,1,8
BRDA:581,52,0,8
BRDA:581,52,1,8
BRDA:602,53,0,0
BRDA:602,53,1,16
BRDA:619,54,0,8
BRDA:619,54,1,1718
BRDA:626,55,0,1326
BRDA:626,55,1,1444
BRDA:626,56,0,2770
BRDA:626,56,1,1970
BRDA:648,57,0,379
BRDA:648,57,1,272
BRDA:655,58,0,52
BRDA:655,58,1,220
BRDA:657,59,0,20
BRDA:657,59,1,32
BRDA:659,60,0,20
BRDA:659,60,1,0
BRDA:668,61,0,148
BRDA:668,61,1,200
BRDA:671,62,0,16
BRDA:671,62,1,184
BRDA:676,63,0,176
BRDA:676,63,1,492
BRDA:676,64,0,668
BRDA:676,64,1,176
BRDA:685,65,0,172
BRDA:685,65,1,4
BRDA:685,66,0,176
BRDA:685,66,1,172
BRDA:710,67,0,100
BRDA:710,67,1,416
BRDA:710,68,0,516
BRDA:710,68,1,452
BRDA:711,69,0,100
BRDA:711,69,1,36
BRDA:711,69,2,0
BRDA:717,70,0,416
BRDA:717,70,1,0
BRDA:719,71,0,416
BRDA:719,71,1,0
BRDA:740,72,0,60
BRDA:740,72,1,324
BRDA:741,73,0,60
BRDA:741,73,1,0
BRDA:742,74,0,48
BRDA:742,74,1,12
BRDA:750,75,0,36
BRDA:750,75,1,288
BRDA:751,76,0,36
BRDA:751,76,1,0
BRDA:757,77,0,20
BRDA:757,77,1,16
BRDA:760,78,0,20
BRDA:760,78,1,0
BRDA:772,79,0,288
BRDA:772,79,1,0
BRDA:774,80,0,216
BRDA:774,80,1,72
BRDA:789,81,0,4
BRDA:789,81,1,68
BRDA:790,82,0,0
BRDA:790,82,1,4
BRDA:790,83,0,4
BRDA:790,83,1,0
BRDA:795,84,0,0
BRDA:795,84,1,68
BRDA:796,85,0,0
BRDA:796,85,1,0
BRDA:796,86,0,0
BRDA:796,86,1,0
BRDA:801,87,0,68
BRDA:801,87,1,0
BRDA:803,88,0,16
BRDA:803,88,1,52
BRDA:817,89,0,132
BRDA:817,89,1,44
BRDA:821,90,0,4
BRDA:821,90,1,40
BRDA:821,91,0,44
BRDA:821,91,1,4
BRDA:826,92,0,4
BRDA:826,92,1,0
BRDA:848,93,0,4
BRDA:848,93,1,84
BRDA:892,94,0,36
BRDA:892,94,1,48
BRDA:903,95,0,36
BRDA:903,95,1,0
BRDA:924,96,0,72
BRDA:924,96,1,0
BRDA:927,97,0,36
BRDA:927,97,1,0
BRDA:932,98,0,20
BRDA:932,98,1,16
BRDA:946,99,0,0
BRDA:946,99,1,36
BRDA:965,100,0,48
BRDA:965,100,1,835
BRDA:975,101,0,835
BRDA:975,101,1,222
BRDA:979,102,0,741
BRDA:979,102,1,705
BRDA:985,103,0,1834
BRDA:985,103,1,1129
BRDA:986,104,0,1546
BRDA:986,104,1,288
BRDA:998,105,0,609
BRDA:998,105,1,226
BRDA:998,106,0,835
BRDA:998,106,1,613
BRDA:1001,107,0,609
BRDA:1001,107,1,0
BRDA:1008,108,0,437
BRDA:1008,108,1,196
BRDA:1012,109,0,36
BRDA:1012,109,1,401
BRDA:1023,110,0,390
BRDA:1023,110,1,8
BRDA:1032,111,0,378
BRDA:1032,111,1,12
BRDA:1064,112,0,28
BRDA:1064,112,1,8
BRDA:1071,113,0,8
BRDA:1071,113,1,28
BRDA:1071,114,0,36
BRDA:1071,114,1,28
BRDA:1098,115,0,0
BRDA:1098,115,1,28
BRDA:1098,116,0,28
BRDA:1098,116,1,0
BRDA:1101,117,0,0
BRDA:1101,117,1,0
BRDA:1132,118,0,0
BRDA:1132,118,1,36
BRDA:1132,119,0,36
BRDA:1132,119,1,36
BRDA:1138,120,0,16
BRDA:1138,120,1,20
BRDA:1143,121,0,0
BRDA:1143,121,1,20
BRDA:1159,122,0,0
BRDA:1159,122,1,20
BRDA:1183,123,0,20
BRDA:1183,123,1,0
BRDA:1188,124,0,0
BRDA:1188,124,1,20
BRF:253
BRH:203
end_of_record
TN:
SF:src/server/retention-query-builder.ts
FN:60,(anonymous_0)
FN:68,(anonymous_1)
FN:79,(anonymous_2)
FN:210,(anonymous_3)
FN:248,(anonymous_4)
FN:274,(anonymous_5)
FN:281,(anonymous_6)
FN:307,(anonymous_7)
FN:349,(anonymous_8)
FN:357,(anonymous_9)
FN:389,(anonymous_10)
FN:413,(anonymous_11)
FN:469,(anonymous_12)
FN:548,(anonymous_13)
FN:560,(anonymous_14)
FN:572,(anonymous_15)
FN:648,(anonymous_16)
FN:689,(anonymous_17)
FN:731,(anonymous_18)
FN:749,(anonymous_19)
FN:782,(anonymous_20)
FN:799,(anonymous_21)
FNF:22
FNH:19
FNDA:534,(anonymous_0)
FNDA:6537,(anonymous_1)
FNDA:72,(anonymous_2)
FNDA:18,(anonymous_3)
FNDA:0,(anonymous_4)
FNDA:26,(anonymous_5)
FNDA:104,(anonymous_6)
FNDA:18,(anonymous_7)
FNDA:18,(anonymous_8)
FNDA:0,(anonymous_9)
FNDA:36,(anonymous_10)
FNDA:4,(anonymous_11)
FNDA:18,(anonymous_12)
FNDA:18,(anonymous_13)
FNDA:18,(anonymous_14)
FNDA:18,(anonymous_15)
FNDA:18,(anonymous_16)
FNDA:18,(anonymous_17)
FNDA:2,(anonymous_18)
FNDA:0,(anonymous_19)
FNDA:18,(anonymous_20)
FNDA:4,(anonymous_21)
DA:60,534
DA:61,534
DA:62,534
DA:69,6537
DA:83,72
DA:86,72
DA:87,72
DA:88,72
DA:89,72
DA:90,72
DA:91,0
DA:92,72
DA:93,4
DA:96,0
DA:100,72
DA:101,8
DA:102,8
DA:103,8
DA:104,4
DA:106,4
DA:107,4
DA:108,0
DA:114,64
DA:115,64
DA:116,0
DA:118,64
DA:119,64
DA:120,0
DA:121,64
DA:122,4
DA:128,72
DA:129,0
DA:130,0
DA:131,0
DA:132,0
DA:134,0
DA:135,0
DA:136,0
DA:137,0
DA:138,0
DA:145,72
DA:146,4
DA:148,72
DA:149,4
DA:153,72
DA:154,72
DA:155,4
DA:159,72
DA:160,72
DA:161,4
DA:165,72
DA:166,0
DA:168,72
DA:169,0
DA:171,72
DA:172,72
DA:173,0
DA:177,72
DA:178,0
DA:180,72
DA:181,72
DA:182,0
DA:187,72
DA:188,72
DA:189,72
DA:190,72
DA:191,0
DA:196,72
DA:216,18
DA:219,18
DA:220,18
DA:221,18
DA:222,18
DA:223,18
DA:226,18
DA:228,18
DA:236,18
DA:237,0
DA:240,18
DA:246,18
DA:248,0
DA:249,0
DA:251,0
DA:255,0
DA:257,18
DA:261,18
DA:262,18
DA:263,0
DA:265,18
DA:266,18
DA:268,18
DA:278,26
DA:279,26
DA:281,26
DA:282,104
DA:289,104
DA:290,0
DA:291,0
DA:292,0
DA:293,0
DA:294,0
DA:296,0
DA:299,104
DA:312,18
DA:313,18
DA:315,18
DA:316,18
DA:317,0
DA:320,18
DA:321,18
DA:322,0
DA:325,18
DA:326,18
DA:327,18
DA:328,18
DA:331,18
DA:332,18
DA:333,0
DA:334,0
DA:335,0
DA:336,0
DA:337,0
DA:338,0
DA:343,18
DA:355,18
DA:357,0
DA:358,0
DA:359,0
DA:361,0
DA:362,0
DA:363,0
DA:364,0
DA:366,0
DA:367,0
DA:368,0
DA:370,0
DA:374,18
DA:375,18
DA:376,18
DA:377,0
DA:379,18
DA:380,18
DA:381,0
DA:383,18
DA:395,36
DA:397,4
DA:398,36
DA:400,36
DA:401,4
DA:402,4
DA:403,4
DA:407,4
DA:420,4
DA:421,0
DA:422,0
DA:423,0
DA:424,0
DA:426,0
DA:427,0
DA:428,0
DA:429,0
DA:433,0
DA:434,0
DA:436,0
DA:437,0
DA:439,0
DA:444,4
DA:445,4
DA:447,4
DA:448,4
DA:450,4
DA:451,4
DA:453,4
DA:455,4
DA:475,18
DA:478,18
DA:479,18
DA:480,18
DA:482,18
DA:485,18
DA:486,18
DA:490,18
DA:494,18
DA:500,18
DA:506,18
DA:507,0
DA:508,0
DA:512,18
DA:517,18
DA:518,18
DA:521,18
DA:526,18
DA:527,18
DA:528,0
DA:530,18
DA:533,18
DA:534,18
DA:538,18
DA:541,18
DA:553,18
DA:564,18
DA:578,18
DA:581,18
DA:582,18
DA:583,18
DA:585,18
DA:588,18
DA:591,18
DA:597,18
DA:604,18
DA:610,18
DA:611,0
DA:615,18
DA:624,18
DA:625,18
DA:628,18
DA:632,18
DA:636,18
DA:637,0
DA:639,18
DA:641,18
DA:653,18
DA:655,18
DA:657,0
DA:660,0
DA:662,0
DA:663,0
DA:664,0
DA:667,0
DA:672,0
DA:676,18
DA:682,18
DA:699,18
DA:701,2
DA:704,16
DA:708,16
DA:711,16
DA:712,0
DA:713,0
DA:716,16
DA:723,18
DA:737,2
DA:738,2
DA:739,0
DA:741,2
DA:746,2
DA:749,0
DA:757,2
DA:760,2
DA:764,2
DA:766,2
DA:767,0
DA:768,0
DA:772,2
DA:788,18
DA:800,4
DA:801,4
LF:257
LH:173
BRDA:70,0,0,6537
BRDA:70,0,1,44
BRDA:70,0,2,44
BRDA:90,1,0,0
BRDA:90,1,1,72
BRDA:92,2,0,4
BRDA:92,2,1,68
BRDA:100,3,0,8
BRDA:100,3,1,64
BRDA:103,4,0,4
BRDA:103,4,1,4
BRDA:107,5,0,0
BRDA:107,5,1,4
BRDA:115,6,0,0
BRDA:115,6,1,64
BRDA:115,7,0,64
BRDA:115,7,1,64
BRDA:119,8,0,0
BRDA:119,8,1,64
BRDA:121,9,0,4
BRDA:121,9,1,60
BRDA:128,10,0,0
BRDA:128,10,1,72
BRDA:128,11,0,72
BRDA:128,11,1,0
BRDA:131,12,0,0
BRDA:131,12,1,0
BRDA:131,13,0,0
BRDA:131,13,1,0
BRDA:135,14,0,0
BRDA:135,14,1,0
BRDA:137,15,0,0
BRDA:137,15,1,0
BRDA:145,16,0,4
BRDA:145,16,1,68
BRDA:148,17,0,4
BRDA:148,17,1,68
BRDA:154,18,0,4
BRDA:154,18,1,68
BRDA:160,19,0,4
BRDA:160,19,1,68
BRDA:165,20,0,0
BRDA:165,20,1,72
BRDA:168,21,0,0
BRDA:168,21,1,72
BRDA:172,22,0,0
BRDA:172,22,1,72
BRDA:177,23,0,0
BRDA:177,23,1,72
BRDA:181,24,0,0
BRDA:181,24,1,72
BRDA:187,25,0,72
BRDA:187,25,1,0
BRDA:187,26,0,72
BRDA:187,26,1,72
BRDA:190,27,0,0
BRDA:190,27,1,72
BRDA:190,28,0,72
BRDA:190,28,1,72
BRDA:190,28,2,72
BRDA:246,29,0,0
BRDA:246,29,1,18
BRDA:251,30,0,0
BRDA:251,30,1,0
BRDA:278,31,0,26
BRDA:278,31,1,26
BRDA:286,32,0,100
BRDA:286,32,1,4
BRDA:289,33,0,0
BRDA:289,33,1,104
BRDA:294,34,0,0
BRDA:294,34,1,0
BRDA:316,35,0,0
BRDA:316,35,1,18
BRDA:321,36,0,0
BRDA:321,36,1,18
BRDA:332,37,0,0
BRDA:332,37,1,18
BRDA:332,38,0,18
BRDA:332,38,1,0
BRDA:336,39,0,0
BRDA:336,39,1,0
BRDA:336,40,0,0
BRDA:336,40,1,0
BRDA:355,41,0,0
BRDA:355,41,1,18
BRDA:358,42,0,0
BRDA:358,42,1,0
BRDA:363,43,0,0
BRDA:363,43,1,0
BRDA:367,44,0,0
BRDA:367,44,1,0
BRDA:376,45,0,0
BRDA:376,45,1,18
BRDA:380,46,0,0
BRDA:380,46,1,18
BRDA:395,47,0,32
BRDA:395,47,1,4
BRDA:397,48,0,0
BRDA:397,48,1,4
BRDA:402,49,0,4
BRDA:402,49,1,0
BRDA:420,50,0,0
BRDA:420,50,1,4
BRDA:420,51,0,4
BRDA:420,51,1,4
BRDA:423,52,0,0
BRDA:423,52,1,0
BRDA:424,53,0,0
BRDA:424,53,1,0
BRDA:424,53,2,0
BRDA:428,54,0,0
BRDA:428,54,1,0
BRDA:433,55,0,0
BRDA:433,55,1,0
BRDA:434,56,0,0
BRDA:434,56,1,0
BRDA:436,57,0,0
BRDA:436,57,1,0
BRDA:448,58,0,0
BRDA:448,58,1,4
BRDA:451,59,0,0
BRDA:451,59,1,4
BRDA:458,60,0,4
BRDA:458,60,1,0
BRDA:479,61,0,18
BRDA:479,61,1,0
BRDA:485,62,0,18
BRDA:485,62,1,0
BRDA:517,63,0,18
BRDA:517,63,1,0
BRDA:518,64,0,0
BRDA:518,64,1,18
BRDA:533,65,0,18
BRDA:533,65,1,0
BRDA:582,66,0,18
BRDA:582,66,1,0
BRDA:624,67,0,18
BRDA:624,67,1,0
BRDA:625,68,0,0
BRDA:625,68,1,18
BRDA:655,69,0,0
BRDA:655,69,1,18
BRDA:699,70,0,2
BRDA:699,70,1,16
BRDA:741,71,0,0
BRDA:741,71,1,2
BRDA:749,72,0,0
BRDA:749,72,1,2
BRDA:801,73,0,0
BRDA:801,73,1,4
BRF:151
BRH:76
end_of_record
TN:
SF:src/server/template-substitution.ts
FN:43,substituteTemplate
FN:162,extractMemberReferences
FN:172,(anonymous_2)
FN:197,validateTemplateSyntax
FN:266,hasMemberReferences
FN:276,getMemberReferences
FNF:6
FNH:6
FNDA:264,substituteTemplate
FNDA:664,extractMemberReferences
FNDA:156,(anonymous_2)
FNDA:244,validateTemplateSyntax
FNDA:40,hasMemberReferences
FNDA:156,getMemberReferences
DA:47,264
DA:50,264
DA:53,264
DA:55,264
DA:56,448
DA:59,448
DA:60,448
DA:62,448
DA:63,4
DA:69,444
DA:70,444
DA:72,444
DA:73,16
DA:82,428
DA:83,428
DA:85,428
DA:92,244
DA:93,244
DA:94,244
DA:97,244
DA:98,424
DA:99,424
DA:101,424
DA:103,420
DA:106,420
DA:107,420
DA:108,420
DA:111,420
DA:116,244
DA:120,244
DA:121,12
DA:126,232
DA:128,232
DA:130,652
DA:131,422
DA:135,652
DA:136,420
DA:141,232
DA:163,664
DA:164,664
DA:165,664
DA:167,664
DA:168,1008
DA:170,1008
DA:172,156
DA:173,76
DA:180,932
DA:188,664
DA:201,244
DA:204,244
DA:205,244
DA:206,4524
DA:207,324
DA:208,4200
DA:209,324
DA:210,324
DA:211,12
DA:212,12
DA:217,244
DA:218,12
DA:222,244
DA:223,244
DA:224,20
DA:228,244
DA:229,244
DA:230,20
DA:234,244
DA:235,244
DA:236,288
DA:239,288
DA:240,76
DA:247,288
DA:248,0
DA:254,244
DA:267,40
DA:277,156
DA:278,156
DA:280,156
DA:281,272
DA:282,272
DA:283,272
DA:286,156
LF:82
LH:81
BRDA:59,0,0,448
BRDA:59,0,1,424
BRDA:62,1,0,4
BRDA:62,1,1,444
BRDA:72,2,0,16
BRDA:72,2,1,428
BRDA:101,3,0,420
BRDA:101,3,1,4
BRDA:107,4,0,420
BRDA:107,4,1,0
BRDA:120,5,0,12
BRDA:120,5,1,232
BRDA:130,6,0,422
BRDA:130,6,1,230
BRDA:135,7,0,420
BRDA:135,7,1,232
BRDA:170,8,0,76
BRDA:170,8,1,932
BRDA:206,9,0,324
BRDA:206,9,1,4200
BRDA:208,10,0,324
BRDA:208,10,1,3876
BRDA:210,11,0,12
BRDA:210,11,1,312
BRDA:217,12,0,12
BRDA:217,12,1,232
BRDA:223,13,0,20
BRDA:223,13,1,224
BRDA:229,14,0,20
BRDA:229,14,1,224
BRDA:236,15,0,20
BRDA:236,15,1,268
BRDA:239,16,0,76
BRDA:239,16,1,212
BRDA:247,17,0,0
BRDA:247,17,1,288
BRDA:281,18,0,272
BRDA:281,18,1,244
BRF:38
BRH:36
end_of_record
TN:
SF:src/server/types/analysis.ts
FNF:0
FNH:0
LF:0
LH:0
BRF:0
BRH:0
end_of_record
TN:
SF:src/server/types/cache.ts
FNF:0
FNH:0
LF:0
LH:0
BRF:0
BRH:0
end_of_record
TN:
SF:src/server/types/core.ts
FNF:0
FNH:0
LF:0
LH:0
BRF:0
BRH:0
end_of_record
TN:
SF:src/server/types/cube.ts
FNF:0
FNH:0
LF:0
LH:0
BRF:0
BRH:0
end_of_record
TN:
SF:src/server/types/executor.ts
FNF:0
FNH:0
LF:0
LH:0
BRF:0
BRH:0
end_of_record
TN:
SF:src/server/types/flow.ts
FNF:0
FNH:0
DA:186,0
DA:189,0
LF:2
LH:0
BRF:0
BRH:0
end_of_record
TN:
SF:src/server/types/funnel.ts
FN:140,isMultiCubeStep
FN:147,isMultiCubeBindingKey
FN:156,isMultiCubeTimeDimension
FNF:3
FNH:0
FNDA:0,isMultiCubeStep
FNDA:0,isMultiCubeBindingKey
FNDA:0,isMultiCubeTimeDimension
DA:141,0
DA:150,0
DA:159,0
LF:3
LH:0
BRDA:141,0,0,0
BRDA:141,0,1,0
BRF:2
BRH:0
end_of_record
TN:
SF:src/server/types/index.ts
FNF:0
FNH:0
LF:0
LH:0
BRF:0
BRH:0
end_of_record
TN:
SF:src/server/types/metadata.ts
FNF:0
FNH:0
LF:0
LH:0
BRF:0
BRH:0
end_of_record
TN:
SF:src/server/types/query.ts
FNF:0
FNH:0
LF:0
LH:0
BRF:0
BRH:0
end_of_record
TN:
SF:src/server/types/retention.ts
FN:149,isRetentionMultiCubeBindingKey
FN:158,isRetentionMultiCubeTimeDimension
FN:167,isRetentionQuery
FN:180,extractCubeFromTimeDimension
FN:197,extractDimensionFromTimeDimension
FNF:5
FNH:4
FNDA:90,isRetentionMultiCubeBindingKey
FNDA:180,isRetentionMultiCubeTimeDimension
FNDA:0,isRetentionQuery
FNDA:90,extractCubeFromTimeDimension
FNDA:90,extractDimensionFromTimeDimension
DA:152,90
DA:161,180
DA:168,0
DA:169,0
DA:170,0
DA:183,90
DA:184,0
DA:187,90
DA:188,90
DA:189,0
DA:191,90
DA:200,90
DA:201,0
DA:204,90
DA:205,90
DA:206,0
DA:208,90
LF:17
LH:10
BRDA:161,0,0,180
BRDA:161,0,1,0
BRDA:161,0,2,0
BRDA:168,1,0,0
BRDA:168,1,1,0
BRDA:168,2,0,0
BRDA:168,2,1,0
BRDA:171,3,0,0
BRDA:171,3,1,0
BRDA:171,3,2,0
BRDA:183,4,0,0
BRDA:183,4,1,90
BRDA:188,5,0,0
BRDA:188,5,1,90
BRDA:200,6,0,0
BRDA:200,6,1,90
BRDA:205,7,0,0
BRDA:205,7,1,90
BRF:18
BRH:5
end_of_record
TN:
SF:src/server/types/utils.ts
FNF:0
FNH:0
LF:0
LH:0
BRF:0
BRH:0
end_of_record
