{"/Users/cliftonc/work/dc/drizzle-cube/src/adapters/utils.ts": {"path":"/Users/cliftonc/work/dc/drizzle-cube/src/adapters/utils.ts","statementMap":{"0":{"start":{"line":18,"column":19},"end":{"line":18,"column":null}},"1":{"start":{"line":19,"column":2},"end":{"line":19,"column":null}},"2":{"start":{"line":20,"column":2},"end":{"line":20,"column":null}},"3":{"start":{"line":21,"column":2},"end":{"line":21,"column":null}},"4":{"start":{"line":22,"column":2},"end":{"line":22,"column":null}},"5":{"start":{"line":24,"column":2},"end":{"line":24,"column":null}},"6":{"start":{"line":24,"column":23},"end":{"line":24,"column":null}},"7":{"start":{"line":25,"column":2},"end":{"line":25,"column":null}},"8":{"start":{"line":25,"column":24},"end":{"line":25,"column":null}},"9":{"start":{"line":26,"column":2},"end":{"line":26,"column":null}},"10":{"start":{"line":35,"column":2},"end":{"line":41,"column":null}},"11":{"start":{"line":36,"column":27},"end":{"line":36,"column":null}},"12":{"start":{"line":37,"column":4},"end":{"line":39,"column":null}},"13":{"start":{"line":38,"column":6},"end":{"line":38,"column":null}},"14":{"start":{"line":40,"column":4},"end":{"line":40,"column":null}},"15":{"start":{"line":44,"column":2},"end":{"line":49,"column":null}},"16":{"start":{"line":45,"column":23},"end":{"line":45,"column":null}},"17":{"start":{"line":46,"column":4},"end":{"line":48,"column":null}},"18":{"start":{"line":47,"column":6},"end":{"line":47,"column":null}},"19":{"start":{"line":56,"column":20},"end":{"line":56,"column":null}},"20":{"start":{"line":57,"column":17},"end":{"line":57,"column":null}},"21":{"start":{"line":58,"column":2},"end":{"line":58,"column":null}},"22":{"start":{"line":65,"column":27},"end":{"line":65,"column":null}},"23":{"start":{"line":66,"column":31},"end":{"line":66,"column":null}},"24":{"start":{"line":67,"column":19},"end":{"line":67,"column":null}},"25":{"start":{"line":69,"column":2},"end":{"line":90,"column":null}},"26":{"start":{"line":98,"column":2},"end":{"line":103,"column":null}},"27":{"start":{"line":99,"column":22},"end":{"line":99,"column":null}},"28":{"start":{"line":100,"column":4},"end":{"line":102,"column":null}},"29":{"start":{"line":101,"column":6},"end":{"line":101,"column":null}},"30":{"start":{"line":104,"column":2},"end":{"line":104,"column":null}},"31":{"start":{"line":116,"column":21},"end":{"line":116,"column":null}},"32":{"start":{"line":117,"column":2},"end":{"line":119,"column":null}},"33":{"start":{"line":118,"column":4},"end":{"line":118,"column":null}},"34":{"start":{"line":122,"column":26},"end":{"line":122,"column":null}},"35":{"start":{"line":124,"column":2},"end":{"line":127,"column":null}},"36":{"start":{"line":125,"column":21},"end":{"line":125,"column":null}},"37":{"start":{"line":126,"column":4},"end":{"line":126,"column":null}},"38":{"start":{"line":129,"column":2},"end":{"line":132,"column":null}},"39":{"start":{"line":130,"column":21},"end":{"line":130,"column":null}},"40":{"start":{"line":131,"column":4},"end":{"line":131,"column":null}},"41":{"start":{"line":135,"column":2},"end":{"line":138,"column":null}},"42":{"start":{"line":136,"column":21},"end":{"line":136,"column":null}},"43":{"start":{"line":137,"column":4},"end":{"line":137,"column":null}},"44":{"start":{"line":141,"column":2},"end":{"line":143,"column":null}},"45":{"start":{"line":142,"column":4},"end":{"line":142,"column":null}},"46":{"start":{"line":146,"column":22},"end":{"line":146,"column":null}},"47":{"start":{"line":150,"column":2},"end":{"line":157,"column":null}},"48":{"start":{"line":152,"column":4},"end":{"line":152,"column":null}},"49":{"start":{"line":155,"column":21},"end":{"line":155,"column":null}},"50":{"start":{"line":156,"column":4},"end":{"line":156,"column":null}},"51":{"start":{"line":160,"column":28},"end":{"line":171,"column":null}},"52":{"start":{"line":160,"column":73},"end":{"line":171,"column":4}},"53":{"start":{"line":163,"column":44},"end":{"line":163,"column":72}},"54":{"start":{"line":164,"column":48},"end":{"line":164,"column":76}},"55":{"start":{"line":175,"column":2},"end":{"line":180,"column":null}},"56":{"start":{"line":176,"column":4},"end":{"line":176,"column":null}},"57":{"start":{"line":179,"column":4},"end":{"line":179,"column":null}},"58":{"start":{"line":183,"column":2},"end":{"line":203,"column":null}},"59":{"start":{"line":214,"column":17},"end":{"line":214,"column":null}},"60":{"start":{"line":215,"column":20},"end":{"line":215,"column":null}},"61":{"start":{"line":216,"column":8},"end":{"line":216,"column":null}},"62":{"start":{"line":217,"column":27},"end":{"line":217,"column":null}},"63":{"start":{"line":219,"column":2},"end":{"line":240,"column":null}},"64":{"start":{"line":247,"column":2},"end":{"line":266,"column":null}},"65":{"start":{"line":249,"column":23},"end":{"line":254,"column":null}},"66":{"start":{"line":256,"column":4},"end":{"line":261,"column":null}},"67":{"start":{"line":264,"column":4},"end":{"line":264,"column":null}},"68":{"start":{"line":265,"column":4},"end":{"line":265,"column":null}},"69":{"start":{"line":276,"column":2},"end":{"line":280,"column":null}},"70":{"start":{"line":287,"column":2},"end":{"line":289,"column":null}},"71":{"start":{"line":296,"column":2},"end":{"line":299,"column":null}},"72":{"start":{"line":318,"column":25},"end":{"line":326,"column":null}},"73":{"start":{"line":321,"column":21},"end":{"line":321,"column":null}},"74":{"start":{"line":324,"column":6},"end":{"line":324,"column":null}},"75":{"start":{"line":329,"column":18},"end":{"line":346,"column":null}},"76":{"start":{"line":330,"column":4},"end":{"line":345,"column":null}},"77":{"start":{"line":332,"column":6},"end":{"line":335,"column":null}},"78":{"start":{"line":338,"column":6},"end":{"line":344,"column":null}},"79":{"start":{"line":348,"column":2},"end":{"line":348,"column":null}}},"fnMap":{"0":{"name":"calculateQueryComplexity","decl":{"start":{"line":17,"column":16},"end":{"line":17,"column":41}},"loc":{"start":{"line":17,"column":71},"end":{"line":27,"column":null}},"line":17},"1":{"name":"extractCubeNamesFromFilter","decl":{"start":{"line":33,"column":9},"end":{"line":33,"column":36}},"loc":{"start":{"line":33,"column":78},"end":{"line":50,"column":null}},"line":33},"2":{"name":"generateRequestId","decl":{"start":{"line":55,"column":16},"end":{"line":55,"column":44}},"loc":{"start":{"line":55,"column":44},"end":{"line":59,"column":null}},"line":55},"3":{"name":"buildTransformedQuery","decl":{"start":{"line":64,"column":16},"end":{"line":64,"column":38}},"loc":{"start":{"line":64,"column":65},"end":{"line":91,"column":null}},"line":64},"4":{"name":"getDatabaseType","decl":{"start":{"line":96,"column":16},"end":{"line":96,"column":32}},"loc":{"start":{"line":96,"column":78},"end":{"line":105,"column":null}},"line":96},"5":{"name":"handleDryRun","decl":{"start":{"line":110,"column":22},"end":{"line":110,"column":null}},"loc":{"start":{"line":114,"column":2},"end":{"line":204,"column":null}},"line":114},"6":{"name":"(anonymous_6)","decl":{"start":{"line":124,"column":26},"end":{"line":124,"column":37}},"loc":{"start":{"line":124,"column":37},"end":{"line":127,"column":3}},"line":124},"7":{"name":"(anonymous_7)","decl":{"start":{"line":129,"column":28},"end":{"line":129,"column":41}},"loc":{"start":{"line":129,"column":41},"end":{"line":132,"column":3}},"line":129},"8":{"name":"(anonymous_8)","decl":{"start":{"line":135,"column":32},"end":{"line":135,"column":49}},"loc":{"start":{"line":135,"column":49},"end":{"line":138,"column":3}},"line":135},"9":{"name":"(anonymous_9)","decl":{"start":{"line":141,"column":25},"end":{"line":141,"column":35}},"loc":{"start":{"line":141,"column":35},"end":{"line":143,"column":3}},"line":141},"10":{"name":"(anonymous_10)","decl":{"start":{"line":160,"column":60},"end":{"line":160,"column":73}},"loc":{"start":{"line":160,"column":73},"end":{"line":171,"column":4}},"line":160},"11":{"name":"(anonymous_11)","decl":{"start":{"line":163,"column":39},"end":{"line":163,"column":44}},"loc":{"start":{"line":163,"column":44},"end":{"line":163,"column":72}},"line":163},"12":{"name":"(anonymous_12)","decl":{"start":{"line":164,"column":43},"end":{"line":164,"column":48}},"loc":{"start":{"line":164,"column":48},"end":{"line":164,"column":76}},"line":164},"13":{"name":"formatCubeResponse","decl":{"start":{"line":209,"column":16},"end":{"line":209,"column":null}},"loc":{"start":{"line":213,"column":2},"end":{"line":241,"column":null}},"line":213},"14":{"name":"formatSqlString","decl":{"start":{"line":246,"column":16},"end":{"line":246,"column":32}},"loc":{"start":{"line":246,"column":120},"end":{"line":267,"column":null}},"line":246},"15":{"name":"formatSqlResponse","decl":{"start":{"line":272,"column":16},"end":{"line":272,"column":null}},"loc":{"start":{"line":275,"column":2},"end":{"line":281,"column":null}},"line":275},"16":{"name":"formatMetaResponse","decl":{"start":{"line":286,"column":16},"end":{"line":286,"column":35}},"loc":{"start":{"line":286,"column":50},"end":{"line":290,"column":null}},"line":286},"17":{"name":"formatErrorResponse","decl":{"start":{"line":295,"column":16},"end":{"line":295,"column":36}},"loc":{"start":{"line":295,"column":81},"end":{"line":300,"column":null}},"line":295},"18":{"name":"handleBatchRequest","decl":{"start":{"line":311,"column":22},"end":{"line":311,"column":null}},"loc":{"start":{"line":315,"column":2},"end":{"line":349,"column":null}},"line":315},"19":{"name":"(anonymous_19)","decl":{"start":{"line":319,"column":16},"end":{"line":319,"column":23}},"loc":{"start":{"line":319,"column":33},"end":{"line":325,"column":5}},"line":319},"20":{"name":"(anonymous_20)","decl":{"start":{"line":329,"column":37},"end":{"line":329,"column":38}},"loc":{"start":{"line":329,"column":63},"end":{"line":346,"column":3}},"line":329}},"branchMap":{"0":{"loc":{"start":{"line":19,"column":17},"end":{"line":19,"column":48}},"type":"binary-expr","locations":[{"start":{"line":19,"column":17},"end":{"line":19,"column":43}},{"start":{"line":19,"column":43},"end":{"line":19,"column":48}}],"line":19},"1":{"loc":{"start":{"line":20,"column":17},"end":{"line":20,"column":50}},"type":"binary-expr","locations":[{"start":{"line":20,"column":17},"end":{"line":20,"column":45}},{"start":{"line":20,"column":45},"end":{"line":20,"column":50}}],"line":20},"2":{"loc":{"start":{"line":21,"column":17},"end":{"line":21,"column":47}},"type":"binary-expr","locations":[{"start":{"line":21,"column":17},"end":{"line":21,"column":42}},{"start":{"line":21,"column":42},"end":{"line":21,"column":47}}],"line":21},"3":{"loc":{"start":{"line":22,"column":17},"end":{"line":22,"column":54}},"type":"binary-expr","locations":[{"start":{"line":22,"column":17},"end":{"line":22,"column":49}},{"start":{"line":22,"column":49},"end":{"line":22,"column":54}}],"line":22},"4":{"loc":{"start":{"line":24,"column":2},"end":{"line":24,"column":null}},"type":"if","locations":[{"start":{"line":24,"column":2},"end":{"line":24,"column":null}},{"start":{},"end":{}}],"line":24},"5":{"loc":{"start":{"line":25,"column":2},"end":{"line":25,"column":null}},"type":"if","locations":[{"start":{"line":25,"column":2},"end":{"line":25,"column":null}},{"start":{},"end":{}}],"line":25},"6":{"loc":{"start":{"line":35,"column":2},"end":{"line":41,"column":null}},"type":"if","locations":[{"start":{"line":35,"column":2},"end":{"line":41,"column":null}},{"start":{},"end":{}}],"line":35},"7":{"loc":{"start":{"line":35,"column":6},"end":{"line":35,"column":41}},"type":"binary-expr","locations":[{"start":{"line":35,"column":6},"end":{"line":35,"column":25}},{"start":{"line":35,"column":25},"end":{"line":35,"column":41}}],"line":35},"8":{"loc":{"start":{"line":36,"column":27},"end":{"line":36,"column":null}},"type":"binary-expr","locations":[{"start":{"line":36,"column":27},"end":{"line":36,"column":41}},{"start":{"line":36,"column":41},"end":{"line":36,"column":54}},{"start":{"line":36,"column":54},"end":{"line":36,"column":null}}],"line":36},"9":{"loc":{"start":{"line":44,"column":2},"end":{"line":49,"column":null}},"type":"if","locations":[{"start":{"line":44,"column":2},"end":{"line":49,"column":null}},{"start":{},"end":{}}],"line":44},"10":{"loc":{"start":{"line":46,"column":4},"end":{"line":48,"column":null}},"type":"if","locations":[{"start":{"line":46,"column":4},"end":{"line":48,"column":null}},{"start":{},"end":{}}],"line":46},"11":{"loc":{"start":{"line":65,"column":27},"end":{"line":65,"column":null}},"type":"binary-expr","locations":[{"start":{"line":65,"column":27},"end":{"line":65,"column":47}},{"start":{"line":65,"column":47},"end":{"line":65,"column":null}}],"line":65},"12":{"loc":{"start":{"line":66,"column":31},"end":{"line":66,"column":null}},"type":"binary-expr","locations":[{"start":{"line":66,"column":31},"end":{"line":66,"column":55}},{"start":{"line":66,"column":55},"end":{"line":66,"column":null}}],"line":66},"13":{"loc":{"start":{"line":67,"column":19},"end":{"line":67,"column":null}},"type":"binary-expr","locations":[{"start":{"line":67,"column":19},"end":{"line":67,"column":37}},{"start":{"line":67,"column":37},"end":{"line":67,"column":null}}],"line":67},"14":{"loc":{"start":{"line":98,"column":2},"end":{"line":103,"column":null}},"type":"if","locations":[{"start":{"line":98,"column":2},"end":{"line":103,"column":null}},{"start":{},"end":{}}],"line":98},"15":{"loc":{"start":{"line":100,"column":4},"end":{"line":102,"column":null}},"type":"if","locations":[{"start":{"line":100,"column":4},"end":{"line":102,"column":null}},{"start":{},"end":{}}],"line":100},"16":{"loc":{"start":{"line":117,"column":2},"end":{"line":119,"column":null}},"type":"if","locations":[{"start":{"line":117,"column":2},"end":{"line":119,"column":null}},{"start":{},"end":{}}],"line":117},"17":{"loc":{"start":{"line":150,"column":2},"end":{"line":157,"column":null}},"type":"if","locations":[{"start":{"line":150,"column":2},"end":{"line":157,"column":null}},{"start":{"line":153,"column":9},"end":{"line":157,"column":null}}],"line":150},"18":{"loc":{"start":{"line":163,"column":16},"end":{"line":163,"column":null}},"type":"binary-expr","locations":[{"start":{"line":163,"column":16},"end":{"line":163,"column":77}},{"start":{"line":163,"column":77},"end":{"line":163,"column":null}}],"line":163},"19":{"loc":{"start":{"line":164,"column":18},"end":{"line":164,"column":null}},"type":"binary-expr","locations":[{"start":{"line":164,"column":18},"end":{"line":164,"column":81}},{"start":{"line":164,"column":81},"end":{"line":164,"column":null}}],"line":164},"20":{"loc":{"start":{"line":165,"column":15},"end":{"line":165,"column":null}},"type":"binary-expr","locations":[{"start":{"line":165,"column":15},"end":{"line":165,"column":32}},{"start":{"line":165,"column":32},"end":{"line":165,"column":null}}],"line":165},"21":{"loc":{"start":{"line":166,"column":22},"end":{"line":166,"column":null}},"type":"binary-expr","locations":[{"start":{"line":166,"column":22},"end":{"line":166,"column":46}},{"start":{"line":166,"column":46},"end":{"line":166,"column":null}}],"line":166},"22":{"loc":{"start":{"line":167,"column":13},"end":{"line":167,"column":null}},"type":"binary-expr","locations":[{"start":{"line":167,"column":13},"end":{"line":167,"column":28}},{"start":{"line":167,"column":28},"end":{"line":167,"column":null}}],"line":167},"23":{"loc":{"start":{"line":194,"column":14},"end":{"line":194,"column":null}},"type":"binary-expr","locations":[{"start":{"line":194,"column":14},"end":{"line":194,"column":34}},{"start":{"line":194,"column":34},"end":{"line":194,"column":null}}],"line":194},"24":{"loc":{"start":{"line":199,"column":14},"end":{"line":199,"column":null}},"type":"cond-expr","locations":[{"start":{"line":199,"column":28},"end":{"line":199,"column":48}},{"start":{"line":199,"column":48},"end":{"line":199,"column":null}}],"line":199},"25":{"loc":{"start":{"line":278,"column":12},"end":{"line":278,"column":null}},"type":"binary-expr","locations":[{"start":{"line":278,"column":12},"end":{"line":278,"column":32}},{"start":{"line":278,"column":32},"end":{"line":278,"column":null}}],"line":278},"26":{"loc":{"start":{"line":295,"column":59},"end":{"line":295,"column":81}},"type":"default-arg","locations":[{"start":{"line":295,"column":76},"end":{"line":295,"column":81}}],"line":295},"27":{"loc":{"start":{"line":297,"column":11},"end":{"line":297,"column":null}},"type":"cond-expr","locations":[{"start":{"line":297,"column":36},"end":{"line":297,"column":52}},{"start":{"line":297,"column":52},"end":{"line":297,"column":null}}],"line":297},"28":{"loc":{"start":{"line":330,"column":4},"end":{"line":345,"column":null}},"type":"if","locations":[{"start":{"line":330,"column":4},"end":{"line":345,"column":null}},{"start":{"line":336,"column":11},"end":{"line":345,"column":null}}],"line":330},"29":{"loc":{"start":{"line":340,"column":15},"end":{"line":342,"column":null}},"type":"cond-expr","locations":[{"start":{"line":341,"column":12},"end":{"line":341,"column":null}},{"start":{"line":342,"column":12},"end":{"line":342,"column":null}}],"line":340}},"s":{"0":15,"1":15,"2":15,"3":15,"4":15,"5":15,"6":13,"7":2,"8":2,"9":1,"10":0,"11":0,"12":0,"13":0,"14":0,"15":0,"16":0,"17":0,"18":0,"19":45,"20":45,"21":45,"22":45,"23":45,"24":45,"25":45,"26":42,"27":42,"28":42,"29":0,"30":42,"31":12,"32":12,"33":3,"34":9,"35":9,"36":9,"37":9,"38":12,"39":9,"40":9,"41":12,"42":0,"43":0,"44":12,"45":0,"46":12,"47":12,"48":0,"49":9,"50":9,"51":9,"52":9,"53":9,"54":9,"55":9,"56":9,"57":0,"58":9,"59":42,"60":42,"61":42,"62":42,"63":42,"64":22,"65":22,"66":22,"67":1,"68":1,"69":10,"70":16,"71":25,"72":11,"73":23,"74":18,"75":11,"76":23,"77":18,"78":5,"79":11},"f":{"0":15,"1":0,"2":45,"3":45,"4":42,"5":12,"6":9,"7":9,"8":0,"9":0,"10":9,"11":9,"12":9,"13":42,"14":22,"15":10,"16":16,"17":25,"18":11,"19":23,"20":23},"b":{"0":[15,1],"1":[15,2],"2":[15,13],"3":[15,13],"4":[13,2],"5":[1,1],"6":[0,0],"7":[0,0],"8":[0,0,0],"9":[0,0],"10":[0,0],"11":[45,28],"12":[45,44],"13":[45,1],"14":[42,0],"15":[0,42],"16":[3,9],"17":[0,9],"18":[9,0],"19":[9,0],"20":[9,9],"21":[9,9],"22":[9,9],"23":[9,0],"24":[0,9],"25":[10,1],"26":[25],"27":[3,22],"28":[18,5],"29":[5,0]},"meta":{"lastBranch":30,"lastFunction":21,"lastStatement":80,"seen":{"f:17:16:17:41":0,"s:18:19:18:Infinity":0,"s:19:2:19:Infinity":1,"b:19:17:19:43:19:43:19:48":0,"s:20:2:20:Infinity":2,"b:20:17:20:45:20:45:20:50":1,"s:21:2:21:Infinity":3,"b:21:17:21:42:21:42:21:47":2,"s:22:2:22:Infinity":4,"b:22:17:22:49:22:49:22:54":3,"b:24:2:24:Infinity:undefined:undefined:undefined:undefined":4,"s:24:2:24:Infinity":5,"s:24:23:24:Infinity":6,"b:25:2:25:Infinity:undefined:undefined:undefined:undefined":5,"s:25:2:25:Infinity":7,"s:25:24:25:Infinity":8,"s:26:2:26:Infinity":9,"f:33:9:33:36":1,"b:35:2:41:Infinity:undefined:undefined:undefined:undefined":6,"s:35:2:41:Infinity":10,"b:35:6:35:25:35:25:35:41":7,"s:36:27:36:Infinity":11,"b:36:27:36:41:36:41:36:54:36:54:36:Infinity":8,"s:37:4:39:Infinity":12,"s:38:6:38:Infinity":13,"s:40:4:40:Infinity":14,"b:44:2:49:Infinity:undefined:undefined:undefined:undefined":9,"s:44:2:49:Infinity":15,"s:45:23:45:Infinity":16,"b:46:4:48:Infinity:undefined:undefined:undefined:undefined":10,"s:46:4:48:Infinity":17,"s:47:6:47:Infinity":18,"f:55:16:55:44":2,"s:56:20:56:Infinity":19,"s:57:17:57:Infinity":20,"s:58:2:58:Infinity":21,"f:64:16:64:38":3,"s:65:27:65:Infinity":22,"b:65:27:65:47:65:47:65:Infinity":11,"s:66:31:66:Infinity":23,"b:66:31:66:55:66:55:66:Infinity":12,"s:67:19:67:Infinity":24,"b:67:19:67:37:67:37:67:Infinity":13,"s:69:2:90:Infinity":25,"f:96:16:96:32":4,"b:98:2:103:Infinity:undefined:undefined:undefined:undefined":14,"s:98:2:103:Infinity":26,"s:99:22:99:Infinity":27,"b:100:4:102:Infinity:undefined:undefined:undefined:undefined":15,"s:100:4:102:Infinity":28,"s:101:6:101:Infinity":29,"s:104:2:104:Infinity":30,"f:110:22:110:Infinity":5,"s:116:21:116:Infinity":31,"b:117:2:119:Infinity:undefined:undefined:undefined:undefined":16,"s:117:2:119:Infinity":32,"s:118:4:118:Infinity":33,"s:122:26:122:Infinity":34,"s:124:2:127:Infinity":35,"f:124:26:124:37":6,"s:125:21:125:Infinity":36,"s:126:4:126:Infinity":37,"s:129:2:132:Infinity":38,"f:129:28:129:41":7,"s:130:21:130:Infinity":39,"s:131:4:131:Infinity":40,"s:135:2:138:Infinity":41,"f:135:32:135:49":8,"s:136:21:136:Infinity":42,"s:137:4:137:Infinity":43,"s:141:2:143:Infinity":44,"f:141:25:141:35":9,"s:142:4:142:Infinity":45,"s:146:22:146:Infinity":46,"b:150:2:157:Infinity:153:9:157:Infinity":17,"s:150:2:157:Infinity":47,"s:152:4:152:Infinity":48,"s:155:21:155:Infinity":49,"s:156:4:156:Infinity":50,"s:160:28:171:Infinity":51,"f:160:60:160:73":10,"s:160:73:171:4":52,"b:163:16:163:77:163:77:163:Infinity":18,"f:163:39:163:44":11,"s:163:44:163:72":53,"b:164:18:164:81:164:81:164:Infinity":19,"f:164:43:164:48":12,"s:164:48:164:76":54,"b:165:15:165:32:165:32:165:Infinity":20,"b:166:22:166:46:166:46:166:Infinity":21,"b:167:13:167:28:167:28:167:Infinity":22,"s:175:2:180:Infinity":55,"s:176:4:176:Infinity":56,"s:179:4:179:Infinity":57,"s:183:2:203:Infinity":58,"b:194:14:194:34:194:34:194:Infinity":23,"b:199:28:199:48:199:48:199:Infinity":24,"f:209:16:209:Infinity":13,"s:214:17:214:Infinity":59,"s:215:20:215:Infinity":60,"s:216:8:216:Infinity":61,"s:217:27:217:Infinity":62,"s:219:2:240:Infinity":63,"f:246:16:246:32":14,"s:247:2:266:Infinity":64,"s:249:23:254:Infinity":65,"s:256:4:261:Infinity":66,"s:264:4:264:Infinity":67,"s:265:4:265:Infinity":68,"f:272:16:272:Infinity":15,"s:276:2:280:Infinity":69,"b:278:12:278:32:278:32:278:Infinity":25,"f:286:16:286:35":16,"s:287:2:289:Infinity":70,"f:295:16:295:36":17,"b:295:76:295:81":26,"s:296:2:299:Infinity":71,"b:297:36:297:52:297:52:297:Infinity":27,"f:311:22:311:Infinity":18,"s:318:25:326:Infinity":72,"f:319:16:319:23":19,"s:321:21:321:Infinity":73,"s:324:6:324:Infinity":74,"s:329:18:346:Infinity":75,"f:329:37:329:38":20,"b:330:4:345:Infinity:336:11:345:Infinity":28,"s:330:4:345:Infinity":76,"s:332:6:335:Infinity":77,"s:338:6:344:Infinity":78,"b:341:12:341:Infinity:342:12:342:Infinity":29,"s:348:2:348:Infinity":79}}}
,"/Users/cliftonc/work/dc/drizzle-cube/src/adapters/express/index.ts": {"path":"/Users/cliftonc/work/dc/drizzle-cube/src/adapters/express/index.ts","statementMap":{"0":{"start":{"line":110,"column":6},"end":{"line":110,"column":null}},"1":{"start":{"line":113,"column":2},"end":{"line":115,"column":null}},"2":{"start":{"line":114,"column":4},"end":{"line":114,"column":null}},"3":{"start":{"line":117,"column":8},"end":{"line":117,"column":null}},"4":{"start":{"line":120,"column":2},"end":{"line":122,"column":null}},"5":{"start":{"line":121,"column":4},"end":{"line":121,"column":null}},"6":{"start":{"line":125,"column":2},"end":{"line":125,"column":null}},"7":{"start":{"line":128,"column":2},"end":{"line":128,"column":null}},"8":{"start":{"line":131,"column":24},"end":{"line":135,"column":null}},"9":{"start":{"line":138,"column":2},"end":{"line":140,"column":null}},"10":{"start":{"line":139,"column":4},"end":{"line":139,"column":null}},"11":{"start":{"line":145,"column":2},"end":{"line":175,"column":null}},"12":{"start":{"line":146,"column":4},"end":{"line":174,"column":null}},"13":{"start":{"line":148,"column":35},"end":{"line":148,"column":null}},"14":{"start":{"line":151,"column":30},"end":{"line":151,"column":null}},"15":{"start":{"line":154,"column":25},"end":{"line":154,"column":null}},"16":{"start":{"line":155,"column":6},"end":{"line":160,"column":null}},"17":{"start":{"line":156,"column":8},"end":{"line":159,"column":null}},"18":{"start":{"line":163,"column":21},"end":{"line":163,"column":null}},"19":{"start":{"line":166,"column":6},"end":{"line":166,"column":null}},"20":{"start":{"line":169,"column":6},"end":{"line":169,"column":null}},"21":{"start":{"line":170,"column":6},"end":{"line":173,"column":null}},"22":{"start":{"line":180,"column":2},"end":{"line":225,"column":null}},"23":{"start":{"line":181,"column":4},"end":{"line":224,"column":null}},"24":{"start":{"line":182,"column":25},"end":{"line":182,"column":null}},"25":{"start":{"line":183,"column":6},"end":{"line":188,"column":null}},"26":{"start":{"line":184,"column":8},"end":{"line":187,"column":null}},"27":{"start":{"line":191,"column":6},"end":{"line":198,"column":null}},"28":{"start":{"line":192,"column":8},"end":{"line":192,"column":null}},"29":{"start":{"line":194,"column":8},"end":{"line":197,"column":null}},"30":{"start":{"line":201,"column":30},"end":{"line":201,"column":null}},"31":{"start":{"line":204,"column":25},"end":{"line":204,"column":null}},"32":{"start":{"line":205,"column":6},"end":{"line":210,"column":null}},"33":{"start":{"line":206,"column":8},"end":{"line":209,"column":null}},"34":{"start":{"line":213,"column":21},"end":{"line":213,"column":null}},"35":{"start":{"line":216,"column":6},"end":{"line":216,"column":null}},"36":{"start":{"line":219,"column":6},"end":{"line":219,"column":null}},"37":{"start":{"line":220,"column":6},"end":{"line":223,"column":null}},"38":{"start":{"line":231,"column":2},"end":{"line":264,"column":null}},"39":{"start":{"line":232,"column":4},"end":{"line":263,"column":null}},"40":{"start":{"line":233,"column":26},"end":{"line":233,"column":null}},"41":{"start":{"line":235,"column":6},"end":{"line":240,"column":null}},"42":{"start":{"line":236,"column":8},"end":{"line":239,"column":null}},"43":{"start":{"line":242,"column":6},"end":{"line":247,"column":null}},"44":{"start":{"line":243,"column":8},"end":{"line":246,"column":null}},"45":{"start":{"line":250,"column":30},"end":{"line":250,"column":null}},"46":{"start":{"line":253,"column":26},"end":{"line":253,"column":null}},"47":{"start":{"line":255,"column":6},"end":{"line":255,"column":null}},"48":{"start":{"line":258,"column":6},"end":{"line":258,"column":null}},"49":{"start":{"line":259,"column":6},"end":{"line":262,"column":null}},"50":{"start":{"line":270,"column":2},"end":{"line":287,"column":null}},"51":{"start":{"line":271,"column":4},"end":{"line":286,"column":null}},"52":{"start":{"line":276,"column":23},"end":{"line":276,"column":null}},"53":{"start":{"line":278,"column":6},"end":{"line":278,"column":null}},"54":{"start":{"line":281,"column":6},"end":{"line":281,"column":null}},"55":{"start":{"line":282,"column":6},"end":{"line":285,"column":null}},"56":{"start":{"line":292,"column":2},"end":{"line":330,"column":null}},"57":{"start":{"line":293,"column":4},"end":{"line":329,"column":null}},"58":{"start":{"line":294,"column":35},"end":{"line":294,"column":null}},"59":{"start":{"line":296,"column":30},"end":{"line":296,"column":null}},"60":{"start":{"line":299,"column":25},"end":{"line":299,"column":null}},"61":{"start":{"line":300,"column":6},"end":{"line":305,"column":null}},"62":{"start":{"line":301,"column":8},"end":{"line":304,"column":null}},"63":{"start":{"line":308,"column":26},"end":{"line":308,"column":null}},"64":{"start":{"line":309,"column":6},"end":{"line":314,"column":null}},"65":{"start":{"line":310,"column":8},"end":{"line":313,"column":null}},"66":{"start":{"line":316,"column":23},"end":{"line":316,"column":null}},"67":{"start":{"line":319,"column":24},"end":{"line":319,"column":null}},"68":{"start":{"line":321,"column":6},"end":{"line":321,"column":null}},"69":{"start":{"line":324,"column":6},"end":{"line":324,"column":null}},"70":{"start":{"line":325,"column":6},"end":{"line":328,"column":null}},"71":{"start":{"line":335,"column":2},"end":{"line":380,"column":null}},"72":{"start":{"line":336,"column":4},"end":{"line":379,"column":null}},"73":{"start":{"line":337,"column":25},"end":{"line":337,"column":null}},"74":{"start":{"line":338,"column":6},"end":{"line":343,"column":null}},"75":{"start":{"line":339,"column":8},"end":{"line":342,"column":null}},"76":{"start":{"line":345,"column":35},"end":{"line":345,"column":null}},"77":{"start":{"line":346,"column":30},"end":{"line":346,"column":null}},"78":{"start":{"line":349,"column":25},"end":{"line":349,"column":null}},"79":{"start":{"line":350,"column":6},"end":{"line":355,"column":null}},"80":{"start":{"line":351,"column":8},"end":{"line":354,"column":null}},"81":{"start":{"line":358,"column":26},"end":{"line":358,"column":null}},"82":{"start":{"line":359,"column":6},"end":{"line":364,"column":null}},"83":{"start":{"line":360,"column":8},"end":{"line":363,"column":null}},"84":{"start":{"line":366,"column":23},"end":{"line":366,"column":null}},"85":{"start":{"line":369,"column":24},"end":{"line":369,"column":null}},"86":{"start":{"line":371,"column":6},"end":{"line":371,"column":null}},"87":{"start":{"line":374,"column":6},"end":{"line":374,"column":null}},"88":{"start":{"line":375,"column":6},"end":{"line":378,"column":null}},"89":{"start":{"line":385,"column":2},"end":{"line":405,"column":null}},"90":{"start":{"line":386,"column":4},"end":{"line":404,"column":null}},"91":{"start":{"line":388,"column":35},"end":{"line":388,"column":null}},"92":{"start":{"line":391,"column":30},"end":{"line":391,"column":null}},"93":{"start":{"line":394,"column":21},"end":{"line":394,"column":null}},"94":{"start":{"line":396,"column":6},"end":{"line":396,"column":null}},"95":{"start":{"line":399,"column":6},"end":{"line":399,"column":null}},"96":{"start":{"line":400,"column":6},"end":{"line":403,"column":null}},"97":{"start":{"line":410,"column":2},"end":{"line":437,"column":null}},"98":{"start":{"line":411,"column":4},"end":{"line":436,"column":null}},"99":{"start":{"line":412,"column":25},"end":{"line":412,"column":null}},"100":{"start":{"line":413,"column":6},"end":{"line":418,"column":null}},"101":{"start":{"line":414,"column":8},"end":{"line":417,"column":null}},"102":{"start":{"line":420,"column":35},"end":{"line":420,"column":null}},"103":{"start":{"line":423,"column":30},"end":{"line":423,"column":null}},"104":{"start":{"line":426,"column":21},"end":{"line":426,"column":null}},"105":{"start":{"line":428,"column":6},"end":{"line":428,"column":null}},"106":{"start":{"line":431,"column":6},"end":{"line":431,"column":null}},"107":{"start":{"line":432,"column":6},"end":{"line":435,"column":null}},"108":{"start":{"line":440,"column":2},"end":{"line":445,"column":null}},"109":{"start":{"line":441,"column":4},"end":{"line":441,"column":null}},"110":{"start":{"line":442,"column":4},"end":{"line":444,"column":null}},"111":{"start":{"line":443,"column":6},"end":{"line":443,"column":null}},"112":{"start":{"line":447,"column":2},"end":{"line":447,"column":null}},"113":{"start":{"line":457,"column":21},"end":{"line":457,"column":null}},"114":{"start":{"line":458,"column":2},"end":{"line":458,"column":null}},"115":{"start":{"line":459,"column":2},"end":{"line":459,"column":null}},"116":{"start":{"line":480,"column":8},"end":{"line":480,"column":null}},"117":{"start":{"line":481,"column":2},"end":{"line":481,"column":null}}},"fnMap":{"0":{"name":"createCubeRouter","decl":{"start":{"line":98,"column":16},"end":{"line":98,"column":null}},"loc":{"start":{"line":100,"column":10},"end":{"line":448,"column":null}},"line":100},"1":{"name":"(anonymous_1)","decl":{"start":{"line":138,"column":16},"end":{"line":138,"column":24}},"loc":{"start":{"line":138,"column":24},"end":{"line":140,"column":3}},"line":138},"2":{"name":"(anonymous_2)","decl":{"start":{"line":145,"column":34},"end":{"line":145,"column":41}},"loc":{"start":{"line":145,"column":73},"end":{"line":175,"column":3}},"line":145},"3":{"name":"(anonymous_3)","decl":{"start":{"line":180,"column":33},"end":{"line":180,"column":40}},"loc":{"start":{"line":180,"column":72},"end":{"line":225,"column":3}},"line":180},"4":{"name":"(anonymous_4)","decl":{"start":{"line":231,"column":35},"end":{"line":231,"column":42}},"loc":{"start":{"line":231,"column":74},"end":{"line":264,"column":3}},"line":231},"5":{"name":"(anonymous_5)","decl":{"start":{"line":270,"column":33},"end":{"line":270,"column":34}},"loc":{"start":{"line":270,"column":67},"end":{"line":287,"column":3}},"line":270},"6":{"name":"(anonymous_6)","decl":{"start":{"line":292,"column":33},"end":{"line":292,"column":40}},"loc":{"start":{"line":292,"column":72},"end":{"line":330,"column":3}},"line":292},"7":{"name":"(anonymous_7)","decl":{"start":{"line":335,"column":32},"end":{"line":335,"column":39}},"loc":{"start":{"line":335,"column":71},"end":{"line":380,"column":3}},"line":335},"8":{"name":"(anonymous_8)","decl":{"start":{"line":385,"column":37},"end":{"line":385,"column":44}},"loc":{"start":{"line":385,"column":76},"end":{"line":405,"column":3}},"line":385},"9":{"name":"(anonymous_9)","decl":{"start":{"line":410,"column":36},"end":{"line":410,"column":43}},"loc":{"start":{"line":410,"column":75},"end":{"line":437,"column":3}},"line":410},"10":{"name":"(anonymous_10)","decl":{"start":{"line":440,"column":13},"end":{"line":440,"column":14}},"loc":{"start":{"line":440,"column":82},"end":{"line":445,"column":3}},"line":440},"11":{"name":"mountCubeRoutes","decl":{"start":{"line":453,"column":16},"end":{"line":453,"column":null}},"loc":{"start":{"line":456,"column":11},"end":{"line":460,"column":null}},"line":456},"12":{"name":"createCubeApp","decl":{"start":{"line":477,"column":16},"end":{"line":477,"column":null}},"loc":{"start":{"line":479,"column":11},"end":{"line":482,"column":null}},"line":479}},"branchMap":{"0":{"loc":{"start":{"line":108,"column":4},"end":{"line":108,"column":null}},"type":"default-arg","locations":[{"start":{"line":108,"column":15},"end":{"line":108,"column":null}}],"line":108},"1":{"loc":{"start":{"line":109,"column":4},"end":{"line":109,"column":null}},"type":"default-arg","locations":[{"start":{"line":109,"column":16},"end":{"line":109,"column":null}}],"line":109},"2":{"loc":{"start":{"line":113,"column":2},"end":{"line":115,"column":null}},"type":"if","locations":[{"start":{"line":113,"column":2},"end":{"line":115,"column":null}},{"start":{},"end":{}}],"line":113},"3":{"loc":{"start":{"line":113,"column":6},"end":{"line":113,"column":36}},"type":"binary-expr","locations":[{"start":{"line":113,"column":6},"end":{"line":113,"column":16}},{"start":{"line":113,"column":16},"end":{"line":113,"column":36}}],"line":113},"4":{"loc":{"start":{"line":120,"column":2},"end":{"line":122,"column":null}},"type":"if","locations":[{"start":{"line":120,"column":2},"end":{"line":122,"column":null}},{"start":{},"end":{}}],"line":120},"5":{"loc":{"start":{"line":148,"column":35},"end":{"line":148,"column":null}},"type":"binary-expr","locations":[{"start":{"line":148,"column":35},"end":{"line":148,"column":53}},{"start":{"line":148,"column":53},"end":{"line":148,"column":null}}],"line":148},"6":{"loc":{"start":{"line":155,"column":6},"end":{"line":160,"column":null}},"type":"if","locations":[{"start":{"line":155,"column":6},"end":{"line":160,"column":null}},{"start":{},"end":{}}],"line":155},"7":{"loc":{"start":{"line":171,"column":8},"end":{"line":171,"column":null}},"type":"cond-expr","locations":[{"start":{"line":171,"column":33},"end":{"line":171,"column":49}},{"start":{"line":171,"column":49},"end":{"line":171,"column":null}}],"line":171},"8":{"loc":{"start":{"line":183,"column":6},"end":{"line":188,"column":null}},"type":"if","locations":[{"start":{"line":183,"column":6},"end":{"line":188,"column":null}},{"start":{},"end":{}}],"line":183},"9":{"loc":{"start":{"line":205,"column":6},"end":{"line":210,"column":null}},"type":"if","locations":[{"start":{"line":205,"column":6},"end":{"line":210,"column":null}},{"start":{},"end":{}}],"line":205},"10":{"loc":{"start":{"line":221,"column":8},"end":{"line":221,"column":null}},"type":"cond-expr","locations":[{"start":{"line":221,"column":33},"end":{"line":221,"column":49}},{"start":{"line":221,"column":49},"end":{"line":221,"column":null}}],"line":221},"11":{"loc":{"start":{"line":235,"column":6},"end":{"line":240,"column":null}},"type":"if","locations":[{"start":{"line":235,"column":6},"end":{"line":240,"column":null}},{"start":{},"end":{}}],"line":235},"12":{"loc":{"start":{"line":235,"column":10},"end":{"line":235,"column":47}},"type":"binary-expr","locations":[{"start":{"line":235,"column":10},"end":{"line":235,"column":22}},{"start":{"line":235,"column":22},"end":{"line":235,"column":47}}],"line":235},"13":{"loc":{"start":{"line":242,"column":6},"end":{"line":247,"column":null}},"type":"if","locations":[{"start":{"line":242,"column":6},"end":{"line":247,"column":null}},{"start":{},"end":{}}],"line":242},"14":{"loc":{"start":{"line":260,"column":8},"end":{"line":260,"column":null}},"type":"cond-expr","locations":[{"start":{"line":260,"column":33},"end":{"line":260,"column":49}},{"start":{"line":260,"column":49},"end":{"line":260,"column":null}}],"line":260},"15":{"loc":{"start":{"line":283,"column":8},"end":{"line":283,"column":null}},"type":"cond-expr","locations":[{"start":{"line":283,"column":33},"end":{"line":283,"column":49}},{"start":{"line":283,"column":49},"end":{"line":283,"column":null}}],"line":283},"16":{"loc":{"start":{"line":300,"column":6},"end":{"line":305,"column":null}},"type":"if","locations":[{"start":{"line":300,"column":6},"end":{"line":305,"column":null}},{"start":{},"end":{}}],"line":300},"17":{"loc":{"start":{"line":308,"column":26},"end":{"line":308,"column":null}},"type":"binary-expr","locations":[{"start":{"line":308,"column":26},"end":{"line":308,"column":49}},{"start":{"line":308,"column":49},"end":{"line":308,"column":null}}],"line":308},"18":{"loc":{"start":{"line":309,"column":6},"end":{"line":314,"column":null}},"type":"if","locations":[{"start":{"line":309,"column":6},"end":{"line":314,"column":null}},{"start":{},"end":{}}],"line":309},"19":{"loc":{"start":{"line":326,"column":8},"end":{"line":326,"column":null}},"type":"cond-expr","locations":[{"start":{"line":326,"column":33},"end":{"line":326,"column":49}},{"start":{"line":326,"column":49},"end":{"line":326,"column":null}}],"line":326},"20":{"loc":{"start":{"line":338,"column":6},"end":{"line":343,"column":null}},"type":"if","locations":[{"start":{"line":338,"column":6},"end":{"line":343,"column":null}},{"start":{},"end":{}}],"line":338},"21":{"loc":{"start":{"line":350,"column":6},"end":{"line":355,"column":null}},"type":"if","locations":[{"start":{"line":350,"column":6},"end":{"line":355,"column":null}},{"start":{},"end":{}}],"line":350},"22":{"loc":{"start":{"line":358,"column":26},"end":{"line":358,"column":null}},"type":"binary-expr","locations":[{"start":{"line":358,"column":26},"end":{"line":358,"column":49}},{"start":{"line":358,"column":49},"end":{"line":358,"column":null}}],"line":358},"23":{"loc":{"start":{"line":359,"column":6},"end":{"line":364,"column":null}},"type":"if","locations":[{"start":{"line":359,"column":6},"end":{"line":364,"column":null}},{"start":{},"end":{}}],"line":359},"24":{"loc":{"start":{"line":376,"column":8},"end":{"line":376,"column":null}},"type":"cond-expr","locations":[{"start":{"line":376,"column":33},"end":{"line":376,"column":49}},{"start":{"line":376,"column":49},"end":{"line":376,"column":null}}],"line":376},"25":{"loc":{"start":{"line":388,"column":35},"end":{"line":388,"column":null}},"type":"binary-expr","locations":[{"start":{"line":388,"column":35},"end":{"line":388,"column":53}},{"start":{"line":388,"column":53},"end":{"line":388,"column":null}}],"line":388},"26":{"loc":{"start":{"line":401,"column":15},"end":{"line":401,"column":null}},"type":"cond-expr","locations":[{"start":{"line":401,"column":40},"end":{"line":401,"column":56}},{"start":{"line":401,"column":56},"end":{"line":401,"column":null}}],"line":401},"27":{"loc":{"start":{"line":413,"column":6},"end":{"line":418,"column":null}},"type":"if","locations":[{"start":{"line":413,"column":6},"end":{"line":418,"column":null}},{"start":{},"end":{}}],"line":413},"28":{"loc":{"start":{"line":433,"column":15},"end":{"line":433,"column":null}},"type":"cond-expr","locations":[{"start":{"line":433,"column":40},"end":{"line":433,"column":56}},{"start":{"line":433,"column":56},"end":{"line":433,"column":null}}],"line":433},"29":{"loc":{"start":{"line":442,"column":4},"end":{"line":444,"column":null}},"type":"if","locations":[{"start":{"line":442,"column":4},"end":{"line":444,"column":null}},{"start":{},"end":{}}],"line":442}},"s":{"0":7,"1":7,"2":1,"3":6,"4":6,"5":1,"6":6,"7":6,"8":6,"9":6,"10":6,"11":6,"12":7,"13":7,"14":7,"15":7,"16":7,"17":2,"18":5,"19":5,"20":0,"21":0,"22":6,"23":2,"24":2,"25":2,"26":0,"27":2,"28":2,"29":1,"30":1,"31":1,"32":1,"33":0,"34":1,"35":1,"36":0,"37":0,"38":6,"39":4,"40":4,"41":4,"42":1,"43":3,"44":1,"45":2,"46":2,"47":2,"48":0,"49":0,"50":6,"51":4,"52":4,"53":4,"54":0,"55":0,"56":6,"57":1,"58":1,"59":1,"60":1,"61":1,"62":0,"63":1,"64":1,"65":0,"66":1,"67":1,"68":1,"69":0,"70":0,"71":6,"72":1,"73":1,"74":1,"75":0,"76":1,"77":1,"78":1,"79":1,"80":0,"81":1,"82":1,"83":0,"84":1,"85":1,"86":1,"87":0,"88":0,"89":6,"90":1,"91":1,"92":1,"93":1,"94":1,"95":0,"96":0,"97":6,"98":1,"99":1,"100":1,"101":0,"102":1,"103":1,"104":1,"105":1,"106":0,"107":0,"108":6,"109":0,"110":0,"111":0,"112":6,"113":2,"114":2,"115":2,"116":1,"117":1},"f":{"0":7,"1":6,"2":7,"3":2,"4":4,"5":4,"6":1,"7":1,"8":1,"9":1,"10":0,"11":2,"12":1},"b":{"0":[7],"1":[7],"2":[1,6],"3":[7,7],"4":[1,5],"5":[7,7],"6":[2,5],"7":[0,0],"8":[0,2],"9":[0,1],"10":[0,0],"11":[1,3],"12":[4,3],"13":[1,2],"14":[0,0],"15":[0,0],"16":[0,1],"17":[1,0],"18":[0,1],"19":[0,0],"20":[0,1],"21":[0,1],"22":[1,0],"23":[0,1],"24":[0,0],"25":[1,1],"26":[0,0],"27":[0,1],"28":[0,0],"29":[0,0]},"meta":{"lastBranch":30,"lastFunction":13,"lastStatement":118,"seen":{"f:98:16:98:Infinity":0,"s:110:6:110:Infinity":0,"b:108:15:108:Infinity":0,"b:109:16:109:Infinity":1,"b:113:2:115:Infinity:undefined:undefined:undefined:undefined":2,"s:113:2:115:Infinity":1,"b:113:6:113:16:113:16:113:36":3,"s:114:4:114:Infinity":2,"s:117:8:117:Infinity":3,"b:120:2:122:Infinity:undefined:undefined:undefined:undefined":4,"s:120:2:122:Infinity":4,"s:121:4:121:Infinity":5,"s:125:2:125:Infinity":6,"s:128:2:128:Infinity":7,"s:131:24:135:Infinity":8,"s:138:2:140:Infinity":9,"f:138:16:138:24":1,"s:139:4:139:Infinity":10,"s:145:2:175:Infinity":11,"f:145:34:145:41":2,"s:146:4:174:Infinity":12,"s:148:35:148:Infinity":13,"b:148:35:148:53:148:53:148:Infinity":5,"s:151:30:151:Infinity":14,"s:154:25:154:Infinity":15,"b:155:6:160:Infinity:undefined:undefined:undefined:undefined":6,"s:155:6:160:Infinity":16,"s:156:8:159:Infinity":17,"s:163:21:163:Infinity":18,"s:166:6:166:Infinity":19,"s:169:6:169:Infinity":20,"s:170:6:173:Infinity":21,"b:171:33:171:49:171:49:171:Infinity":7,"s:180:2:225:Infinity":22,"f:180:33:180:40":3,"s:181:4:224:Infinity":23,"s:182:25:182:Infinity":24,"b:183:6:188:Infinity:undefined:undefined:undefined:undefined":8,"s:183:6:188:Infinity":25,"s:184:8:187:Infinity":26,"s:191:6:198:Infinity":27,"s:192:8:192:Infinity":28,"s:194:8:197:Infinity":29,"s:201:30:201:Infinity":30,"s:204:25:204:Infinity":31,"b:205:6:210:Infinity:undefined:undefined:undefined:undefined":9,"s:205:6:210:Infinity":32,"s:206:8:209:Infinity":33,"s:213:21:213:Infinity":34,"s:216:6:216:Infinity":35,"s:219:6:219:Infinity":36,"s:220:6:223:Infinity":37,"b:221:33:221:49:221:49:221:Infinity":10,"s:231:2:264:Infinity":38,"f:231:35:231:42":4,"s:232:4:263:Infinity":39,"s:233:26:233:Infinity":40,"b:235:6:240:Infinity:undefined:undefined:undefined:undefined":11,"s:235:6:240:Infinity":41,"b:235:10:235:22:235:22:235:47":12,"s:236:8:239:Infinity":42,"b:242:6:247:Infinity:undefined:undefined:undefined:undefined":13,"s:242:6:247:Infinity":43,"s:243:8:246:Infinity":44,"s:250:30:250:Infinity":45,"s:253:26:253:Infinity":46,"s:255:6:255:Infinity":47,"s:258:6:258:Infinity":48,"s:259:6:262:Infinity":49,"b:260:33:260:49:260:49:260:Infinity":14,"s:270:2:287:Infinity":50,"f:270:33:270:34":5,"s:271:4:286:Infinity":51,"s:276:23:276:Infinity":52,"s:278:6:278:Infinity":53,"s:281:6:281:Infinity":54,"s:282:6:285:Infinity":55,"b:283:33:283:49:283:49:283:Infinity":15,"s:292:2:330:Infinity":56,"f:292:33:292:40":6,"s:293:4:329:Infinity":57,"s:294:35:294:Infinity":58,"s:296:30:296:Infinity":59,"s:299:25:299:Infinity":60,"b:300:6:305:Infinity:undefined:undefined:undefined:undefined":16,"s:300:6:305:Infinity":61,"s:301:8:304:Infinity":62,"s:308:26:308:Infinity":63,"b:308:26:308:49:308:49:308:Infinity":17,"b:309:6:314:Infinity:undefined:undefined:undefined:undefined":18,"s:309:6:314:Infinity":64,"s:310:8:313:Infinity":65,"s:316:23:316:Infinity":66,"s:319:24:319:Infinity":67,"s:321:6:321:Infinity":68,"s:324:6:324:Infinity":69,"s:325:6:328:Infinity":70,"b:326:33:326:49:326:49:326:Infinity":19,"s:335:2:380:Infinity":71,"f:335:32:335:39":7,"s:336:4:379:Infinity":72,"s:337:25:337:Infinity":73,"b:338:6:343:Infinity:undefined:undefined:undefined:undefined":20,"s:338:6:343:Infinity":74,"s:339:8:342:Infinity":75,"s:345:35:345:Infinity":76,"s:346:30:346:Infinity":77,"s:349:25:349:Infinity":78,"b:350:6:355:Infinity:undefined:undefined:undefined:undefined":21,"s:350:6:355:Infinity":79,"s:351:8:354:Infinity":80,"s:358:26:358:Infinity":81,"b:358:26:358:49:358:49:358:Infinity":22,"b:359:6:364:Infinity:undefined:undefined:undefined:undefined":23,"s:359:6:364:Infinity":82,"s:360:8:363:Infinity":83,"s:366:23:366:Infinity":84,"s:369:24:369:Infinity":85,"s:371:6:371:Infinity":86,"s:374:6:374:Infinity":87,"s:375:6:378:Infinity":88,"b:376:33:376:49:376:49:376:Infinity":24,"s:385:2:405:Infinity":89,"f:385:37:385:44":8,"s:386:4:404:Infinity":90,"s:388:35:388:Infinity":91,"b:388:35:388:53:388:53:388:Infinity":25,"s:391:30:391:Infinity":92,"s:394:21:394:Infinity":93,"s:396:6:396:Infinity":94,"s:399:6:399:Infinity":95,"s:400:6:403:Infinity":96,"b:401:40:401:56:401:56:401:Infinity":26,"s:410:2:437:Infinity":97,"f:410:36:410:43":9,"s:411:4:436:Infinity":98,"s:412:25:412:Infinity":99,"b:413:6:418:Infinity:undefined:undefined:undefined:undefined":27,"s:413:6:418:Infinity":100,"s:414:8:417:Infinity":101,"s:420:35:420:Infinity":102,"s:423:30:423:Infinity":103,"s:426:21:426:Infinity":104,"s:428:6:428:Infinity":105,"s:431:6:431:Infinity":106,"s:432:6:435:Infinity":107,"b:433:40:433:56:433:56:433:Infinity":28,"s:440:2:445:Infinity":108,"f:440:13:440:14":10,"s:441:4:441:Infinity":109,"b:442:4:444:Infinity:undefined:undefined:undefined:undefined":29,"s:442:4:444:Infinity":110,"s:443:6:443:Infinity":111,"s:447:2:447:Infinity":112,"f:453:16:453:Infinity":11,"s:457:21:457:Infinity":113,"s:458:2:458:Infinity":114,"s:459:2:459:Infinity":115,"f:477:16:477:Infinity":12,"s:480:8:480:Infinity":116,"s:481:2:481:Infinity":117}}}
,"/Users/cliftonc/work/dc/drizzle-cube/src/adapters/fastify/index.ts": {"path":"/Users/cliftonc/work/dc/drizzle-cube/src/adapters/fastify/index.ts","statementMap":{"0":{"start":{"line":96,"column":72},"end":{"line":503,"column":null}},"1":{"start":{"line":110,"column":6},"end":{"line":110,"column":null}},"2":{"start":{"line":113,"column":2},"end":{"line":115,"column":null}},"3":{"start":{"line":114,"column":4},"end":{"line":114,"column":null}},"4":{"start":{"line":118,"column":2},"end":{"line":120,"column":null}},"5":{"start":{"line":119,"column":4},"end":{"line":119,"column":null}},"6":{"start":{"line":123,"column":2},"end":{"line":127,"column":null}},"7":{"start":{"line":124,"column":4},"end":{"line":126,"column":null}},"8":{"start":{"line":125,"column":6},"end":{"line":125,"column":null}},"9":{"start":{"line":130,"column":24},"end":{"line":134,"column":null}},"10":{"start":{"line":137,"column":2},"end":{"line":139,"column":null}},"11":{"start":{"line":138,"column":4},"end":{"line":138,"column":null}},"12":{"start":{"line":144,"column":2},"end":{"line":183,"column":null}},"13":{"start":{"line":153,"column":4},"end":{"line":182,"column":null}},"14":{"start":{"line":155,"column":19},"end":{"line":155,"column":null}},"15":{"start":{"line":156,"column":35},"end":{"line":156,"column":null}},"16":{"start":{"line":159,"column":30},"end":{"line":159,"column":null}},"17":{"start":{"line":162,"column":25},"end":{"line":162,"column":null}},"18":{"start":{"line":163,"column":6},"end":{"line":168,"column":null}},"19":{"start":{"line":164,"column":8},"end":{"line":167,"column":null}},"20":{"start":{"line":171,"column":21},"end":{"line":171,"column":null}},"21":{"start":{"line":174,"column":6},"end":{"line":174,"column":null}},"22":{"start":{"line":177,"column":6},"end":{"line":177,"column":null}},"23":{"start":{"line":178,"column":6},"end":{"line":181,"column":null}},"24":{"start":{"line":188,"column":2},"end":{"line":237,"column":null}},"25":{"start":{"line":199,"column":4},"end":{"line":236,"column":null}},"26":{"start":{"line":200,"column":36},"end":{"line":200,"column":null}},"27":{"start":{"line":203,"column":6},"end":{"line":210,"column":null}},"28":{"start":{"line":204,"column":8},"end":{"line":204,"column":null}},"29":{"start":{"line":206,"column":8},"end":{"line":209,"column":null}},"30":{"start":{"line":213,"column":30},"end":{"line":213,"column":null}},"31":{"start":{"line":216,"column":25},"end":{"line":216,"column":null}},"32":{"start":{"line":217,"column":6},"end":{"line":222,"column":null}},"33":{"start":{"line":218,"column":8},"end":{"line":221,"column":null}},"34":{"start":{"line":225,"column":21},"end":{"line":225,"column":null}},"35":{"start":{"line":228,"column":6},"end":{"line":228,"column":null}},"36":{"start":{"line":231,"column":6},"end":{"line":231,"column":null}},"37":{"start":{"line":232,"column":6},"end":{"line":235,"column":null}},"38":{"start":{"line":243,"column":2},"end":{"line":290,"column":null}},"39":{"start":{"line":258,"column":4},"end":{"line":289,"column":null}},"40":{"start":{"line":259,"column":26},"end":{"line":259,"column":null}},"41":{"start":{"line":261,"column":6},"end":{"line":266,"column":null}},"42":{"start":{"line":262,"column":8},"end":{"line":265,"column":null}},"43":{"start":{"line":268,"column":6},"end":{"line":273,"column":null}},"44":{"start":{"line":269,"column":8},"end":{"line":272,"column":null}},"45":{"start":{"line":276,"column":30},"end":{"line":276,"column":null}},"46":{"start":{"line":279,"column":26},"end":{"line":279,"column":null}},"47":{"start":{"line":281,"column":6},"end":{"line":281,"column":null}},"48":{"start":{"line":284,"column":6},"end":{"line":284,"column":null}},"49":{"start":{"line":285,"column":6},"end":{"line":288,"column":null}},"50":{"start":{"line":296,"column":2},"end":{"line":313,"column":null}},"51":{"start":{"line":297,"column":4},"end":{"line":312,"column":null}},"52":{"start":{"line":302,"column":23},"end":{"line":302,"column":null}},"53":{"start":{"line":304,"column":6},"end":{"line":304,"column":null}},"54":{"start":{"line":307,"column":6},"end":{"line":307,"column":null}},"55":{"start":{"line":308,"column":6},"end":{"line":311,"column":null}},"56":{"start":{"line":318,"column":2},"end":{"line":364,"column":null}},"57":{"start":{"line":327,"column":4},"end":{"line":363,"column":null}},"58":{"start":{"line":328,"column":35},"end":{"line":328,"column":null}},"59":{"start":{"line":330,"column":30},"end":{"line":330,"column":null}},"60":{"start":{"line":333,"column":25},"end":{"line":333,"column":null}},"61":{"start":{"line":334,"column":6},"end":{"line":339,"column":null}},"62":{"start":{"line":335,"column":8},"end":{"line":338,"column":null}},"63":{"start":{"line":342,"column":26},"end":{"line":342,"column":null}},"64":{"start":{"line":343,"column":6},"end":{"line":348,"column":null}},"65":{"start":{"line":344,"column":8},"end":{"line":347,"column":null}},"66":{"start":{"line":350,"column":23},"end":{"line":350,"column":null}},"67":{"start":{"line":353,"column":24},"end":{"line":353,"column":null}},"68":{"start":{"line":355,"column":6},"end":{"line":355,"column":null}},"69":{"start":{"line":358,"column":6},"end":{"line":358,"column":null}},"70":{"start":{"line":359,"column":6},"end":{"line":362,"column":null}},"71":{"start":{"line":369,"column":2},"end":{"line":418,"column":null}},"72":{"start":{"line":380,"column":4},"end":{"line":417,"column":null}},"73":{"start":{"line":381,"column":36},"end":{"line":381,"column":null}},"74":{"start":{"line":383,"column":35},"end":{"line":383,"column":null}},"75":{"start":{"line":384,"column":30},"end":{"line":384,"column":null}},"76":{"start":{"line":387,"column":25},"end":{"line":387,"column":null}},"77":{"start":{"line":388,"column":6},"end":{"line":393,"column":null}},"78":{"start":{"line":389,"column":8},"end":{"line":392,"column":null}},"79":{"start":{"line":396,"column":26},"end":{"line":396,"column":null}},"80":{"start":{"line":397,"column":6},"end":{"line":402,"column":null}},"81":{"start":{"line":398,"column":8},"end":{"line":401,"column":null}},"82":{"start":{"line":404,"column":23},"end":{"line":404,"column":null}},"83":{"start":{"line":407,"column":24},"end":{"line":407,"column":null}},"84":{"start":{"line":409,"column":6},"end":{"line":409,"column":null}},"85":{"start":{"line":412,"column":6},"end":{"line":412,"column":null}},"86":{"start":{"line":413,"column":6},"end":{"line":416,"column":null}},"87":{"start":{"line":423,"column":2},"end":{"line":452,"column":null}},"88":{"start":{"line":432,"column":4},"end":{"line":451,"column":null}},"89":{"start":{"line":434,"column":19},"end":{"line":434,"column":null}},"90":{"start":{"line":435,"column":35},"end":{"line":435,"column":null}},"91":{"start":{"line":438,"column":30},"end":{"line":438,"column":null}},"92":{"start":{"line":441,"column":21},"end":{"line":441,"column":null}},"93":{"start":{"line":443,"column":6},"end":{"line":443,"column":null}},"94":{"start":{"line":446,"column":6},"end":{"line":446,"column":null}},"95":{"start":{"line":447,"column":6},"end":{"line":450,"column":null}},"96":{"start":{"line":457,"column":2},"end":{"line":488,"column":null}},"97":{"start":{"line":468,"column":4},"end":{"line":487,"column":null}},"98":{"start":{"line":469,"column":36},"end":{"line":469,"column":null}},"99":{"start":{"line":471,"column":35},"end":{"line":471,"column":null}},"100":{"start":{"line":474,"column":30},"end":{"line":474,"column":null}},"101":{"start":{"line":477,"column":21},"end":{"line":477,"column":null}},"102":{"start":{"line":479,"column":6},"end":{"line":479,"column":null}},"103":{"start":{"line":482,"column":6},"end":{"line":482,"column":null}},"104":{"start":{"line":483,"column":6},"end":{"line":486,"column":null}},"105":{"start":{"line":491,"column":2},"end":{"line":500,"column":null}},"106":{"start":{"line":492,"column":4},"end":{"line":492,"column":null}},"107":{"start":{"line":494,"column":4},"end":{"line":496,"column":null}},"108":{"start":{"line":495,"column":6},"end":{"line":495,"column":null}},"109":{"start":{"line":498,"column":21},"end":{"line":498,"column":null}},"110":{"start":{"line":499,"column":4},"end":{"line":499,"column":null}},"111":{"start":{"line":502,"column":2},"end":{"line":502,"column":null}},"112":{"start":{"line":512,"column":2},"end":{"line":512,"column":null}},"113":{"start":{"line":533,"column":18},"end":{"line":535,"column":null}},"114":{"start":{"line":537,"column":2},"end":{"line":537,"column":null}},"115":{"start":{"line":539,"column":2},"end":{"line":539,"column":null}}},"fnMap":{"0":{"name":"cubePlugin2","decl":{"start":{"line":96,"column":81},"end":{"line":96,"column":null}},"loc":{"start":{"line":100,"column":2},"end":{"line":503,"column":null}},"line":100},"1":{"name":"(anonymous_1)","decl":{"start":{"line":123,"column":31},"end":{"line":123,"column":38}},"loc":{"start":{"line":123,"column":58},"end":{"line":127,"column":3}},"line":123},"2":{"name":"(anonymous_2)","decl":{"start":{"line":137,"column":16},"end":{"line":137,"column":24}},"loc":{"start":{"line":137,"column":24},"end":{"line":139,"column":3}},"line":137},"3":{"name":"(anonymous_3)","decl":{"start":{"line":152,"column":5},"end":{"line":152,"column":12}},"loc":{"start":{"line":152,"column":61},"end":{"line":183,"column":3}},"line":152},"4":{"name":"(anonymous_4)","decl":{"start":{"line":198,"column":5},"end":{"line":198,"column":12}},"loc":{"start":{"line":198,"column":61},"end":{"line":237,"column":3}},"line":198},"5":{"name":"(anonymous_5)","decl":{"start":{"line":257,"column":5},"end":{"line":257,"column":12}},"loc":{"start":{"line":257,"column":61},"end":{"line":290,"column":3}},"line":257},"6":{"name":"(anonymous_6)","decl":{"start":{"line":296,"column":34},"end":{"line":296,"column":41}},"loc":{"start":{"line":296,"column":90},"end":{"line":313,"column":3}},"line":296},"7":{"name":"(anonymous_7)","decl":{"start":{"line":326,"column":5},"end":{"line":326,"column":12}},"loc":{"start":{"line":326,"column":61},"end":{"line":364,"column":3}},"line":326},"8":{"name":"(anonymous_8)","decl":{"start":{"line":379,"column":5},"end":{"line":379,"column":12}},"loc":{"start":{"line":379,"column":61},"end":{"line":418,"column":3}},"line":379},"9":{"name":"(anonymous_9)","decl":{"start":{"line":431,"column":5},"end":{"line":431,"column":12}},"loc":{"start":{"line":431,"column":61},"end":{"line":452,"column":3}},"line":431},"10":{"name":"(anonymous_10)","decl":{"start":{"line":467,"column":5},"end":{"line":467,"column":12}},"loc":{"start":{"line":467,"column":61},"end":{"line":488,"column":3}},"line":467},"11":{"name":"(anonymous_11)","decl":{"start":{"line":491,"column":26},"end":{"line":491,"column":33}},"loc":{"start":{"line":491,"column":59},"end":{"line":500,"column":3}},"line":491},"12":{"name":"registerCubeRoutes","decl":{"start":{"line":508,"column":22},"end":{"line":508,"column":null}},"loc":{"start":{"line":511,"column":17},"end":{"line":513,"column":null}},"line":511},"13":{"name":"createCubeApp","decl":{"start":{"line":530,"column":16},"end":{"line":530,"column":null}},"loc":{"start":{"line":532,"column":19},"end":{"line":540,"column":null}},"line":532}},"branchMap":{"0":{"loc":{"start":{"line":108,"column":4},"end":{"line":108,"column":null}},"type":"default-arg","locations":[{"start":{"line":108,"column":15},"end":{"line":108,"column":null}}],"line":108},"1":{"loc":{"start":{"line":109,"column":4},"end":{"line":109,"column":null}},"type":"default-arg","locations":[{"start":{"line":109,"column":16},"end":{"line":109,"column":null}}],"line":109},"2":{"loc":{"start":{"line":113,"column":2},"end":{"line":115,"column":null}},"type":"if","locations":[{"start":{"line":113,"column":2},"end":{"line":115,"column":null}},{"start":{},"end":{}}],"line":113},"3":{"loc":{"start":{"line":113,"column":6},"end":{"line":113,"column":36}},"type":"binary-expr","locations":[{"start":{"line":113,"column":6},"end":{"line":113,"column":16}},{"start":{"line":113,"column":16},"end":{"line":113,"column":36}}],"line":113},"4":{"loc":{"start":{"line":118,"column":2},"end":{"line":120,"column":null}},"type":"if","locations":[{"start":{"line":118,"column":2},"end":{"line":120,"column":null}},{"start":{},"end":{}}],"line":118},"5":{"loc":{"start":{"line":124,"column":4},"end":{"line":126,"column":null}},"type":"if","locations":[{"start":{"line":124,"column":4},"end":{"line":126,"column":null}},{"start":{},"end":{}}],"line":124},"6":{"loc":{"start":{"line":156,"column":35},"end":{"line":156,"column":null}},"type":"binary-expr","locations":[{"start":{"line":156,"column":35},"end":{"line":156,"column":49}},{"start":{"line":156,"column":49},"end":{"line":156,"column":null}}],"line":156},"7":{"loc":{"start":{"line":163,"column":6},"end":{"line":168,"column":null}},"type":"if","locations":[{"start":{"line":163,"column":6},"end":{"line":168,"column":null}},{"start":{},"end":{}}],"line":163},"8":{"loc":{"start":{"line":179,"column":8},"end":{"line":179,"column":null}},"type":"cond-expr","locations":[{"start":{"line":179,"column":33},"end":{"line":179,"column":49}},{"start":{"line":179,"column":49},"end":{"line":179,"column":null}}],"line":179},"9":{"loc":{"start":{"line":217,"column":6},"end":{"line":222,"column":null}},"type":"if","locations":[{"start":{"line":217,"column":6},"end":{"line":222,"column":null}},{"start":{},"end":{}}],"line":217},"10":{"loc":{"start":{"line":233,"column":8},"end":{"line":233,"column":null}},"type":"cond-expr","locations":[{"start":{"line":233,"column":33},"end":{"line":233,"column":49}},{"start":{"line":233,"column":49},"end":{"line":233,"column":null}}],"line":233},"11":{"loc":{"start":{"line":261,"column":6},"end":{"line":266,"column":null}},"type":"if","locations":[{"start":{"line":261,"column":6},"end":{"line":266,"column":null}},{"start":{},"end":{}}],"line":261},"12":{"loc":{"start":{"line":261,"column":10},"end":{"line":261,"column":47}},"type":"binary-expr","locations":[{"start":{"line":261,"column":10},"end":{"line":261,"column":22}},{"start":{"line":261,"column":22},"end":{"line":261,"column":47}}],"line":261},"13":{"loc":{"start":{"line":268,"column":6},"end":{"line":273,"column":null}},"type":"if","locations":[{"start":{"line":268,"column":6},"end":{"line":273,"column":null}},{"start":{},"end":{}}],"line":268},"14":{"loc":{"start":{"line":286,"column":8},"end":{"line":286,"column":null}},"type":"cond-expr","locations":[{"start":{"line":286,"column":33},"end":{"line":286,"column":49}},{"start":{"line":286,"column":49},"end":{"line":286,"column":null}}],"line":286},"15":{"loc":{"start":{"line":309,"column":8},"end":{"line":309,"column":null}},"type":"cond-expr","locations":[{"start":{"line":309,"column":33},"end":{"line":309,"column":49}},{"start":{"line":309,"column":49},"end":{"line":309,"column":null}}],"line":309},"16":{"loc":{"start":{"line":334,"column":6},"end":{"line":339,"column":null}},"type":"if","locations":[{"start":{"line":334,"column":6},"end":{"line":339,"column":null}},{"start":{},"end":{}}],"line":334},"17":{"loc":{"start":{"line":342,"column":26},"end":{"line":342,"column":null}},"type":"binary-expr","locations":[{"start":{"line":342,"column":26},"end":{"line":342,"column":49}},{"start":{"line":342,"column":49},"end":{"line":342,"column":null}}],"line":342},"18":{"loc":{"start":{"line":343,"column":6},"end":{"line":348,"column":null}},"type":"if","locations":[{"start":{"line":343,"column":6},"end":{"line":348,"column":null}},{"start":{},"end":{}}],"line":343},"19":{"loc":{"start":{"line":360,"column":8},"end":{"line":360,"column":null}},"type":"cond-expr","locations":[{"start":{"line":360,"column":33},"end":{"line":360,"column":49}},{"start":{"line":360,"column":49},"end":{"line":360,"column":null}}],"line":360},"20":{"loc":{"start":{"line":388,"column":6},"end":{"line":393,"column":null}},"type":"if","locations":[{"start":{"line":388,"column":6},"end":{"line":393,"column":null}},{"start":{},"end":{}}],"line":388},"21":{"loc":{"start":{"line":396,"column":26},"end":{"line":396,"column":null}},"type":"binary-expr","locations":[{"start":{"line":396,"column":26},"end":{"line":396,"column":49}},{"start":{"line":396,"column":49},"end":{"line":396,"column":null}}],"line":396},"22":{"loc":{"start":{"line":397,"column":6},"end":{"line":402,"column":null}},"type":"if","locations":[{"start":{"line":397,"column":6},"end":{"line":402,"column":null}},{"start":{},"end":{}}],"line":397},"23":{"loc":{"start":{"line":414,"column":8},"end":{"line":414,"column":null}},"type":"cond-expr","locations":[{"start":{"line":414,"column":33},"end":{"line":414,"column":49}},{"start":{"line":414,"column":49},"end":{"line":414,"column":null}}],"line":414},"24":{"loc":{"start":{"line":435,"column":35},"end":{"line":435,"column":null}},"type":"binary-expr","locations":[{"start":{"line":435,"column":35},"end":{"line":435,"column":49}},{"start":{"line":435,"column":49},"end":{"line":435,"column":null}}],"line":435},"25":{"loc":{"start":{"line":448,"column":15},"end":{"line":448,"column":null}},"type":"cond-expr","locations":[{"start":{"line":448,"column":40},"end":{"line":448,"column":56}},{"start":{"line":448,"column":56},"end":{"line":448,"column":null}}],"line":448},"26":{"loc":{"start":{"line":484,"column":15},"end":{"line":484,"column":null}},"type":"cond-expr","locations":[{"start":{"line":484,"column":40},"end":{"line":484,"column":56}},{"start":{"line":484,"column":56},"end":{"line":484,"column":null}}],"line":484},"27":{"loc":{"start":{"line":494,"column":4},"end":{"line":496,"column":null}},"type":"if","locations":[{"start":{"line":494,"column":4},"end":{"line":496,"column":null}},{"start":{},"end":{}}],"line":494},"28":{"loc":{"start":{"line":498,"column":21},"end":{"line":498,"column":null}},"type":"cond-expr","locations":[{"start":{"line":498,"column":46},"end":{"line":498,"column":54}},{"start":{"line":498,"column":54},"end":{"line":498,"column":null}}],"line":498}},"s":{"0":1,"1":6,"2":6,"3":1,"4":5,"5":1,"6":5,"7":24,"8":15,"9":5,"10":5,"11":5,"12":5,"13":8,"14":8,"15":8,"16":8,"17":8,"18":8,"19":2,"20":6,"21":6,"22":0,"23":0,"24":5,"25":2,"26":2,"27":2,"28":2,"29":1,"30":1,"31":1,"32":1,"33":0,"34":1,"35":1,"36":0,"37":0,"38":5,"39":3,"40":3,"41":3,"42":0,"43":3,"44":1,"45":2,"46":2,"47":2,"48":0,"49":0,"50":5,"51":4,"52":4,"53":4,"54":0,"55":0,"56":5,"57":1,"58":1,"59":1,"60":1,"61":1,"62":0,"63":1,"64":1,"65":0,"66":1,"67":1,"68":1,"69":0,"70":0,"71":5,"72":2,"73":2,"74":2,"75":2,"76":1,"77":1,"78":0,"79":1,"80":2,"81":0,"82":1,"83":1,"84":1,"85":1,"86":1,"87":5,"88":1,"89":1,"90":1,"91":1,"92":1,"93":1,"94":0,"95":0,"96":5,"97":1,"98":1,"99":1,"100":1,"101":1,"102":1,"103":0,"104":0,"105":5,"106":2,"107":2,"108":2,"109":2,"110":2,"111":5,"112":0,"113":1,"114":1,"115":1},"f":{"0":6,"1":24,"2":5,"3":8,"4":2,"5":3,"6":4,"7":1,"8":2,"9":1,"10":1,"11":2,"12":0,"13":1},"b":{"0":[6],"1":[6],"2":[1,5],"3":[6,6],"4":[1,4],"5":[15,9],"6":[8,7],"7":[2,6],"8":[0,0],"9":[0,1],"10":[0,0],"11":[0,3],"12":[3,3],"13":[1,2],"14":[0,0],"15":[0,0],"16":[0,1],"17":[1,0],"18":[0,1],"19":[0,0],"20":[0,1],"21":[1,0],"22":[0,2],"23":[1,0],"24":[1,1],"25":[0,0],"26":[0,0],"27":[2,0],"28":[2,0]},"meta":{"lastBranch":29,"lastFunction":14,"lastStatement":116,"seen":{"s:96:72:503:Infinity":0,"f:96:81:96:Infinity":0,"s:110:6:110:Infinity":1,"b:108:15:108:Infinity":0,"b:109:16:109:Infinity":1,"b:113:2:115:Infinity:undefined:undefined:undefined:undefined":2,"s:113:2:115:Infinity":2,"b:113:6:113:16:113:16:113:36":3,"s:114:4:114:Infinity":3,"b:118:2:120:Infinity:undefined:undefined:undefined:undefined":4,"s:118:2:120:Infinity":4,"s:119:4:119:Infinity":5,"s:123:2:127:Infinity":6,"f:123:31:123:38":1,"b:124:4:126:Infinity:undefined:undefined:undefined:undefined":5,"s:124:4:126:Infinity":7,"s:125:6:125:Infinity":8,"s:130:24:134:Infinity":9,"s:137:2:139:Infinity":10,"f:137:16:137:24":2,"s:138:4:138:Infinity":11,"s:144:2:183:Infinity":12,"f:152:5:152:12":3,"s:153:4:182:Infinity":13,"s:155:19:155:Infinity":14,"s:156:35:156:Infinity":15,"b:156:35:156:49:156:49:156:Infinity":6,"s:159:30:159:Infinity":16,"s:162:25:162:Infinity":17,"b:163:6:168:Infinity:undefined:undefined:undefined:undefined":7,"s:163:6:168:Infinity":18,"s:164:8:167:Infinity":19,"s:171:21:171:Infinity":20,"s:174:6:174:Infinity":21,"s:177:6:177:Infinity":22,"s:178:6:181:Infinity":23,"b:179:33:179:49:179:49:179:Infinity":8,"s:188:2:237:Infinity":24,"f:198:5:198:12":4,"s:199:4:236:Infinity":25,"s:200:36:200:Infinity":26,"s:203:6:210:Infinity":27,"s:204:8:204:Infinity":28,"s:206:8:209:Infinity":29,"s:213:30:213:Infinity":30,"s:216:25:216:Infinity":31,"b:217:6:222:Infinity:undefined:undefined:undefined:undefined":9,"s:217:6:222:Infinity":32,"s:218:8:221:Infinity":33,"s:225:21:225:Infinity":34,"s:228:6:228:Infinity":35,"s:231:6:231:Infinity":36,"s:232:6:235:Infinity":37,"b:233:33:233:49:233:49:233:Infinity":10,"s:243:2:290:Infinity":38,"f:257:5:257:12":5,"s:258:4:289:Infinity":39,"s:259:26:259:Infinity":40,"b:261:6:266:Infinity:undefined:undefined:undefined:undefined":11,"s:261:6:266:Infinity":41,"b:261:10:261:22:261:22:261:47":12,"s:262:8:265:Infinity":42,"b:268:6:273:Infinity:undefined:undefined:undefined:undefined":13,"s:268:6:273:Infinity":43,"s:269:8:272:Infinity":44,"s:276:30:276:Infinity":45,"s:279:26:279:Infinity":46,"s:281:6:281:Infinity":47,"s:284:6:284:Infinity":48,"s:285:6:288:Infinity":49,"b:286:33:286:49:286:49:286:Infinity":14,"s:296:2:313:Infinity":50,"f:296:34:296:41":6,"s:297:4:312:Infinity":51,"s:302:23:302:Infinity":52,"s:304:6:304:Infinity":53,"s:307:6:307:Infinity":54,"s:308:6:311:Infinity":55,"b:309:33:309:49:309:49:309:Infinity":15,"s:318:2:364:Infinity":56,"f:326:5:326:12":7,"s:327:4:363:Infinity":57,"s:328:35:328:Infinity":58,"s:330:30:330:Infinity":59,"s:333:25:333:Infinity":60,"b:334:6:339:Infinity:undefined:undefined:undefined:undefined":16,"s:334:6:339:Infinity":61,"s:335:8:338:Infinity":62,"s:342:26:342:Infinity":63,"b:342:26:342:49:342:49:342:Infinity":17,"b:343:6:348:Infinity:undefined:undefined:undefined:undefined":18,"s:343:6:348:Infinity":64,"s:344:8:347:Infinity":65,"s:350:23:350:Infinity":66,"s:353:24:353:Infinity":67,"s:355:6:355:Infinity":68,"s:358:6:358:Infinity":69,"s:359:6:362:Infinity":70,"b:360:33:360:49:360:49:360:Infinity":19,"s:369:2:418:Infinity":71,"f:379:5:379:12":8,"s:380:4:417:Infinity":72,"s:381:36:381:Infinity":73,"s:383:35:383:Infinity":74,"s:384:30:384:Infinity":75,"s:387:25:387:Infinity":76,"b:388:6:393:Infinity:undefined:undefined:undefined:undefined":20,"s:388:6:393:Infinity":77,"s:389:8:392:Infinity":78,"s:396:26:396:Infinity":79,"b:396:26:396:49:396:49:396:Infinity":21,"b:397:6:402:Infinity:undefined:undefined:undefined:undefined":22,"s:397:6:402:Infinity":80,"s:398:8:401:Infinity":81,"s:404:23:404:Infinity":82,"s:407:24:407:Infinity":83,"s:409:6:409:Infinity":84,"s:412:6:412:Infinity":85,"s:413:6:416:Infinity":86,"b:414:33:414:49:414:49:414:Infinity":23,"s:423:2:452:Infinity":87,"f:431:5:431:12":9,"s:432:4:451:Infinity":88,"s:434:19:434:Infinity":89,"s:435:35:435:Infinity":90,"b:435:35:435:49:435:49:435:Infinity":24,"s:438:30:438:Infinity":91,"s:441:21:441:Infinity":92,"s:443:6:443:Infinity":93,"s:446:6:446:Infinity":94,"s:447:6:450:Infinity":95,"b:448:40:448:56:448:56:448:Infinity":25,"s:457:2:488:Infinity":96,"f:467:5:467:12":10,"s:468:4:487:Infinity":97,"s:469:36:469:Infinity":98,"s:471:35:471:Infinity":99,"s:474:30:474:Infinity":100,"s:477:21:477:Infinity":101,"s:479:6:479:Infinity":102,"s:482:6:482:Infinity":103,"s:483:6:486:Infinity":104,"b:484:40:484:56:484:56:484:Infinity":26,"s:491:2:500:Infinity":105,"f:491:26:491:33":11,"s:492:4:492:Infinity":106,"b:494:4:496:Infinity:undefined:undefined:undefined:undefined":27,"s:494:4:496:Infinity":107,"s:495:6:495:Infinity":108,"s:498:21:498:Infinity":109,"b:498:46:498:54:498:54:498:Infinity":28,"s:499:4:499:Infinity":110,"s:502:2:502:Infinity":111,"f:508:22:508:Infinity":12,"s:512:2:512:Infinity":112,"f:530:16:530:Infinity":13,"s:533:18:535:Infinity":113,"s:537:2:537:Infinity":114,"s:539:2:539:Infinity":115}}}
,"/Users/cliftonc/work/dc/drizzle-cube/src/adapters/hono/index.ts": {"path":"/Users/cliftonc/work/dc/drizzle-cube/src/adapters/hono/index.ts","statementMap":{"0":{"start":{"line":106,"column":6},"end":{"line":106,"column":null}},"1":{"start":{"line":109,"column":2},"end":{"line":111,"column":null}},"2":{"start":{"line":110,"column":4},"end":{"line":110,"column":null}},"3":{"start":{"line":113,"column":14},"end":{"line":113,"column":null}},"4":{"start":{"line":116,"column":2},"end":{"line":118,"column":null}},"5":{"start":{"line":117,"column":4},"end":{"line":117,"column":null}},"6":{"start":{"line":121,"column":24},"end":{"line":125,"column":null}},"7":{"start":{"line":128,"column":2},"end":{"line":130,"column":null}},"8":{"start":{"line":129,"column":4},"end":{"line":129,"column":null}},"9":{"start":{"line":135,"column":2},"end":{"line":165,"column":null}},"10":{"start":{"line":136,"column":4},"end":{"line":164,"column":null}},"11":{"start":{"line":137,"column":26},"end":{"line":137,"column":null}},"12":{"start":{"line":140,"column":35},"end":{"line":140,"column":null}},"13":{"start":{"line":143,"column":30},"end":{"line":143,"column":null}},"14":{"start":{"line":146,"column":25},"end":{"line":146,"column":null}},"15":{"start":{"line":147,"column":6},"end":{"line":151,"column":null}},"16":{"start":{"line":148,"column":8},"end":{"line":150,"column":null}},"17":{"start":{"line":154,"column":21},"end":{"line":154,"column":null}},"18":{"start":{"line":157,"column":6},"end":{"line":157,"column":null}},"19":{"start":{"line":160,"column":6},"end":{"line":160,"column":null}},"20":{"start":{"line":161,"column":6},"end":{"line":163,"column":null}},"21":{"start":{"line":170,"column":2},"end":{"line":211,"column":null}},"22":{"start":{"line":171,"column":4},"end":{"line":210,"column":null}},"23":{"start":{"line":172,"column":25},"end":{"line":172,"column":null}},"24":{"start":{"line":173,"column":6},"end":{"line":177,"column":null}},"25":{"start":{"line":174,"column":8},"end":{"line":176,"column":null}},"26":{"start":{"line":180,"column":6},"end":{"line":186,"column":null}},"27":{"start":{"line":181,"column":8},"end":{"line":181,"column":null}},"28":{"start":{"line":183,"column":8},"end":{"line":185,"column":null}},"29":{"start":{"line":189,"column":30},"end":{"line":189,"column":null}},"30":{"start":{"line":192,"column":25},"end":{"line":192,"column":null}},"31":{"start":{"line":193,"column":6},"end":{"line":197,"column":null}},"32":{"start":{"line":194,"column":8},"end":{"line":196,"column":null}},"33":{"start":{"line":200,"column":21},"end":{"line":200,"column":null}},"34":{"start":{"line":203,"column":6},"end":{"line":203,"column":null}},"35":{"start":{"line":206,"column":6},"end":{"line":206,"column":null}},"36":{"start":{"line":207,"column":6},"end":{"line":209,"column":null}},"37":{"start":{"line":217,"column":2},"end":{"line":248,"column":null}},"38":{"start":{"line":218,"column":4},"end":{"line":247,"column":null}},"39":{"start":{"line":219,"column":26},"end":{"line":219,"column":null}},"40":{"start":{"line":220,"column":26},"end":{"line":220,"column":null}},"41":{"start":{"line":222,"column":6},"end":{"line":226,"column":null}},"42":{"start":{"line":223,"column":8},"end":{"line":225,"column":null}},"43":{"start":{"line":228,"column":6},"end":{"line":232,"column":null}},"44":{"start":{"line":229,"column":8},"end":{"line":231,"column":null}},"45":{"start":{"line":235,"column":30},"end":{"line":235,"column":null}},"46":{"start":{"line":238,"column":26},"end":{"line":238,"column":null}},"47":{"start":{"line":240,"column":6},"end":{"line":240,"column":null}},"48":{"start":{"line":243,"column":6},"end":{"line":243,"column":null}},"49":{"start":{"line":244,"column":6},"end":{"line":246,"column":null}},"50":{"start":{"line":254,"column":2},"end":{"line":270,"column":null}},"51":{"start":{"line":255,"column":4},"end":{"line":269,"column":null}},"52":{"start":{"line":260,"column":23},"end":{"line":260,"column":null}},"53":{"start":{"line":262,"column":6},"end":{"line":262,"column":null}},"54":{"start":{"line":265,"column":6},"end":{"line":265,"column":null}},"55":{"start":{"line":266,"column":6},"end":{"line":268,"column":null}},"56":{"start":{"line":275,"column":2},"end":{"line":310,"column":null}},"57":{"start":{"line":276,"column":4},"end":{"line":309,"column":null}},"58":{"start":{"line":277,"column":35},"end":{"line":277,"column":null}},"59":{"start":{"line":279,"column":30},"end":{"line":279,"column":null}},"60":{"start":{"line":282,"column":25},"end":{"line":282,"column":null}},"61":{"start":{"line":283,"column":6},"end":{"line":287,"column":null}},"62":{"start":{"line":284,"column":8},"end":{"line":286,"column":null}},"63":{"start":{"line":290,"column":26},"end":{"line":290,"column":null}},"64":{"start":{"line":291,"column":6},"end":{"line":295,"column":null}},"65":{"start":{"line":292,"column":8},"end":{"line":294,"column":null}},"66":{"start":{"line":297,"column":23},"end":{"line":297,"column":null}},"67":{"start":{"line":300,"column":24},"end":{"line":300,"column":null}},"68":{"start":{"line":302,"column":6},"end":{"line":302,"column":null}},"69":{"start":{"line":305,"column":6},"end":{"line":305,"column":null}},"70":{"start":{"line":306,"column":6},"end":{"line":308,"column":null}},"71":{"start":{"line":315,"column":2},"end":{"line":356,"column":null}},"72":{"start":{"line":316,"column":4},"end":{"line":355,"column":null}},"73":{"start":{"line":317,"column":25},"end":{"line":317,"column":null}},"74":{"start":{"line":318,"column":6},"end":{"line":322,"column":null}},"75":{"start":{"line":319,"column":8},"end":{"line":321,"column":null}},"76":{"start":{"line":324,"column":35},"end":{"line":324,"column":null}},"77":{"start":{"line":325,"column":30},"end":{"line":325,"column":null}},"78":{"start":{"line":328,"column":25},"end":{"line":328,"column":null}},"79":{"start":{"line":329,"column":6},"end":{"line":333,"column":null}},"80":{"start":{"line":330,"column":8},"end":{"line":332,"column":null}},"81":{"start":{"line":336,"column":26},"end":{"line":336,"column":null}},"82":{"start":{"line":337,"column":6},"end":{"line":341,"column":null}},"83":{"start":{"line":338,"column":8},"end":{"line":340,"column":null}},"84":{"start":{"line":343,"column":23},"end":{"line":343,"column":null}},"85":{"start":{"line":346,"column":24},"end":{"line":346,"column":null}},"86":{"start":{"line":348,"column":6},"end":{"line":348,"column":null}},"87":{"start":{"line":351,"column":6},"end":{"line":351,"column":null}},"88":{"start":{"line":352,"column":6},"end":{"line":354,"column":null}},"89":{"start":{"line":362,"column":2},"end":{"line":384,"column":null}},"90":{"start":{"line":363,"column":4},"end":{"line":383,"column":null}},"91":{"start":{"line":364,"column":26},"end":{"line":364,"column":null}},"92":{"start":{"line":367,"column":35},"end":{"line":367,"column":null}},"93":{"start":{"line":370,"column":30},"end":{"line":370,"column":null}},"94":{"start":{"line":373,"column":21},"end":{"line":373,"column":null}},"95":{"start":{"line":375,"column":6},"end":{"line":375,"column":null}},"96":{"start":{"line":378,"column":6},"end":{"line":378,"column":null}},"97":{"start":{"line":379,"column":6},"end":{"line":382,"column":null}},"98":{"start":{"line":389,"column":2},"end":{"line":416,"column":null}},"99":{"start":{"line":390,"column":4},"end":{"line":415,"column":null}},"100":{"start":{"line":391,"column":25},"end":{"line":391,"column":null}},"101":{"start":{"line":392,"column":6},"end":{"line":397,"column":null}},"102":{"start":{"line":393,"column":8},"end":{"line":396,"column":null}},"103":{"start":{"line":399,"column":35},"end":{"line":399,"column":null}},"104":{"start":{"line":402,"column":30},"end":{"line":402,"column":null}},"105":{"start":{"line":405,"column":21},"end":{"line":405,"column":null}},"106":{"start":{"line":407,"column":6},"end":{"line":407,"column":null}},"107":{"start":{"line":410,"column":6},"end":{"line":410,"column":null}},"108":{"start":{"line":411,"column":6},"end":{"line":414,"column":null}},"109":{"start":{"line":418,"column":2},"end":{"line":418,"column":null}},"110":{"start":{"line":428,"column":21},"end":{"line":428,"column":null}},"111":{"start":{"line":429,"column":2},"end":{"line":429,"column":null}},"112":{"start":{"line":430,"column":2},"end":{"line":430,"column":null}},"113":{"start":{"line":451,"column":14},"end":{"line":451,"column":null}},"114":{"start":{"line":452,"column":2},"end":{"line":452,"column":null}}},"fnMap":{"0":{"name":"createCubeRoutes","decl":{"start":{"line":95,"column":16},"end":{"line":95,"column":null}},"loc":{"start":{"line":97,"column":2},"end":{"line":419,"column":null}},"line":97},"1":{"name":"(anonymous_1)","decl":{"start":{"line":128,"column":16},"end":{"line":128,"column":24}},"loc":{"start":{"line":128,"column":24},"end":{"line":130,"column":3}},"line":128},"2":{"name":"(anonymous_2)","decl":{"start":{"line":135,"column":31},"end":{"line":135,"column":38}},"loc":{"start":{"line":135,"column":44},"end":{"line":165,"column":3}},"line":135},"3":{"name":"(anonymous_3)","decl":{"start":{"line":170,"column":30},"end":{"line":170,"column":37}},"loc":{"start":{"line":170,"column":43},"end":{"line":211,"column":3}},"line":170},"4":{"name":"(anonymous_4)","decl":{"start":{"line":217,"column":32},"end":{"line":217,"column":39}},"loc":{"start":{"line":217,"column":45},"end":{"line":248,"column":3}},"line":217},"5":{"name":"(anonymous_5)","decl":{"start":{"line":254,"column":30},"end":{"line":254,"column":31}},"loc":{"start":{"line":254,"column":37},"end":{"line":270,"column":3}},"line":254},"6":{"name":"(anonymous_6)","decl":{"start":{"line":275,
[...]
d":{}}],"line":72},"14":{"loc":{"start":{"line":72,"column":8},"end":{"line":72,"column":44}},"type":"binary-expr","locations":[{"start":{"line":72,"column":8},"end":{"line":72,"column":17}},{"start":{"line":72,"column":17},"end":{"line":72,"column":44}}],"line":72},"15":{"loc":{"start":{"line":74,"column":6},"end":{"line":79,"column":null}},"type":"if","locations":[{"start":{"line":74,"column":6},"end":{"line":79,"column":null}},{"start":{},"end":{}}],"line":74},"16":{"loc":{"start":{"line":76,"column":8},"end":{"line":78,"column":null}},"type":"if","locations":[{"start":{"line":76,"column":8},"end":{"line":78,"column":null}},{"start":{},"end":{}}],"line":76},"17":{"loc":{"start":{"line":77,"column":17},"end":{"line":77,"column":null}},"type":"cond-expr","locations":[{"start":{"line":77,"column":45},"end":{"line":77,"column":71}},{"start":{"line":77,"column":71},"end":{"line":77,"column":null}}],"line":77},"18":{"loc":{"start":{"line":82,"column":6},"end":{"line":88,"column":null}},"type":"if","locations":[{"start":{"line":82,"column":6},"end":{"line":88,"column":null}},{"start":{},"end":{}}],"line":82},"19":{"loc":{"start":{"line":82,"column":10},"end":{"line":85,"column":27}},"type":"binary-expr","locations":[{"start":{"line":82,"column":10},"end":{"line":82,"column":null}},{"start":{"line":83,"column":10},"end":{"line":83,"column":null}},{"start":{"line":84,"column":10},"end":{"line":84,"column":null}},{"start":{"line":85,"column":10},"end":{"line":85,"column":27}}],"line":82},"20":{"loc":{"start":{"line":95,"column":4},"end":{"line":105,"column":null}},"type":"if","locations":[{"start":{"line":95,"column":4},"end":{"line":105,"column":null}},{"start":{},"end":{}}],"line":95},"21":{"loc":{"start":{"line":97,"column":6},"end":{"line":99,"column":null}},"type":"if","locations":[{"start":{"line":97,"column":6},"end":{"line":99,"column":null}},{"start":{},"end":{}}],"line":97},"22":{"loc":{"start":{"line":98,"column":15},"end":{"line":98,"column":null}},"type":"cond-expr","locations":[{"start":{"line":98,"column":37},"end":{"line":98,"column":57}},{"start":{"line":98,"column":57},"end":{"line":98,"column":null}}],"line":98},"23":{"loc":{"start":{"line":102,"column":6},"end":{"line":104,"column":null}},"type":"if","locations":[{"start":{"line":102,"column":6},"end":{"line":104,"column":null}},{"start":{},"end":{}}],"line":102},"24":{"loc":{"start":{"line":102,"column":10},"end":{"line":102,"column":68}},"type":"binary-expr","locations":[{"start":{"line":102,"column":10},"end":{"line":102,"column":39}},{"start":{"line":102,"column":39},"end":{"line":102,"column":68}}],"line":102}},"s":{"0":834,"1":834,"2":829,"3":817,"4":817,"5":35327,"6":0,"7":5,"8":1,"9":4,"10":4,"11":3,"12":3,"13":1,"14":35330,"15":0,"16":35330,"17":35330,"18":180374,"19":104225,"20":76149,"21":35330,"22":104253,"23":153,"24":104100,"25":17272,"26":86828,"27":2,"28":86826,"29":10,"30":10,"31":10,"32":8,"33":2,"34":0,"35":0,"36":2,"37":86816,"38":86816,"39":86808,"40":8,"41":6,"42":2,"43":21,"44":220},"f":{"0":834,"1":35327,"2":3,"3":35330,"4":104253,"5":21,"6":220},"b":{"0":[834,0],"1":[834,834],"2":[829,5],"3":[817,0],"4":[1,4],"5":[3,1],"6":[0,35330],"7":[35330,35330],"8":[104225,76149],"9":[180374,180322],"10":[153,104100],"11":[17272,86828],"12":[2,86826],"13":[10,86816],"14":[86826,86825],"15":[10,0],"16":[8,2],"17":[6,2],"18":[0,2],"19":[2,2,2,2],"20":[86816,0],"21":[86808,8],"22":[22344,64464],"23":[6,2],"24":[8,6]},"meta":{"lastBranch":25,"lastFunction":7,"lastStatement":45,"seen":{"f:11:8:11:27":0,"b:13:4:23:Infinity:undefined:undefined:undefined:undefined":0,"s:13:4:23:Infinity":0,"b:13:8:13:17:13:17:13:44":1,"b:15:6:21:Infinity:undefined:undefined:undefined:undefined":2,"s:15:6:21:Infinity":1,"s:16:23:16:Infinity":2,"b:17:8:19:Infinity:undefined:undefined:undefined:undefined":3,"s:17:8:19:Infinity":3,"s:18:10:18:Infinity":4,"f:18:28:18:35":1,"s:18:35:18:80":5,"s:20:8:20:Infinity":6,"b:26:4:28:Infinity:undefined:undefined:undefined:undefined":4,"s:26:4:28:Infinity":7,"s:27:6:27:Infinity":8,"s:29:19:29:Infinity":9,"b:32:4:34:Infinity:undefined:undefined:undefined:undefined":5,"s:32:4:34:Infinity":10,"s:33:6:33:Infinity":11,"f:33:24:33:31":2,"s:33:31:33:76":12,"s:36:4:36:Infinity":13,"f:42:10:42:31":3,"b:43:4:43:Infinity:undefined:undefined:undefined:undefined":6,"s:43:4:43:Infinity":14,"b:43:8:43:16:43:16:43:41":7,"s:43:41:43:Infinity":15,"s:45:27:45:Infinity":16,"s:46:4:54:Infinity":17,"b:49:6:53:Infinity:51:13:53:Infinity":8,"s:49:6:53:Infinity":18,"b:49:10:49:27:49:27:49:56":9,"s:50:8:50:Infinity":19,"s:52:8:52:Infinity":20,"s:55:4:55:Infinity":21,"f:61:10:61:25":4,"b:63:4:63:Infinity:undefined:undefined:undefined:undefined":10,"s:63:4:63:Infinity":22,"s:63:23:63:Infinity":23,"b:66:4:66:Infinity:undefined:undefined:undefined:undefined":11,"s:66:4:66:Infinity":24,"s:66:35:66:Infinity":25,"b:69:4:69:Infinity:undefined:undefined:undefined:undefined":12,"s:69:4:69:Infinity":26,"s:69:35:69:Infinity":27,"b:72:4:92:Infinity:undefined:undefined:undefined:undefined":13,"s:72:4:92:Infinity":28,"b:72:8:72:17:72:17:72:44":14,"b:74:6:79:Infinity:undefined:undefined:undefined:undefined":15,"s:74:6:79:Infinity":29,"s:75:28:75:Infinity":30,"b:76:8:78:Infinity:undefined:undefined:undefined:undefined":16,"s:76:8:78:Infinity":31,"s:77:10:77:Infinity":32,"b:77:45:77:71:77:71:77:Infinity":17,"b:82:6:88:Infinity:undefined:undefined:undefined:undefined":18,"s:82:6:88:Infinity":33,"b:82:10:82:Infinity:83:10:83:Infinity:84:10:84:Infinity:85:10:85:27":19,"s:86:28:86:Infinity":34,"s:87:8:87:Infinity":35,"s:91:6:91:Infinity":36,"b:95:4:105:Infinity:undefined:undefined:undefined:undefined":20,"s:95:4:105:Infinity":37,"b:97:6:99:Infinity:undefined:undefined:undefined:undefined":21,"s:97:6:99:Infinity":38,"s:98:8:98:Infinity":39,"b:98:37:98:57:98:57:98:Infinity":22,"b:102:6:104:Infinity:undefined:undefined:undefined:undefined":23,"s:102:6:104:Infinity":40,"b:102:10:102:39:102:39:102:68":24,"s:103:8:103:Infinity":41,"s:108:4:108:Infinity":42,"f:111:2:111:30":5,"s:112:4:112:Infinity":43,"f:119:16:119:Infinity":6,"s:123:2:123:Infinity":44}}}
,"/Users/cliftonc/work/dc/drizzle-cube/src/server/executors/singlestore-executor.ts": {"path":"/Users/cliftonc/work/dc/drizzle-cube/src/server/executors/singlestore-executor.ts","statementMap":{"0":{"start":{"line":12,"column":4},"end":{"line":12,"column":null}},"1":{"start":{"line":27,"column":2},"end":{"line":27,"column":null}}},"fnMap":{"0":{"name":"(anonymous_0)","decl":{"start":{"line":11,"column":2},"end":{"line":11,"column":33}},"loc":{"start":{"line":11,"column":33},"end":{"line":13,"column":null}},"line":11},"1":{"name":"createSingleStoreExecutor","decl":{"start":{"line":23,"column":16},"end":{"line":23,"column":null}},"loc":{"start":{"line":26,"column":23},"end":{"line":28,"column":null}},"line":26}},"branchMap":{},"s":{"0":7,"1":6},"f":{"0":7,"1":6},"b":{},"meta":{"lastBranch":0,"lastFunction":2,"lastStatement":2,"seen":{"f:11:2:11:33":0,"s:12:4:12:Infinity":0,"f:23:16:23:Infinity":1,"s:27:2:27:Infinity":1}}}
,"/Users/cliftonc/work/dc/drizzle-cube/src/server/executors/sqlite-executor.ts": {"path":"/Users/cliftonc/work/dc/drizzle-cube/src/server/executors/sqlite-executor.ts","statementMap":{"0":{"start":{"line":13,"column":4},"end":{"line":20,"column":null}},"1":{"start":{"line":15,"column":21},"end":{"line":15,"column":null}},"2":{"start":{"line":16,"column":6},"end":{"line":18,"column":null}},"3":{"start":{"line":17,"column":8},"end":{"line":17,"column":null}},"4":{"start":{"line":17,"column":33},"end":{"line":17,"column":78}},"5":{"start":{"line":19,"column":6},"end":{"line":19,"column":null}},"6":{"start":{"line":23,"column":4},"end":{"line":41,"column":null}},"7":{"start":{"line":26,"column":6},"end":{"line":38,"column":null}},"8":{"start":{"line":27,"column":23},"end":{"line":27,"column":null}},"9":{"start":{"line":28,"column":8},"end":{"line":30,"column":null}},"10":{"start":{"line":29,"column":10},"end":{"line":29,"column":null}},"11":{"start":{"line":29,"column":35},"end":{"line":29,"column":80}},"12":{"start":{"line":31,"column":8},"end":{"line":31,"column":null}},"13":{"start":{"line":32,"column":6},"end":{"line":38,"column":null}},"14":{"start":{"line":34,"column":23},"end":{"line":34,"column":null}},"15":{"start":{"line":35,"column":8},"end":{"line":35,"column":null}},"16":{"start":{"line":37,"column":8},"end":{"line":37,"column":null}},"17":{"start":{"line":40,"column":6},"end":{"line":40,"column":null}},"18":{"start":{"line":48,"column":4},"end":{"line":48,"column":null}},"19":{"start":{"line":48,"column":41},"end":{"line":48,"column":null}},"20":{"start":{"line":50,"column":27},"end":{"line":50,"column":null}},"21":{"start":{"line":51,"column":4},"end":{"line":59,"column":null}},"22":{"start":{"line":54,"column":6},"end":{"line":58,"column":null}},"23":{"start":{"line":55,"column":8},"end":{"line":55,"column":null}},"24":{"start":{"line":57,"column":8},"end":{"line":57,"column":null}},"25":{"start":{"line":60,"column":4},"end":{"line":60,"column":null}},"26":{"start":{"line":68,"column":4},"end":{"line":68,"column":null}},"27":{"start":{"line":68,"column":23},"end":{"line":68,"column":null}},"28":{"start":{"line":71,"column":4},"end":{"line":71,"column":null}},"29":{"start":{"line":71,"column":35},"end":{"line":71,"column":null}},"30":{"start":{"line":74,"column":4},"end":{"line":84,"column":null}},"31":{"start":{"line":76,"column":6},"end":{"line":78,"column":null}},"32":{"start":{"line":77,"column":8},"end":{"line":77,"column":null}},"33":{"start":{"line":81,"column":6},"end":{"line":83,"column":null}},"34":{"start":{"line":82,"column":8},"end":{"line":82,"column":null}},"35":{"start":{"line":87,"column":4},"end":{"line":87,"column":null}},"36":{"start":{"line":91,"column":4},"end":{"line":91,"column":null}},"37":{"start":{"line":102,"column":2},"end":{"line":102,"column":null}}},"fnMap":{"0":{"name":"(anonymous_0)","decl":{"start":{"line":11,"column":8},"end":{"line":11,"column":27}},"loc":{"start":{"line":11,"column":83},"end":{"line":42,"column":null}},"line":11},"1":{"name":"(anonymous_1)","decl":{"start":{"line":17,"column":26},"end":{"line":17,"column":33}},"loc":{"start":{"line":17,"column":33},"end":{"line":17,"column":78}},"line":17},"2":{"name":"(anonymous_2)","decl":{"start":{"line":29,"column":28},"end":{"line":29,"column":35}},"loc":{"start":{"line":29,"column":35},"end":{"line":29,"column":80}},"line":29},"3":{"name":"(anonymous_3)","decl":{"start":{"line":47,"column":10},"end":{"line":47,"column":31}},"loc":{"start":{"line":47,"column":72},"end":{"line":61,"column":null}},"line":47},"4":{"name":"(anonymous_4)","decl":{"start":{"line":66,"column":10},"end":{"line":66,"column":25}},"loc":{"start":{"line":66,"column":42},"end":{"line":88,"column":null}},"line":66},"5":{"name":"(anonymous_5)","decl":{"start":{"line":90,"column":2},"end":{"line":90,"column":28}},"loc":{"start":{"line":90,"column":28},"end":{"line":92,"column":null}},"line":90},"6":{"name":"createSQLiteExecutor","decl":{"start":{"line":98,"column":16},"end":{"line":98,"column":null}},"loc":{"start":{"line":101,"column":18},"end":{"line":103,"column":null}},"line":101}},"branchMap":{"0":{"loc":{"start":{"line":13,"column":4},"end":{"line":20,"column":null}},"type":"if","locations":[{"start":{"line":13,"column":4},"end":{"line":20,"column":null}},{"start":{},"end":{}}],"line":13},"1":{"loc":{"start":{"line":13,"column":8},"end":{"line":13,"column":83}},"type":"binary-expr","locations":[{"start":{"line":13,"column":8},"end":{"line":13,"column":17}},{"start":{"line":13,"column":17},"end":{"line":13,"column":46}},{"start":{"line":13,"column":46},"end":{"line":13,"column":83}}],"line":13},"2":{"loc":{"start":{"line":16,"column":6},"end":{"line":18,"column":null}},"type":"if","locations":[{"start":{"line":16,"column":6},"end":{"line":18,"column":null}},{"start":{},"end":{}}],"line":16},"3":{"loc":{"start":{"line":26,"column":6},"end":{"line":38,"column":null}},"type":"if","locations":[{"start":{"line":26,"column":6},"end":{"line":38,"column":null}},{"start":{"line":32,"column":6},"end":{"line":38,"column":null}}],"line":26},"4":{"loc":{"start":{"line":28,"column":8},"end":{"line":30,"column":null}},"type":"if","locations":[{"start":{"line":28,"column":8},"end":{"line":30,"column":null}},{"start":{},"end":{}}],"line":28},"5":{"loc":{"start":{"line":32,"column":6},"end":{"line":38,"column":null}},"type":"if","locations":[{"start":{"line":32,"column":6},"end":{"line":38,"column":null}},{"start":{"line":36,"column":13},"end":{"line":38,"column":null}}],"line":32},"6":{"loc":{"start":{"line":40,"column":50},"end":{"line":40,"column":106}},"type":"cond-expr","locations":[{"start":{"line":40,"column":75},"end":{"line":40,"column":91}},{"start":{"line":40,"column":91},"end":{"line":40,"column":106}}],"line":40},"7":{"loc":{"start":{"line":48,"column":4},"end":{"line":48,"column":null}},"type":"if","locations":[{"start":{"line":48,"column":4},"end":{"line":48,"column":null}},{"start":{},"end":{}}],"line":48},"8":{"loc":{"start":{"line":48,"column":8},"end":{"line":48,"column":41}},"type":"binary-expr","locations":[{"start":{"line":48,"column":8},"end":{"line":48,"column":16}},{"start":{"line":48,"column":16},"end":{"line":48,"column":41}}],"line":48},"9":{"loc":{"start":{"line":54,"column":6},"end":{"line":58,"column":null}},"type":"if","locations":[{"start":{"line":54,"column":6},"end":{"line":58,"column":null}},{"start":{"line":56,"column":13},"end":{"line":58,"column":null}}],"line":54},"10":{"loc":{"start":{"line":54,"column":10},"end":{"line":54,"column":56}},"type":"binary-expr","locations":[{"start":{"line":54,"column":10},"end":{"line":54,"column":27}},{"start":{"line":54,"column":27},"end":{"line":54,"column":56}}],"line":54},"11":{"loc":{"start":{"line":68,"column":4},"end":{"line":68,"column":null}},"type":"if","locations":[{"start":{"line":68,"column":4},"end":{"line":68,"column":null}},{"start":{},"end":{}}],"line":68},"12":{"loc":{"start":{"line":71,"column":4},"end":{"line":71,"column":null}},"type":"if","locations":[{"start":{"line":71,"column":4},"end":{"line":71,"column":null}},{"start":{},"end":{}}],"line":71},"13":{"loc":{"start":{"line":74,"column":4},"end":{"line":84,"column":null}},"type":"if","locations":[{"start":{"line":74,"column":4},"end":{"line":84,"column":null}},{"start":{},"end":{}}],"line":74},"14":{"loc":{"start":{"line":76,"column":6},"end":{"line":78,"column":null}},"type":"if","locations":[{"start":{"line":76,"column":6},"end":{"line":78,"column":null}},{"start":{},"end":{}}],"line":76},"15":{"loc":{"start":{"line":77,"column":15},"end":{"line":77,"column":null}},"type":"cond-expr","locations":[{"start":{"line":77,"column":37},"end":{"line":77,"column":57}},{"start":{"line":77,"column":57},"end":{"line":77,"column":null}}],"line":77},"16":{"loc":{"start":{"line":81,"column":6},"end":{"line":83,"column":null}},"type":"if","locations":[{"start":{"line":81,"column":6},"end":{"line":83,"column":null}},{"start":{},"end":{}}],"line":81},"17":{"loc":{"start":{"line":81,"column":10},"end":{"line":81,"column":68}},"type":"binary-expr","locations":[{"start":{"line":81,"column":10},"end":{"line":81,"column":39}},{"start":{"line":81,"column":39},"end":{"line":81,"column":68}}],"line":81}},"s":{"0":7,"1":1,"2":1,"3":1,"4":1,"5":0,"6":6,"7":6,"8":4,"9":4,"10":1,"11":1,"12":1,"13":2,"14":1,"15":1,"16":1,"17":3,"18":2,"19":0,"20":2,"21":2,"22":4,"23":2,"24":2,"25":2,"26":8,"27":2,"28":6,"29":1,"30":5,"31":5,"32":4,"33":1,"34":1,"35":0,"36":1,"37":14},"f":{"0":7,"1":1,"2":1,"3":2,"4":8,"5":1,"6":14},"b":{"0":[1,6],"1":[7,7,7],"2":[1,0],"3":[4,2],"4":[1,3],"5":[1,1],"6":[2,1],"7":[0,2],"8":[2,2],"9":[2,2],"10":[4,4],"11":[2,6],"12":[1,5],"13":[5,0],"14":[4,1],"15":[1,3],"16":[1,0],"17":[1,1]},"meta":{"lastBranch":18,"lastFunction":7,"lastStatement":38,"seen":{"f:11:8:11:27":0,"b:13:4:20:Infinity:undefined:undefined:undefined:undefined":0,"s:13:4:20:Infinity":0,"b:13:8:13:17:13:17:13:46:13:46:13:83":1,"s:15:21:15:Infinity":1,"b:16:6:18:Infinity:undefined:undefined:undefined:undefined":2,"s:16:6:18:Infinity":2,"s:17:8:17:Infinity":3,"f:17:26:17:33":1,"s:17:33:17:78":4,"s:19:6:19:Infinity":5,"s:23:4:41:Infinity":6,"b:26:6:38:Infinity:32:6:38:Infinity":3,"s:26:6:38:Infinity":7,"s:27:23:27:Infinity":8,"b:28:8:30:Infinity:undefined:undefined:undefined:undefined":4,"s:28:8:30:Infinity":9,"s:29:10:29:Infinity":10,"f:29:28:29:35":2,"s:29:35:29:80":11,"s:31:8:31:Infinity":12,"b:32:6:38:Infinity:36:13:38:Infinity":5,"s:32:6:38:Infinity":13,"s:34:23:34:Infinity":14,"s:35:8:35:Infinity":15,"s:37:8:37:Infinity":16,"s:40:6:40:Infinity":17,"b:40:75:40:91:40:91:40:106":6,"f:47:10:47:31":3,"b:48:4:48:Infinity:undefined:undefined:undefined:undefined":7,"s:48:4:48:Infinity":18,"b:48:8:48:16:48:16:48:41":8,"s:48:41:48:Infinity":19,"s:50:27:50:Infinity":20,"s:51:4:59:Infinity":21,"b:54:6:58:Infinity:56:13:58:Infinity":9,"s:54:6:58:Infinity":22,"b:54:10:54:27:54:27:54:56":10,"s:55:8:55:Infinity":23,"s:57:8:57:Infinity":24,"s:60:4:60:Infinity":25,"f:66:10:66:25":4,"b:68:4:68:Infinity:undefined:undefined:undefined:undefined":11,"s:68:4:68:Infinity":26,"s:68:23:68:Infinity":27,"b:71:4:71:Infinity:undefined:undefined:undefined:undefined":12,"s:71:4:71:Infinity":28,"s:71:35:71:Infinity":29,"b:74:4:84:Infinity:undefined:undefined:undefined:undefined":13,"s:74:4:84:Infinity":30,"b:76:6:78:Infinity:undefined:undefined:undefined:undefined":14,"s:76:6:78:Infinity":31,"s:77:8:77:Infinity":32,"b:77:37:77:57:77:57:77:Infinity":15,"b:81:6:83:Infinity:undefined:undefined:undefined:undefined":16,"s:81:6:83:Infinity":33,"b:81:10:81:39:81:39:81:68":17,"s:82:8:82:Infinity":34,"s:87:4:87:Infinity":35,"f:90:2:90:28":5,"s:91:4:91:Infinity":36,"f:98:16:98:Infinity":6,"s:102:2:102:Infinity":37}}}
,"/Users/cliftonc/work/dc/drizzle-cube/src/server/types/analysis.ts": {"path":"/Users/cliftonc/work/dc/drizzle-cube/src/server/types/analysis.ts","statementMap":{},"fnMap":{},"branchMap":{},"s":{},"f":{},"b":{},"meta":{"lastBranch":0,"lastFunction":0,"lastStatement":0,"seen":{}}}
,"/Users/cliftonc/work/dc/drizzle-cube/src/server/types/core.ts": {"path":"/Users/cliftonc/work/dc/drizzle-cube/src/server/types/core.ts","statementMap":{},"fnMap":{},"branchMap":{},"s":{},"f":{},"b":{},"meta":{"lastBranch":0,"lastFunction":0,"lastStatement":0,"seen":{}}}
,"/Users/cliftonc/work/dc/drizzle-cube/src/server/types/cube.ts": {"path":"/Users/cliftonc/work/dc/drizzle-cube/src/server/types/cube.ts","statementMap":{},"fnMap":{},"branchMap":{},"s":{},"f":{},"b":{},"meta":{"lastBranch":0,"lastFunction":0,"lastStatement":0,"seen":{}}}
,"/Users/cliftonc/work/dc/drizzle-cube/src/server/types/executor.ts": {"path":"/Users/cliftonc/work/dc/drizzle-cube/src/server/types/executor.ts","statementMap":{},"fnMap":{},"branchMap":{},"s":{},"f":{},"b":{},"meta":{"lastBranch":0,"lastFunction":0,"lastStatement":0,"seen":{}}}
,"/Users/cliftonc/work/dc/drizzle-cube/src/server/types/index.ts": {"path":"/Users/cliftonc/work/dc/drizzle-cube/src/server/types/index.ts","statementMap":{},"fnMap":{},"branchMap":{},"s":{},"f":{},"b":{},"meta":{"lastBranch":0,"lastFunction":0,"lastStatement":0,"seen":{}}}
,"/Users/cliftonc/work/dc/drizzle-cube/src/server/types/metadata.ts": {"path":"/Users/cliftonc/work/dc/drizzle-cube/src/server/types/metadata.ts","statementMap":{},"fnMap":{},"branchMap":{},"s":{},"f":{},"b":{},"meta":{"lastBranch":0,"lastFunction":0,"lastStatement":0,"seen":{}}}
,"/Users/cliftonc/work/dc/drizzle-cube/src/server/types/query.ts": {"path":"/Users/cliftonc/work/dc/drizzle-cube/src/server/types/query.ts","statementMap":{},"fnMap":{},"branchMap":{},"s":{},"f":{},"b":{},"meta":{"lastBranch":0,"lastFunction":0,"lastStatement":0,"seen":{}}}
,"/Users/cliftonc/work/dc/drizzle-cube/src/server/types/utils.ts": {"path":"/Users/cliftonc/work/dc/drizzle-cube/src/server/types/utils.ts","statementMap":{},"fnMap":{},"branchMap":{},"s":{},"f":{},"b":{},"meta":{"lastBranch":0,"lastFunction":0,"lastStatement":0,"seen":{}}}
}
