TN:
SF:src/adapters/mcp-transport.ts
FN:59,negotiateProtocol
FN:69,wantsEventStream
FN:71,(anonymous_2)
FN:94,validateAcceptHeader
FN:96,(anonymous_4)
FN:97,(anonymous_5)
FN:98,(anonymous_6)
FN:122,validateOriginHeader
FN:150,(anonymous_8)
FN:164,serializeSseEvent
FN:178,buildJsonRpcError
FN:186,buildJsonRpcResult
FN:194,parseJsonRpc
FN:207,dispatchMcpMethod
FN:264,(anonymous_14)
FN:278,(anonymous_15)
FN:293,(anonymous_16)
FN:308,(anonymous_17)
FN:339,jsonRpcError
FN:348,normalizeHeader
FN:356,isNotification
FN:360,primeEventId
FN:364,buildToolList
FN:464,executeToolCall
FN:490,wrapContent
FN:615,getDefaultResources
FN:619,getDefaultPrompts
FNF:27
FNH:27
FNDA:7,negotiateProtocol
FNDA:10,wantsEventStream
FNDA:11,(anonymous_2)
FNDA:8,validateAcceptHeader
FNDA:10,(anonymous_4)
FNDA:7,(anonymous_5)
FNDA:9,(anonymous_6)
FNDA:9,validateOriginHeader
FNDA:5,(anonymous_8)
FNDA:6,serializeSseEvent
FNDA:5,buildJsonRpcError
FNDA:4,buildJsonRpcResult
FNDA:9,parseJsonRpc
FNDA:30,dispatchMcpMethod
FNDA:2,(anonymous_14)
FNDA:3,(anonymous_15)
FNDA:4,(anonymous_16)
FNDA:5,(anonymous_17)
FNDA:10,jsonRpcError
FNDA:12,normalizeHeader
FNDA:5,isNotification
FNDA:8,primeEventId
FNDA:4,buildToolList
FNDA:7,executeToolCall
FNDA:3,wrapContent
FNDA:7,getDefaultResources
FNDA:7,getDefaultPrompts
DA:56,5
DA:57,5
DA:60,7
DA:61,7
DA:62,7
DA:70,10
DA:71,11
DA:72,8
DA:73,8
DA:75,8
DA:81,5
DA:86,5
DA:95,8
DA:96,10
DA:97,7
DA:98,9
DA:99,6
DA:126,9
DA:129,9
DA:130,3
DA:131,2
DA:133,1
DA:137,6
DA:138,2
DA:143,4
DA:144,4
DA:146,1
DA:150,3
DA:151,5
DA:152,5
DA:154,0
DA:157,3
DA:158,2
DA:161,1
DA:165,6
DA:166,6
DA:167,2
DA:169,6
DA:170,1
DA:172,6
DA:173,6
DA:174,6
DA:175,6
DA:179,5
DA:187,4
DA:195,9
DA:196,5
DA:197,5
DA:198,2
DA:204,2
DA:212,30
DA:213,30
DA:214,30
DA:216,30
DA:220,4
DA:223,4
DA:225,1
DA:228,3
DA:231,4
DA:256,4
DA:260,7
DA:263,1
DA:264,2
DA:274,1
DA:277,2
DA:278,3
DA:279,2
DA:280,2
DA:292,1
DA:293,4
DA:298,1
DA:304,1
DA:307,2
DA:308,5
DA:309,2
DA:310,2
DA:318,1
DA:320,2
DA:321,2
DA:322,1
DA:324,1
DA:327,2
DA:328,2
DA:329,1
DA:331,1
DA:332,1
DA:335,1
DA:340,10
DA:341,10
DA:342,10
DA:343,1
DA:345,10
DA:349,12
DA:350,9
DA:351,4
DA:353,5
DA:357,5
DA:361,8
DA:365,4
DA:465,7
DA:466,7
DA:467,7
DA:468,1
DA:470,6
DA:471,6
DA:473,1
DA:475,2
DA:476,2
DA:477,1
DA:480,2
DA:481,2
DA:482,1
DA:483,1
DA:486,1
DA:491,3
DA:508,5
DA:510,5
DA:616,7
DA:620,7
LF:119
LH:118
BRDA:61,0,0,7
BRDA:61,0,1,2
BRDA:64,1,0,6
BRDA:64,1,1,1
BRDA:70,2,0,2
BRDA:70,2,1,8
BRDA:75,3,0,8
BRDA:75,3,1,7
BRDA:95,4,0,2
BRDA:95,4,1,6
BRDA:99,5,0,6
BRDA:99,5,1,5
BRDA:124,6,0,9
BRDA:126,7,0,9
BRDA:129,8,0,3
BRDA:129,8,1,6
BRDA:130,9,0,2
BRDA:130,9,1,1
BRDA:137,10,0,2
BRDA:137,10,1,4
BRDA:137,11,0,6
BRDA:137,11,1,5
BRDA:157,12,0,2
BRDA:157,12,1,1
BRDA:166,13,0,2
BRDA:166,13,1,4
BRDA:169,14,0,1
BRDA:169,14,1,5
BRDA:169,15,0,6
BRDA:169,15,1,2
BRDA:181,16,0,5
BRDA:181,16,1,2
BRDA:182,17,0,1
BRDA:182,17,1,4
BRDA:189,18,0,4
BRDA:189,18,1,1
BRDA:195,19,0,4
BRDA:195,19,1,5
BRDA:195,20,0,9
BRDA:195,20,1,7
BRDA:197,21,0,3
BRDA:197,21,1,2
BRDA:197,22,0,5
BRDA:197,22,1,4
BRDA:213,23,0,30
BRDA:213,23,1,30
BRDA:214,24,0,30
BRDA:214,24,1,30
BRDA:216,25,0,4
BRDA:216,25,1,1
BRDA:216,25,2,4
BRDA:216,25,3,0
BRDA:216,25,4,7
BRDA:216,25,5,1
BRDA:216,25,6,1
BRDA:216,25,7,2
BRDA:216,25,8,1
BRDA:216,25,9,1
BRDA:216,25,10,1
BRDA:216,25,11,2
BRDA:216,25,12,1
BRDA:216,25,13,2
BRDA:216,25,14,2
BRDA:216,25,15,1
BRDA:223,26,0,1
BRDA:223,26,1,3
BRDA:223,27,0,4
BRDA:223,27,1,2
BRDA:249,28,0,4
BRDA:249,28,1,0
BRDA:249,29,0,4
BRDA:249,29,1,0
BRDA:278,30,0,2
BRDA:278,30,1,1
BRDA:279,31,0,0
BRDA:279,31,1,2
BRDA:308,32,0,2
BRDA:308,32,1,1
BRDA:309,33,0,0
BRDA:309,33,1,2
BRDA:318,34,0,1
BRDA:318,34,1,0
BRDA:320,35,0,2
BRDA:320,35,1,0
BRDA:321,36,0,1
BRDA:321,36,1,1
BRDA:327,37,0,2
BRDA:327,37,1,0
BRDA:328,38,0,1
BRDA:328,38,1,1
BRDA:342,39,0,1
BRDA:342,39,1,9
BRDA:349,40,0,3
BRDA:349,40,1,9
BRDA:350,41,0,4
BRDA:350,41,1,5
BRDA:351,42,0,4
BRDA:351,42,1,2
BRDA:357,43,0,5
BRDA:357,43,1,4
BRDA:466,44,0,7
BRDA:466,44,1,0
BRDA:467,45,0,1
BRDA:467,45,1,6
BRDA:471,46,0,6
BRDA:471,46,1,2
BRDA:471,46,2,2
BRDA:471,46,3,1
BRDA:473,47,0,1
BRDA:473,47,1,0
BRDA:475,48,0,2
BRDA:475,48,1,0
BRDA:476,49,0,1
BRDA:476,49,1,1
BRDA:480,50,0,2
BRDA:480,50,1,0
BRDA:481,51,0,1
BRDA:481,51,1,1
BRDA:495,52,0,0
BRDA:495,52,1,3
BRF:120
BRH:107
end_of_record
TN:
SF:src/adapters/utils.ts
FN:25,calculateQueryComplexity
FN:41,extractCubeNamesFromFilter
FN:63,generateRequestId
FN:72,buildTransformedQuery
FN:104,getDatabaseType
FN:118,handleDryRun
FN:150,(anonymous_6)
FN:155,(anonymous_7)
FN:161,(anonymous_8)
FN:167,(anonymous_9)
FN:186,(anonymous_10)
FN:189,(anonymous_11)
FN:190,(anonymous_12)
FN:235,formatCubeResponse
FN:274,formatSqlString
FN:301,formatSqlResponse
FN:315,formatMetaResponse
FN:368,formatErrorResponse
FN:396,handleBatchRequest
FN:405,(anonymous_19)
FN:418,(anonymous_20)
FN:444,handleFunnelDryRun
FN:511,(anonymous_22)
FN:529,handleFlowDryRun
FN:604,handleRetentionDryRun
FN:746,handleDiscover
FN:764,handleSuggest
FN:775,handleValidate
FN:787,handleLoad
FNF:29
FNH:21
FNDA:19,calculateQueryComplexity
FNDA:0,extractCubeNamesFromFilter
FNDA:154,generateRequestId
FNDA:51,buildTransformedQuery
FNDA:42,getDatabaseType
FNDA:12,handleDryRun
FNDA:9,(anonymous_6)
FNDA:9,(anonymous_7)
FNDA:0,(anonymous_8)
FNDA:0,(anonymous_9)
FNDA:9,(anonymous_10)
FNDA:9,(anonymous_11)
FNDA:9,(anonymous_12)
FNDA:42,formatCubeResponse
FNDA:27,formatSqlString
FNDA:10,formatSqlResponse
FNDA:16,formatMetaResponse
FNDA:29,formatErrorResponse
FNDA:11,handleBatchRequest
FNDA:23,(anonymous_19)
FNDA:23,(anonymous_20)
FNDA:0,handleFunnelDryRun
FNDA:0,(anonymous_22)
FNDA:0,handleFlowDryRun
FNDA:0,handleRetentionDryRun
FNDA:2,handleDiscover
FNDA:0,handleSuggest
FNDA:2,handleValidate
FNDA:2,handleLoad
DA:26,19
DA:27,19
DA:28,19
DA:29,19
DA:30,19
DA:32,19
DA:33,4
DA:34,2
DA:43,0
DA:44,0
DA:45,0
DA:46,0
DA:48,0
DA:52,0
DA:53,0
DA:54,0
DA:55,0
DA:64,154
DA:65,154
DA:66,154
DA:73,51
DA:74,51
DA:75,51
DA:77,51
DA:106,42
DA:107,42
DA:108,42
DA:109,0
DA:112,42
DA:125,12
DA:126,0
DA:131,12
DA:132,0
DA:137,12
DA:138,0
DA:142,12
DA:143,12
DA:144,3
DA:148,9
DA:150,9
DA:151,9
DA:152,9
DA:155,12
DA:156,9
DA:157,9
DA:161,12
DA:162,0
DA:163,0
DA:167,12
DA:168,0
DA:172,12
DA:176,12
DA:178,0
DA:181,9
DA:182,9
DA:186,9
DA:189,9
DA:190,9
DA:201,9
DA:202,9
DA:205,0
DA:209,9
DA:240,42
DA:241,42
DA:242,42
DA:243,42
DA:245,42
DA:275,27
DA:277,27
DA:285,27
DA:293,1
DA:294,1
DA:305,10
DA:316,16
DA:369,29
DA:404,11
DA:408,23
DA:413,18
DA:418,11
DA:419,23
DA:421,18
DA:427,5
DA:437,11
DA:450,0
DA:451,0
DA:452,0
DA:456,0
DA:459,0
DA:460,0
DA:463,0
DA:464,0
DA:465,0
DA:466,0
DA:467,0
DA:468,0
DA:473,0
DA:474,0
DA:475,0
DA:476,0
DA:477,0
DA:478,0
DA:483,0
DA:484,0
DA:485,0
DA:490,0
DA:511,0
DA:535,0
DA:536,0
DA:537,0
DA:541,0
DA:544,0
DA:545,0
DA:548,0
DA:549,0
DA:550,0
DA:551,0
DA:552,0
DA:553,0
DA:558,0
DA:559,0
DA:560,0
DA:564,0
DA:565,0
DA:566,0
DA:570,0
DA:610,0
DA:611,0
DA:612,0
DA:616,0
DA:619,0
DA:620,0
DA:623,0
DA:624,0
DA:625,0
DA:626,0
DA:627,0
DA:631,0
DA:632,0
DA:633,0
DA:634,0
DA:635,0
DA:636,0
DA:641,0
DA:642,0
DA:643,0
DA:644,0
DA:649,0
DA:750,2
DA:751,2
DA:758,2
DA:768,0
DA:769,0
DA:779,2
DA:780,2
DA:796,2
DA:799,2
DA:800,2
DA:801,0
DA:805,2
DA:807,2
LF:160
LH:75
BRDA:27,0,0,19
BRDA:27,0,1,2
BRDA:28,1,0,19
BRDA:28,1,1,5
BRDA:29,2,0,19
BRDA:29,2,1,15
BRDA:30,3,0,19
BRDA:30,3,1,16
BRDA:32,4,0,15
BRDA:32,4,1,4
BRDA:33,5,0,2
BRDA:33,5,1,2
BRDA:43,6,0,0
BRDA:43,6,1,0
BRDA:43,7,0,0
BRDA:43,7,1,0
BRDA:44,8,0,0
BRDA:44,8,1,0
BRDA:44,8,2,0
BRDA:52,9,0,0
BRDA:52,9,1,0
BRDA:54,10,0,0
BRDA:54,10,1,0
BRDA:73,11,0,51
BRDA:73,11,1,32
BRDA:74,12,0,51
BRDA:74,12,1,49
BRDA:75,13,0,51
BRDA:75,13,1,4
BRDA:106,14,0,42
BRDA:106,14,1,0
BRDA:108,15,0,0
BRDA:108,15,1,42
BRDA:125,16,0,0
BRDA:125,16,1,12
BRDA:125,17,0,12
BRDA:125,17,1,0
BRDA:131,18,0,0
BRDA:131,18,1,12
BRDA:131,19,0,12
BRDA:131,19,1,0
BRDA:131,19,2,0
BRDA:137,20,0,0
BRDA:137,20,1,12
BRDA:137,21,0,12
BRDA:137,21,1,0
BRDA:137,21,2,0
BRDA:143,22,0,3
BRDA:143,22,1,9
BRDA:176,23,0,0
BRDA:176,23,1,9
BRDA:189,24,0,9
BRDA:189,24,1,0
BRDA:190,25,0,9
BRDA:190,25,1,0
BRDA:191,26,0,9
BRDA:191,26,1,9
BRDA:192,27,0,9
BRDA:192,27,1,9
BRDA:193,28,0,9
BRDA:193,28,1,9
BRDA:220,29,0,9
BRDA:220,29,1,0
BRDA:225,30,0,0
BRDA:225,30,1,9
BRDA:261,31,0,42
BRDA:261,31,1,0
BRDA:307,32,0,10
BRDA:307,32,1,1
BRDA:368,33,0,29
BRDA:370,34,0,3
BRDA:370,34,1,26
BRDA:419,35,0,18
BRDA:419,35,1,5
BRDA:429,36,0,5
BRDA:429,36,1,0
BRDA:451,37,0,0
BRDA:451,37,1,0
BRDA:463,38,0,0
BRDA:463,38,1,0
BRDA:465,39,0,0
BRDA:465,39,1,0
BRDA:466,40,0,0
BRDA:466,40,1,0
BRDA:473,41,0,0
BRDA:473,41,1,0
BRDA:475,42,0,0
BRDA:475,42,1,0
BRDA:476,43,0,0
BRDA:476,43,1,0
BRDA:484,44,0,0
BRDA:484,44,1,0
BRDA:484,45,0,0
BRDA:484,45,1,0
BRDA:501,46,0,0
BRDA:501,46,1,0
BRDA:515,47,0,0
BRDA:515,47,1,0
BRDA:536,48,0,0
BRDA:536,48,1,0
BRDA:548,49,0,0
BRDA:548,49,1,0
BRDA:550,50,0,0
BRDA:550,50,1,0
BRDA:551,51,0,0
BRDA:551,51,1,0
BRDA:558,52,0,0
BRDA:558,52,1,0
BRDA:560,53,0,0
BRDA:560,53,1,0
BRDA:564,54,0,0
BRDA:564,54,1,0
BRDA:566,55,0,0
BRDA:566,55,1,0
BRDA:596,56,0,0
BRDA:596,56,1,0
BRDA:611,57,0,0
BRDA:611,57,1,0
BRDA:623,58,0,0
BRDA:623,58,1,0
BRDA:625,59,0,0
BRDA:625,59,1,0
BRDA:626,60,0,0
BRDA:626,60,1,0
BRDA:626,61,0,0
BRDA:626,61,1,0
BRDA:631,62,0,0
BRDA:631,62,1,0
BRDA:633,63,0,0
BRDA:633,63,1,0
BRDA:634,64,0,0
BRDA:634,64,1,0
BRDA:641,65,0,0
BRDA:641,65,1,0
BRDA:641,66,0,0
BRDA:641,66,1,0
BRDA:644,67,0,0
BRDA:644,67,1,0
BRDA:675,68,0,0
BRDA:675,68,1,0
BRDA:800,69,0,0
BRDA:800,69,1,2
BRF:142
BRH:49
end_of_record
TN:
SF:src/adapters/express/index.ts
FN:128,createCubeRouter
FN:171,(anonymous_1)
FN:178,(anonymous_2)
FN:216,(anonymous_3)
FN:270,(anonymous_4)
FN:312,(anonymous_5)
FN:334,(anonymous_6)
FN:377,(anonymous_7)
FN:427,(anonymous_8)
FN:452,(anonymous_9)
FN:485,(anonymous_10)
FN:528,(anonymous_11)
FN:627,(anonymous_12)
FN:639,(anonymous_13)
FN:643,(anonymous_14)
FN:652,(anonymous_15)
FN:660,(anonymous_16)
FN:673,mountCubeRoutes
FN:697,createCubeApp
FNF:19
FNH:12
FNDA:7,createCubeRouter
FNDA:6,(anonymous_1)
FNDA:7,(anonymous_2)
FNDA:2,(anonymous_3)
FNDA:4,(anonymous_4)
FNDA:4,(anonymous_5)
FNDA:1,(anonymous_6)
FNDA:1,(anonymous_7)
FNDA:1,(anonymous_8)
FNDA:1,(anonymous_9)
FNDA:0,(anonymous_10)
FNDA:0,(anonymous_11)
FNDA:0,(anonymous_12)
FNDA:0,(anonymous_13)
FNDA:0,(anonymous_14)
FNDA:0,(anonymous_15)
FNDA:0,(anonymous_16)
FNDA:2,mountCubeRoutes
FNDA:1,createCubeApp
DA:142,7
DA:145,7
DA:146,1
DA:149,6
DA:152,6
DA:153,1
DA:157,6
DA:160,6
DA:163,6
DA:171,6
DA:172,6
DA:178,6
DA:179,7
DA:181,7
DA:184,7
DA:187,7
DA:188,7
DA:189,2
DA:196,5
DA:199,5
DA:202,5
DA:205,0
DA:206,0
DA:216,6
DA:217,2
DA:218,2
DA:219,2
DA:220,0
DA:227,2
DA:228,2
DA:230,1
DA:237,1
DA:240,1
DA:241,1
DA:242,0
DA:249,1
DA:252,1
DA:255,1
DA:258,0
DA:259,0
DA:270,6
DA:271,4
DA:272,4
DA:274,4
DA:275,1
DA:281,3
DA:282,1
DA:289,2
DA:292,2
DA:295,2
DA:297,2
DA:300,0
DA:301,0
DA:312,6
DA:313,4
DA:318,4
DA:320,4
DA:323,0
DA:324,0
DA:334,6
DA:335,1
DA:336,1
DA:338,1
DA:341,1
DA:342,1
DA:343,0
DA:350,1
DA:351,1
DA:352,0
DA:358,1
DA:361,1
DA:363,1
DA:366,0
DA:367,0
DA:377,6
DA:378,1
DA:379,1
DA:380,1
DA:381,0
DA:387,1
DA:388,1
DA:391,1
DA:392,1
DA:393,0
DA:400,1
DA:401,1
DA:402,0
DA:408,1
DA:411,1
DA:413,1
DA:416,0
DA:417,0
DA:427,6
DA:428,1
DA:430,1
DA:433,1
DA:436,1
DA:438,1
DA:441,0
DA:442,0
DA:452,6
DA:453,1
DA:454,1
DA:455,1
DA:456,0
DA:462,1
DA:465,1
DA:468,1
DA:470,1
DA:473,0
DA:474,0
DA:485,6
DA:486,0
DA:488,0
DA:489,0
DA:492,0
DA:495,0
DA:496,0
DA:497,0
DA:503,0
DA:505,0
DA:508,0
DA:509,0
DA:519,6
DA:520,6
DA:528,6
DA:530,0
DA:534,0
DA:535,0
DA:539,0
DA:540,0
DA:541,0
DA:544,0
DA:545,0
DA:546,0
DA:552,0
DA:553,0
DA:554,0
DA:557,0
DA:558,0
DA:560,0
DA:561,0
DA:573,0
DA:574,0
DA:578,0
DA:582,0
DA:583,0
DA:586,0
DA:587,0
DA:588,0
DA:589,0
DA:590,0
DA:591,0
DA:592,0
DA:593,0
DA:594,0
DA:595,0
DA:598,0
DA:601,0
DA:602,0
DA:603,0
DA:606,0
DA:607,0
DA:608,0
DA:609,0
DA:610,0
DA:612,0
DA:613,0
DA:614,0
DA:615,0
DA:616,0
DA:617,0
DA:618,0
DA:619,0
DA:620,0
DA:623,0
DA:627,6
DA:628,0
DA:629,0
DA:630,0
DA:631,0
DA:632,0
DA:633,0
DA:639,0
DA:640,0
DA:643,0
DA:644,0
DA:652,6
DA:655,0
DA:660,6
DA:661,0
DA:662,0
DA:663,0
DA:667,6
DA:677,2
DA:678,2
DA:679,2
DA:700,1
DA:701,1
LF:199
LH:100
BRDA:138,0,0,7
BRDA:139,1,0,7
BRDA:141,2,0,7
BRDA:145,3,0,1
BRDA:145,3,1,6
BRDA:145,4,0,7
BRDA:145,4,1,7
BRDA:152,5,0,1
BRDA:152,5,1,5
BRDA:181,6,0,7
BRDA:181,6,1,7
BRDA:188,7,0,2
BRDA:188,7,1,5
BRDA:207,8,0,0
BRDA:207,8,1,0
BRDA:219,9,0,0
BRDA:219,9,1,2
BRDA:241,10,0,0
BRDA:241,10,1,1
BRDA:260,11,0,0
BRDA:260,11,1,0
BRDA:274,12,0,1
BRDA:274,12,1,3
BRDA:274,13,0,4
BRDA:274,13,1,3
BRDA:281,14,0,1
BRDA:281,14,1,2
BRDA:302,15,0,0
BRDA:302,15,1,0
BRDA:325,16,0,0
BRDA:325,16,1,0
BRDA:342,17,0,0
BRDA:342,17,1,1
BRDA:350,18,0,1
BRDA:350,18,1,0
BRDA:351,19,0,0
BRDA:351,19,1,1
BRDA:368,20,0,0
BRDA:368,20,1,0
BRDA:380,21,0,0
BRDA:380,21,1,1
BRDA:392,22,0,0
BRDA:392,22,1,1
BRDA:400,23,0,1
BRDA:400,23,1,0
BRDA:401,24,0,0
BRDA:401,24,1,1
BRDA:418,25,0,0
BRDA:418,25,1,0
BRDA:430,26,0,1
BRDA:430,26,1,1
BRDA:443,27,0,0
BRDA:443,27,1,0
BRDA:455,28,0,0
BRDA:455,28,1,1
BRDA:475,29,0,0
BRDA:475,29,1,0
BRDA:488,30,0,0
BRDA:488,30,1,0
BRDA:489,31,0,0
BRDA:489,31,1,0
BRDA:496,32,0,0
BRDA:496,32,1,0
BRDA:510,33,0,0
BRDA:510,33,1,0
BRDA:519,34,0,6
BRDA:519,34,1,0
BRDA:520,35,0,6
BRDA:520,35,1,6
BRDA:532,36,0,0
BRDA:532,36,1,0
BRDA:534,37,0,0
BRDA:534,37,1,0
BRDA:540,38,0,0
BRDA:540,38,1,0
BRDA:545,39,0,0
BRDA:545,39,1,0
BRDA:553,40,0,0
BRDA:553,40,1,0
BRDA:573,41,0,0
BRDA:573,41,1,0
BRDA:578,42,0,0
BRDA:578,42,1,0
BRDA:578,43,0,0
BRDA:578,43,1,0
BRDA:578,43,2,0
BRDA:578,43,3,0
BRDA:582,44,0,0
BRDA:582,44,1,0
BRDA:586,45,0,0
BRDA:586,45,1,0
BRDA:587,46,0,0
BRDA:587,46,1,0
BRDA:601,47,0,0
BRDA:601,47,1,0
BRDA:607,48,0,0
BRDA:607,48,1,0
BRDA:609,49,0,0
BRDA:609,49,1,0
BRDA:610,50,0,0
BRDA:610,50,1,0
BRDA:612,51,0,0
BRDA:612,51,1,0
BRDA:662,52,0,0
BRDA:662,52,1,0
BRF:105
BRH:34
end_of_record
TN:
SF:src/adapters/fastify/index.ts
FN:126,cubePlugin2
FN:155,(anonymous_1)
FN:170,(anonymous_2)
FN:185,(anonymous_3)
FN:234,(anonymous_4)
FN:296,(anonymous_5)
FN:338,(anonymous_6)
FN:368,(anonymous_7)
FN:421,(anonymous_8)
FN:473,(anonymous_9)
FN:509,(anonymous_10)
FN:544,(anonymous_11)
FN:594,(anonymous_12)
FN:691,(anonymous_13)
FN:705,(anonymous_14)
FN:709,(anonymous_15)
FN:718,(anonymous_16)
FN:727,(anonymous_17)
FN:744,registerCubeRoutes
FN:766,createCubeApp
FNF:20
FNH:13
FNDA:6,cubePlugin2
FNDA:24,(anonymous_1)
FNDA:5,(anonymous_2)
FNDA:8,(anonymous_3)
FNDA:2,(anonymous_4)
FNDA:3,(anonymous_5)
FNDA:4,(anonymous_6)
FNDA:1,(anonymous_7)
FNDA:2,(anonymous_8)
FNDA:1,(anonymous_9)
FNDA:1,(anonymous_10)
FNDA:0,(anonymous_11)
FNDA:0,(anonymous_12)
FNDA:0,(anonymous_13)
FNDA:0,(anonymous_14)
FNDA:0,(anonymous_15)
FNDA:0,(anonymous_16)
FNDA:2,(anonymous_17)
FNDA:0,registerCubeRoutes
FNDA:1,createCubeApp
DA:126,1
DA:142,6
DA:145,6
DA:146,1
DA:150,5
DA:151,1
DA:155,5
DA:156,24
DA:157,15
DA:162,5
DA:170,5
DA:171,5
DA:177,5
DA:186,8
DA:188,8
DA:189,8
DA:192,8
DA:195,8
DA:196,8
DA:197,2
DA:204,6
DA:207,6
DA:210,6
DA:213,0
DA:214,0
DA:224,5
DA:235,2
DA:236,2
DA:239,2
DA:240,2
DA:242,1
DA:249,1
DA:252,1
DA:253,1
DA:254,0
DA:261,1
DA:264,1
DA:267,1
DA:270,0
DA:271,0
DA:282,5
DA:297,3
DA:298,3
DA:300,3
DA:301,0
DA:307,3
DA:308,1
DA:315,2
DA:318,2
DA:321,2
DA:323,2
DA:326,0
DA:327,0
DA:338,5
DA:339,4
DA:344,4
DA:346,4
DA:349,0
DA:350,0
DA:360,5
DA:369,1
DA:370,1
DA:372,1
DA:375,1
DA:376,1
DA:377,0
DA:384,1
DA:385,1
DA:386,0
DA:392,1
DA:395,1
DA:397,1
DA:400,0
DA:401,0
DA:411,5
DA:422,2
DA:423,2
DA:425,2
DA:426,2
DA:429,1
DA:430,1
DA:431,0
DA:438,1
DA:439,2
DA:440,0
DA:446,1
DA:449,1
DA:451,1
DA:454,1
DA:455,1
DA:465,5
DA:474,1
DA:476,1
DA:477,1
DA:480,1
DA:483,1
DA:485,1
DA:488,0
DA:489,0
DA:499,5
DA:510,1
DA:511,1
DA:513,1
DA:516,1
DA:519,1
DA:521,1
DA:524,0
DA:525,0
DA:536,5
DA:545,0
DA:547,0
DA:548,0
DA:549,0
DA:552,0
DA:555,0
DA:556,0
DA:557,0
DA:563,0
DA:565,0
DA:568,0
DA:569,0
DA:579,5
DA:580,5
DA:586,5
DA:596,0
DA:600,0
DA:601,0
DA:605,0
DA:606,0
DA:607,0
DA:610,0
DA:611,0
DA:612,0
DA:618,0
DA:619,0
DA:620,0
DA:623,0
DA:624,0
DA:626,0
DA:627,0
DA:639,0
DA:640,0
DA:644,0
DA:648,0
DA:649,0
DA:652,0
DA:653,0
DA:654,0
DA:655,0
DA:660,0
DA:663,0
DA:666,0
DA:667,0
DA:668,0
DA:671,0
DA:672,0
DA:673,0
DA:674,0
DA:675,0
DA:677,0
DA:678,0
DA:679,0
DA:684,0
DA:687,0
DA:691,5
DA:692,0
DA:693,0
DA:699,0
DA:705,0
DA:706,0
DA:709,0
DA:710,0
DA:718,5
DA:721,0
DA:727,5
DA:728,2
DA:730,2
DA:731,2
DA:734,2
DA:735,2
DA:738,5
DA:748,0
DA:769,1
DA:773,1
DA:775,1
LF:185
LH:104
BRDA:138,0,0,6
BRDA:139,1,0,6
BRDA:141,2,0,6
BRDA:145,3,0,1
BRDA:145,3,1,5
BRDA:145,4,0,6
BRDA:145,4,1,6
BRDA:150,5,0,1
BRDA:150,5,1,4
BRDA:156,6,0,15
BRDA:156,6,1,9
BRDA:189,7,0,8
BRDA:189,7,1,7
BRDA:196,8,0,2
BRDA:196,8,1,6
BRDA:215,9,0,0
BRDA:215,9,1,0
BRDA:253,10,0,0
BRDA:253,10,1,1
BRDA:272,11,0,0
BRDA:272,11,1,0
BRDA:300,12,0,0
BRDA:300,12,1,3
BRDA:300,13,0,3
BRDA:300,13,1,3
BRDA:307,14,0,1
BRDA:307,14,1,2
BRDA:328,15,0,0
BRDA:328,15,1,0
BRDA:351,16,0,0
BRDA:351,16,1,0
BRDA:376,17,0,0
BRDA:376,17,1,1
BRDA:384,18,0,1
BRDA:384,18,1,0
BRDA:385,19,0,0
BRDA:385,19,1,1
BRDA:402,20,0,0
BRDA:402,20,1,0
BRDA:430,21,0,0
BRDA:430,21,1,1
BRDA:438,22,0,1
BRDA:438,22,1,0
BRDA:439,23,0,0
BRDA:439,23,1,2
BRDA:456,24,0,1
BRDA:456,24,1,0
BRDA:477,25,0,1
BRDA:477,25,1,1
BRDA:490,26,0,0
BRDA:490,26,1,0
BRDA:526,27,0,0
BRDA:526,27,1,0
BRDA:548,28,0,0
BRDA:548,28,1,0
BRDA:549,29,0,0
BRDA:549,29,1,0
BRDA:556,30,0,0
BRDA:556,30,1,0
BRDA:570,31,0,0
BRDA:570,31,1,0
BRDA:579,32,0,5
BRDA:579,32,1,0
BRDA:580,33,0,5
BRDA:580,33,1,5
BRDA:598,34,0,0
BRDA:598,34,1,0
BRDA:600,35,0,0
BRDA:600,35,1,0
BRDA:606,36,0,0
BRDA:606,36,1,0
BRDA:611,37,0,0
BRDA:611,37,1,0
BRDA:619,38,0,0
BRDA:619,38,1,0
BRDA:639,39,0,0
BRDA:639,39,1,0
BRDA:644,40,0,0
BRDA:644,40,1,0
BRDA:644,41,0,0
BRDA:644,41,1,0
BRDA:644,41,2,0
BRDA:644,41,3,0
BRDA:648,42,0,0
BRDA:648,42,1,0
BRDA:652,43,0,0
BRDA:652,43,1,0
BRDA:653,44,0,0
BRDA:653,44,1,0
BRDA:666,45,0,0
BRDA:666,45,1,0
BRDA:672,46,0,0
BRDA:672,46,1,0
BRDA:674,47,0,0
BRDA:674,47,1,0
BRDA:675,48,0,0
BRDA:675,48,1,0
BRDA:677,49,0,0
BRDA:677,49,1,0
BRDA:730,50,0,2
BRDA:730,50,1,0
BRDA:734,51,0,2
BRDA:734,51,1,0
BRF:103
BRH:35
end_of_record
TN:
SF:src/adapters/hono/index.ts
FN:127,createCubeRoutes
FN:163,(anonymous_1)
FN:170,(anonymous_2)
FN:208,(anonymous_3)
FN:258,(anonymous_4)
FN:298,(anonymous_5)
FN:319,(anonymous_6)
FN:359,(anonymous_7)
FN:406,(anonymous_8)
FN:433,(anonymous_9)
FN:466,(anonymous_10)
FN:520,(anonymous_11)
FN:544,(anonymous_12)
FN:588,(anonymous_13)
FN:623,(anonymous_14)
FN:647,(anonymous_15)
FN:653,(anonymous_16)
FN:658,(anonymous_17)
FN:665,(anonymous_18)
FN:669,(anonymous_19)
FN:692,mountCubeRoutes
FN:716,createCubeApp
FNF:22
FNH:12
FNDA:5,createCubeRoutes
FNDA:4,(anonymous_1)
FNDA:6,(anonymous_2)
FNDA:2,(anonymous_3)
FNDA:4,(anonymous_4)
FNDA:4,(anonymous_5)
FNDA:1,(anonymous_6)
FNDA:2,(anonymous_7)
FNDA:2,(anonymous_8)
FNDA:2,(anonymous_9)
FNDA:0,(anonymous_10)
FNDA:0,(anonymous_11)
FNDA:0,(anonymous_12)
FNDA:0,(anonymous_13)
FNDA:0,(anonymous_14)
FNDA:0,(anonymous_15)
FNDA:0,(anonymous_16)
FNDA:0,(anonymous_17)
FNDA:0,(anonymous_18)
FNDA:0,(anonymous_19)
FNDA:2,mountCubeRoutes
FNDA:1,createCubeApp
DA:140,5
DA:143,5
DA:144,1
DA:147,4
DA:150,4
DA:151,0
DA:155,4
DA:163,4
DA:164,4
DA:170,4
DA:171,6
DA:172,6
DA:175,6
DA:178,6
DA:181,6
DA:182,6
DA:183,2
DA:189,4
DA:192,4
DA:195,4
DA:198,0
DA:199,0
DA:208,4
DA:209,2
DA:210,2
DA:211,2
DA:212,0
DA:218,2
DA:219,2
DA:221,1
DA:227,1
DA:230,1
DA:231,1
DA:232,0
DA:238,1
DA:241,1
DA:244,1
DA:247,0
DA:248,0
DA:258,4
DA:259,4
DA:260,4
DA:261,4
DA:263,4
DA:264,1
DA:269,3
DA:270,1
DA:276,2
DA:279,2
DA:282,2
DA:284,2
DA:287,0
DA:288,0
DA:298,4
DA:299,4
DA:304,4
DA:306,4
DA:309,0
DA:310,0
DA:319,4
DA:320,1
DA:321,1
DA:323,1
DA:326,1
DA:327,1
DA:328,0
DA:334,1
DA:335,1
DA:336,0
DA:341,1
DA:344,1
DA:346,1
DA:349,0
DA:350,0
DA:359,4
DA:360,2
DA:361,2
DA:362,2
DA:363,1
DA:368,1
DA:369,1
DA:372,1
DA:373,1
DA:374,0
DA:380,1
DA:381,2
DA:382,0
DA:387,1
DA:390,1
DA:392,1
DA:395,0
DA:396,0
DA:406,4
DA:407,2
DA:408,2
DA:411,2
DA:414,2
DA:417,2
DA:419,1
DA:422,1
DA:423,1
DA:433,4
DA:434,2
DA:435,2
DA:436,2
DA:437,1
DA:443,1
DA:446,1
DA:449,1
DA:451,1
DA:454,0
DA:455,0
DA:466,4
DA:467,0
DA:468,0
DA:471,0
DA:472,0
DA:475,0
DA:478,0
DA:479,0
DA:480,0
DA:486,0
DA:488,0
DA:491,0
DA:492,0
DA:502,4
DA:504,4
DA:511,4
DA:512,4
DA:514,4
DA:520,4
DA:522,0
DA:526,0
DA:527,0
DA:531,0
DA:532,0
DA:533,0
DA:536,0
DA:537,0
DA:538,0
DA:544,0
DA:545,0
DA:546,0
DA:547,0
DA:550,0
DA:551,0
DA:553,0
DA:554,0
DA:568,0
DA:569,0
DA:572,0
DA:575,0
DA:579,0
DA:580,0
DA:581,0
DA:584,0
DA:585,0
DA:586,0
DA:587,0
DA:589,0
DA:590,0
DA:591,0
DA:594,0
DA:605,0
DA:608,0
DA:609,0
DA:610,0
DA:613,0
DA:614,0
DA:615,0
DA:616,0
DA:617,0
DA:619,0
DA:620,0
DA:621,0
DA:622,0
DA:624,0
DA:625,0
DA:626,0
DA:629,0
DA:639,0
DA:647,4
DA:650,0
DA:653,4
DA:654,0
DA:655,0
DA:657,0
DA:659,0
DA:665,0
DA:666,0
DA:670,0
DA:674,0
DA:686,4
DA:696,2
DA:697,2
DA:698,2
DA:719,1
DA:720,1
LF:198
LH:106
BRDA:137,0,0,5
BRDA:139,1,0,5
BRDA:143,2,0,1
BRDA:143,2,1,4
BRDA:143,3,0,5
BRDA:143,3,1,5
BRDA:150,4,0,0
BRDA:150,4,1,4
BRDA:175,5,0,6
BRDA:175,5,1,6
BRDA:182,6,0,2
BRDA:182,6,1,4
BRDA:200,7,0,0
BRDA:200,7,1,0
BRDA:211,8,0,0
BRDA:211,8,1,2
BRDA:231,9,0,0
BRDA:231,9,1,1
BRDA:249,10,0,0
BRDA:249,10,1,0
BRDA:263,11,0,1
BRDA:263,11,1,3
BRDA:263,12,0,4
BRDA:263,12,1,3
BRDA:269,13,0,1
BRDA:269,13,1,2
BRDA:289,14,0,0
BRDA:289,14,1,0
BRDA:311,15,0,0
BRDA:311,15,1,0
BRDA:327,16,0,0
BRDA:327,16,1,1
BRDA:334,17,0,1
BRDA:334,17,1,0
BRDA:335,18,0,0
BRDA:335,18,1,1
BRDA:351,19,0,0
BRDA:351,19,1,0
BRDA:362,20,0,1
BRDA:362,20,1,1
BRDA:373,21,0,0
BRDA:373,21,1,1
BRDA:380,22,0,1
BRDA:380,22,1,0
BRDA:381,23,0,0
BRDA:381,23,1,2
BRDA:397,24,0,0
BRDA:397,24,1,0
BRDA:411,25,0,2
BRDA:411,25,1,2
BRDA:424,26,0,1
BRDA:424,26,1,0
BRDA:436,27,0,1
BRDA:436,27,1,1
BRDA:456,28,0,0
BRDA:456,28,1,0
BRDA:471,29,0,0
BRDA:471,29,1,0
BRDA:472,30,0,0
BRDA:472,30,1,0
BRDA:479,31,0,0
BRDA:479,31,1,0
BRDA:493,32,0,0
BRDA:493,32,1,0
BRDA:502,33,0,4
BRDA:502,33,1,0
BRDA:514,34,0,4
BRDA:514,34,1,4
BRDA:524,35,0,0
BRDA:524,35,1,0
BRDA:526,36,0,0
BRDA:526,36,1,0
BRDA:532,37,0,0
BRDA:532,37,1,0
BRDA:537,38,0,0
BRDA:537,38,1,0
BRDA:546,39,0,0
BRDA:546,39,1,0
BRDA:568,40,0,0
BRDA:568,40,1,0
BRDA:572,41,0,0
BRDA:572,41,1,0
BRDA:575,42,0,0
BRDA:575,42,1,0
BRDA:575,43,0,0
BRDA:575,43,1,0
BRDA:575,43,2,0
BRDA:575,43,3,0
BRDA:580,44,0,0
BRDA:580,44,1,0
BRDA:584,45,0,0
BRDA:584,45,1,0
BRDA:608,46,0,0
BRDA:608,46,1,0
BRDA:614,47,0,0
BRDA:614,47,1,0
BRDA:616,48,0,0
BRDA:616,48,1,0
BRDA:617,49,0,0
BRDA:617,49,1,0
BRDA:619,50,0,0
BRDA:619,50,1,0
BRF:102
BRH:35
end_of_record
TN:
SF:src/adapters/nextjs/index.ts
FN:171,createSemanticLayer
FN:190,(anonymous_1)
FN:200,getCorsHeaders
FN:240,createOptionsHandler
FN:241,optionsHandler
FN:253,createLoadHandler
FN:261,loadHandler
FN:329,createMetaHandler
FN:337,metaHandler
FN:368,createSqlHandler
FN:376,sqlHandler
FN:454,createDryRunHandler
FN:462,dryRunHandler
FN:521,createBatchHandler
FN:529,batchHandler
FN:587,createExplainHandler
FN:595,explainHandler
FN:650,createDiscoverHandler
FN:658,discoverHandler
FN:692,createSuggestHandler
FN:700,suggestHandler
FN:741,createValidateHandler
FN:749,validateHandler
FN:791,createMcpLoadHandler
FN:799,mcpLoadHandler
FN:842,createMcpRpcHandler
FN:849,mcpRpcHandler
FN:862,(anonymous_27)
FN:878,(anonymous_28)
FN:937,(anonymous_29)
FN:949,(anonymous_30)
FN:974,(anonymous_31)
FN:989,(anonymous_32)
FN:1017,(anonymous_33)
FN:1031,(anonymous_34)
FN:1061,createCubeHandlers
FNF:36
FNH:18
FNDA:47,createSemanticLayer
FNDA:47,(anonymous_1)
FNDA:17,getCorsHeaders
FNDA:4,createOptionsHandler
FNDA:3,optionsHandler
FNDA:16,createLoadHandler
FNDA:11,loadHandler
FNDA:5,createMetaHandler
FNDA:2,metaHandler
FNDA:7,createSqlHandler
FNDA:4,sqlHandler
FNDA:7,createDryRunHandler
FNDA:4,dryRunHandler
FNDA:8,createBatchHandler
FNDA:5,batchHandler
FNDA:2,createExplainHandler
FNDA:0,explainHandler
FNDA:0,createDiscoverHandler
FNDA:0,discoverHandler
FNDA:0,createSuggestHandler
FNDA:0,suggestHandler
FNDA:0,createValidateHandler
FNDA:0,validateHandler
FNDA:0,createMcpLoadHandler
FNDA:0,mcpLoadHandler
FNDA:2,createMcpRpcHandler
FNDA:0,mcpRpcHandler
FNDA:0,(anonymous_27)
FNDA:0,(anonymous_28)
FNDA:0,(anonymous_29)
FNDA:0,(anonymous_30)
FNDA:0,(anonymous_31)
FNDA:0,(anonymous_32)
FNDA:0,(anonymous_33)
FNDA:0,(anonymous_34)
FNDA:2,createCubeHandlers
DA:174,47
DA:177,47
DA:178,0
DA:182,47
DA:190,47
DA:191,47
DA:194,47
DA:201,17
DA:202,17
DA:205,17
DA:206,17
DA:207,15
DA:208,2
DA:209,1
DA:210,1
DA:212,1
DA:213,1
DA:214,1
DA:220,17
DA:221,17
DA:225,17
DA:226,15
DA:230,17
DA:231,15
DA:234,17
DA:241,4
DA:242,3
DA:243,3
DA:256,16
DA:259,16
DA:261,16
DA:262,11
DA:265,11
DA:266,7
DA:267,7
DA:268,4
DA:269,3
DA:270,3
DA:271,1
DA:276,2
DA:277,2
DA:279,1
DA:285,1
DA:291,8
DA:293,7
DA:294,7
DA:295,1
DA:302,6
DA:304,6
DA:305,6
DA:307,6
DA:312,1
DA:313,0
DA:315,1
DA:332,5
DA:335,5
DA:337,5
DA:338,2
DA:343,2
DA:344,2
DA:346,2
DA:351,0
DA:352,0
DA:354,0
DA:371,7
DA:374,7
DA:376,7
DA:377,4
DA:380,4
DA:381,2
DA:382,2
DA:383,2
DA:384,1
DA:385,1
DA:386,0
DA:391,1
DA:392,1
DA:394,0
DA:400,1
DA:406,3
DA:409,3
DA:410,3
DA:411,1
DA:418,2
DA:419,4
DA:420,0
DA:426,2
DA:429,2
DA:430,2
DA:432,2
DA:437,0
DA:438,0
DA:440,0
DA:457,7
DA:460,7
DA:462,7
DA:463,4
DA:466,4
DA:467,2
DA:468,2
DA:469,2
DA:470,2
DA:471,2
DA:472,1
DA:477,1
DA:478,1
DA:480,0
DA:486,0
DA:493,3
DA:496,3
DA:498,2
DA:503,1
DA:504,0
DA:506,1
DA:524,8
DA:527,8
DA:529,8
DA:530,5
DA:531,5
DA:532,1
DA:538,4
DA:539,4
DA:541,4
DA:542,1
DA:548,3
DA:549,1
DA:556,2
DA:559,2
DA:562,2
DA:564,2
DA:569,0
DA:570,0
DA:572,0
DA:590,2
DA:593,2
DA:595,2
DA:596,0
DA:597,0
DA:598,0
DA:604,0
DA:605,0
DA:606,0
DA:609,0
DA:612,0
DA:613,0
DA:614,0
DA:621,0
DA:627,0
DA:632,0
DA:633,0
DA:635,0
DA:653,0
DA:656,0
DA:658,0
DA:659,0
DA:660,0
DA:661,0
DA:667,0
DA:668,0
DA:670,0
DA:675,0
DA:676,0
DA:678,0
DA:695,0
DA:698,0
DA:700,0
DA:701,0
DA:702,0
DA:703,0
DA:709,0
DA:710,0
DA:711,0
DA:717,0
DA:719,0
DA:724,0
DA:725,0
DA:727,0
DA:744,0
DA:747,0
DA:749,0
DA:750,0
DA:751,0
DA:752,0
DA:758,0
DA:759,0
DA:760,0
DA:766,0
DA:768,0
DA:773,0
DA:774,0
DA:776,0
DA:794,0
DA:797,0
DA:799,0
DA:800,0
DA:801,0
DA:802,0
DA:808,0
DA:809,0
DA:810,0
DA:816,0
DA:817,0
DA:819,0
DA:824,0
DA:825,0
DA:827,0
DA:845,2
DA:847,2
DA:849,2
DA:851,0
DA:852,0
DA:858,0
DA:859,0
DA:860,0
DA:861,0
DA:863,0
DA:871,0
DA:876,0
DA:877,0
DA:878,0
DA:880,0
DA:883,0
DA:884,0
DA:891,0
DA:895,0
DA:896,0
DA:903,0
DA:904,0
DA:905,0
DA:911,0
DA:912,0
DA:913,0
DA:919,0
DA:920,0
DA:921,0
DA:923,0
DA:926,0
DA:927,0
DA:928,0
DA:934,0
DA:935,0
DA:937,0
DA:938,0
DA:943,0
DA:944,0
DA:949,0
DA:955,0
DA:956,0
DA:960,0
DA:964,0
DA:965,0
DA:966,0
DA:969,0
DA:970,0
DA:971,0
DA:972,0
DA:973,0
DA:975,0
DA:976,0
DA:977,0
DA:981,0
DA:987,0
DA:988,0
DA:989,0
DA:992,0
DA:995,0
DA:998,0
DA:999,0
DA:1000,0
DA:1002,0
DA:1005,0
DA:1006,0
DA:1008,0
DA:1009,0
DA:1010,0
DA:1011,0
DA:1013,0
DA:1014,0
DA:1015,0
DA:1016,0
DA:1018,0
DA:1019,0
DA:1020,0
DA:1024,0
DA:1029,0
DA:1030,0
DA:1031,0
DA:1034,0
DA:1037,0
DA:1064,2
DA:1066,2
DA:1076,2
DA:1077,2
DA:1080,2
LF:294
LH:127
BRDA:177,0,0,0
BRDA:177,0,1,47
BRDA:177,1,0,47
BRDA:177,1,1,47
BRDA:205,2,0,17
BRDA:205,2,1,0
BRDA:206,3,0,15
BRDA:206,3,1,2
BRDA:208,4,0,1
BRDA:208,4,1,1
BRDA:209,5,0,1
BRDA:209,5,1,0
BRDA:209,6,0,1
BRDA:209,6,1,1
BRDA:212,7,0,1
BRDA:212,7,1,0
BRDA:213,8,0,1
BRDA:213,8,1,0
BRDA:213,9,0,1
BRDA:213,9,1,1
BRDA:220,10,0,17
BRDA:220,10,1,0
BRDA:225,11,0,15
BRDA:225,11,1,2
BRDA:230,12,0,15
BRDA:230,12,1,2
BRDA:265,13,0,7
BRDA:265,13,1,4
BRDA:267,14,0,7
BRDA:267,14,1,6
BRDA:268,15,0,3
BRDA:268,15,1,1
BRDA:270,16,0,1
BRDA:270,16,1,2
BRDA:294,17,0,1
BRDA:294,17,1,6
BRDA:308,18,0,6
BRDA:308,18,1,0
BRDA:312,19,0,0
BRDA:312,19,1,1
BRDA:317,20,0,1
BRDA:317,20,1,0
BRDA:347,21,0,2
BRDA:347,21,1,0
BRDA:351,22,0,0
BRDA:351,22,1,0
BRDA:356,23,0,0
BRDA:356,23,1,0
BRDA:380,24,0,2
BRDA:380,24,1,2
BRDA:382,25,0,2
BRDA:382,25,1,2
BRDA:383,26,0,1
BRDA:383,26,1,1
BRDA:385,27,0,0
BRDA:385,27,1,1
BRDA:410,28,0,1
BRDA:410,28,1,2
BRDA:418,29,0,2
BRDA:418,29,1,0
BRDA:419,30,0,0
BRDA:419,30,1,4
BRDA:433,31,0,2
BRDA:433,31,1,0
BRDA:437,32,0,0
BRDA:437,32,1,0
BRDA:442,33,0,0
BRDA:442,33,1,0
BRDA:466,34,0,2
BRDA:466,34,1,2
BRDA:468,35,0,2
BRDA:468,35,1,2
BRDA:469,36,0,2
BRDA:469,36,1,0
BRDA:471,37,0,1
BRDA:471,37,1,1
BRDA:499,38,0,2
BRDA:499,38,1,0
BRDA:503,39,0,0
BRDA:503,39,1,1
BRDA:508,40,0,1
BRDA:508,40,1,0
BRDA:531,41,0,1
BRDA:531,41,1,4
BRDA:541,42,0,1
BRDA:541,42,1,3
BRDA:541,43,0,4
BRDA:541,43,1,3
BRDA:548,44,0,1
BRDA:548,44,1,2
BRDA:565,45,0,2
BRDA:565,45,1,0
BRDA:569,46,0,0
BRDA:569,46,1,0
BRDA:574,47,0,0
BRDA:574,47,1,0
BRDA:597,48,0,0
BRDA:597,48,1,0
BRDA:605,49,0,0
BRDA:605,49,1,0
BRDA:606,50,0,0
BRDA:606,50,1,0
BRDA:613,51,0,0
BRDA:613,51,1,0
BRDA:628,52,0,0
BRDA:628,52,1,0
BRDA:632,53,0,0
BRDA:632,53,1,0
BRDA:636,54,0,0
BRDA:636,54,1,0
BRDA:660,55,0,0
BRDA:660,55,1,0
BRDA:671,56,0,0
BRDA:671,56,1,0
BRDA:675,57,0,0
BRDA:675,57,1,0
BRDA:680,58,0,0
BRDA:680,58,1,0
BRDA:702,59,0,0
BRDA:702,59,1,0
BRDA:710,60,0,0
BRDA:710,60,1,0
BRDA:720,61,0,0
BRDA:720,61,1,0
BRDA:724,62,0,0
BRDA:724,62,1,0
BRDA:729,63,0,0
BRDA:729,63,1,0
BRDA:751,64,0,0
BRDA:751,64,1,0
BRDA:759,65,0,0
BRDA:759,65,1,0
BRDA:769,66,0,0
BRDA:769,66,1,0
BRDA:773,67,0,0
BRDA:773,67,1,0
BRDA:778,68,0,0
BRDA:778,68,1,0
BRDA:801,69,0,0
BRDA:801,69,1,0
BRDA:809,70,0,0
BRDA:809,70,1,0
BRDA:820,71,0,0
BRDA:820,71,1,0
BRDA:824,72,0,0
BRDA:824,72,1,0
BRDA:829,73,0,0
BRDA:829,73,1,0
BRDA:845,74,0,2
BRDA:851,75,0,0
BRDA:851,75,1,0
BRDA:858,76,0,0
BRDA:858,76,1,0
BRDA:876,77,0,0
BRDA:876,77,1,0
BRDA:883,78,0,0
BRDA:883,78,1,0
BRDA:893,79,0,0
BRDA:893,79,1,0
BRDA:895,80,0,0
BRDA:895,80,1,0
BRDA:904,81,0,0
BRDA:904,81,1,0
BRDA:912,82,0,0
BRDA:912,82,1,0
BRDA:927,83,0,0
BRDA:927,83,1,0
BRDA:937,84,0,0
BRDA:937,85,0,0
BRDA:940,86,0,0
BRDA:940,86,1,0
BRDA:955,87,0,0
BRDA:955,87,1,0
BRDA:960,88,0,0
BRDA:960,88,1,0
BRDA:960,89,0,0
BRDA:960,89,1,0
BRDA:960,89,2,0
BRDA:960,89,3,0
BRDA:965,90,0,0
BRDA:965,90,1,0
BRDA:969,91,0,0
BRDA:969,91,1,0
BRDA:970,92,0,0
BRDA:970,92,1,0
BRDA:987,93,0,0
BRDA:987,93,1,0
BRDA:998,94,0,0
BRDA:998,94,1,0
BRDA:999,95,0,0
BRDA:999,95,1,0
BRDA:1005,96,0,0
BRDA:1005,96,1,0
BRDA:1008,97,0,0
BRDA:1008,97,1,0
BRDA:1010,98,0,0
BRDA:1010,98,1,0
BRDA:1011,99,0,0
BRDA:1011,99,1,0
BRDA:1013,100,0,0
BRDA:1013,100,1,0
BRDA:1029,101,0,0
BRDA:1029,101,1,0
BRDA:1064,102,0,2
BRDA:1076,103,0,2
BRDA:1076,103,1,0
BRF:206
BRH:68
end_of_record
TN:
SF:src/client/charts.ts
FNF:0
FNH:0
LF:0
LH:0
BRF:0
BRH:0
end_of_record
TN:
SF:src/client/components.ts
FNF:0
FNH:0
LF:0
LH:0
BRF:0
BRH:0
end_of_record
TN:
SF:src/client/hooks.ts
FNF:0
FNH:0
LF:0
LH:0
BRF:0
BRH:0
end_of_record
TN:
SF:src/client/index.ts
FNF:0
FNH:0
LF:0
LH:0
BRF:0
BRH:0
end_of_record
TN:
SF:src/client/providers.ts
FNF:0
FNH:0
LF:0
LH:0
BRF:0
BRH:0
end_of_record
TN:
SF:src/client/utils.ts
FNF:0
FNH:0
LF:0
LH:0
BRF:0
BRH:0
end_of_record
TN:
SF:src/client/adapters/adapterRegistry.ts
FN:39,ensureBuiltInAdaptersInitialized
FN:68,(anonymous_1)
FN:85,(anonymous_2)
FN:104,(anonymous_3)
FN:115,(anonymous_4)
FN:125,(anonymous_5)
FNF:6
FNH:2
FNDA:215,ensureBuiltInAdaptersInitialized
FNDA:0,(anonymous_1)
FNDA:215,(anonymous_2)
FNDA:0,(anonymous_3)
FNDA:0,(anonymous_4)
FNDA:0,(anonymous_5)
DA:29,5
DA:32,5
DA:40,215
DA:42,3
DA:43,3
DA:45,3
DA:46,3
DA:48,3
DA:49,3
DA:51,3
DA:52,3
DA:55,3
DA:61,5
DA:69,0
DA:70,0
DA:74,0
DA:86,215
DA:87,215
DA:88,215
DA:89,0
DA:94,215
DA:105,0
DA:106,0
DA:116,0
DA:117,0
DA:126,0
DA:127,0
LF:27
LH:17
BRDA:40,0,0,212
BRDA:40,0,1,3
BRDA:42,1,0,3
BRDA:42,1,1,0
BRDA:45,2,0,3
BRDA:45,2,1,0
BRDA:48,3,0,3
BRDA:48,3,1,0
BRDA:51,4,0,3
BRDA:51,4,1,0
BRDA:69,5,0,0
BRDA:69,5,1,0
BRDA:88,6,0,0
BRDA:88,6,1,215
BRDA:91,7,0,0
BRDA:91,7,1,0
BRF:16
BRH:7
end_of_record
TN:
SF:src/client/adapters/flowModeAdapter.ts
FN:29,stateToServerQuery
FN:36,(anonymous_1)
FN:75,serverQueryToState
FN:96,(anonymous_3)
FN:142,isValidFlowConfig
FN:164,(anonymous_5)
FN:180,(anonymous_6)
FN:193,(anonymous_7)
FN:197,(anonymous_8)
FN:209,(anonymous_9)
FN:225,(anonymous_10)
FN:286,(anonymous_11)
FN:294,(anonymous_12)
FNF:13
FNH:8
FNDA:7,stateToServerQuery
FNDA:0,(anonymous_1)
FNDA:1,serverQueryToState
FNDA:0,(anonymous_3)
FNDA:1,isValidFlowConfig
FNDA:0,(anonymous_5)
FNDA:7,(anonymous_6)
FNDA:1,(anonymous_7)
FNDA:1,(anonymous_8)
FNDA:7,(anonymous_9)
FNDA:0,(anonymous_10)
FNDA:0,(anonymous_11)
FNDA:389,(anonymous_12)
DA:31,7
DA:32,7
DA:33,0
DA:34,0
DA:35,0
DA:36,0
DA:45,7
DA:49,7
DA:59,7
DA:76,1
DA:79,1
DA:80,1
DA:81,1
DA:82,1
DA:83,1
DA:85,0
DA:86,0
DA:90,1
DA:91,1
DA:92,0
DA:93,0
DA:94,0
DA:95,0
DA:96,0
DA:105,1
DA:106,1
DA:107,0
DA:108,0
DA:109,0
DA:110,0
DA:115,1
DA:116,1
DA:117,0
DA:118,0
DA:120,0
DA:124,1
DA:143,1
DA:145,1
DA:147,1
DA:148,1
DA:149,1
DA:151,1
DA:152,1
DA:154,1
DA:161,6
DA:165,0
DA:181,7
DA:194,1
DA:199,1
DA:200,0
DA:205,1
DA:206,1
DA:214,7
DA:226,0
DA:227,0
DA:230,0
DA:231,0
DA:235,0
DA:236,0
DA:240,0
DA:241,0
DA:245,0
DA:246,0
DA:250,0
DA:251,0
DA:255,0
DA:256,0
DA:258,0
DA:259,0
DA:262,0
DA:266,0
DA:270,0
DA:271,0
DA:275,0
DA:276,0
DA:279,0
DA:288,0
DA:295,389
LF:78
LH:34
BRDA:32,0,0,0
BRDA:32,0,1,7
BRDA:33,1,0,0
BRDA:33,1,1,0
BRDA:35,2,0,0
BRDA:35,2,1,0
BRDA:45,3,0,7
BRDA:45,3,1,7
BRDA:50,4,0,7
BRDA:50,4,1,7
BRDA:52,5,0,0
BRDA:52,5,1,7
BRDA:54,6,0,0
BRDA:54,6,1,7
BRDA:66,7,0,7
BRDA:66,7,1,7
BRDA:80,8,0,1
BRDA:80,8,1,0
BRDA:82,9,0,1
BRDA:82,9,1,0
BRDA:85,10,0,0
BRDA:85,10,1,0
BRDA:85,11,0,0
BRDA:85,11,1,0
BRDA:91,12,0,0
BRDA:91,12,1,1
BRDA:92,13,0,0
BRDA:92,13,1,0
BRDA:94,14,0,0
BRDA:94,14,1,0
BRDA:106,15,0,0
BRDA:106,15,1,1
BRDA:107,16,0,0
BRDA:107,16,1,0
BRDA:109,17,0,0
BRDA:109,17,1,0
BRDA:109,18,0,0
BRDA:109,18,1,0
BRDA:116,19,0,0
BRDA:116,19,1,1
BRDA:117,20,0,0
BRDA:117,20,1,0
BRDA:129,21,0,1
BRDA:129,21,1,0
BRDA:132,22,0,1
BRDA:132,22,1,0
BRDA:133,23,0,1
BRDA:133,23,1,0
BRDA:134,24,0,1
BRDA:134,24,1,1
BRDA:135,25,0,1
BRDA:135,25,1,0
BRDA:143,26,0,0
BRDA:143,26,1,1
BRDA:143,27,0,1
BRDA:143,27,1,1
BRDA:147,28,0,0
BRDA:147,28,1,1
BRDA:148,29,0,0
BRDA:148,29,1,1
BRDA:149,30,0,0
BRDA:149,30,1,1
BRDA:149,31,0,1
BRDA:149,31,1,1
BRDA:152,32,0,0
BRDA:152,32,1,1
BRDA:152,33,0,1
BRDA:152,33,1,1
BRDA:189,34,0,7
BRDA:189,34,1,0
BRDA:199,35,0,0
BRDA:199,35,1,1
BRDA:219,36,0,7
BRDA:219,36,1,0
BRDA:230,37,0,0
BRDA:230,37,1,0
BRDA:235,38,0,0
BRDA:235,38,1,0
BRDA:240,39,0,0
BRDA:240,39,1,0
BRDA:245,40,0,0
BRDA:245,40,1,0
BRDA:250,41,0,0
BRDA:250,41,1,0
BRDA:255,42,0,0
BRDA:255,42,1,0
BRDA:255,43,0,0
BRDA:255,43,1,0
BRDA:258,44,0,0
BRDA:258,44,1,0
BRDA:258,45,0,0
BRDA:258,45,1,0
BRDA:262,46,0,0
BRDA:262,46,1,0
BRDA:263,47,0,0
BRDA:263,47,1,0
BRDA:270,48,0,0
BRDA:270,48,1,0
BRDA:275,49,0,0
BRDA:275,49,1,0
BRDA:275,50,0,0
BRDA:275,50,1,0
BRF:102
BRH:34
end_of_record
TN:
SF:src/client/adapters/funnelModeAdapter.ts
FN:47,stateToServerQuery
FN:54,(anonymous_1)
FN:66,(anonymous_2)
FN:106,serverQueryToState
FN:128,(anonymous_4)
FN:147,(anonymous_5)
FN:187,isValidFunnelConfig
FN:209,(anonymous_7)
FN:219,(anonymous_8)
FN:229,(anonymous_9)
FN:233,(anonymous_10)
FN:245,(anonymous_11)
FN:261,(anonymous_12)
FN:281,(anonymous_13)
FN:295,(anonymous_14)
FN:297,(anonymous_15)
FN:310,(anonymous_16)
FN:318,(anonymous_17)
FNF:18
FNH:18
FNDA:12,stateToServerQuery
FNDA:2,(anonymous_1)
FNDA:10,(anonymous_2)
FNDA:6,serverQueryToState
FNDA:2,(anonymous_4)
FNDA:10,(anonymous_5)
FNDA:6,isValidFunnelConfig
FNDA:2,(anonymous_7)
FNDA:17,(anonymous_8)
FNDA:6,(anonymous_9)
FNDA:7,(anonymous_10)
FNDA:12,(anonymous_11)
FNDA:14,(anonymous_12)
FNDA:15,(anonymous_13)
FNDA:15,(anonymous_14)
FNDA:15,(anonymous_15)
FNDA:1,(anonymous_16)
FNDA:392,(anonymous_17)
DA:49,12
DA:50,12
DA:51,7
DA:52,3
DA:53,4
DA:54,2
DA:63,12
DA:66,12
DA:67,10
DA:72,10
DA:73,0
DA:77,10
DA:79,5
DA:86,10
DA:87,3
DA:90,10
DA:93,12
DA:107,6
DA:110,6
DA:111,6
DA:112,0
DA:113,6
DA:115,5
DA:116,5
DA:117,5
DA:122,6
DA:123,6
DA:124,4
DA:125,3
DA:126,1
DA:127,1
DA:128,2
DA:137,6
DA:138,6
DA:139,6
DA:140,6
DA:141,0
DA:142,0
DA:147,6
DA:149,10
DA:150,10
DA:151,5
DA:153,0
DA:154,5
DA:159,0
DA:162,5
DA:166,10
DA:175,6
DA:188,6
DA:190,5
DA:192,5
DA:193,5
DA:194,4
DA:196,4
DA:197,4
DA:199,3
DA:206,7
DA:210,2
DA:220,17
DA:230,6
DA:235,7
DA:236,1
DA:241,6
DA:242,6
DA:250,12
DA:262,14
DA:263,14
DA:266,14
DA:267,9
DA:271,14
DA:272,10
DA:276,14
DA:277,9
DA:281,14
DA:282,15
DA:283,0
DA:287,15
DA:288,13
DA:295,15
DA:296,14
DA:297,15
DA:299,14
DA:300,0
DA:303,14
DA:312,1
DA:319,392
LF:86
LH:78
BRDA:50,0,0,7
BRDA:50,0,1,5
BRDA:51,1,0,3
BRDA:51,1,1,4
BRDA:53,2,0,1
BRDA:53,2,1,3
BRDA:63,3,0,12
BRDA:63,3,1,6
BRDA:72,4,0,0
BRDA:72,4,1,10
BRDA:72,5,0,10
BRDA:72,5,1,10
BRDA:77,6,0,5
BRDA:77,6,1,5
BRDA:77,7,0,10
BRDA:77,7,1,10
BRDA:80,8,0,5
BRDA:80,8,1,0
BRDA:86,9,0,3
BRDA:86,9,1,7
BRDA:111,10,0,0
BRDA:111,10,1,6
BRDA:111,11,0,6
BRDA:111,11,1,5
BRDA:113,12,0,5
BRDA:113,12,1,1
BRDA:116,13,0,5
BRDA:116,13,1,0
BRDA:123,14,0,4
BRDA:123,14,1,2
BRDA:124,15,0,3
BRDA:124,15,1,1
BRDA:126,16,0,1
BRDA:126,16,1,0
BRDA:138,17,0,6
BRDA:138,17,1,0
BRDA:139,18,0,6
BRDA:139,18,1,0
BRDA:141,19,0,0
BRDA:141,19,1,0
BRDA:141,20,0,0
BRDA:141,20,1,0
BRDA:150,21,0,5
BRDA:150,21,1,5
BRDA:151,22,0,0
BRDA:151,22,1,5
BRDA:154,23,0,0
BRDA:154,23,1,5
BRDA:155,24,0,5
BRDA:155,24,1,5
BRDA:169,25,0,10
BRDA:169,25,1,10
BRDA:169,25,2,4
BRDA:188,26,0,1
BRDA:188,26,1,5
BRDA:188,27,0,6
BRDA:188,27,1,5
BRDA:192,28,0,0
BRDA:192,28,1,5
BRDA:193,29,0,1
BRDA:193,29,1,4
BRDA:194,30,0,0
BRDA:194,30,1,4
BRDA:194,31,0,4
BRDA:194,31,1,4
BRDA:197,32,0,1
BRDA:197,32,1,3
BRDA:197,33,0,4
BRDA:197,33,1,3
BRDA:235,34,0,1
BRDA:235,34,1,6
BRDA:255,35,0,12
BRDA:255,35,1,2
BRDA:266,36,0,9
BRDA:266,36,1,5
BRDA:271,37,0,10
BRDA:271,37,1,4
BRDA:276,38,0,9
BRDA:276,38,1,5
BRDA:282,39,0,0
BRDA:282,39,1,15
BRDA:282,40,0,15
BRDA:282,40,1,15
BRDA:287,41,0,13
BRDA:287,41,1,2
BRDA:299,42,0,0
BRDA:299,42,1,14
BRF:87
BRH:70
end_of_record
TN:
SF:src/client/adapters/index.ts
FN:49,initializeAdapters
FNF:1
FNH:0
FNDA:0,initializeAdapters
DA:52,0
DA:53,0
DA:54,0
DA:55,0
LF:4
LH:0
BRF:0
BRH:0
end_of_record
TN:
SF:src/client/adapters/modeAdapter.ts
FNF:0
FNH:0
LF:0
LH:0
BRF:0
BRH:0
end_of_record
TN:
SF:src/client/adapters/queryModeAdapter.ts
FN:53,createEmptyQueryState
FN:67,metricsToMeasures
FN:68,(anonymous_2)
FN:75,breakdownsToQuery
FN:116,stateToCubeQuery
FN:145,measuresToMetrics
FN:146,(anonymous_6)
FN:157,queryToBreakdowns
FN:195,cubeQueryToState
FN:209,isMultiQueryConfig
FN:225,(anonymous_10)
FN:233,(anonymous_11)
FN:241,(anonymous_12)
FN:256,(anonymous_13)
FN:291,(anonymous_14)
FN:321,(anonymous_15)
FN:326,(anonymous_16)
FN:332,(anonymous_17)
FN:345,(anonymous_18)
FN:347,(anonymous_19)
FN:348,(anonymous_20)
FN:351,(anonymous_21)
FN:369,(anonymous_22)
FN:374,(anonymous_23)
FNF:24
FNH:20
FNDA:2,createEmptyQueryState
FNDA:28,metricsToMeasures
FNDA:23,(anonymous_2)
FNDA:28,breakdownsToQuery
FNDA:28,stateToCubeQuery
FNDA:22,measuresToMetrics
FNDA:21,(anonymous_6)
FNDA:22,queryToBreakdowns
FNDA:22,cubeQueryToState
FNDA:20,isMultiQueryConfig
FNDA:2,(anonymous_10)
FNDA:163,(anonymous_11)
FNDA:22,(anonymous_12)
FNDA:21,(anonymous_13)
FNDA:26,(anonymous_14)
FNDA:156,(anonymous_15)
FNDA:158,(anonymous_16)
FNDA:163,(anonymous_17)
FNDA:0,(anonymous_18)
FNDA:0,(anonymous_19)
FNDA:0,(anonymous_20)
FNDA:0,(anonymous_21)
FNDA:1,(anonymous_22)
FNDA:406,(anonymous_23)
DA:54,2
DA:68,28
DA:82,28
DA:83,28
DA:85,28
DA:86,9
DA:91,1
DA:97,1
DA:98,0
DA:99,0
DA:100,0
DA:104,1
DA:106,8
DA:110,28
DA:117,28
DA:122,28
DA:127,28
DA:128,1
DA:131,28
DA:132,2
DA:135,28
DA:136,1
DA:139,28
DA:146,22
DA:158,22
DA:161,22
DA:162,22
DA:163,9
DA:172,22
DA:173,2
DA:175,2
DA:179,2
DA:189,22
DA:196,22
DA:210,20
DA:222,6
DA:226,2
DA:234,163
DA:242,22
DA:244,21
DA:247,21
DA:248,20
DA:251,19
DA:253,18
DA:258,21
DA:259,1
DA:264,20
DA:267,20
DA:268,2
DA:269,2
DA:272,2
DA:273,0
DA:276,2
DA:284,18
DA:297,26
DA:300,26
DA:303,26
DA:310,26
DA:322,156
DA:323,156
DA:326,158
DA:327,156
DA:328,126
DA:332,156
DA:333,163
DA:335,163
DA:336,116
DA:341,156
DA:342,7
DA:344,0
DA:345,0
DA:347,0
DA:348,0
DA:349,0
DA:351,0
DA:354,0
DA:355,0
DA:362,156
DA:371,1
DA:375,406
LF:80
LH:68
BRDA:86,0,0,1
BRDA:86,0,1,8
BRDA:93,1,0,1
BRDA:93,1,1,0
BRDA:97,2,0,0
BRDA:97,2,1,1
BRDA:99,3,0,0
BRDA:99,3,1,0
BRDA:127,4,0,1
BRDA:127,4,1,27
BRDA:131,5,0,2
BRDA:131,5,1,26
BRDA:135,6,0,1
BRDA:135,6,1,27
BRDA:135,7,0,28
BRDA:135,7,1,1
BRDA:161,8,0,22
BRDA:161,8,1,0
BRDA:172,9,0,2
BRDA:172,9,1,20
BRDA:176,10,0,2
BRDA:176,10,1,0
BRDA:197,11,0,22
BRDA:197,11,1,0
BRDA:199,12,0,22
BRDA:199,12,1,18
BRDA:211,13,0,20
BRDA:211,13,1,20
BRDA:211,13,2,20
BRDA:211,13,3,2
BRDA:242,14,0,1
BRDA:242,14,1,21
BRDA:242,15,0,22
BRDA:242,15,1,21
BRDA:247,16,0,1
BRDA:247,16,1,20
BRDA:248,17,0,1
BRDA:248,17,1,19
BRDA:251,18,0,1
BRDA:251,18,1,18
BRDA:251,19,0,19
BRDA:251,19,1,18
BRDA:258,20,0,1
BRDA:258,20,1,20
BRDA:267,21,0,2
BRDA:267,21,1,18
BRDA:272,22,0,0
BRDA:272,22,1,2
BRDA:279,23,0,2
BRDA:279,23,1,0
BRDA:300,24,0,26
BRDA:300,24,1,24
BRDA:303,25,0,24
BRDA:303,25,1,2
BRDA:315,26,0,26
BRDA:315,26,1,1
BRDA:327,27,0,126
BRDA:327,27,1,30
BRDA:333,28,0,14
BRDA:333,28,1,149
BRDA:335,29,0,116
BRDA:335,29,1,47
BRDA:335,30,0,163
BRDA:335,30,1,128
BRDA:341,31,0,7
BRDA:341,31,1,149
BRDA:342,32,0,0
BRDA:342,32,1,7
BRDA:350,33,0,0
BRDA:350,33,1,0
BRDA:354,34,0,0
BRDA:354,34,1,0
BRF:72
BRH:58
end_of_record
TN:
SF:src/client/adapters/retentionModeAdapter.ts
FN:41,stateToServerQuery
FN:48,(anonymous_1)
FN:85,(anonymous_2)
FN:95,serverQueryToState
FN:116,(anonymous_4)
FN:156,(anonymous_5)
FN:182,isValidRetentionConfig
FN:204,(anonymous_7)
FN:208,(anonymous_8)
FN:223,(anonymous_9)
FN:227,(anonymous_10)
FN:239,(anonymous_11)
FN:255,(anonymous_12)
FN:315,(anonymous_13)
FN:324,(anonymous_14)
FNF:15
FNH:13
FNDA:12,stateToServerQuery
FNDA:0,(anonymous_1)
FNDA:3,(anonymous_2)
FNDA:5,serverQueryToState
FNDA:0,(anonymous_4)
FNDA:3,(anonymous_5)
FNDA:8,isValidRetentionConfig
FNDA:2,(anonymous_7)
FNDA:9,(anonymous_8)
FNDA:8,(anonymous_9)
FNDA:6,(anonymous_10)
FNDA:12,(anonymous_11)
FNDA:6,(anonymous_12)
FNDA:1,(anonymous_13)
FNDA:394,(anonymous_14)
DA:43,12
DA:44,12
DA:45,5
DA:46,5
DA:47,0
DA:48,0
DA:56,12
DA:68,12
DA:69,2
DA:76,12
DA:77,2
DA:84,12
DA:85,3
DA:88,12
DA:96,5
DA:99,5
DA:100,5
DA:101,5
DA:102,5
DA:103,5
DA:105,0
DA:106,0
DA:110,5
DA:111,5
DA:112,4
DA:113,4
DA:114,0
DA:115,0
DA:116,0
DA:125,5
DA:126,5
DA:127,4
DA:128,4
DA:130,0
DA:135,5
DA:136,5
DA:137,2
DA:138,0
DA:140,2
DA:144,5
DA:145,5
DA:146,2
DA:147,0
DA:149,2
DA:154,5
DA:155,5
DA:156,3
DA:163,5
DA:165,5
DA:183,8
DA:185,6
DA:187,6
DA:188,4
DA:189,2
DA:191,2
DA:192,2
DA:194,2
DA:201,7
DA:205,2
DA:209,9
DA:224,8
DA:229,6
DA:230,1
DA:235,5
DA:236,5
DA:244,12
DA:256,6
DA:257,6
DA:260,6
DA:261,1
DA:265,6
DA:266,1
DA:270,6
DA:271,1
DA:275,6
DA:276,1
DA:279,5
DA:280,5
DA:281,5
DA:282,0
DA:284,5
DA:285,0
DA:287,5
DA:288,0
DA:293,6
DA:294,0
DA:296,6
DA:297,1
DA:301,6
DA:302,5
DA:303,5
DA:304,0
DA:308,6
DA:317,1
DA:325,394
LF:95
LH:80
BRDA:44,0,0,5
BRDA:44,0,1,7
BRDA:45,1,0,5
BRDA:45,1,1,0
BRDA:47,2,0,0
BRDA:47,2,1,0
BRDA:58,3,0,12
BRDA:58,3,1,7
BRDA:68,4,0,2
BRDA:68,4,1,10
BRDA:70,5,0,2
BRDA:70,5,1,0
BRDA:76,6,0,2
BRDA:76,6,1,10
BRDA:78,7,0,2
BRDA:78,7,1,0
BRDA:84,8,0,2
BRDA:84,8,1,10
BRDA:84,9,0,12
BRDA:84,9,1,12
BRDA:100,10,0,5
BRDA:100,10,1,0
BRDA:102,11,0,5
BRDA:102,11,1,0
BRDA:105,12,0,0
BRDA:105,12,1,0
BRDA:111,13,0,4
BRDA:111,13,1,1
BRDA:112,14,0,4
BRDA:112,14,1,0
BRDA:114,15,0,0
BRDA:114,15,1,0
BRDA:126,16,0,4
BRDA:126,16,1,1
BRDA:127,17,0,4
BRDA:127,17,1,0
BRDA:136,18,0,2
BRDA:136,18,1,3
BRDA:137,19,0,0
BRDA:137,19,1,2
BRDA:145,20,0,2
BRDA:145,20,1,3
BRDA:146,21,0,0
BRDA:146,21,1,2
BRDA:155,22,0,2
BRDA:155,22,1,3
BRDA:155,23,0,5
BRDA:155,23,1,2
BRDA:158,24,0,3
BRDA:158,24,1,0
BRDA:163,25,0,5
BRDA:163,25,1,0
BRDA:183,26,0,2
BRDA:183,26,1,6
BRDA:183,27,0,8
BRDA:183,27,1,6
BRDA:187,28,0,2
BRDA:187,28,1,4
BRDA:188,29,0,2
BRDA:188,29,1,2
BRDA:189,30,0,0
BRDA:189,30,1,2
BRDA:189,31,0,2
BRDA:189,31,1,2
BRDA:192,32,0,0
BRDA:192,32,1,2
BRDA:192,33,0,2
BRDA:192,33,1,2
BRDA:213,34,0,9
BRDA:213,34,1,1
BRDA:214,35,0,9
BRDA:214,35,1,1
BRDA:215,36,0,9
BRDA:215,36,1,1
BRDA:216,37,0,9
BRDA:216,37,1,1
BRDA:217,38,0,9
BRDA:217,38,1,1
BRDA:218,39,0,9
BRDA:218,39,1,1
BRDA:219,40,0,9
BRDA:219,40,1,1
BRDA:229,41,0,1
BRDA:229,41,1,5
BRDA:249,42,0,12
BRDA:249,42,1,4
BRDA:260,43,0,1
BRDA:260,43,1,5
BRDA:265,44,0,1
BRDA:265,44,1,5
BRDA:270,45,0,1
BRDA:270,45,1,5
BRDA:275,46,0,1
BRDA:275,46,1,5
BRDA:275,47,0,6
BRDA:275,47,1,5
BRDA:281,48,0,0
BRDA:281,48,1,5
BRDA:284,49,0,0
BRDA:284,49,1,5
BRDA:287,50,0,0
BRDA:287,50,1,5
BRDA:293,51,0,0
BRDA:293,51,1,6
BRDA:296,52,0,1
BRDA:296,52,1,5
BRDA:301,53,0,5
BRDA:301,53,1,1
BRDA:303,54,0,0
BRDA:303,54,1,5
BRF:110
BRH:86
end_of_record
TN:
SF:src/client/charts/ChartLoader.tsx
FN:88,(anonymous_0)
FN:89,(anonymous_1)
FN:90,(anonymous_2)
FN:91,(anonymous_3)
FN:92,(anonymous_4)
FN:93,(anonymous_5)
FN:94,(anonymous_6)
FN:95,(anonymous_7)
FN:96,(anonymous_8)
FN:97,(anonymous_9)
FN:98,(anonymous_10)
FN:99,(anonymous_11)
FN:100,(anonymous_12)
FN:101,(anonymous_13)
FN:102,(anonymous_14)
FN:103,(anonymous_15)
FN:104,(anonymous_16)
FN:105,(anonymous_17)
FN:106,(anonymous_18)
FN:107,(anonymous_19)
FN:108,(anonymous_20)
FN:114,createFallbackComponent
FN:117,(anonymous_22)
FN:134,createSafeImport
FN:138,(anonymous_24)
FN:161,getLazyChart
FN:177,isValidChartType
FN:190,DefaultChartFallback
FN:217,LazyChart
FN:244,preloadChart
FN:262,preloadCharts
FN:269,getAvailableChartTypes
FN:280,isChartTypeAvailable
FN:287,getUnavailableChartTypes
FNF:34
FNH:0
FNDA:0,(anonymous_0)
FNDA:0,(anonymous_1)
FNDA:0,(anonymous_2)
FNDA:0,(anonymous_3)
FNDA:0,(anonymous_4)
FNDA:0,(anonymous_5)
FNDA:0,(anonymous_6)
FNDA:0,(anonymous_7)
FNDA:0,(anonymous_8)
FNDA:0,(anonymous_9)
FNDA:0,(anonymous_10)
FNDA:0,(anonymous_11)
FNDA:0,(anonymous_12)
FNDA:0,(anonymous_13)
FNDA:0,(anonymous_14)
FNDA:0,(anonymous_15)
FNDA:0,(anonymous_16)
FNDA:0,(anonymous_17)
FNDA:0,(anonymous_18)
FNDA:0,(anonymous_19)
FNDA:0,(anonymous_20)
FNDA:0,createFallbackComponent
FNDA:0,(anonymous_22)
FNDA:0,createSafeImport
FNDA:0,(anonymous_24)
FNDA:0,getLazyChart
FNDA:0,isValidChartType
FNDA:0,DefaultChartFallback
FNDA:0,LazyChart
FNDA:0,preloadChart
FNDA:0,preloadCharts
FNDA:0,getAvailableChartTypes
FNDA:0,isChartTypeAvailable
FNDA:0,getUnavailableChartTypes
DA:19,0
DA:22,0
DA:28,0
DA:87,0
DA:88,0
DA:89,0
DA:90,0
DA:91,0
DA:92,0
DA:93,0
DA:94,0
DA:95,0
DA:96,0
DA:97,0
DA:98,0
DA:99,0
DA:100,0
DA:101,0
DA:102,0
DA:103,0
DA:104,0
DA:105,0
DA:106,0
DA:107,0
DA:108,0
DA:115,0
DA:117,0
DA:118,0
DA:126,0
DA:127,0
DA:138,0
DA:139,0
DA:140,0
DA:143,0
DA:149,0
DA:152,0
DA:162,0
DA:163,0
DA:164,0
DA:165,0
DA:168,0
DA:169,0
DA:171,0
DA:178,0
DA:191,0
DA:223,0
DA:225,0
DA:245,0
DA:246,0
DA:247,0
DA:263,0
DA:270,0
DA:281,0
DA:288,0
LF:54
LH:0
BRDA:120,0,0,0
BRDA:120,0,1,0
BRDA:121,1,0,0
BRDA:121,1,1,0
BRDA:145,2,0,0
BRDA:145,2,1,0
BRDA:162,3,0,0
BRDA:162,3,1,0
BRDA:164,4,0,0
BRDA:164,4,1,0
BRDA:194,5,0,0
BRDA:194,5,1,0
BRDA:194,6,0,0
BRDA:194,6,1,0
BRDA:226,7,0,0
BRDA:226,7,1,0
BRDA:246,8,0,0
BRDA:246,8,1,0
BRF:18
BRH:0
end_of_record
TN:
SF:src/client/charts/chartConfigRegistry.ts
FNF:0
FNH:0
DA:25,1
LF:1
LH:1
BRF:0
BRH:0
end_of_record
TN:
SF:src/client/charts/chartConfigs.ts
FN:165,getChartConfig
FNF:1
FNH:0
FNDA:0,getChartConfig
DA:132,1
DA:166,0
LF:2
LH:1
BRDA:166,0,0,0
BRDA:166,0,1,0
BRF:2
BRH:0
end_of_record
TN:
SF:src/client/charts/lazyChartConfigRegistry.ts
FN:15,(anonymous_0)
FN:16,(anonymous_1)
FN:17,(anonymous_2)
FN:18,(anonymous_3)
FN:19,(anonymous_4)
FN:20,(anonymous_5)
FN:21,(anonymous_6)
FN:22,(anonymous_7)
FN:23,(anonymous_8)
FN:24,(anonymous_9)
FN:25,(anonymous_10)
FN:26,(anonymous_11)
FN:27,(anonymous_12)
FN:28,(anonymous_13)
FN:29,(anonymous_14)
FN:30,(anonymous_15)
FN:31,(anonymous_16)
FN:32,(anonymous_17)
FN:33,(anonymous_18)
FN:34,(anonymous_19)
FN:35,(anonymous_20)
FN:78,getChartConfigAsync
FN:114,getChartConfigSync
FN:121,isChartConfigLoaded
FN:144,useChartConfig
FN:155,(anonymous_25)
FN:172,(anonymous_26)
FN:181,(anonymous_27)
FN:195,preloadChartConfig
FN:206,preloadChartConfigs
FN:225,loadAllChartConfigs
FN:244,clearChartConfigCache
FNF:32
FNH:8
FNDA:1,(anonymous_0)
FNDA:1,(anonymous_1)
FNDA:0,(anonymous_2)
FNDA:0,(anonymous_3)
FNDA:0,(anonymous_4)
FNDA:0,(anonymous_5)
FNDA:0,(anonymous_6)
FNDA:0,(anonymous_7)
FNDA:0,(anonymous_8)
FNDA:0,(anonymous_9)
FNDA:0,(anonymous_10)
FNDA:0,(anonymous_11)
FNDA:0,(anonymous_12)
FNDA:0,(anonymous_13)
FNDA:0,(anonymous_14)
FNDA:0,(anonymous_15)
FNDA:0,(anonymous_16)
FNDA:0,(anonymous_17)
FNDA:0,(anonymous_18)
FNDA:0,(anonymous_19)
FNDA:0,(anonymous_20)
FNDA:2,getChartConfigAsync
FNDA:8,getChartConfigSync
FNDA:0,isChartConfigLoaded
FNDA:8,useChartConfig
FNDA:4,(anonymous_25)
FNDA:2,(anonymous_26)
FNDA:2,(anonymous_27)
FNDA:0,preloadChartConfig
FNDA:0,preloadChartConfigs
FNDA:0,loadAllChartConfigs
FNDA:0,clearChartConfigCache
DA:14,1
DA:15,1
DA:16,1
DA:17,0
DA:18,0
DA:19,0
DA:20,0
DA:21,0
DA:22,0
DA:23,0
DA:24,0
DA:25,0
DA:26,0
DA:27,0
DA:28,0
DA:29,0
DA:30,0
DA:31,0
DA:32,0
DA:33,0
DA:34,0
DA:35,0
DA:39,1
DA:64,1
DA:80,2
DA:81,0
DA:84,2
DA:85,2
DA:86,0
DA:89,2
DA:90,2
DA:91,2
DA:92,2
DA:94,2
DA:95,2
DA:96,2
DA:98,0
DA:100,0
DA:101,0
DA:115,8
DA:122,0
DA:149,8
DA:152,8
DA:153,8
DA:155,8
DA:156,4
DA:157,0
DA:158,0
DA:159,0
DA:163,4
DA:164,2
DA:165,2
DA:166,2
DA:170,2
DA:171,2
DA:173,2
DA:174,2
DA:175,2
DA:177,0
DA:178,0
DA:181,2
DA:184,8
DA:196,0
DA:197,0
DA:207,0
DA:226,0
DA:227,0
DA:229,0
DA:230,0
DA:231,0
DA:232,0
DA:233,0
DA:236,0
DA:245,0
LF:74
LH:32
BRDA:80,0,0,0
BRDA:80,0,1,2
BRDA:85,1,0,0
BRDA:85,1,1,2
BRDA:94,2,0,2
BRDA:94,2,1,0
BRDA:115,3,0,8
BRDA:115,3,1,4
BRDA:150,4,0,8
BRDA:150,4,1,0
BRDA:156,5,0,0
BRDA:156,5,1,4
BRDA:163,6,0,2
BRDA:163,6,1,2
BRDA:173,7,0,2
BRDA:173,7,1,0
BRDA:196,8,0,0
BRDA:196,8,1,0
BRDA:232,9,0,0
BRDA:232,9,1,0
BRF:20
BRH:10
end_of_record
TN:
SF:src/client/client/BatchCoordinator.ts
FN:25,(anonymous_0)
FN:34,(anonymous_1)
FN:35,(anonymous_2)
FN:51,(anonymous_3)
FN:54,(anonymous_4)
FN:62,(anonymous_5)
FN:76,(anonymous_6)
FN:82,(anonymous_7)
FN:94,(anonymous_8)
FN:103,(anonymous_9)
FN:110,(anonymous_10)
FNF:11
FNH:11
FNDA:37,(anonymous_0)
FNDA:85,(anonymous_1)
FNDA:85,(anonymous_2)
FNDA:23,(anonymous_3)
FNDA:19,(anonymous_4)
FNDA:19,(anonymous_5)
FNDA:78,(anonymous_6)
FNDA:75,(anonymous_7)
FNDA:3,(anonymous_8)
FNDA:4,(anonymous_9)
FNDA:2,(anonymous_10)
DA:20,37
DA:21,37
DA:26,37
DA:27,37
DA:35,85
DA:37,85
DA:40,85
DA:41,23
DA:52,23
DA:54,23
DA:55,19
DA:64,19
DA:67,19
DA:68,19
DA:70,19
DA:71,1
DA:74,18
DA:76,78
DA:79,18
DA:82,16
DA:83,75
DA:86,75
DA:87,1
DA:89,74
DA:94,2
DA:95,3
DA:104,4
DA:111,2
DA:112,2
LF:29
LH:29
BRDA:25,0,0,37
BRDA:40,1,0,23
BRDA:40,1,1,62
BRDA:70,2,0,1
BRDA:70,2,1,18
BRDA:86,3,0,1
BRDA:86,3,1,74
BRDA:86,4,0,75
BRDA:86,4,1,74
BRDA:86,4,2,1
BRDA:95,5,0,2
BRDA:95,5,1,1
BRF:12
BRH:12
end_of_record
TN:
SF:src/client/client/CubeClient.ts
FN:13,(anonymous_0)
FN:26,(anonymous_1)
FN:36,(anonymous_2)
FN:75,(anonymous_3)
FN:91,(anonymous_4)
FN:101,(anonymous_5)
FN:114,(anonymous_6)
FN:152,(anonymous_7)
FN:190,(anonymous_8)
FN:230,(anonymous_9)
FN:252,(anonymous_10)
FN:256,(anonymous_11)
FN:265,(anonymous_12)
FN:270,(anonymous_13)
FN:275,(anonymous_14)
FN:288,(anonymous_15)
FN:300,createCubeClient
FN:305,cube
FNF:18
FNH:13
FNDA:303,(anonymous_0)
FNDA:57,(anonymous_1)
FNDA:58,(anonymous_2)
FNDA:283,(anonymous_3)
FNDA:1,(anonymous_4)
FNDA:1,(anonymous_5)
FNDA:0,(anonymous_6)
FNDA:22,(anonymous_7)
FNDA:23,(anonymous_8)
FNDA:42,(anonymous_9)
FNDA:90,(anonymous_10)
FNDA:125,(anonymous_11)
FNDA:0,(anonymous_12)
FNDA:0,(anonymous_13)
FNDA:0,(anonymous_14)
FNDA:36,(anonymous_15)
FNDA:294,createCubeClient
FNDA:0,cube
DA:14,303
DA:15,303
DA:19,303
DA:21,303
DA:22,2
DA:28,57
DA:29,57
DA:30,57
DA:33,57
DA:36,58
DA:39,57
DA:40,1
DA:43,57
DA:49,54
DA:50,6
DA:51,6
DA:52,6
DA:54,5
DA:55,5
DA:56,5
DA:57,5
DA:59,0
DA:63,0
DA:68,6
DA:71,48
DA:72,48
DA:76,283
DA:78,283
DA:84,283
DA:85,0
DA:88,283
DA:93,1
DA:94,1
DA:96,1
DA:101,1
DA:107,1
DA:108,0
DA:111,1
DA:115,0
DA:117,0
DA:124,0
DA:125,0
DA:126,0
DA:127,0
DA:128,0
DA:129,0
DA:130,0
DA:131,0
DA:133,0
DA:136,0
DA:141,0
DA:144,0
DA:153,22
DA:155,22
DA:162,21
DA:163,1
DA:164,1
DA:165,1
DA:166,1
DA:167,1
DA:168,1
DA:169,1
DA:171,0
DA:174,0
DA:179,1
DA:182,20
DA:191,23
DA:194,23
DA:195,23
DA:196,1
DA:199,23
DA:206,22
DA:207,1
DA:208,1
DA:209,1
DA:210,1
DA:211,1
DA:212,1
DA:213,1
DA:215,0
DA:218,0
DA:223,1
DA:226,21
DA:230,21
DA:232,42
DA:234,3
DA:241,39
DA:253,90
DA:259,125
DA:260,0
DA:262,125
DA:267,0
DA:272,0
DA:278,0
DA:279,0
DA:281,0
DA:290,36
DA:291,0
DA:293,36
DA:301,294
DA:306,0
LF:101
LH:71
BRDA:13,0,0,303
BRDA:14,1,0,303
BRDA:14,1,1,0
BRDA:19,2,0,303
BRDA:19,2,1,303
BRDA:21,3,0,2
BRDA:21,3,1,301
BRDA:39,4,0,1
BRDA:39,4,1,56
BRDA:49,5,0,6
BRDA:49,5,1,48
BRDA:56,6,0,5
BRDA:56,6,1,0
BRDA:84,7,0,0
BRDA:84,7,1,283
BRDA:107,8,0,0
BRDA:107,8,1,1
BRDA:124,9,0,0
BRDA:124,9,1,0
BRDA:130,10,0,0
BRDA:130,10,1,0
BRDA:162,11,0,1
BRDA:162,11,1,20
BRDA:168,12,0,1
BRDA:168,12,1,0
BRDA:195,13,0,1
BRDA:195,13,1,22
BRDA:206,14,0,1
BRDA:206,14,1,21
BRDA:212,15,0,1
BRDA:212,15,1,0
BRDA:232,16,0,3
BRDA:232,16,1,39
BRDA:232,17,0,42
BRDA:232,17,1,42
BRDA:259,18,0,0
BRDA:259,18,1,125
BRDA:259,19,0,125
BRDA:259,19,1,0
BRDA:260,20,0,0
BRDA:260,20,1,0
BRDA:262,21,0,125
BRDA:262,21,1,0
BRDA:278,22,0,0
BRDA:278,22,1,0
BRDA:278,23,0,0
BRDA:278,23,1,0
BRDA:279,24,0,0
BRDA:279,24,1,0
BRDA:281,25,0,0
BRDA:281,25,1,0
BRDA:290,26,0,0
BRDA:290,26,1,36
BRDA:290,27,0,36
BRDA:290,27,1,0
BRDA:300,28,0,294
BRDA:305,29,0,0
BRF:57
BRH:31
end_of_record
TN:
SF:src/client/components/AnalysisBuilderLazy.tsx
FN:6,(anonymous_0)
FN:10,(anonymous_1)
FNF:2
FNH:0
FNDA:0,(anonymous_0)
FNDA:0,(anonymous_1)
DA:6,0
DA:10,0
DA:11,0
DA:22,0
LF:4
LH:0
BRF:0
BRH:0
end_of_record
TN:
SF:src/client/components/AnalyticsDashboard.tsx
FN:15,AnalyticsDashboard
FN:42,(anonymous_1)
FN:57,(anonymous_2)
FN:59,(anonymous_3)
FN:74,(anonymous_4)
FN:75,(anonymous_5)
FN:81,(anonymous_6)
FN:95,(anonymous_7)
FNF:8
FNH:8
FNDA:19,AnalyticsDashboard
FNDA:19,(anonymous_1)
FNDA:2,(anonymous_2)
FNDA:2,(anonymous_3)
FNDA:2,(anonymous_4)
FNDA:2,(anonymous_5)
FNDA:2,(anonymous_6)
FNDA:19,(anonymous_7)
DA:26,19
DA:27,19
DA:33,19
DA:42,19
DA:43,19
DA:44,19
DA:47,19
DA:48,15
DA:52,4
DA:53,2
DA:57,2
DA:59,2
DA:61,2
DA:63,1
DA:70,1
DA:74,2
DA:75,2
DA:77,2
DA:81,19
DA:83,2
DA:84,1
DA:88,1
DA:90,1
DA:95,19
DA:96,19
DA:97,19
DA:100,19
LF:27
LH:27
BRDA:17,0,0,19
BRDA:43,1,0,19
BRDA:43,1,1,13
BRDA:44,2,0,19
BRDA:44,2,1,15
BRDA:47,3,0,15
BRDA:47,3,1,4
BRDA:52,4,0,2
BRDA:52,4,1,2
BRDA:61,5,0,1
BRDA:61,5,1,1
BRDA:83,6,0,1
BRDA:83,6,1,1
BRDA:83,7,0,2
BRDA:83,7,1,1
BRF:15
BRH:15
end_of_record
TN:
SF:src/client/components/AnalyticsPage.tsx
FN:2,AnalyticsPage
FNF:1
FNH:0
FNDA:0,AnalyticsPage
DA:3,0
LF:1
LH:0
BRF:0
BRH:0
end_of_record
TN:
SF:src/client/components/AnalyticsPortlet.tsx
FN:38,(anonymous_0)
FN:71,(anonymous_1)
FN:80,(anonymous_2)
FN:81,(anonymous_3)
FN:86,(anonymous_4)
FN:149,(anonymous_5)
FN:200,(anonymous_6)
FN:251,(anonymous_7)
FN:271,(anonymous_8)
FN:281,(anonymous_9)
FN:291,(anonymous_10)
FN:393,(anonymous_11)
FN:394,(anonymous_12)
FN:433,(anonymous_13)
FN:455,(anonymous_14)
FN:471,(anonymous_15)
FN:515,(anonymous_16)
FN:530,(anonymous_17)
FN:558,(anonymous_18)
FN:687,(anonymous_19)
FN:734,(anonymous_20)
FNF:21
FNH:12
FNDA:21,(anonymous_0)
FNDA:21,(anonymous_1)
FNDA:21,(anonymous_2)
FNDA:0,(anonymous_3)
FNDA:21,(anonymous_4)
FNDA:0,(anonymous_5)
FNDA:0,(anonymous_6)
FNDA:21,(anonymous_7)
FNDA:0,(anonymous_8)
FNDA:0,(anonymous_9)
FNDA:0,(anonymous_10)
FNDA:2,(anonymous_11)
FNDA:1,(anonymous_12)
FNDA:0,(anonymous_13)
FNDA:0,(anonymous_14)
FNDA:21,(anonymous_15)
FNDA:1,(anonymous_16)
FNDA:0,(anonymous_17)
FNDA:20,(anonymous_18)
FNDA:14,(anonymous_19)
FNDA:14,(anonymous_20)
DA:38,1
DA:53,21
DA:57,21
DA:58,21
DA:68,21
DA:71,21
DA:72,21
DA:76,21
DA:77,21
DA:80,21
DA:81,21
DA:86,21
DA:88,21
DA:89,1
DA:92,20
DA:93,20
DA:96,20
DA:99,20
DA:100,0
DA:102,0
DA:112,19
DA:113,0
DA:115,0
DA:125,19
DA:126,0
DA:133,0
DA:136,0
DA:138,0
DA:141,0
DA:142,0
DA:144,0
DA:145,0
DA:149,0
DA:150,0
DA:152,0
DA:153,0
DA:154,0
DA:155,0
DA:158,0
DA:160,0
DA:162,0
DA:166,0
DA:167,0
DA:168,0
DA:169,0
DA:170,0
DA:173,0
DA:176,0
DA:184,0
DA:185,0
DA:186,0
DA:192,0
DA:196,19
DA:198,0
DA:200,0
DA:206,0
DA:210,19
DA:211,19
DA:217,19
DA:229,1
DA:230,1
DA:235,21
DA:238,21
DA:240,21
DA:242,21
DA:246,21
DA:249,21
DA:250,21
DA:251,21
DA:252,21
DA:253,19
DA:255,19
DA:256,0
DA:262,21
DA:265,21
DA:268,21
DA:272,0
DA:281,21
DA:282,0
DA:284,0
DA:287,0
DA:291,21
DA:292,0
DA:294,0
DA:296,0
DA:299,21
DA:300,21
DA:301,21
DA:302,21
DA:303,21
DA:306,21
DA:310,21
DA:314,21
DA:321,21
DA:328,21
DA:336,21
DA:342,21
DA:348,21
DA:349,21
DA:358,21
DA:367,21
DA:376,21
DA:386,21
DA:388,21
DA:393,21
DA:395,1
DA:397,1
DA:400,0
DA:401,0
DA:402,0
DA:404,0
DA:406,0
DA:407,1
DA:410,0
DA:411,0
DA:412,0
DA:414,0
DA:416,0
DA:417,1
DA:420,0
DA:421,0
DA:422,0
DA:423,0
DA:425,0
DA:427,0
DA:428,1
DA:431,0
DA:433,0
DA:435,0
DA:436,0
DA:438,0
DA:440,0
DA:441,1
DA:444,1
DA:445,1
DA:446,0
DA:448,1
DA:450,1
DA:455,21
DA:456,0
DA:457,0
DA:458,0
DA:459,0
DA:460,0
DA:461,0
DA:462,0
DA:463,0
DA:465,0
DA:471,21
DA:472,21
DA:475,1
DA:476,0
DA:484,0
DA:488,1
DA:489,0
DA:497,0
DA:501,1
DA:502,0
DA:510,0
DA:514,1
DA:515,1
DA:516,1
DA:519,0
DA:521,1
DA:524,1
DA:526,1
DA:528,1
DA:530,0
DA:543,1
DA:558,21
DA:560,21
DA:561,1
DA:572,20
DA:573,1
DA:581,19
DA:583,18
DA:584,2
DA:591,16
DA:592,2
DA:642,14
DA:652,18
DA:654,1
DA:656,1
DA:687,14
DA:689,14
DA:690,1
DA:695,13
DA:696,0
DA:701,13
DA:702,0
DA:706,13
DA:707,0
DA:711,13
DA:712,0
DA:716,13
DA:717,0
DA:720,13
DA:723,2
DA:725,11
DA:730,14
DA:734,14
DA:735,14
DA:736,14
DA:739,14
DA:745,14
DA:746,1
DA:757,13
DA:760,14
DA:763,14
DA:767,14
DA:789,0
DA:790,0
DA:802,14
DA:804,21
DA:848,1
LF:215
LH:125
BRDA:45,0,0,21
BRDA:47,1,0,21
BRDA:68,2,0,21
BRDA:68,2,1,20
BRDA:88,3,0,1
BRDA:88,3,1,20
BRDA:99,4,0,0
BRDA:99,4,1,20
BRDA:112,5,0,0
BRDA:112,5,1,19
BRDA:125,6,0,0
BRDA:125,6,1,19
BRDA:136,7,0,0
BRDA:136,7,1,0
BRDA:136,8,0,0
BRDA:136,8,1,0
BRDA:141,9,0,0
BRDA:141,9,1,0
BRDA:141,10,0,0
BRDA:141,10,1,0
BRDA:150,11,0,0
BRDA:150,11,1,0
BRDA:152,12,0,0
BRDA:152,12,1,0
BRDA:152,13,0,0
BRDA:152,13,1,0
BRDA:152,13,2,0
BRDA:154,14,0,0
BRDA:154,14,1,0
BRDA:158,15,0,0
BRDA:158,15,1,0
BRDA:160,16,0,0
BRDA:160,16,1,0
BRDA:166,17,0,0
BRDA:166,17,1,0
BRDA:168,18,0,0
BRDA:168,18,1,0
BRDA:168,19,0,0
BRDA:168,19,1,0
BRDA:173,20,0,0
BRDA:173,20,1,0
BRDA:184,21,0,0
BRDA:184,21,1,0
BRDA:184,22,0,0
BRDA:184,22,1,0
BRDA:196,23,0,0
BRDA:196,23,1,19
BRDA:249,24,0,19
BRDA:249,24,1,2
BRDA:252,25,0,19
BRDA:252,25,1,2
BRDA:255,26,0,0
BRDA:255,26,1,19
BRDA:262,27,0,21
BRDA:262,27,1,21
BRDA:269,28,0,21
BRDA:269,28,1,2
BRDA:277,29,0,21
BRDA:277,29,1,21
BRDA:277,29,2,21
BRDA:277,29,3,21
BRDA:277,29,4,21
BRDA:282,30,0,0
BRDA:282,30,1,0
BRDA:292,31,0,0
BRDA:292,31,1,0
BRDA:299,32,0,21
BRDA:299,32,1,19
BRDA:299,32,2,19
BRDA:299,32,3,18
BRDA:299,32,4,18
BRDA:299,32,5,18
BRDA:299,32,6,18
BRDA:299,32,7,18
BRDA:300,33,0,21
BRDA:300,33,1,0
BRDA:300,33,2,0
BRDA:300,33,3,0
BRDA:300,33,4,0
BRDA:300,33,5,0
BRDA:300,33,6,0
BRDA:301,34,0,21
BRDA:301,34,1,0
BRDA:301,34,2,0
BRDA:301,34,3,0
BRDA:302,35,0,21
BRDA:302,35,1,0
BRDA:302,35,2,0
BRDA:302,35,3,0
BRDA:303,36,0,21
BRDA:303,36,1,0
BRDA:303,36,2,0
BRDA:303,36,3,0
BRDA:329,37,0,21
BRDA:329,37,1,0
BRDA:329,37,2,0
BRDA:348,38,0,0
BRDA:348,38,1,21
BRDA:349,39,0,0
BRDA:349,39,1,21
BRDA:350,40,0,0
BRDA:350,40,1,0
BRDA:351,41,0,0
BRDA:351,41,1,21
BRDA:352,42,0,0
BRDA:352,42,1,0
BRDA:353,43,0,0
BRDA:353,43,1,21
BRDA:354,44,0,0
BRDA:354,44,1,0
BRDA:355,45,0,0
BRDA:355,45,1,21
BRDA:358,46,0,0
BRDA:358,46,1,21
BRDA:360,47,0,0
BRDA:360,47,1,21
BRDA:362,48,0,0
BRDA:362,48,1,21
BRDA:364,49,0,0
BRDA:364,49,1,21
BRDA:367,50,0,0
BRDA:367,50,1,21
BRDA:369,51,0,0
BRDA:369,51,1,21
BRDA:371,52,0,0
BRDA:371,52,1,21
BRDA:373,53,0,0
BRDA:373,53,1,21
BRDA:376,54,0,0
BRDA:376,54,1,21
BRDA:378,55,0,0
BRDA:378,55,1,21
BRDA:380,56,0,0
BRDA:380,56,1,21
BRDA:382,57,0,0
BRDA:382,57,1,21
BRDA:386,58,0,0
BRDA:386,58,1,21
BRDA:388,59,0,0
BRDA:388,59,1,21
BRDA:395,60,0,1
BRDA:395,60,1,1
BRDA:397,61,0,0
BRDA:397,61,1,1
BRDA:397,62,0,1
BRDA:397,62,1,0
BRDA:401,63,0,0
BRDA:401,63,1,0
BRDA:407,64,0,0
BRDA:407,64,1,1
BRDA:407,65,0,1
BRDA:407,65,1,0
BRDA:411,66,0,0
BRDA:411,66,1,0
BRDA:417,67,0,0
BRDA:417,67,1,1
BRDA:417,68,0,1
BRDA:417,68,1,0
BRDA:420,69,0,0
BRDA:420,69,1,0
BRDA:422,70,0,0
BRDA:422,70,1,0
BRDA:428,71,0,0
BRDA:428,71,1,1
BRDA:428,72,0,1
BRDA:428,72,1,0
BRDA:435,73,0,0
BRDA:435,73,1,0
BRDA:441,74,0,1
BRDA:441,74,1,0
BRDA:445,75,0,0
BRDA:445,75,1,1
BRDA:456,76,0,0
BRDA:456,76,1,0
BRDA:458,77,0,0
BRDA:458,77,1,0
BRDA:460,78,0,0
BRDA:460,78,1,0
BRDA:462,79,0,0
BRDA:462,79,1,0
BRDA:472,80,0,20
BRDA:472,80,1,1
BRDA:472,81,0,21
BRDA:472,81,1,1
BRDA:475,82,0,0
BRDA:475,82,1,1
BRDA:475,83,0,1
BRDA:475,83,1,0
BRDA:475,83,2,0
BRDA:477,84,0,0
BRDA:477,84,1,0
BRDA:478,85,0,0
BRDA:478,85,1,0
BRDA:482,86,0,0
BRDA:482,86,1,0
BRDA:488,87,0,0
BRDA:488,87,1,1
BRDA:488,88,0,1
BRDA:488,88,1,0
BRDA:488,88,2,0
BRDA:490,89,0,0
BRDA:490,89,1,0
BRDA:491,90,0,0
BRDA:491,90,1,0
BRDA:501,91,0,0
BRDA:501,91,1,1
BRDA:501,92,0,1
BRDA:501,92,1,0
BRDA:501,92,2,0
BRDA:503,93,0,0
BRDA:503,93,1,0
BRDA:504,94,0,0
BRDA:504,94,1,0
BRDA:508,95,0,0
BRDA:508,95,1,0
BRDA:514,96,0,1
BRDA:514,96,1,0
BRDA:514,97,0,1
BRDA:514,97,1,1
BRDA:514,97,2,1
BRDA:516,98,0,0
BRDA:516,98,1,0
BRDA:516,98,2,1
BRDA:526,99,0,1
BRDA:526,99,1,0
BRDA:528,100,0,0
BRDA:528,100,1,1
BRDA:544,101,0,1
BRDA:544,101,1,1
BRDA:544,101,2,0
BRDA:545,102,0,1
BRDA:545,102,1,1
BRDA:546,103,0,1
BRDA:546,103,1,0
BRDA:558,104,0,21
BRDA:558,104,1,20
BRDA:560,105,0,1
BRDA:560,105,1,20
BRDA:560,106,0,21
BRDA:560,106,1,1
BRDA:572,107,0,1
BRDA:572,107,1,19
BRDA:572,108,0,20
BRDA:572,108,1,19
BRDA:572,108,2,18
BRDA:581,109,0,18
BRDA:581,109,1,1
BRDA:583,110,0,2
BRDA:583,110,1,16
BRDA:583,111,0,18
BRDA:583,111,1,16
BRDA:583,111,2,16
BRDA:583,111,3,15
BRDA:583,111,4,2
BRDA:586,112,0,2
BRDA:586,112,1,1
BRDA:591,113,0,2
BRDA:591,113,1,14
BRDA:609,114,0,2
BRDA:609,114,1,0
BRDA:617,115,0,2
BRDA:617,115,1,0
BRDA:626,116,0,2
BRDA:626,116,1,2
BRDA:642,117,0,0
BRDA:642,117,1,14
BRDA:643,118,0,0
BRDA:643,118,1,0
BRDA:644,119,0,0
BRDA:644,119,1,14
BRDA:645,120,0,0
BRDA:645,120,1,0
BRDA:646,121,0,0
BRDA:646,121,1,14
BRDA:647,122,0,0
BRDA:647,122,1,0
BRDA:647,122,2,0
BRDA:648,123,0,0
BRDA:648,123,1,14
BRDA:649,124,0,0
BRDA:649,124,1,0
BRDA:650,125,0,14
BRDA:650,125,1,13
BRDA:652,126,0,1
BRDA:652,126,1,17
BRDA:659,127,0,1
BRDA:659,127,1,0
BRDA:672,128,0,0
BRDA:672,128,1,1
BRDA:689,129,0,1
BRDA:689,129,1,13
BRDA:695,130,0,0
BRDA:695,130,1,13
BRDA:696,131,0,0
BRDA:696,131,1,0
BRDA:701,132,0,0
BRDA:701,132,1,13
BRDA:702,133,0,0
BRDA:702,133,1,0
BRDA:706,134,0,0
BRDA:706,134,1,13
BRDA:707,135,0,0
BRDA:707,135,1,0
BRDA:711,136,0,0
BRDA:711,136,1,13
BRDA:712,137,0,0
BRDA:712,137,1,0
BRDA:716,138,0,0
BRDA:716,138,1,13
BRDA:720,139,0,1
BRDA:720,139,1,2
BRDA:720,139,2,11
BRDA:739,140,0,0
BRDA:739,140,1,14
BRDA:739,141,0,14
BRDA:739,141,1,0
BRDA:745,142,0,1
BRDA:745,142,1,13
BRDA:757,143,0,1
BRDA:757,143,1,12
BRDA:760,144,0,14
BRDA:760,144,1,13
BRDA:760,144,2,13
BRDA:760,144,3,13
BRDA:760,144,4,13
BRDA:763,145,0,0
BRDA:763,145,1,13
BRDA:763,146,0,14
BRDA:763,146,1,0
BRDA:773,147,0,14
BRDA:773,147,1,1
BRDA:776,148,0,0
BRDA:776,148,1,13
BRDA:781,149,0,13
BRDA:781,149,1,0
BRDA:794,150,0,0
BRDA:794,150,1,0
BRDA:802,151,0,14
BRDA:802,151,1,14
BRDA:802,151,2,14
BRDA:802,151,3,14
BRDA:802,151,4,14
BRDA:818,152,0,21
BRDA:818,152,1,0
BRDA:818,152,2,0
BRDA:836,153,0,21
BRDA:836,153,1,0
BRDA:836,153,2,0
BRDA:836,153,3,0
BRF:349
BRH:162
end_of_record
TN:
SF:src/client/components/AxisDropZone.tsx
FN:26,AxisDropZone
FN:44,(anonymous_1)
FN:55,(anonymous_2)
FN:71,(anonymous_3)
FN:72,(anonymous_4)
FN:79,(anonymous_5)
FN:85,(anonymous_6)
FN:104,(anonymous_7)
FN:114,(anonymous_8)
FN:121,(anonymous_9)
FN:181,(anonymous_10)
FN:198,(anonymous_11)
FN:217,(anonymous_12)
FN:243,(anonymous_13)
FN:260,(anonymous_14)
FN:265,(anonymous_15)
FN:267,(anonymous_16)
FN:276,(anonymous_17)
FNF:18
FNH:17
FNDA:39,AxisDropZone
FNDA:39,(anonymous_1)
FNDA:39,(anonymous_2)
FNDA:28,(anonymous_3)
FNDA:1,(anonymous_4)
FNDA:28,(anonymous_5)
FNDA:28,(anonymous_6)
FNDA:1,(anonymous_7)
FNDA:0,(anonymous_8)
FNDA:2,(anonymous_9)
FNDA:5,(anonymous_10)
FNDA:1,(anonymous_11)
FNDA:3,(anonymous_12)
FNDA:41,(anonymous_13)
FNDA:1,(anonymous_14)
FNDA:1,(anonymous_15)
FNDA:2,(anonymous_16)
FNDA:1,(anonymous_17)
DA:5,1
DA:38,39
DA:39,39
DA:40,39
DA:41,39
DA:44,39
DA:45,39
DA:48,39
DA:49,7
DA:52,39
DA:55,39
DA:56,39
DA:59,39
DA:60,7
DA:63,39
DA:66,39
DA:67,39
DA:71,39
DA:72,28
DA:73,1
DA:74,1
DA:75,1
DA:78,28
DA:79,28
DA:80,28
DA:85,39
DA:86,28
DA:88,5
DA:89,1
DA:90,1
DA:91,4
DA:94,4
DA:98,23
DA:99,23
DA:100,23
DA:104,39
DA:106,1
DA:107,1
DA:108,1
DA:109,1
DA:110,1
DA:114,39
DA:116,0
DA:121,39
DA:122,2
DA:123,2
DA:124,2
DA:125,2
DA:128,2
DA:129,1
DA:130,1
DA:134,1
DA:135,1
DA:136,1
DA:137,0
DA:144,39
DA:183,5
DA:184,1
DA:188,4
DA:190,5
DA:191,3
DA:192,3
DA:194,1
DA:195,1
DA:200,1
DA:202,1
DA:209,1
DA:210,1
DA:212,1
DA:213,1
DA:214,1
DA:219,3
DA:220,0
DA:224,3
DA:226,3
DA:227,2
DA:229,1
DA:233,3
DA:234,3
DA:244,41
DA:245,41
DA:246,41
DA:248,41
DA:262,1
DA:265,1
DA:267,2
DA:276,1
LF:87
LH:84
BRDA:48,0,0,7
BRDA:48,0,1,32
BRDA:48,1,0,39
BRDA:48,1,1,11
BRDA:52,2,0,39
BRDA:52,2,1,8
BRDA:59,3,0,7
BRDA:59,3,1,32
BRDA:59,4,0,39
BRDA:59,4,1,11
BRDA:63,5,0,39
BRDA:63,5,1,8
BRDA:86,6,0,5
BRDA:86,6,1,23
BRDA:88,7,0,1
BRDA:88,7,1,4
BRDA:91,8,0,4
BRDA:91,8,1,0
BRDA:93,9,0,4
BRDA:93,9,1,4
BRDA:106,10,0,1
BRDA:106,10,1,0
BRDA:106,11,0,1
BRDA:106,11,1,1
BRDA:106,11,2,1
BRDA:128,12,0,1
BRDA:128,12,1,1
BRDA:128,13,0,2
BRDA:128,13,1,1
BRDA:128,13,2,1
BRDA:128,13,3,1
BRDA:136,14,0,0
BRDA:136,14,1,1
BRDA:136,15,0,1
BRDA:136,15,1,0
BRDA:136,15,2,0
BRDA:148,16,0,39
BRDA:148,16,1,1
BRDA:150,17,0,39
BRDA:150,17,1,3
BRDA:151,18,0,39
BRDA:151,18,1,8
BRDA:157,19,0,39
BRDA:157,19,1,39
BRDA:167,20,0,8
BRDA:167,20,1,31
BRDA:167,21,0,39
BRDA:167,21,1,6
BRDA:167,21,2,2
BRDA:167,21,3,33
BRDA:169,22,0,4
BRDA:169,22,1,27
BRDA:174,23,0,8
BRDA:174,23,1,31
BRDA:174,24,0,39
BRDA:174,24,1,6
BRDA:174,24,2,2
BRDA:174,24,3,33
BRDA:177,25,0,8
BRDA:177,25,1,31
BRDA:177,26,0,39
BRDA:177,26,1,6
BRDA:177,26,2,2
BRDA:177,26,3,33
BRDA:183,27,0,1
BRDA:183,27,1,4
BRDA:183,28,0,5
BRDA:183,28,1,2
BRDA:183,28,2,1
BRDA:188,29,0,4
BRDA:188,29,1,2
BRDA:190,30,0,3
BRDA:190,30,1,1
BRDA:202,31,0,1
BRDA:202,31,1,1
BRDA:202,31,2,1
BRDA:202,31,3,1
BRDA:210,32,0,1
BRDA:210,32,1,0
BRDA:212,33,0,1
BRDA:212,33,1,0
BRDA:212,34,0,1
BRDA:212,34,1,1
BRDA:212,34,2,1
BRDA:219,35,0,0
BRDA:219,35,1,3
BRDA:219,36,0,3
BRDA:219,36,1,1
BRDA:219,36,2,0
BRDA:224,37,0,3
BRDA:224,37,1,2
BRDA:226,38,0,2
BRDA:226,38,1,1
BRDA:237,39,0,15
BRDA:237,39,1,24
BRDA:239,40,0,0
BRDA:239,40,1,15
BRDA:239,41,0,15
BRDA:239,41,1,0
BRDA:246,42,0,41
BRDA:246,42,1,22
BRDA:246,42,2,7
BRDA:251,43,0,2
BRDA:251,43,1,39
BRDA:254,44,0,41
BRDA:254,44,1,2
BRDA:269,45,0,2
BRDA:269,45,1,39
BRDA:270,46,0,7
BRDA:270,46,1,34
BRDA:290,47,0,39
BRDA:290,47,1,3
BRDA:290,47,2,2
BRF:113
BRH:102
end_of_record
TN:
SF:src/client/components/ChartConfigPanel.tsx
FN:25,ChartConfigPanel
FN:49,(anonymous_1)
FN:56,(anonymous_2)
FN:69,(anonymous_3)
FN:71,(anonymous_4)
FN:94,(anonymous_5)
FN:101,(anonymous_6)
FN:127,(anonymous_7)
FN:134,(anonymous_8)
FN:138,(anonymous_9)
FN:143,(anonymous_10)
FN:154,(anonymous_11)
FN:167,(anonymous_12)
FN:188,(anonymous_13)
FN:193,(anonymous_14)
FN:206,(anonymous_15)
FN:232,(anonymous_16)
FN:236,(anonymous_17)
FN:237,(anonymous_18)
FN:247,(anonymous_19)
FN:248,(anonymous_20)
FN:249,(anonymous_21)
FN:274,(anonymous_22)
FN:280,(anonymous_23)
FN:302,(anonymous_24)
FN:308,(anonymous_25)
FN:330,(anonymous_26)
FN:336,(anonymous_27)
FN:365,(anonymous_28)
FN:396,(anonymous_29)
FN:412,(anonymous_30)
FN:428,(anonymous_31)
FN:444,(anonymous_32)
FN:460,(anonymous_33)
FN:472,(anonymous_34)
FN:479,(anonymous_35)
FN:501,(anonymous_36)
FN:513,(anonymous_37)
FN:531,(anonymous_38)
FN:537,(anonymous_39)
FN:558,(anonymous_40)
FN:584,(anonymous_41)
FN:605,(anonymous_42)
FN:611,(anonymous_43)
FN:630,(anonymous_44)
FN:639,(anonymous_45)
FNF:46
FNH:0
FNDA:0,ChartConfigPanel
FNDA:0,(anonymous_1)
FNDA:0,(anonymous_2)
FNDA:0,(anonymous_3)
FNDA:0,(anonymous_4)
FNDA:0,(anonymous_5)
FNDA:0,(anonymous_6)
FNDA:0,(anonymous_7)
FNDA:0,(anonymous_8)
FNDA:0,(anonymous_9)
FNDA:0,(anonymous_10)
FNDA:0,(anonymous_11)
FNDA:0,(anonymous_12)
FNDA:0,(anonymous_13)
FNDA:0,(anonymous_14)
FNDA:0,(anonymous_15)
FNDA:0,(anonymous_16)
FNDA:0,(anonymous_17)
FNDA:0,(anonymous_18)
FNDA:0,(anonymous_19)
FNDA:0,(anonymous_20)
FNDA:0,(anonymous_21)
FNDA:0,(anonymous_22)
FNDA:0,(anonymous_23)
FNDA:0,(anonymous_24)
FNDA:0,(anonymous_25)
FNDA:0,(anonymous_26)
FNDA:0,(anonymous_27)
FNDA:0,(anonymous_28)
FNDA:0,(anonymous_29)
FNDA:0,(anonymous_30)
FNDA:0,(anonymous_31)
FNDA:0,(anonymous_32)
FNDA:0,(anonymous_33)
FNDA:0,(anonymous_34)
FNDA:0,(anonymous_35)
FNDA:0,(anonymous_36)
FNDA:0,(anonymous_37)
FNDA:0,(anonymous_38)
FNDA:0,(anonymous_39)
FNDA:0,(anonymous_40)
FNDA:0,(anonymous_41)
FNDA:0,(anonymous_42)
FNDA:0,(anonymous_43)
FNDA:0,(anonymous_44)
FNDA:0,(anonymous_45)
DA:6,0
DA:7,0
DA:8,0
DA:36,0
DA:43,0
DA:46,0
DA:49,0
DA:50,0
DA:51,0
DA:52,0
DA:56,0
DA:57,0
DA:59,0
DA:65,0
DA:66,0
DA:69,0
DA:70,0
DA:71,0
DA:73,0
DA:74,0
DA:75,0
DA:77,0
DA:78,0
DA:80,0
DA:83,0
DA:88,0
DA:89,0
DA:94,0
DA:95,0
DA:96,0
DA:97,0
DA:98,0
DA:101,0
DA:102,0
DA:104,0
DA:106,0
DA:112,0
DA:118,0
DA:127,0
DA:128,0
DA:131,0
DA:134,0
DA:135,0
DA:138,0
DA:140,0
DA:143,0
DA:144,0
DA:145,0
DA:146,0
DA:148,0
DA:151,0
DA:152,0
DA:153,0
DA:154,0
DA:155,0
DA:156,0
DA:158,0
DA:160,0
DA:161,0
DA:166,0
DA:167,0
DA:169,0
DA:171,0
DA:174,0
DA:175,0
DA:176,0
DA:179,0
DA:184,0
DA:185,0
DA:188,0
DA:189,0
DA:190,0
DA:192,0
DA:193,0
DA:194,0
DA:195,0
DA:197,0
DA:199,0
DA:200,0
DA:203,0
DA:206,0
DA:207,0
DA:208,0
DA:211,0
DA:212,0
DA:213,0
DA:214,0
DA:215,0
DA:218,0
DA:219,0
DA:223,0
DA:224,0
DA:232,0
DA:233,0
DA:235,0
DA:236,0
DA:237,0
DA:242,0
DA:243,0
DA:246,0
DA:247,0
DA:248,0
DA:249,0
DA:253,0
DA:256,0
DA:275,0
DA:276,0
DA:280,0
DA:303,0
DA:304,0
DA:308,0
DA:331,0
DA:332,0
DA:336,0
DA:366,0
DA:396,0
DA:412,0
DA:428,0
DA:444,0
DA:460,0
DA:473,0
DA:479,0
DA:501,0
DA:513,0
DA:532,0
DA:533,0
DA:537,0
DA:558,0
DA:584,0
DA:605,0
DA:612,0
DA:630,0
DA:639,0
LF:133
LH:0
BRDA:51,0,0,0
BRDA:51,0,1,0
BRDA:51,1,0,0
BRDA:51,1,1,0
BRDA:57,2,0,0
BRDA:57,2,1,0
BRDA:57,3,0,0
BRDA:57,3,1,0
BRDA:73,4,0,0
BRDA:73,4,1,0
BRDA:75,5,0,0
BRDA:75,5,1,0
BRDA:78,6,0,0
BRDA:78,6,1,0
BRDA:88,7,0,0
BRDA:88,7,1,0
BRDA:95,8,0,0
BRDA:95,8,1,0
BRDA:96,9,0,0
BRDA:96,9,1,0
BRDA:97,10,0,0
BRDA:97,10,1,0
BRDA:104,11,0,0
BRDA:104,11,1,0
BRDA:104,11,2,0
BRDA:151,12,0,0
BRDA:151,12,1,0
BRDA:151,13,0,0
BRDA:151,13,1,0
BRDA:153,14,0,0
BRDA:153,14,1,0
BRDA:155,15,0,0
BRDA:155,15,1,0
BRDA:160,16,0,0
BRDA:160,16,1,0
BRDA:169,17,0,0
BRDA:169,17,1,0
BRDA:174,18,0,0
BRDA:174,18,1,0
BRDA:175,19,0,0
BRDA:175,19,1,0
BRDA:192,20,0,0
BRDA:192,20,1,0
BRDA:194,21,0,0
BRDA:194,21,1,0
BRDA:199,22,0,0
BRDA:199,22,1,0
BRDA:211,23,0,0
BRDA:211,23,1,0
BRDA:211,24,0,0
BRDA:211,24,1,0
BRDA:211,24,2,0
BRDA:223,25,0,0
BRDA:223,25,1,0
BRDA:233,26,0,0
BRDA:233,26,1,0
BRDA:242,27,0,0
BRDA:242,27,1,0
BRDA:242,28,0,0
BRDA:242,28,1,0
BRDA:259,29,0,0
BRDA:259,29,1,0
BRDA:259,29,2,0
BRDA:263,30,0,0
BRDA:263,30,1,0
BRDA:263,31,0,0
BRDA:263,31,1,0
BRDA:263,31,2,0
BRDA:275,32,0,0
BRDA:275,32,1,0
BRDA:275,32,2,0
BRDA:282,33,0,0
BRDA:282,33,1,0
BRDA:289,34,0,0
BRDA:289,34,1,0
BRDA:303,35,0,0
BRDA:303,35,1,0
BRDA:303,35,2,0
BRDA:310,36,0,0
BRDA:310,36,1,0
BRDA:317,37,0,0
BRDA:317,37,1,0
BRDA:331,38,0,0
BRDA:331,38,1,0
BRDA:331,38,2,0
BRDA:338,39,0,0
BRDA:338,39,1,0
BRDA:345,40,0,0
BRDA:345,40,1,0
BRDA:361,41,0,0
BRDA:361,41,1,0
BRDA:381,42,0,0
BRDA:381,42,1,0
BRDA:381,42,2,0
BRDA:381,42,3,0
BRDA:381,42,4,0
BRDA:391,43,0,0
BRDA:391,43,1,0
BRDA:395,44,0,0
BRDA:395,44,1,0
BRDA:407,45,0,0
BRDA:407,45,1,0
BRDA:411,46,0,0
BRDA:411,46,1,0
BRDA:423,47,0,0
BRDA:423,47,1,0
BRDA:427,48,0,0
BRDA:427,48,1,0
BRDA:439,49,0,0
BRDA:439,49,1,0
BRDA:443,50,0,0
BRDA:443,50,1,0
BRDA:455,51,0,0
BRDA:455,51,1,0
BRDA:459,52,0,0
BRDA:459,52,1,0
BRDA:474,53,0,0
BRDA:474,53,1,0
BRDA:478,54,0,0
BRDA:478,54,1,0
BRDA:478,54,2,0
BRDA:490,55,0,0
BRDA:490,55,1,0
BRDA:494,56,0,0
BRDA:494,56,1,0
BRDA:498,57,0,0
BRDA:498,57,1,0
BRDA:500,58,0,0
BRDA:500,58,1,0
BRDA:500,58,2,0
BRDA:512,59,0,0
BRDA:512,59,1,0
BRDA:512,59,2,0
BRDA:521,60,0,0
BRDA:521,60,1,0
BRDA:527,61,0,0
BRDA:527,61,1,0
BRDA:531,62,0,0
BRDA:531,62,1,0
BRDA:532,63,0,0
BRDA:532,63,1,0
BRDA:532,63,2,0
BRDA:542,64,0,0
BRDA:542,64,1,0
BRDA:548,65,0,0
BRDA:548,65,1,0
BRDA:572,66,0,0
BRDA:572,66,1,0
BRDA:578,67,0,0
BRDA:578,67,1,0
BRDA:583,68,0,0
BRDA:583,68,1,0
BRDA:583,68,2,0
BRDA:586,69,0,0
BRDA:586,69,1,0
BRDA:594,70,0,0
BRDA:594,70,1,0
BRDA:600,71,0,0
BRDA:600,71,1,0
BRDA:604,72,0,0
BRDA:604,72,1,0
BRDA:604,72,2,0
BRDA:617,73,0,0
BRDA:617,73,1,0
BRDA:623,74,0,0
BRDA:623,74,1,0
BRDA:629,75,0,0
BRDA:629,75,1,0
BRDA:629,75,2,0
BRDA:638,76,0,0
BRDA:638,76,1,0
BRDA:638,76,2,0
BRDA:643,77,0,0
BRDA:643,77,1,0
BRDA:647,78,0,0
BRDA:647,78,1,0
BRF:176
BRH:0
end_of_record
TN:
SF:src/client/components/ChartErrorBoundary.tsx
FN:21,(anonymous_0)
FN:30,(anonymous_1)
FN:39,(anonymous_2)
FN:50,(anonymous_3)
FN:58,(anonymous_4)
FNF:5
FNH:5
FNDA:23,(anonymous_0)
FNDA:1,(anonymous_1)
FNDA:11,(anonymous_2)
FNDA:1,(anonymous_3)
FNDA:57,(anonymous_4)
DA:4,1
DA:22,23
DA:23,23
DA:32,22
DA:41,11
DA:47,11
DA:50,1
DA:51,1
DA:59,57
DA:61,33
DA:62,3
DA:66,30
DA:137,24
LF:13
LH:13
BRDA:43,0,0,11
BRDA:43,0,1,0
BRDA:59,1,0,33
BRDA:59,1,1,24
BRDA:61,2,0,3
BRDA:61,2,1,30
BRDA:71,3,0,3
BRDA:71,3,1,27
BRDA:83,4,0,33
BRDA:83,4,1,30
BRDA:90,5,0,33
BRDA:90,5,1,3
BRDA:101,6,0,33
BRDA:101,6,1,3
BRDA:106,7,0,3
BRDA:106,7,1,0
BRDA:114,8,0,33
BRDA:114,8,1,10
BRF:18
BRH:16
end_of_record
TN:
SF:src/client/components/ChartTypeSelector.tsx
FN:43,ChartTypeSelector
FN:54,(anonymous_1)
FN:58,(anonymous_2)
FN:63,(anonymous_3)
FN:69,(anonymous_4)
FN:76,(anonymous_5)
FN:77,(anonymous_6)
FN:92,(anonymous_7)
FN:116,(anonymous_8)
FN:138,(anonymous_9)
FNF:10
FNH:6
FNDA:31,ChartTypeSelector
FNDA:27,(anonymous_1)
FNDA:3,(anonymous_2)
FNDA:0,(anonymous_3)
FNDA:27,(anonymous_4)
FNDA:651,(anonymous_5)
FNDA:682,(anonymous_6)
FNDA:0,(anonymous_7)
FNDA:0,(anonymous_8)
FNDA:0,(anonymous_9)
DA:19,2
DA:51,31
DA:52,31
DA:54,31
DA:55,27
DA:57,27
DA:59,3
DA:60,0
DA:64,0
DA:65,0
DA:69,27
DA:70,27
DA:75,31
DA:76,651
DA:78,682
DA:79,682
DA:80,682
DA:83,31
DA:84,31
DA:85,31
DA:87,31
DA:92,0
DA:117,0
DA:118,0
DA:119,0
DA:120,0
DA:121,0
DA:122,0
DA:125,0
DA:126,0
DA:127,0
DA:130,0
DA:134,0
DA:139,0
DA:140,0
DA:141,0
LF:36
LH:18
BRDA:46,0,0,31
BRDA:47,1,0,31
BRDA:49,2,0,31
BRDA:59,3,0,0
BRDA:59,3,1,3
BRDA:64,4,0,0
BRDA:64,4,1,0
BRDA:78,5,0,682
BRDA:78,5,1,0
BRDA:79,6,0,682
BRDA:79,6,1,0
BRDA:96,7,0,31
BRDA:96,7,1,0
BRDA:102,8,0,0
BRDA:102,8,1,31
BRDA:112,9,0,31
BRDA:112,9,1,0
BRDA:113,10,0,0
BRDA:113,10,1,0
BRDA:115,11,0,0
BRDA:115,11,1,0
BRDA:126,12,0,0
BRDA:126,12,1,0
BRDA:130,13,0,0
BRDA:130,13,1,0
BRDA:130,14,0,0
BRDA:130,14,1,0
BRDA:139,15,0,0
BRDA:139,15,1,0
BRDA:147,16,0,0
BRDA:147,16,1,0
BRDA:149,17,0,0
BRDA:149,17,1,0
BRDA:155,18,0,0
BRDA:155,18,1,0
BRDA:155,19,0,0
BRDA:155,19,1,0
BRDA:161,20,0,0
BRDA:161,20,1,0
BRDA:164,21,0,0
BRDA:164,21,1,0
BRDA:166,22,0,0
BRDA:166,22,1,0
BRDA:175,23,0,0
BRDA:175,23,1,0
BRDA:177,24,0,0
BRDA:177,24,1,0
BRDA:181,25,0,0
BRDA:181,25,1,0
BRDA:181,26,0,0
BRDA:181,26,1,0
BRDA:187,27,0,0
BRDA:187,27,1,0
BRDA:187,27,2,0
BRF:54
BRH:9
end_of_record
TN:
SF:src/client/components/ColorPaletteSelector.tsx
FN:18,ColorPaletteSelector
FN:29,(anonymous_1)
FN:30,handleClickOutside
FN:38,(anonymous_3)
FN:42,(anonymous_4)
FN:52,(anonymous_5)
FN:58,(anonymous_6)
FN:69,(anonymous_7)
FN:92,(anonymous_8)
FN:92,(anonymous_9)
FN:96,(anonymous_10)
FN:107,(anonymous_11)
FN:121,(anonymous_12)
FNF:13
FNH:4
FNDA:1,ColorPaletteSelector
FNDA:1,(anonymous_1)
FNDA:0,handleClickOutside
FNDA:0,(anonymous_3)
FNDA:0,(anonymous_4)
FNDA:0,(anonymous_5)
FNDA:4,(anonymous_6)
FNDA:3,(anonymous_7)
FNDA:0,(anonymous_8)
FNDA:0,(anonymous_9)
FNDA:0,(anonymous_10)
FNDA:0,(anonymous_11)
FNDA:0,(anonymous_12)
DA:10,1
DA:23,1
DA:24,1
DA:26,1
DA:29,1
DA:31,0
DA:32,0
DA:36,1
DA:37,0
DA:38,0
DA:42,1
DA:43,0
DA:44,0
DA:47,1
DA:52,0
DA:59,4
DA:70,3
DA:92,0
DA:93,0
DA:96,0
DA:108,0
DA:122,0
LF:22
LH:10
BRDA:19,0,0,1
BRDA:21,1,0,1
BRDA:31,2,0,0
BRDA:31,2,1,0
BRDA:31,3,0,0
BRDA:31,3,1,0
BRDA:36,4,0,0
BRDA:36,4,1,1
BRDA:84,5,0,0
BRDA:84,5,1,1
BRDA:89,6,0,1
BRDA:89,6,1,0
BRDA:98,7,0,0
BRDA:98,7,1,0
BRDA:100,8,0,0
BRDA:100,8,1,0
BRDA:135,9,0,0
BRDA:135,9,1,0
BRF:18
BRH:5
end_of_record
TN:
SF:src/client/components/ConfirmModal.tsx
FN:32,(anonymous_0)
FN:43,(anonymous_1)
FN:48,(anonymous_2)
FNF:3
FNH:3
FNDA:47,(anonymous_0)
FNDA:3,(anonymous_1)
FNDA:47,(anonymous_2)
DA:32,3
DA:43,47
DA:44,3
DA:45,3
DA:48,47
DA:49,47
DA:51,47
DA:53,22
DA:55,4
DA:58,21
DA:62,47
LF:11
LH:11
BRDA:36,0,0,47
BRDA:38,1,0,47
BRDA:39,2,0,47
BRDA:40,3,0,47
BRDA:41,4,0,47
BRDA:51,5,0,22
BRDA:51,5,1,4
BRDA:51,5,2,21
BRDA:51,5,3,21
BRDA:86,6,0,5
BRDA:86,6,1,42
BRF:11
BRH:11
end_of_record
TN:
SF:src/client/components/DashboardEditModal.tsx
FN:14,DashboardEditModal
FN:28,(anonymous_1)
FN:35,(anonymous_2)
FN:58,(anonymous_3)
FN:103,(anonymous_4)
FN:119,(anonymous_5)
FNF:6
FNH:6
FNDA:252,DashboardEditModal
FNDA:32,(anonymous_1)
FNDA:8,(anonymous_2)
FNDA:9,(anonymous_3)
FNDA:136,(anonymous_4)
FNDA:45,(anonymous_5)
DA:23,252
DA:24,252
DA:25,252
DA:28,252
DA:29,32
DA:30,30
DA:31,30
DA:35,252
DA:36,8
DA:38,8
DA:39,0
DA:42,8
DA:44,8
DA:45,8
DA:49,7
DA:54,8
DA:58,252
DA:59,9
DA:60,9
DA:61,9
DA:62,9
DA:66,252
DA:86,252
DA:103,136
DA:119,45
LF:25
LH:24
BRDA:20,0,0,252
BRDA:21,1,0,252
BRDA:29,2,0,30
BRDA:29,2,1,2
BRDA:38,3,0,0
BRDA:38,3,1,8
BRDA:47,4,0,8
BRDA:47,4,1,6
BRDA:78,5,0,252
BRDA:78,5,1,244
BRDA:81,6,0,8
BRDA:81,6,1,244
BRF:12
BRH:11
end_of_record
TN:
SF:src/client/components/DashboardFilterPanel.tsx
FN:33,(anonymous_0)
FN:49,(anonymous_1)
FN:53,(anonymous_2)
FN:57,(anonymous_3)
FN:64,(anonymous_4)
FN:71,(anonymous_5)
FN:83,(anonymous_6)
FN:88,(anonymous_7)
FN:104,(anonymous_8)
FN:121,(anonymous_9)
FN:122,(anonymous_10)
FN:130,(anonymous_11)
FN:131,(anonymous_12)
FN:142,(anonymous_13)
FN:144,(anonymous_14)
FN:149,(anonymous_15)
FN:172,(anonymous_16)
FN:231,(anonymous_17)
FNF:18
FNH:0
FNDA:0,(anonymous_0)
FNDA:0,(anonymous_1)
FNDA:0,(anonymous_2)
FNDA:0,(anonymous_3)
FNDA:0,(anonymous_4)
FNDA:0,(anonymous_5)
FNDA:0,(anonymous_6)
FNDA:0,(anonymous_7)
FNDA:0,(anonymous_8)
FNDA:0,(anonymous_9)
FNDA:0,(anonymous_10)
FNDA:0,(anonymous_11)
FNDA:0,(anonymous_12)
FNDA:0,(anonymous_13)
FNDA:0,(anonymous_14)
FNDA:0,(anonymous_15)
FNDA:0,(anonymous_16)
FNDA:0,(anonymous_17)
DA:33,0
DA:45,0
DA:46,0
DA:49,0
DA:50,0
DA:52,0
DA:53,0
DA:57,0
DA:64,0
DA:71,0
DA:83,0
DA:84,0
DA:88,0
DA:89,0
DA:98,0
DA:99,0
DA:104,0
DA:105,0
DA:116,0
DA:117,0
DA:121,0
DA:122,0
DA:123,0
DA:124,0
DA:125,0
DA:130,0
DA:131,0
DA:132,0
DA:135,0
DA:136,0
DA:137,0
DA:142,0
DA:144,0
DA:147,0
DA:149,0
DA:150,0
DA:154,0
DA:158,0
DA:161,0
DA:162,0
DA:163,0
DA:165,0
DA:166,0
DA:172,0
DA:173,0
DA:174,0
DA:178,0
DA:179,0
DA:183,0
DA:184,0
DA:187,0
DA:231,0
LF:52
LH:0
BRDA:42,0,0,0
BRDA:50,1,0,0
BRDA:50,1,1,0
BRDA:55,2,0,0
BRDA:55,2,1,0
BRDA:56,3,0,0
BRDA:56,3,1,0
BRDA:71,4,0,0
BRDA:71,4,1,0
BRDA:123,5,0,0
BRDA:123,5,1,0
BRDA:135,6,0,0
BRDA:135,6,1,0
BRDA:147,7,0,0
BRDA:147,7,1,0
BRDA:150,8,0,0
BRDA:150,8,1,0
BRDA:161,9,0,0
BRDA:161,9,1,0
BRDA:178,10,0,0
BRDA:178,10,1,0
BRDA:183,11,0,0
BRDA:183,11,1,0
BRDA:183,12,0,0
BRDA:183,12,1,0
BRDA:190,13,0,0
BRDA:190,13,1,0
BRDA:223,14,0,0
BRDA:223,14,1,0
BRDA:223,14,2,0
BRDA:223,14,3,0
BRF:31
BRH:0
end_of_record
TN:
SF:src/client/components/DashboardGrid.tsx
FN:56,findScrollableAncestor
FN:121,(anonymous_1)
FN:123,(anonymous_2)
FN:130,(anonymous_3)
FN:143,(anonymous_4)
FN:153,(anonymous_5)
FN:159,(anonymous_6)
FN:166,(anonymous_7)
FN:171,(anonymous_8)
FN:203,DashboardGrid
FN:234,(anonymous_10)
FN:247,(anonymous_11)
FN:311,(anonymous_12)
FN:316,(anonymous_13)
FN:323,(anonymous_14)
FN:355,(anonymous_15)
FN:357,(anonymous_16)
FN:360,(anonymous_17)
FN:370,(anonymous_18)
FN:378,(anonymous_19)
FN:379,(anonymous_20)
FN:387,(anonymous_21)
FN:392,(anonymous_22)
FN:402,(anonymous_23)
FN:413,(anonymous_24)
FN:414,(anonymous_25)
FN:452,(anonymous_26)
FN:463,(anonymous_27)
[...]
FNDA:11,(anonymous_4)
FNDA:33,(anonymous_5)
FNDA:1,(anonymous_6)
FNDA:8,(anonymous_7)
FNDA:7,(anonymous_8)
FNDA:9,(anonymous_9)
FNDA:7,(anonymous_10)
FNDA:6,(anonymous_11)
FNDA:51,createDuckDBExecutor
DA:15,16
DA:17,16
DA:18,4
DA:19,4
DA:20,3
DA:21,2
DA:23,1
DA:26,1
DA:27,1
DA:32,1
DA:38,12
DA:39,1
DA:42,11
DA:43,11
DA:46,6
DA:47,9
DA:50,1
DA:53,5
DA:54,5
DA:59,5
DA:67,6
DA:69,6
DA:70,4
DA:71,4
DA:74,2
DA:75,1
DA:76,1
DA:77,1
DA:78,1
DA:82,1
DA:84,1
DA:92,11
DA:94,7
DA:95,7
DA:98,13
DA:99,8
DA:101,5
DA:104,7
DA:112,33
DA:115,31
DA:118,27
DA:121,25
DA:123,6
DA:124,6
DA:125,6
DA:126,4
DA:131,2
DA:135,19
DA:137,19
DA:138,11
DA:142,8
DA:143,6
DA:148,2
DA:152,1
DA:165,8
DA:168,8
DA:169,1
DA:174,7
DA:176,7
DA:177,7
DA:179,7
DA:180,6
DA:181,4
DA:182,3
DA:184,2
DA:189,7
DA:190,7
DA:191,7
DA:192,6
DA:195,6
DA:200,6
DA:201,6
DA:208,7
DA:216,9
DA:217,2
DA:220,7
DA:221,1
DA:224,6
DA:226,7
DA:228,6
DA:241,5
DA:242,1
DA:245,6
DA:253,1
DA:254,1
DA:266,51
LF:86
LH:86
BRDA:15,0,0,16
BRDA:15,0,1,0
BRDA:15,1,0,16
BRDA:15,1,1,16
BRDA:17,2,0,4
BRDA:17,2,1,12
BRDA:20,3,0,2
BRDA:20,3,1,1
BRDA:28,4,0,1
BRDA:28,4,1,0
BRDA:38,5,0,1
BRDA:38,5,1,11
BRDA:46,6,0,5
BRDA:46,6,1,1
BRDA:55,7,0,5
BRDA:55,7,1,0
BRDA:69,8,0,4
BRDA:69,8,1,2
BRDA:69,9,0,6
BRDA:69,9,1,6
BRDA:74,10,0,1
BRDA:74,10,1,1
BRDA:74,11,0,2
BRDA:74,11,1,2
BRDA:76,12,0,1
BRDA:76,12,1,0
BRDA:76,13,0,1
BRDA:76,13,1,1
BRDA:92,14,0,4
BRDA:92,14,1,7
BRDA:92,15,0,11
BRDA:92,15,1,9
BRDA:98,16,0,8
BRDA:98,16,1,5
BRDA:98,17,0,13
BRDA:98,17,1,11
BRDA:112,18,0,2
BRDA:112,18,1,31
BRDA:115,19,0,4
BRDA:115,19,1,27
BRDA:118,20,0,2
BRDA:118,20,1,25
BRDA:121,21,0,6
BRDA:121,21,1,19
BRDA:121,22,0,25
BRDA:121,22,1,24
BRDA:123,23,0,6
BRDA:123,23,1,0
BRDA:125,24,0,4
BRDA:125,24,1,2
BRDA:126,25,0,2
BRDA:126,25,1,2
BRDA:135,26,0,19
BRDA:135,26,1,0
BRDA:137,27,0,11
BRDA:137,27,1,8
BRDA:138,28,0,3
BRDA:138,28,1,8
BRDA:142,29,0,6
BRDA:142,29,1,2
BRDA:142,30,0,8
BRDA:142,30,1,6
BRDA:165,31,0,1
BRDA:165,31,1,7
BRDA:168,32,0,1
BRDA:168,32,1,7
BRDA:179,33,0,1
BRDA:179,33,1,6
BRDA:180,34,0,2
BRDA:180,34,1,4
BRDA:181,35,0,1
BRDA:181,35,1,3
BRDA:181,36,0,1
BRDA:181,36,1,0
BRDA:182,37,0,1
BRDA:182,37,1,2
BRDA:190,38,0,7
BRDA:190,38,1,0
BRDA:192,39,0,6
BRDA:192,39,1,0
BRDA:192,40,0,6
BRDA:192,40,1,6
BRDA:195,41,0,6
BRDA:195,41,1,1
BRDA:195,41,2,0
BRDA:195,41,3,0
BRDA:195,41,4,0
BRDA:200,42,0,6
BRDA:200,42,1,0
BRDA:216,43,0,2
BRDA:216,43,1,7
BRDA:216,44,0,9
BRDA:216,44,1,8
BRDA:220,45,0,1
BRDA:220,45,1,6
BRDA:241,46,0,1
BRDA:241,46,1,4
BRDA:248,47,0,6
BRDA:248,47,1,0
BRF:99
BRH:85
end_of_record
TN:
SF:src/server/executors/index.ts
FN:28,createDatabaseExecutor
FNF:1
FNH:1
FNDA:101,createDatabaseExecutor
DA:34,101
DA:35,95
DA:37,95
DA:39,0
DA:41,0
DA:43,0
DA:45,0
DA:50,6
DA:52,0
DA:53,6
DA:56,5
DA:58,1
LF:12
LH:7
BRDA:34,0,0,95
BRDA:34,0,1,6
BRDA:35,1,0,95
BRDA:35,1,1,0
BRDA:35,1,2,0
BRDA:35,1,3,0
BRDA:35,1,4,0
BRDA:50,2,0,0
BRDA:50,2,1,6
BRDA:50,3,0,6
BRDA:50,3,1,0
BRDA:53,4,0,5
BRDA:53,4,1,1
BRF:13
BRH:7
end_of_record
TN:
SF:src/server/executors/mysql-executor.ts
FN:13,(anonymous_0)
FN:19,(anonymous_1)
FN:29,(anonymous_2)
FN:37,(anonymous_3)
FN:56,(anonymous_4)
FN:80,(anonymous_5)
FN:87,(anonymous_6)
FN:95,(anonymous_7)
FN:149,(anonymous_8)
FN:160,(anonymous_9)
FN:180,(anonymous_10)
FN:197,createMySQLExecutor
FNF:12
FNH:7
FNDA:6,(anonymous_0)
FNDA:1,(anonymous_1)
FNDA:2,(anonymous_2)
FNDA:3,(anonymous_3)
FNDA:14,(anonymous_4)
FNDA:1,(anonymous_5)
FNDA:0,(anonymous_6)
FNDA:0,(anonymous_7)
FNDA:0,(anonymous_8)
FNDA:0,(anonymous_9)
FNDA:0,(anonymous_10)
FNDA:12,createMySQLExecutor
DA:15,6
DA:17,1
DA:18,1
DA:19,1
DA:21,0
DA:24,5
DA:25,2
DA:27,3
DA:28,3
DA:29,2
DA:31,1
DA:38,3
DA:40,3
DA:41,3
DA:44,4
DA:45,3
DA:47,1
DA:50,3
DA:58,14
DA:61,12
DA:64,10
DA:66,10
DA:67,6
DA:71,4
DA:72,2
DA:77,2
DA:81,1
DA:93,0
DA:94,0
DA:95,0
DA:96,0
DA:97,0
DA:98,0
DA:99,0
DA:100,0
DA:102,0
DA:107,0
DA:109,0
DA:110,0
DA:114,0
DA:120,0
DA:121,0
DA:122,0
DA:123,0
DA:124,0
DA:143,0
DA:150,0
DA:151,0
DA:154,0
DA:155,0
DA:158,0
DA:160,0
DA:162,0
DA:176,0
DA:177,0
DA:180,0
DA:188,0
DA:189,0
DA:201,12
LF:59
LH:27
BRDA:15,0,0,1
BRDA:15,0,1,5
BRDA:15,1,0,6
BRDA:15,1,1,6
BRDA:15,1,2,6
BRDA:18,2,0,1
BRDA:18,2,1,0
BRDA:24,3,0,2
BRDA:24,3,1,3
BRDA:28,4,0,2
BRDA:28,4,1,1
BRDA:38,5,0,0
BRDA:38,5,1,3
BRDA:38,6,0,3
BRDA:38,6,1,3
BRDA:44,7,0,3
BRDA:44,7,1,1
BRDA:44,8,0,4
BRDA:44,8,1,4
BRDA:58,9,0,2
BRDA:58,9,1,12
BRDA:61,10,0,2
BRDA:61,10,1,10
BRDA:64,11,0,10
BRDA:64,11,1,0
BRDA:66,12,0,6
BRDA:66,12,1,4
BRDA:67,13,0,2
BRDA:67,13,1,4
BRDA:71,14,0,2
BRDA:71,14,1,2
BRDA:71,15,0,4
BRDA:71,15,1,2
BRDA:97,16,0,0
BRDA:97,16,1,0
BRDA:98,17,0,0
BRDA:98,17,1,0
BRDA:99,18,0,0
BRDA:99,18,1,0
BRDA:99,19,0,0
BRDA:99,19,1,0
BRDA:100,20,0,0
BRDA:100,20,1,0
BRDA:107,21,0,0
BRDA:107,21,1,0
BRDA:109,22,0,0
BRDA:109,22,1,0
BRDA:121,23,0,0
BRDA:121,23,1,0
BRDA:123,24,0,0
BRDA:123,24,1,0
BRDA:123,25,0,0
BRDA:123,25,1,0
BRDA:125,26,0,0
BRDA:125,26,1,0
BRDA:126,27,0,0
BRDA:126,27,1,0
BRDA:127,28,0,0
BRDA:127,28,1,0
BRDA:128,29,0,0
BRDA:128,29,1,0
BRDA:129,30,0,0
BRDA:129,30,1,0
BRDA:130,31,0,0
BRDA:130,31,1,0
BRDA:131,32,0,0
BRDA:131,32,1,0
BRDA:132,33,0,0
BRDA:132,33,1,0
BRDA:133,34,0,0
BRDA:133,34,1,0
BRDA:134,35,0,0
BRDA:134,35,1,0
BRDA:135,36,0,0
BRDA:135,36,1,0
BRDA:136,37,0,0
BRDA:136,37,1,0
BRDA:150,38,0,0
BRDA:150,38,1,0
BRDA:150,39,0,0
BRDA:150,39,1,0
BRDA:154,40,0,0
BRDA:154,40,1,0
BRDA:176,41,0,0
BRDA:176,41,1,0
BRF:85
BRH:30
end_of_record
TN:
SF:src/server/executors/postgres-executor.ts
FN:13,(anonymous_0)
FN:20,(anonymous_1)
FN:35,(anonymous_2)
FN:44,(anonymous_3)
FN:63,(anonymous_4)
FN:113,(anonymous_5)
FN:120,(anonymous_6)
FN:136,(anonymous_7)
FN:173,(anonymous_8)
FN:184,(anonymous_9)
FN:209,(anonymous_10)
FN:226,createPostgresExecutor
FNF:12
FNH:7
FNDA:866,(anonymous_0)
FNDA:35447,(anonymous_1)
FNDA:3,(anonymous_2)
FNDA:35450,(anonymous_3)
FNDA:104339,(anonymous_4)
FNDA:21,(anonymous_5)
FNDA:0,(anonymous_6)
FNDA:0,(anonymous_7)
FNDA:0,(anonymous_8)
FNDA:0,(anonymous_9)
FNDA:0,(anonymous_10)
FNDA:232,createPostgresExecutor
DA:15,866
DA:17,866
DA:18,861
DA:19,848
DA:20,35447
DA:22,0
DA:28,5
DA:29,1
DA:31,4
DA:34,4
DA:35,3
DA:38,1
DA:45,35450
DA:47,35450
DA:48,35450
DA:51,180696
DA:52,104311
DA:54,76385
DA:57,35450
DA:65,104339
DA:68,104182
DA:71,87168
DA:74,87166
DA:76,10
DA:77,10
DA:78,10
DA:79,8
DA:84,2
DA:88,0
DA:89,0
DA:93,2
DA:97,87156
DA:99,87156
DA:100,87148
DA:104,8
DA:105,6
DA:110,2
DA:114,21
DA:126,0
DA:129,0
DA:130,0
DA:135,0
DA:137,0
DA:138,0
DA:140,0
DA:141,0
DA:142,0
DA:143,0
DA:145,0
DA:150,0
DA:151,0
DA:152,0
DA:153,0
DA:156,0
DA:159,0
DA:160,0
DA:167,0
DA:174,0
DA:175,0
DA:178,0
DA:179,0
DA:182,0
DA:184,0
DA:186,0
DA:205,0
DA:206,0
DA:209,0
DA:217,0
DA:218,0
DA:230,232
LF:70
LH:36
BRDA:15,0,0,866
BRDA:15,0,1,0
BRDA:15,1,0,866
BRDA:15,1,1,866
BRDA:17,2,0,861
BRDA:17,2,1,5
BRDA:19,3,0,848
BRDA:19,3,1,0
BRDA:28,4,0,1
BRDA:28,4,1,4
BRDA:34,5,0,3
BRDA:34,5,1,1
BRDA:45,6,0,0
BRDA:45,6,1,35450
BRDA:45,7,0,35450
BRDA:45,7,1,35450
BRDA:51,8,0,104311
BRDA:51,8,1,76385
BRDA:51,9,0,180696
BRDA:51,9,1,180644
BRDA:65,10,0,157
BRDA:65,10,1,104182
BRDA:68,11,0,17014
BRDA:68,11,1,87168
BRDA:71,12,0,2
BRDA:71,12,1,87166
BRDA:74,13,0,10
BRDA:74,13,1,87156
BRDA:74,14,0,87166
BRDA:74,14,1,87165
BRDA:76,15,0,10
BRDA:76,15,1,0
BRDA:78,16,0,8
BRDA:78,16,1,2
BRDA:79,17,0,6
BRDA:79,17,1,2
BRDA:84,18,0,0
BRDA:84,18,1,2
BRDA:84,19,0,2
BRDA:84,19,1,2
BRDA:84,19,2,2
BRDA:84,19,3,2
BRDA:97,20,0,87156
BRDA:97,20,1,0
BRDA:99,21,0,87148
BRDA:99,21,1,8
BRDA:100,22,0,22411
BRDA:100,22,1,64737
BRDA:104,23,0,6
BRDA:104,23,1,2
BRDA:104,24,0,8
BRDA:104,24,1,6
BRDA:126,25,0,0
BRDA:126,25,1,0
BRDA:129,26,0,0
BRDA:129,26,1,0
BRDA:140,27,0,0
BRDA:140,27,1,0
BRDA:141,28,0,0
BRDA:141,28,1,0
BRDA:142,29,0,0
BRDA:142,29,1,0
BRDA:142,30,0,0
BRDA:142,30,1,0
BRDA:143,31,0,0
BRDA:143,31,1,0
BRDA:151,32,0,0
BRDA:151,32,1,0
BRDA:153,33,0,0
BRDA:153,33,1,0
BRDA:153,34,0,0
BRDA:153,34,1,0
BRDA:156,35,0,0
BRDA:156,35,1,0
BRDA:156,35,2,0
BRDA:159,36,0,0
BRDA:159,36,1,0
BRDA:174,37,0,0
BRDA:174,37,1,0
BRDA:174,38,0,0
BRDA:174,38,1,0
BRDA:178,39,0,0
BRDA:178,39,1,0
BRDA:205,40,0,0
BRDA:205,40,1,0
BRF:85
BRH:46
end_of_record
TN:
SF:src/server/executors/singlestore-executor.ts
FN:11,(anonymous_0)
FN:23,createSingleStoreExecutor
FNF:2
FNH:2
FNDA:7,(anonymous_0)
FNDA:6,createSingleStoreExecutor
DA:12,7
DA:27,6
LF:2
LH:2
BRF:0
BRH:0
end_of_record
TN:
SF:src/server/executors/sqlite-executor.ts
FN:13,(anonymous_0)
FN:19,(anonymous_1)
FN:31,(anonymous_2)
FN:49,(anonymous_3)
FN:68,(anonymous_4)
FN:92,(anonymous_5)
FN:100,(anonymous_6)
FN:108,(anonymous_7)
FN:151,(anonymous_8)
FN:212,createSQLiteExecutor
FNF:10
FNH:7
FNDA:7,(anonymous_0)
FNDA:1,(anonymous_1)
FNDA:1,(anonymous_2)
FNDA:2,(anonymous_3)
FNDA:8,(anonymous_4)
FNDA:1,(anonymous_5)
FNDA:0,(anonymous_6)
FNDA:0,(anonymous_7)
FNDA:0,(anonymous_8)
FNDA:14,createSQLiteExecutor
DA:15,7
DA:17,1
DA:18,1
DA:19,1
DA:21,0
DA:25,6
DA:28,6
DA:29,4
DA:30,4
DA:31,1
DA:33,1
DA:34,2
DA:36,1
DA:37,1
DA:39,1
DA:42,3
DA:50,2
DA:52,2
DA:53,2
DA:56,4
DA:57,2
DA:59,2
DA:62,2
DA:70,8
DA:73,6
DA:76,5
DA:78,5
DA:79,4
DA:83,1
DA:84,1
DA:89,0
DA:93,1
DA:106,0
DA:107,0
DA:108,0
DA:109,0
DA:110,0
DA:111,0
DA:112,0
DA:113,0
DA:115,0
DA:119,0
DA:122,0
DA:123,0
DA:124,0
DA:126,0
DA:130,0
DA:131,0
DA:132,0
DA:133,0
DA:134,0
DA:145,0
DA:152,0
DA:153,0
DA:156,0
DA:157,0
DA:160,0
DA:161,0
DA:163,0
DA:165,0
DA:169,0
DA:171,0
DA:172,0
DA:173,0
DA:174,0
DA:177,0
DA:181,0
DA:182,0
DA:183,0
DA:184,0
DA:185,0
DA:186,0
DA:191,0
DA:201,0
DA:203,0
DA:204,0
DA:216,14
LF:77
LH:31
BRDA:15,0,0,1
BRDA:15,0,1,6
BRDA:15,1,0,7
BRDA:15,1,1,7
BRDA:15,1,2,7
BRDA:18,2,0,1
BRDA:18,2,1,0
BRDA:28,3,0,4
BRDA:28,3,1,2
BRDA:30,4,0,1
BRDA:30,4,1,3
BRDA:34,5,0,1
BRDA:34,5,1,1
BRDA:42,6,0,2
BRDA:42,6,1,1
BRDA:50,7,0,0
BRDA:50,7,1,2
BRDA:50,8,0,2
BRDA:50,8,1,2
BRDA:56,9,0,2
BRDA:56,9,1,2
BRDA:56,10,0,4
BRDA:56,10,1,4
BRDA:70,11,0,2
BRDA:70,11,1,6
BRDA:73,12,0,1
BRDA:73,12,1,5
BRDA:76,13,0,5
BRDA:76,13,1,0
BRDA:78,14,0,4
BRDA:78,14,1,1
BRDA:79,15,0,1
BRDA:79,15,1,3
BRDA:83,16,0,1
BRDA:83,16,1,0
BRDA:83,17,0,1
BRDA:83,17,1,1
BRDA:110,18,0,0
BRDA:110,18,1,0
BRDA:111,19,0,0
BRDA:111,19,1,0
BRDA:112,20,0,0
BRDA:112,20,1,0
BRDA:112,21,0,0
BRDA:112,21,1,0
BRDA:113,22,0,0
BRDA:113,22,1,0
BRDA:123,23,0,0
BRDA:123,23,1,0
BRDA:131,24,0,0
BRDA:131,24,1,0
BRDA:133,25,0,0
BRDA:133,25,1,0
BRDA:133,26,0,0
BRDA:133,26,1,0
BRDA:135,27,0,0
BRDA:135,27,1,0
BRDA:136,28,0,0
BRDA:136,28,1,0
BRDA:137,29,0,0
BRDA:137,29,1,0
BRDA:138,30,0,0
BRDA:138,30,1,0
BRDA:152,31,0,0
BRDA:152,31,1,0
BRDA:152,32,0,0
BRDA:152,32,1,0
BRDA:156,33,0,0
BRDA:156,33,1,0
BRDA:169,34,0,0
BRDA:169,34,1,0
BRDA:182,35,0,0
BRDA:182,35,1,0
BRDA:185,36,0,0
BRDA:185,36,1,0
BRF:75
BRH:33
end_of_record
TN:
SF:src/server/explain/duckdb-parser.ts
FN:32,parseDuckDBExplain
FN:109,countTreeIndent
FN:124,parseDuckDBOperationLine
FNF:3
FNH:3
FNDA:52,parseDuckDBExplain
FNDA:95,countTreeIndent
FNDA:98,parseDuckDBOperationLine
DA:36,52
DA:37,52
DA:38,52
DA:42,52
DA:44,52
DA:46,108
DA:47,101
DA:50,98
DA:51,98
DA:53,95
DA:54,47
DA:56,95
DA:57,11
DA:61,95
DA:62,1
DA:66,95
DA:69,95
DA:70,19
DA:73,95
DA:75,52
DA:78,43
DA:79,43
DA:80,28
DA:82,43
DA:85,95
DA:89,52
DA:98,52
DA:110,95
DA:111,95
DA:112,351
DA:113,256
DA:115,95
DA:118,95
DA:126,98
DA:131,98
DA:142,96
DA:143,96
DA:145,1
DA:149,95
DA:153,95
DA:155,0
DA:156,0
DA:157,0
DA:162,0
DA:165,95
DA:166,95
DA:167,98
DA:168,98
DA:169,98
DA:173,98
DA:176,11
DA:177,11
DA:178,11
DA:179,11
DA:182,95
DA:190,95
LF:56
LH:52
BRDA:46,0,0,7
BRDA:46,0,1,101
BRDA:47,1,0,3
BRDA:47,1,1,98
BRDA:51,2,0,95
BRDA:51,2,1,3
BRDA:53,3,0,47
BRDA:53,3,1,48
BRDA:53,4,0,95
BRDA:53,4,1,50
BRDA:56,5,0,11
BRDA:56,5,1,84
BRDA:56,6,0,95
BRDA:56,6,1,11
BRDA:61,7,0,1
BRDA:61,7,1,94
BRDA:61,8,0,95
BRDA:61,8,1,48
BRDA:69,9,0,95
BRDA:69,9,1,62
BRDA:73,10,0,52
BRDA:73,10,1,43
BRDA:79,11,0,28
BRDA:79,11,1,15
BRDA:112,12,0,256
BRDA:112,12,1,95
BRDA:112,13,0,351
BRDA:112,13,1,236
BRDA:112,13,2,221
BRDA:112,13,3,206
BRDA:112,13,4,179
BRDA:131,14,0,2
BRDA:131,14,1,96
BRDA:143,15,0,1
BRDA:143,15,1,95
BRDA:153,16,0,0
BRDA:153,16,1,95
BRDA:156,17,0,0
BRDA:156,17,1,0
BRDA:166,18,0,95
BRDA:166,18,1,30
BRDA:167,19,0,98
BRDA:167,19,1,85
BRDA:168,20,0,5
BRDA:168,20,1,90
BRDA:169,21,0,5
BRDA:169,21,1,90
BRDA:173,22,0,11
BRDA:173,22,1,87
BRF:49
BRH:46
end_of_record
TN:
SF:src/server/explain/index.ts
FNF:0
FNH:0
LF:0
LH:0
BRF:0
BRH:0
end_of_record
TN:
SF:src/server/explain/mysql-parser.ts
FN:30,mapMySQLAccessType
FN:69,parseMySQLExplain
FN:143,(anonymous_2)
FNF:3
FNH:3
FNDA:53,mapMySQLAccessType
FNDA:41,parseMySQLExplain
FNDA:53,(anonymous_2)
DA:31,53
DA:33,53
DA:35,30
DA:37,5
DA:41,1
DA:44,13
DA:47,2
DA:49,1
DA:51,1
DA:73,41
DA:74,41
DA:75,41
DA:76,41
DA:78,41
DA:79,53
DA:82,53
DA:83,30
DA:87,53
DA:88,19
DA:92,53
DA:102,53
DA:103,10
DA:105,10
DA:106,6
DA:108,10
DA:109,2
DA:111,10
DA:112,2
DA:114,10
DA:115,2
DA:118,10
DA:119,9
DA:123,10
DA:126,53
DA:127,53
DA:130,41
DA:140,41
DA:144,53
DA:148,41
LF:39
LH:39
BRDA:31,0,0,53
BRDA:31,0,1,43
BRDA:33,1,0,30
BRDA:33,1,1,5
BRDA:33,1,2,1
BRDA:33,1,3,9
BRDA:33,1,4,13
BRDA:33,1,5,1
BRDA:33,1,6,2
BRDA:33,1,7,1
BRDA:33,1,8,1
BRDA:37,2,0,2
BRDA:37,2,1,3
BRDA:82,3,0,30
BRDA:82,3,1,23
BRDA:87,4,0,19
BRDA:87,4,1,34
BRDA:94,5,0,53
BRDA:94,5,1,2
BRDA:95,6,0,53
BRDA:95,6,1,34
BRDA:102,7,0,10
BRDA:102,7,1,43
BRDA:105,8,0,6
BRDA:105,8,1,4
BRDA:108,9,0,2
BRDA:108,9,1,8
BRDA:111,10,0,2
BRDA:111,10,1,8
BRDA:114,11,0,2
BRDA:114,11,1,8
BRDA:118,12,0,9
BRDA:118,12,1,1
BRDA:144,13,0,53
BRDA:144,13,1,2
BRDA:144,14,0,53
BRDA:144,14,1,53
BRDA:144,15,0,53
BRDA:144,15,1,34
BRDA:144,16,0,53
BRDA:144,16,1,43
BRF:41
BRH:41
end_of_record
TN:
SF:src/server/explain/postgres-parser.ts
FN:21,parsePostgresExplain
FN:109,parsePostgresOperationLine
FNF:2
FNH:2
FNDA:35,parsePostgresExplain
FNDA:71,parsePostgresOperationLine
DA:25,35
DA:26,35
DA:27,35
DA:33,35
DA:35,35
DA:37,85
DA:38,85
DA:39,9
DA:40,9
DA:43,76
DA:44,76
DA:45,5
DA:46,5
DA:50,71
DA:51,71
DA:53,69
DA:54,0
DA:56,69
DA:57,0
DA:61,69
DA:62,0
DA:66,69
DA:69,69
DA:70,15
DA:73,69
DA:75,35
DA:78,34
DA:79,34
DA:80,22
DA:82,34
DA:85,69
DA:89,35
DA:98,35
DA:111,71
DA:112,71
DA:120,69
DA:124,69
DA:126,0
DA:127,0
DA:128,0
DA:132,0
DA:133,0
DA:134,0
DA:137,0
DA:140,69
DA:141,69
DA:142,71
DA:144,71
DA:145,71
DA:146,71
DA:148,71
DA:156,71
DA:157,0
DA:161,69
DA:162,69
DA:163,1
DA:166,69
LF:57
LH:46
BRDA:38,0,0,9
BRDA:38,0,1,76
BRDA:44,1,0,5
BRDA:44,1,1,71
BRDA:51,2,0,69
BRDA:51,2,1,2
BRDA:53,3,0,0
BRDA:53,3,1,69
BRDA:56,4,0,0
BRDA:56,4,1,69
BRDA:61,5,0,0
BRDA:61,5,1,69
BRDA:61,6,0,69
BRDA:61,6,1,33
BRDA:69,7,0,69
BRDA:69,7,1,49
BRDA:73,8,0,35
BRDA:73,8,1,34
BRDA:79,9,0,22
BRDA:79,9,1,12
BRDA:112,10,0,2
BRDA:112,10,1,69
BRDA:124,11,0,0
BRDA:124,11,1,69
BRDA:127,12,0,0
BRDA:127,12,1,0
BRDA:133,13,0,0
BRDA:133,13,1,0
BRDA:141,14,0,69
BRDA:141,14,1,69
BRDA:142,15,0,71
BRDA:142,15,1,69
BRDA:144,16,0,0
BRDA:144,16,1,69
BRDA:145,17,0,0
BRDA:145,17,1,69
BRDA:146,18,0,0
BRDA:146,18,1,69
BRDA:156,19,0,0
BRDA:156,19,1,71
BRDA:162,20,0,1
BRDA:162,20,1,68
BRF:42
BRH:30
end_of_record
TN:
SF:src/server/explain/sqlite-parser.ts
FN:28,parseSQLiteDetail
FN:120,parseSQLiteExplain
FN:183,(anonymous_2)
FNF:3
FNH:3
FNDA:57,parseSQLiteDetail
FNDA:39,parseSQLiteExplain
FNDA:57,(anonymous_2)
DA:34,57
DA:37,57
DA:38,57
DA:39,21
DA:46,36
DA:49,36
DA:50,15
DA:59,21
DA:62,21
DA:63,3
DA:71,18
DA:72,18
DA:73,2
DA:80,16
DA:81,5
DA:82,2
DA:84,3
DA:85,1
DA:87,2
DA:88,1
DA:90,1
DA:94,11
DA:95,4
DA:99,7
DA:100,3
DA:104,4
DA:105,2
DA:109,2
DA:124,39
DA:125,39
DA:126,39
DA:129,39
DA:131,39
DA:132,57
DA:135,57
DA:136,21
DA:140,57
DA:141,15
DA:144,57
DA:152,57
DA:155,57
DA:156,46
DA:158,11
DA:159,11
DA:160,10
DA:161,8
DA:163,10
DA:166,1
DA:171,39
DA:181,39
DA:183,57
DA:186,39
LF:52
LH:52
BRDA:38,0,0,21
BRDA:38,0,1,36
BRDA:49,1,0,15
BRDA:49,1,1,21
BRDA:62,2,0,3
BRDA:62,2,1,18
BRDA:72,3,0,2
BRDA:72,3,1,16
BRDA:80,4,0,5
BRDA:80,4,1,11
BRDA:81,5,0,2
BRDA:81,5,1,3
BRDA:84,6,0,1
BRDA:84,6,1,2
BRDA:87,7,0,1
BRDA:87,7,1,1
BRDA:94,8,0,4
BRDA:94,8,1,7
BRDA:99,9,0,3
BRDA:99,9,1,4
BRDA:104,10,0,2
BRDA:104,10,1,2
BRDA:135,11,0,21
BRDA:135,11,1,36
BRDA:140,12,0,15
BRDA:140,12,1,42
BRDA:155,13,0,46
BRDA:155,13,1,11
BRDA:159,14,0,10
BRDA:159,14,1,1
BRDA:160,15,0,8
BRDA:160,15,1,2
BRF:32
BRH:32
end_of_record
TN:
SF:src/server/prompts/explain-analysis-prompt.ts
FN:286,buildExplainAnalysisPrompt
FN:313,formatCubeSchemaForExplain
FN:321,(anonymous_2)
FN:324,(anonymous_3)
FN:327,(anonymous_4)
FN:361,formatExistingIndexes
FNF:6
FNH:6
FNDA:10,buildExplainAnalysisPrompt
FNDA:7,formatCubeSchemaForExplain
FNDA:5,(anonymous_2)
FNDA:7,(anonymous_3)
FNDA:1,(anonymous_4)
FNDA:10,formatExistingIndexes
DA:30,50
DA:295,10
DA:314,7
DA:316,7
DA:317,7
DA:321,5
DA:324,7
DA:327,1
DA:335,7
DA:336,7
DA:337,7
DA:338,2
DA:343,2
DA:347,7
DA:348,1
DA:352,7
DA:370,10
DA:371,2
DA:375,8
DA:376,8
DA:377,13
DA:378,10
DA:380,13
DA:383,8
DA:384,8
DA:385,10
DA:386,10
DA:387,13
DA:388,13
DA:389,13
DA:390,13
DA:391,13
DA:393,10
DA:396,8
LF:34
LH:34
BRDA:303,0,0,10
BRDA:303,0,1,9
BRDA:327,1,0,7
BRDA:327,1,1,6
BRDA:337,2,0,2
BRDA:337,2,1,5
BRDA:347,3,0,1
BRDA:347,3,1,6
BRDA:370,4,0,2
BRDA:370,4,1,8
BRDA:370,5,0,10
BRDA:370,5,1,9
BRDA:377,6,0,10
BRDA:377,6,1,3
BRDA:388,7,0,4
BRDA:388,7,1,9
BRDA:389,8,0,2
BRDA:389,8,1,11
BRDA:389,9,0,13
BRDA:389,9,1,3
BRDA:390,10,0,6
BRDA:390,10,1,7
BRF:22
BRH:22
end_of_record
TN:
SF:src/server/prompts/index.ts
FNF:0
FNH:0
LF:0
LH:0
BRF:0
BRH:0
end_of_record
TN:
SF:src/server/prompts/single-step-prompt.ts
FN:169,buildSystemPrompt
FNF:1
FNH:1
FNDA:8,buildSystemPrompt
DA:24,50
DA:170,8
LF:2
LH:2
BRF:0
BRH:0
end_of_record
TN:
SF:src/server/prompts/step0-validation-prompt.ts
FN:87,buildStep0Prompt
FNF:1
FNH:1
FNDA:6,buildStep0Prompt
DA:34,50
DA:88,6
LF:2
LH:2
BRF:0
BRH:0
end_of_record
TN:
SF:src/server/prompts/step1-shape-prompt.ts
FN:59,buildStep1Prompt
FNF:1
FNH:1
FNDA:6,buildStep1Prompt
DA:22,50
DA:60,6
LF:2
LH:2
BRF:0
BRH:0
end_of_record
TN:
SF:src/server/prompts/step2-complete-prompt.ts
FN:90,buildStep2Prompt
FNF:1
FNH:1
FNDA:9,buildStep2Prompt
DA:24,50
DA:95,9
DA:97,9
LF:3
LH:3
BRF:0
BRH:0
end_of_record
TN:
SF:src/server/types/analysis.ts
FNF:0
FNH:0
LF:0
LH:0
BRF:0
BRH:0
end_of_record
TN:
SF:src/server/types/cache.ts
FNF:0
FNH:0
LF:0
LH:0
BRF:0
BRH:0
end_of_record
TN:
SF:src/server/types/core.ts
FNF:0
FNH:0
LF:0
LH:0
BRF:0
BRH:0
end_of_record
TN:
SF:src/server/types/cube.ts
FNF:0
FNH:0
LF:0
LH:0
BRF:0
BRH:0
end_of_record
TN:
SF:src/server/types/executor.ts
FNF:0
FNH:0
LF:0
LH:0
BRF:0
BRH:0
end_of_record
TN:
SF:src/server/types/flow.ts
FNF:0
FNH:0
DA:186,0
DA:189,0
LF:2
LH:0
BRF:0
BRH:0
end_of_record
TN:
SF:src/server/types/funnel.ts
FN:140,isMultiCubeStep
FN:147,isMultiCubeBindingKey
FN:156,isMultiCubeTimeDimension
FNF:3
FNH:0
FNDA:0,isMultiCubeStep
FNDA:0,isMultiCubeBindingKey
FNDA:0,isMultiCubeTimeDimension
DA:141,0
DA:150,0
DA:159,0
LF:3
LH:0
BRDA:141,0,0,0
BRDA:141,0,1,0
BRF:2
BRH:0
end_of_record
TN:
SF:src/server/types/index.ts
FNF:0
FNH:0
LF:0
LH:0
BRF:0
BRH:0
end_of_record
TN:
SF:src/server/types/metadata.ts
FNF:0
FNH:0
LF:0
LH:0
BRF:0
BRH:0
end_of_record
TN:
SF:src/server/types/query.ts
FNF:0
FNH:0
LF:0
LH:0
BRF:0
BRH:0
end_of_record
TN:
SF:src/server/types/retention.ts
FN:149,isRetentionMultiCubeBindingKey
FN:158,isRetentionMultiCubeTimeDimension
FN:167,isRetentionQuery
FN:180,extractCubeFromTimeDimension
FN:197,extractDimensionFromTimeDimension
FNF:5
FNH:4
FNDA:36,isRetentionMultiCubeBindingKey
FNDA:72,isRetentionMultiCubeTimeDimension
FNDA:0,isRetentionQuery
FNDA:36,extractCubeFromTimeDimension
FNDA:36,extractDimensionFromTimeDimension
DA:152,36
DA:161,72
DA:168,0
DA:169,0
DA:170,0
DA:183,36
DA:184,0
DA:187,36
DA:188,36
DA:189,0
DA:191,36
DA:200,36
DA:201,0
DA:204,36
DA:205,36
DA:206,0
DA:208,36
LF:17
LH:10
BRDA:161,0,0,72
BRDA:161,0,1,0
BRDA:161,0,2,0
BRDA:168,1,0,0
BRDA:168,1,1,0
BRDA:168,2,0,0
BRDA:168,2,1,0
BRDA:171,3,0,0
BRDA:171,3,1,0
BRDA:171,3,2,0
BRDA:183,4,0,0
BRDA:183,4,1,36
BRDA:188,5,0,0
BRDA:188,5,1,36
BRDA:200,6,0,0
BRDA:200,6,1,36
BRDA:205,7,0,0
BRDA:205,7,1,36
BRF:18
BRH:5
end_of_record
TN:
SF:src/server/types/utils.ts
FNF:0
FNH:0
LF:0
LH:0
BRF:0
BRH:0
end_of_record
