TN:
SF:src/adapters/utils.ts
FN:17,calculateQueryComplexity
FN:32,generateRequestId
FN:41,buildTransformedQuery
FN:73,getDatabaseType
FN:87,handleDryRun
FN:101,(anonymous_5)
FN:106,(anonymous_6)
FN:112,(anonymous_7)
FN:117,(anonymous_8)
FN:139,(anonymous_9)
FN:142,(anonymous_10)
FN:143,(anonymous_11)
FN:188,formatCubeResponse
FN:225,formatSqlString
FN:251,formatSqlResponse
FN:265,formatMetaResponse
FN:274,formatErrorResponse
FN:290,handleBatchRequest
FN:298,(anonymous_18)
FN:308,(anonymous_19)
FNF:20
FNH:18
FNDA:15,calculateQueryComplexity
FNDA:45,generateRequestId
FNDA:45,buildTransformedQuery
FNDA:42,getDatabaseType
FNDA:12,handleDryRun
FNDA:9,(anonymous_5)
FNDA:9,(anonymous_6)
FNDA:0,(anonymous_7)
FNDA:0,(anonymous_8)
FNDA:9,(anonymous_9)
FNDA:9,(anonymous_10)
FNDA:9,(anonymous_11)
FNDA:42,formatCubeResponse
FNDA:22,formatSqlString
FNDA:10,formatSqlResponse
FNDA:16,formatMetaResponse
FNDA:25,formatErrorResponse
FNDA:11,handleBatchRequest
FNDA:23,(anonymous_18)
FNDA:23,(anonymous_19)
DA:18,15
DA:19,15
DA:20,15
DA:21,15
DA:22,15
DA:24,15
DA:25,2
DA:26,1
DA:33,45
DA:34,45
DA:35,45
DA:42,45
DA:43,45
DA:44,45
DA:46,45
DA:75,42
DA:76,42
DA:77,42
DA:78,0
DA:81,42
DA:93,12
DA:94,12
DA:95,3
DA:99,9
DA:101,9
DA:102,9
DA:103,9
DA:106,12
DA:107,9
DA:108,9
DA:112,12
DA:113,0
DA:114,0
DA:117,12
DA:118,0
DA:119,0
DA:120,0
DA:125,12
DA:129,12
DA:131,0
DA:134,9
DA:135,9
DA:139,9
DA:142,9
DA:143,9
DA:154,9
DA:155,9
DA:158,0
DA:162,9
DA:193,42
DA:194,42
DA:195,42
DA:196,42
DA:198,42
DA:226,22
DA:228,22
DA:235,22
DA:243,1
DA:244,1
DA:255,10
DA:266,16
DA:275,25
DA:297,11
DA:300,23
DA:303,18
DA:308,11
DA:309,23
DA:311,18
DA:317,5
DA:327,11
LF:70
LH:62
BRDA:19,0,0,15
BRDA:19,0,1,1
BRDA:20,1,0,15
BRDA:20,1,1,2
BRDA:21,2,0,15
BRDA:21,2,1,13
BRDA:22,3,0,15
BRDA:22,3,1,13
BRDA:24,4,0,13
BRDA:24,4,1,2
BRDA:25,5,0,1
BRDA:25,5,1,1
BRDA:42,6,0,45
BRDA:42,6,1,28
BRDA:43,7,0,45
BRDA:43,7,1,44
BRDA:44,8,0,45
BRDA:44,8,1,1
BRDA:75,9,0,42
BRDA:75,9,1,0
BRDA:77,10,0,0
BRDA:77,10,1,42
BRDA:94,11,0,3
BRDA:94,11,1,9
BRDA:118,12,0,0
BRDA:118,12,1,0
BRDA:129,13,0,0
BRDA:129,13,1,9
BRDA:142,14,0,9
BRDA:142,14,1,0
BRDA:143,15,0,9
BRDA:143,15,1,0
BRDA:144,16,0,9
BRDA:144,16,1,9
BRDA:145,17,0,9
BRDA:145,17,1,9
BRDA:146,18,0,9
BRDA:146,18,1,9
BRDA:173,19,0,9
BRDA:173,19,1,0
BRDA:178,20,0,0
BRDA:178,20,1,9
BRDA:257,21,0,10
BRDA:257,21,1,1
BRDA:274,22,0,25
BRDA:276,23,0,3
BRDA:276,23,1,22
BRDA:309,24,0,18
BRDA:309,24,1,5
BRDA:319,25,0,5
BRDA:319,25,1,0
BRF:51
BRH:41
end_of_record
TN:
SF:src/adapters/express/index.ts
FN:98,createCubeRouter
FN:138,(anonymous_1)
FN:145,(anonymous_2)
FN:180,(anonymous_3)
FN:231,(anonymous_4)
FN:270,(anonymous_5)
FN:292,(anonymous_6)
FN:335,(anonymous_7)
FN:385,(anonymous_8)
FN:410,(anonymous_9)
FN:440,(anonymous_10)
FN:453,mountCubeRoutes
FN:477,createCubeApp
FNF:13
FNH:12
FNDA:7,createCubeRouter
FNDA:6,(anonymous_1)
FNDA:7,(anonymous_2)
FNDA:2,(anonymous_3)
FNDA:4,(anonymous_4)
FNDA:4,(anonymous_5)
FNDA:1,(anonymous_6)
FNDA:1,(anonymous_7)
FNDA:1,(anonymous_8)
FNDA:1,(anonymous_9)
FNDA:0,(anonymous_10)
FNDA:2,mountCubeRoutes
FNDA:1,createCubeApp
DA:110,7
DA:113,7
DA:114,1
DA:117,6
DA:120,6
DA:121,1
DA:125,6
DA:128,6
DA:131,6
DA:138,6
DA:139,6
DA:145,6
DA:146,7
DA:148,7
DA:151,7
DA:154,7
DA:155,7
DA:156,2
DA:163,5
DA:166,5
DA:169,0
DA:170,0
DA:180,6
DA:181,2
DA:182,2
DA:183,2
DA:184,0
DA:191,2
DA:192,2
DA:194,1
DA:201,1
DA:204,1
DA:205,1
DA:206,0
DA:213,1
DA:216,1
DA:219,0
DA:220,0
DA:231,6
DA:232,4
DA:233,4
DA:235,4
DA:236,1
DA:242,3
DA:243,1
DA:250,2
DA:253,2
DA:255,2
DA:258,0
DA:259,0
DA:270,6
DA:271,4
DA:276,4
DA:278,4
DA:281,0
DA:282,0
DA:292,6
DA:293,1
DA:294,1
DA:296,1
DA:299,1
DA:300,1
DA:301,0
DA:308,1
DA:309,1
DA:310,0
DA:316,1
DA:319,1
DA:321,1
DA:324,0
DA:325,0
DA:335,6
DA:336,1
DA:337,1
DA:338,1
DA:339,0
DA:345,1
DA:346,1
DA:349,1
DA:350,1
DA:351,0
DA:358,1
DA:359,1
DA:360,0
DA:366,1
DA:369,1
DA:371,1
DA:374,0
DA:375,0
DA:385,6
DA:386,1
DA:388,1
DA:391,1
DA:394,1
DA:396,1
DA:399,0
DA:400,0
DA:410,6
DA:411,1
DA:412,1
DA:413,1
DA:414,0
DA:420,1
DA:423,1
DA:426,1
DA:428,1
DA:431,0
DA:432,0
DA:440,6
DA:441,0
DA:442,0
DA:443,0
DA:447,6
DA:457,2
DA:458,2
DA:459,2
DA:480,1
DA:481,1
LF:118
LH:91
BRDA:108,0,0,7
BRDA:109,1,0,7
BRDA:113,2,0,1
BRDA:113,2,1,6
BRDA:113,3,0,7
BRDA:113,3,1,7
BRDA:120,4,0,1
BRDA:120,4,1,5
BRDA:148,5,0,7
BRDA:148,5,1,7
BRDA:155,6,0,2
BRDA:155,6,1,5
BRDA:171,7,0,0
BRDA:171,7,1,0
BRDA:183,8,0,0
BRDA:183,8,1,2
BRDA:205,9,0,0
BRDA:205,9,1,1
BRDA:221,10,0,0
BRDA:221,10,1,0
BRDA:235,11,0,1
BRDA:235,11,1,3
BRDA:235,12,0,4
BRDA:235,12,1,3
BRDA:242,13,0,1
BRDA:242,13,1,2
BRDA:260,14,0,0
BRDA:260,14,1,0
BRDA:283,15,0,0
BRDA:283,15,1,0
BRDA:300,16,0,0
BRDA:300,16,1,1
BRDA:308,17,0,1
BRDA:308,17,1,0
BRDA:309,18,0,0
BRDA:309,18,1,1
BRDA:326,19,0,0
BRDA:326,19,1,0
BRDA:338,20,0,0
BRDA:338,20,1,1
BRDA:350,21,0,0
BRDA:350,21,1,1
BRDA:358,22,0,1
BRDA:358,22,1,0
BRDA:359,23,0,0
BRDA:359,23,1,1
BRDA:376,24,0,0
BRDA:376,24,1,0
BRDA:388,25,0,1
BRDA:388,25,1,1
BRDA:401,26,0,0
BRDA:401,26,1,0
BRDA:413,27,0,0
BRDA:413,27,1,1
BRDA:433,28,0,0
BRDA:433,28,1,0
BRDA:442,29,0,0
BRDA:442,29,1,0
BRF:58
BRH:30
end_of_record
TN:
SF:src/adapters/fastify/index.ts
FN:96,cubePlugin2
FN:123,(anonymous_1)
FN:137,(anonymous_2)
FN:152,(anonymous_3)
FN:198,(anonymous_4)
FN:257,(anonymous_5)
FN:296,(anonymous_6)
FN:326,(anonymous_7)
FN:379,(anonymous_8)
FN:431,(anonymous_9)
FN:467,(anonymous_10)
FN:491,(anonymous_11)
FN:508,registerCubeRoutes
FN:530,createCubeApp
FNF:14
FNH:13
FNDA:6,cubePlugin2
FNDA:24,(anonymous_1)
FNDA:5,(anonymous_2)
FNDA:8,(anonymous_3)
FNDA:2,(anonymous_4)
FNDA:3,(anonymous_5)
FNDA:4,(anonymous_6)
FNDA:1,(anonymous_7)
FNDA:2,(anonymous_8)
FNDA:1,(anonymous_9)
FNDA:1,(anonymous_10)
FNDA:2,(anonymous_11)
FNDA:0,registerCubeRoutes
FNDA:1,createCubeApp
DA:96,1
DA:110,6
DA:113,6
DA:114,1
DA:118,5
DA:119,1
DA:123,5
DA:124,24
DA:125,15
DA:130,5
DA:137,5
DA:138,5
DA:144,5
DA:153,8
DA:155,8
DA:156,8
DA:159,8
DA:162,8
DA:163,8
DA:164,2
DA:171,6
DA:174,6
DA:177,0
DA:178,0
DA:188,5
DA:199,2
DA:200,2
DA:203,2
DA:204,2
DA:206,1
DA:213,1
DA:216,1
DA:217,1
DA:218,0
DA:225,1
DA:228,1
DA:231,0
DA:232,0
DA:243,5
DA:258,3
DA:259,3
DA:261,3
DA:262,0
DA:268,3
DA:269,1
DA:276,2
DA:279,2
DA:281,2
DA:284,0
DA:285,0
DA:296,5
DA:297,4
DA:302,4
DA:304,4
DA:307,0
DA:308,0
DA:318,5
DA:327,1
DA:328,1
DA:330,1
DA:333,1
DA:334,1
DA:335,0
DA:342,1
DA:343,1
DA:344,0
DA:350,1
DA:353,1
DA:355,1
DA:358,0
DA:359,0
DA:369,5
DA:380,2
DA:381,2
DA:383,2
DA:384,2
DA:387,1
DA:388,1
DA:389,0
DA:396,1
DA:397,2
DA:398,0
DA:404,1
DA:407,1
DA:409,1
DA:412,1
DA:413,1
DA:423,5
DA:432,1
DA:434,1
DA:435,1
DA:438,1
DA:441,1
DA:443,1
DA:446,0
DA:447,0
DA:457,5
DA:468,1
DA:469,1
DA:471,1
DA:474,1
DA:477,1
DA:479,1
DA:482,0
DA:483,0
DA:491,5
DA:492,2
DA:494,2
DA:495,2
DA:498,2
DA:499,2
DA:502,5
DA:512,0
DA:533,1
DA:537,1
DA:539,1
LF:116
LH:95
BRDA:108,0,0,6
BRDA:109,1,0,6
BRDA:113,2,0,1
BRDA:113,2,1,5
BRDA:113,3,0,6
BRDA:113,3,1,6
BRDA:118,4,0,1
BRDA:118,4,1,4
BRDA:124,5,0,15
BRDA:124,5,1,9
BRDA:156,6,0,8
BRDA:156,6,1,7
BRDA:163,7,0,2
BRDA:163,7,1,6
BRDA:179,8,0,0
BRDA:179,8,1,0
BRDA:217,9,0,0
BRDA:217,9,1,1
BRDA:233,10,0,0
BRDA:233,10,1,0
BRDA:261,11,0,0
BRDA:261,11,1,3
BRDA:261,12,0,3
BRDA:261,12,1,3
BRDA:268,13,0,1
BRDA:268,13,1,2
BRDA:286,14,0,0
BRDA:286,14,1,0
BRDA:309,15,0,0
BRDA:309,15,1,0
BRDA:334,16,0,0
BRDA:334,16,1,1
BRDA:342,17,0,1
BRDA:342,17,1,0
BRDA:343,18,0,0
BRDA:343,18,1,1
BRDA:360,19,0,0
BRDA:360,19,1,0
BRDA:388,20,0,0
BRDA:388,20,1,1
BRDA:396,21,0,1
BRDA:396,21,1,0
BRDA:397,22,0,0
BRDA:397,22,1,2
BRDA:414,23,0,1
BRDA:414,23,1,0
BRDA:435,24,0,1
BRDA:435,24,1,1
BRDA:448,25,0,0
BRDA:448,25,1,0
BRDA:484,26,0,0
BRDA:484,26,1,0
BRDA:494,27,0,2
BRDA:494,27,1,0
BRDA:498,28,0,2
BRDA:498,28,1,0
BRF:56
BRH:31
end_of_record
TN:
SF:src/adapters/hono/index.ts
FN:95,createCubeRoutes
FN:128,(anonymous_1)
FN:135,(anonymous_2)
FN:170,(anonymous_3)
FN:217,(anonymous_4)
FN:254,(anonymous_5)
FN:275,(anonymous_6)
FN:315,(anonymous_7)
FN:362,(anonymous_8)
FN:389,(anonymous_9)
FN:424,mountCubeRoutes
FN:448,createCubeApp
FNF:12
FNH:12
FNDA:5,createCubeRoutes
FNDA:4,(anonymous_1)
FNDA:6,(anonymous_2)
FNDA:2,(anonymous_3)
FNDA:4,(anonymous_4)
FNDA:4,(anonymous_5)
FNDA:1,(anonymous_6)
FNDA:2,(anonymous_7)
FNDA:2,(anonymous_8)
FNDA:2,(anonymous_9)
FNDA:2,mountCubeRoutes
FNDA:1,createCubeApp
DA:106,5
DA:109,5
DA:110,1
DA:113,4
DA:116,4
DA:117,0
DA:121,4
DA:128,4
DA:129,4
DA:135,4
DA:136,6
DA:137,6
DA:140,6
DA:143,6
DA:146,6
DA:147,6
DA:148,2
DA:154,4
DA:157,4
DA:160,0
DA:161,0
DA:170,4
DA:171,2
DA:172,2
DA:173,2
DA:174,0
DA:180,2
DA:181,2
DA:183,1
DA:189,1
DA:192,1
DA:193,1
DA:194,0
DA:200,1
DA:203,1
DA:206,0
DA:207,0
DA:217,4
DA:218,4
DA:219,4
DA:220,4
DA:222,4
DA:223,1
DA:228,3
DA:229,1
DA:235,2
DA:238,2
DA:240,2
DA:243,0
DA:244,0
DA:254,4
DA:255,4
DA:260,4
DA:262,4
DA:265,0
DA:266,0
DA:275,4
DA:276,1
DA:277,1
DA:279,1
DA:282,1
DA:283,1
DA:284,0
DA:290,1
DA:291,1
DA:292,0
DA:297,1
DA:300,1
DA:302,1
DA:305,0
DA:306,0
DA:315,4
DA:316,2
DA:317,2
DA:318,2
DA:319,1
DA:324,1
DA:325,1
DA:328,1
DA:329,1
DA:330,0
DA:336,1
DA:337,2
DA:338,0
DA:343,1
DA:346,1
DA:348,1
DA:351,0
DA:352,0
DA:362,4
DA:363,2
DA:364,2
DA:367,2
DA:370,2
DA:373,2
DA:375,1
DA:378,1
DA:379,1
DA:389,4
DA:390,2
DA:391,2
DA:392,2
DA:393,1
DA:399,1
DA:402,1
DA:405,1
DA:407,1
DA:410,0
DA:411,0
DA:418,4
DA:428,2
DA:429,2
DA:430,2
DA:451,1
DA:452,1
LF:115
LH:94
BRDA:105,0,0,5
BRDA:109,1,0,1
BRDA:109,1,1,4
BRDA:109,2,0,5
BRDA:109,2,1,5
BRDA:116,3,0,0
BRDA:116,3,1,4
BRDA:140,4,0,6
BRDA:140,4,1,6
BRDA:147,5,0,2
BRDA:147,5,1,4
BRDA:162,6,0,0
BRDA:162,6,1,0
BRDA:173,7,0,0
BRDA:173,7,1,2
BRDA:193,8,0,0
BRDA:193,8,1,1
BRDA:208,9,0,0
BRDA:208,9,1,0
BRDA:222,10,0,1
BRDA:222,10,1,3
BRDA:222,11,0,4
BRDA:222,11,1,3
BRDA:228,12,0,1
BRDA:228,12,1,2
BRDA:245,13,0,0
BRDA:245,13,1,0
BRDA:267,14,0,0
BRDA:267,14,1,0
BRDA:283,15,0,0
BRDA:283,15,1,1
BRDA:290,16,0,1
BRDA:290,16,1,0
BRDA:291,17,0,0
BRDA:291,17,1,1
BRDA:307,18,0,0
BRDA:307,18,1,0
BRDA:318,19,0,1
BRDA:318,19,1,1
BRDA:329,20,0,0
BRDA:329,20,1,1
BRDA:336,21,0,1
BRDA:336,21,1,0
BRDA:337,22,0,0
BRDA:337,22,1,2
BRDA:353,23,0,0
BRDA:353,23,1,0
BRDA:367,24,0,2
BRDA:367,24,1,2
BRDA:380,25,0,1
BRDA:380,25,1,0
BRDA:392,26,0,1
BRDA:392,26,1,1
BRDA:412,27,0,0
BRDA:412,27,1,0
BRF:55
BRH:31
end_of_record
TN:
SF:src/adapters/nextjs/index.ts
FN:131,createSemanticLayer
FN:149,(anonymous_1)
FN:159,getCorsHeaders
FN:199,createOptionsHandler
FN:200,optionsHandler
FN:212,createLoadHandler
FN:220,loadHandler
FN:285,createMetaHandler
FN:293,metaHandler
FN:324,createSqlHandler
FN:332,sqlHandler
FN:410,createDryRunHandler
FN:418,dryRunHandler
FN:477,createBatchHandler
FN:485,batchHandler
FN:555,createCubeHandlers
FNF:16
FNH:16
FNDA:43,createSemanticLayer
FNDA:43,(anonymous_1)
FNDA:17,getCorsHeaders
FNDA:4,createOptionsHandler
FNDA:3,optionsHandler
FNDA:16,createLoadHandler
FNDA:11,loadHandler
FNDA:5,createMetaHandler
FNDA:2,metaHandler
FNDA:7,createSqlHandler
FNDA:4,sqlHandler
FNDA:7,createDryRunHandler
FNDA:4,dryRunHandler
FNDA:8,createBatchHandler
FNDA:5,batchHandler
FNDA:2,createCubeHandlers
DA:134,43
DA:137,43
DA:138,0
DA:142,43
DA:149,43
DA:150,43
DA:153,43
DA:160,17
DA:161,17
DA:164,17
DA:165,17
DA:166,15
DA:167,2
DA:168,1
DA:169,1
DA:171,1
DA:172,1
DA:173,1
DA:179,17
DA:180,17
DA:184,17
DA:185,15
DA:189,17
DA:190,15
DA:193,17
DA:200,4
DA:201,3
DA:202,3
DA:215,16
DA:218,16
DA:220,16
DA:221,11
DA:224,11
DA:225,7
DA:226,7
DA:227,4
DA:228,3
DA:229,3
DA:230,1
DA:235,2
DA:236,2
DA:238,1
DA:244,1
DA:250,8
DA:252,7
DA:253,7
DA:254,1
DA:260,6
DA:261,6
DA:263,6
DA:268,1
DA:269,0
DA:271,1
DA:288,5
DA:291,5
DA:293,5
DA:294,2
DA:299,2
DA:300,2
DA:302,2
DA:307,0
DA:308,0
DA:310,0
DA:327,7
DA:330,7
DA:332,7
DA:333,4
DA:336,4
DA:337,2
DA:338,2
DA:339,2
DA:340,1
DA:341,1
DA:342,0
DA:347,1
DA:348,1
DA:350,0
DA:356,1
DA:362,3
DA:365,3
DA:366,3
DA:367,1
DA:374,2
DA:375,4
DA:376,0
DA:382,2
DA:385,2
DA:386,2
DA:388,2
DA:393,0
DA:394,0
DA:396,0
DA:413,7
DA:416,7
DA:418,7
DA:419,4
DA:422,4
DA:423,2
DA:424,2
DA:425,2
DA:426,2
DA:427,2
DA:428,1
DA:433,1
DA:434,1
DA:436,0
DA:442,0
DA:449,3
DA:452,3
DA:454,2
DA:459,1
DA:460,0
DA:462,1
DA:480,8
DA:483,8
DA:485,8
DA:486,5
DA:487,5
DA:488,1
DA:494,4
DA:495,4
DA:497,4
DA:498,1
DA:504,3
DA:505,1
DA:512,2
DA:515,2
DA:517,2
DA:522,0
DA:523,0
DA:525,0
DA:558,2
LF:132
LH:115
BRDA:137,0,0,0
BRDA:137,0,1,43
BRDA:137,1,0,43
BRDA:137,1,1,43
BRDA:164,2,0,17
BRDA:164,2,1,0
BRDA:165,3,0,15
BRDA:165,3,1,2
BRDA:167,4,0,1
BRDA:167,4,1,1
BRDA:168,5,0,1
BRDA:168,5,1,0
BRDA:168,6,0,1
BRDA:168,6,1,1
BRDA:171,7,0,1
BRDA:171,7,1,0
BRDA:172,8,0,1
BRDA:172,8,1,0
BRDA:172,9,0,1
BRDA:172,9,1,1
BRDA:179,10,0,17
BRDA:179,10,1,0
BRDA:184,11,0,15
BRDA:184,11,1,2
BRDA:189,12,0,15
BRDA:189,12,1,2
BRDA:224,13,0,7
BRDA:224,13,1,4
BRDA:226,14,0,7
BRDA:226,14,1,6
BRDA:227,15,0,3
BRDA:227,15,1,1
BRDA:229,16,0,1
BRDA:229,16,1,2
BRDA:253,17,0,1
BRDA:253,17,1,6
BRDA:264,18,0,6
BRDA:264,18,1,0
BRDA:268,19,0,0
BRDA:268,19,1,1
BRDA:273,20,0,1
BRDA:273,20,1,0
BRDA:303,21,0,2
BRDA:303,21,1,0
BRDA:307,22,0,0
BRDA:307,22,1,0
BRDA:312,23,0,0
BRDA:312,23,1,0
BRDA:336,24,0,2
BRDA:336,24,1,2
BRDA:338,25,0,2
BRDA:338,25,1,2
BRDA:339,26,0,1
BRDA:339,26,1,1
BRDA:341,27,0,0
BRDA:341,27,1,1
BRDA:366,28,0,1
BRDA:366,28,1,2
BRDA:374,29,0,2
BRDA:374,29,1,0
BRDA:375,30,0,0
BRDA:375,30,1,4
BRDA:389,31,0,2
BRDA:389,31,1,0
BRDA:393,32,0,0
BRDA:393,32,1,0
BRDA:398,33,0,0
BRDA:398,33,1,0
BRDA:422,34,0,2
BRDA:422,34,1,2
BRDA:424,35,0,2
BRDA:424,35,1,2
BRDA:425,36,0,2
BRDA:425,36,1,0
BRDA:427,37,0,1
BRDA:427,37,1,1
BRDA:455,38,0,2
BRDA:455,38,1,0
BRDA:459,39,0,0
BRDA:459,39,1,1
BRDA:464,40,0,1
BRDA:464,40,1,0
BRDA:487,41,0,1
BRDA:487,41,1,4
BRDA:497,42,0,1
BRDA:497,42,1,3
BRDA:497,43,0,4
BRDA:497,43,1,3
BRDA:504,44,0,1
BRDA:504,44,1,2
BRDA:518,45,0,2
BRDA:518,45,1,0
BRDA:522,46,0,0
BRDA:522,46,1,0
BRDA:527,47,0,0
BRDA:527,47,1,0
BRF:96
BRH:65
end_of_record
TN:
SF:src/server/calculated-measure-resolver.ts
FN:45,(anonymous_0)
FN:57,(anonymous_1)
FN:93,(anonymous_2)
FN:127,(anonymous_3)
FN:136,(anonymous_4)
FN:161,(anonymous_5)
FN:233,(anonymous_6)
FN:253,(anonymous_7)
FN:294,(anonymous_8)
FN:298,(anonymous_9)
FN:321,(anonymous_10)
FN:360,(anonymous_11)
FN:364,(anonymous_12)
FN:375,(anonymous_13)
FNF:14
FNH:13
FNDA:931,(anonymous_0)
FNDA:55,(anonymous_1)
FNDA:951,(anonymous_2)
FNDA:0,(anonymous_3)
FNDA:951,(anonymous_4)
FNDA:9,(anonymous_5)
FNDA:120,(anonymous_6)
FNDA:26,(anonymous_7)
FNDA:9,(anonymous_8)
FNDA:30,(anonymous_9)
FNDA:14,(anonymous_10)
FNDA:119,(anonymous_11)
FNDA:18,(anonymous_12)
FNDA:34,(anonymous_13)
DA:46,931
DA:47,931
DA:59,55
DA:60,55
DA:61,55
DA:63,55
DA:64,93
DA:67,93
DA:69,0
DA:70,0
DA:77,93
DA:85,55
DA:94,951
DA:95,9653
DA:96,23
DA:99,23
DA:100,23
DA:102,23
DA:104,41
DA:105,41
DA:106,41
DA:110,23
DA:119,951
DA:128,0
DA:129,0
DA:138,951
DA:139,23
DA:143,951
DA:144,23
DA:145,41
DA:146,41
DA:147,8
DA:163,9
DA:164,9
DA:165,9
DA:168,9
DA:169,11
DA:170,11
DA:171,11
DA:181,9
DA:182,11
DA:183,11
DA:184,21
DA:185,3
DA:188,11
DA:193,9
DA:194,11
DA:195,9
DA:200,9
DA:201,11
DA:202,11
DA:206,11
DA:207,17
DA:208,3
DA:209,3
DA:210,2
DA:217,9
DA:218,0
DA:219,0
DA:224,9
DA:234,120
DA:235,120
DA:236,120
DA:238,120
DA:239,11
DA:240,11
DA:241,11
DA:242,1
DA:247,119
DA:259,26
DA:260,26
DA:261,26
DA:263,26
DA:264,26
DA:265,14
DA:266,14
DA:267,14
DA:270,12
DA:271,20
DA:272,15
DA:273,15
DA:274,1
DA:276,5
DA:278,1
DA:279,1
DA:283,10
DA:284,10
DA:285,10
DA:295,9
DA:296,9
DA:298,9
DA:299,30
DA:300,28
DA:302,28
DA:303,28
DA:305,11
DA:306,21
DA:307,21
DA:311,9
DA:312,9
DA:322,14
DA:323,39
DA:324,22
DA:326,22
DA:327,34
DA:328,34
DA:330,34
DA:331,0
DA:336,34
DA:337,34
DA:338,1
DA:344,33
DA:345,1
DA:361,119
DA:362,908
DA:363,10
DA:364,18
DA:376,1822
LF:118
LH:111
BRDA:46,0,0,931
BRDA:46,0,1,0
BRDA:67,1,0,0
BRDA:67,1,1,93
BRDA:95,2,0,23
BRDA:95,2,1,9630
BRDA:95,3,0,9653
BRDA:95,3,1,23
BRDA:104,4,0,41
BRDA:104,4,1,41
BRDA:146,5,0,8
BRDA:146,5,1,33
BRDA:170,6,0,11
BRDA:170,6,1,0
BRDA:184,7,0,3
BRDA:184,7,1,18
BRDA:194,8,0,9
BRDA:194,8,1,2
BRDA:207,9,0,3
BRDA:207,9,1,14
BRDA:209,10,0,2
BRDA:209,10,1,1
BRDA:217,11,0,0
BRDA:217,11,1,9
BRDA:220,12,0,0
BRDA:220,12,1,0
BRDA:239,13,0,11
BRDA:239,13,1,0
BRDA:241,14,0,1
BRDA:241,14,1,10
BRDA:264,15,0,14
BRDA:264,15,1,12
BRDA:271,16,0,15
BRDA:271,16,1,5
BRDA:273,17,0,1
BRDA:273,17,1,14
BRDA:276,18,0,1
BRDA:276,18,1,4
BRDA:299,19,0,2
BRDA:299,19,1,28
BRDA:303,20,0,17
BRDA:303,20,1,11
BRDA:323,21,0,22
BRDA:323,21,1,17
BRDA:323,22,0,39
BRDA:323,22,1,22
BRDA:327,23,0,34
BRDA:327,23,1,34
BRDA:330,24,0,0
BRDA:330,24,1,34
BRDA:337,25,0,1
BRDA:337,25,1,33
BRDA:344,26,0,1
BRDA:344,26,1,32
BRDA:344,27,0,33
BRDA:344,27,1,33
BRDA:362,28,0,10
BRDA:362,28,1,898
BRDA:362,29,0,908
BRDA:362,29,1,10
BRDA:362,29,2,10
BRDA:376,30,0,1822
BRDA:376,30,1,22
BRF:63
BRH:55
end_of_record
TN:
SF:src/server/compiler.ts
FN:32,(anonymous_0)
FN:53,(anonymous_1)
FN:60,(anonymous_2)
FN:67,(anonymous_3)
FN:74,(anonymous_4)
FN:82,(anonymous_5)
FN:101,(anonymous_6)
FN:163,(anonymous_7)
FN:170,(anonymous_8)
FN:177,(anonymous_9)
FN:184,(anonymous_10)
FN:199,(anonymous_11)
FN:209,(anonymous_12)
FN:228,(anonymous_13)
FN:238,(anonymous_14)
FN:251,(anonymous_15)
FN:283,(anonymous_16)
FN:328,(anonymous_17)
FN:350,(anonymous_18)
FN:378,(anonymous_19)
FN:400,(anonymous_20)
FN:407,(anonymous_21)
FN:418,(anonymous_22)
FN:427,(anonymous_23)
FN:435,(anonymous_24)
FN:443,(anonymous_25)
FN:452,(anonymous_26)
FN:475,validateQueryAgainstCubes
FN:583,validateFilter
FNF:29
FNH:18
FNDA:119,(anonymous_0)
FNDA:0,(anonymous_1)
FNDA:0,(anonymous_2)
FNDA:0,(anonymous_3)
FNDA:42,(anonymous_4)
FNDA:124,(anonymous_5)
FNDA:124,(anonymous_6)
FNDA:17,(anonymous_7)
FNDA:0,(anonymous_8)
FNDA:0,(anonymous_9)
FNDA:47,(anonymous_10)
FNDA:47,(anonymous_11)
FNDA:0,(anonymous_12)
FNDA:14,(anonymous_13)
FNDA:14,(anonymous_14)
FNDA:56,(anonymous_15)
FNDA:14,(anonymous_16)
FNDA:28,(anonymous_17)
FNDA:17,(anonymous_18)
FNDA:0,(anonymous_19)
FNDA:0,(anonymous_20)
FNDA:0,(anonymous_21)
FNDA:0,(anonymous_22)
FNDA:119,(anonymous_23)
FNDA:0,(anonymous_24)
FNDA:103,(anonymous_25)
FNDA:9,(anonymous_26)
FNDA:659,validateQueryAgainstCubes
FNDA:834,validateFilter
DA:26,119
DA:30,119
DA:38,119
DA:39,3
DA:40,116
DA:42,101
DA:54,0
DA:61,0
DA:68,0
DA:75,42
DA:84,124
DA:87,124
DA:88,124
DA:91,124
DA:94,124
DA:102,124
DA:105,124
DA:106,915
DA:108,16
DA:109,1
DA:112,1
DA:116,15
DA:117,15
DA:118,1
DA:121,1
DA:125,14
DA:126,14
DA:127,14
DA:129,14
DA:130,14
DA:132,2
DA:138,124
DA:139,120
DA:140,120
DA:141,120
DA:142,120
DA:144,120
DA:145,120
DA:146,1
DA:153,124
DA:154,5
DA:164,17
DA:171,0
DA:178,0
DA:188,47
DA:189,0
DA:192,47
DA:193,47
DA:203,47
DA:215,0
DA:216,0
DA:217,0
DA:221,0
DA:229,14
DA:232,14
DA:234,0
DA:238,14
DA:241,14
DA:242,14
DA:244,14
DA:253,56
DA:254,56
DA:258,0
DA:259,0
DA:263,0
DA:264,0
DA:268,0
DA:270,0
DA:271,0
DA:272,0
DA:276,0
DA:285,14
DA:286,14
DA:288,14
DA:289,14
DA:292,14
DA:293,112
DA:294,112
DA:295,112
DA:306,14
DA:307,126
DA:308,126
DA:309,126
DA:320,14
DA:321,14
DA:322,14
DA:323,56
DA:325,56
DA:328,28
DA:336,14
DA:355,17
DA:356,17
DA:357,0
DA:360,17
DA:361,0
DA:364,17
DA:365,17
DA:368,17
DA:369,17
DA:382,0
DA:383,0
DA:386,0
DA:387,0
DA:390,0
DA:391,0
DA:401,0
DA:408,0
DA:409,0
DA:410,0
DA:412,0
DA:419,0
DA:420,0
DA:428,119
DA:429,119
DA:436,0
DA:444,103
DA:456,9
DA:457,0
DA:460,9
DA:461,9
DA:467,9
DA:479,659
DA:482,659
DA:485,659
DA:486,644
DA:487,862
DA:489,862
DA:490,18
DA:491,18
DA:494,844
DA:497,844
DA:498,844
DA:499,20
DA:500,20
DA:504,824
DA:505,11
DA:511,658
DA:512,250
DA:513,297
DA:515,297
DA:516,4
DA:517,4
DA:520,293
DA:523,293
DA:524,293
DA:525,2
DA:526,2
DA:530,291
DA:531,8
DA:537,657
DA:538,106
DA:539,113
DA:541,113
DA:542,1
DA:543,1
DA:546,112
DA:549,112
DA:550,112
DA:551,1
DA:552,1
DA:556,111
DA:557,2
DA:563,657
DA:564,317
DA:565,328
DA:570,655
DA:571,11
DA:574,655
DA:590,834
DA:591,235
DA:592,235
DA:593,506
DA:595,235
DA:599,598
DA:600,2
DA:601,2
DA:604,596
DA:606,596
DA:607,2
DA:608,2
DA:611,593
DA:614,593
DA:615,593
DA:616,3
DA:617,3
DA:621,590
DA:622,15
LF:187
LH:150
BRDA:38,0,0,3
BRDA:38,0,1,116
BRDA:40,1,0,101
BRDA:40,1,1,15
BRDA:106,2,0,16
BRDA:106,2,1,899
BRDA:108,3,0,1
BRDA:108,3,1,15
BRDA:117,4,0,1
BRDA:117,4,1,14
BRDA:132,5,0,2
BRDA:132,5,1,0
BRDA:138,6,0,120
BRDA:138,6,1,4
BRDA:145,7,0,1
BRDA:145,7,1,119
BRDA:153,8,0,5
BRDA:153,8,1,119
BRDA:188,9,0,0
BRDA:188,9,1,47
BRDA:216,10,0,0
BRDA:216,10,1,0
BRDA:232,11,0,0
BRDA:232,11,1,14
BRDA:232,12,0,14
BRDA:232,12,1,0
BRDA:232,12,2,0
BRDA:253,13,0,56
BRDA:253,13,1,0
BRDA:253,14,0,56
BRDA:253,14,1,56
BRDA:258,15,0,0
BRDA:258,15,1,0
BRDA:258,16,0,0
BRDA:258,16,1,0
BRDA:258,16,2,0
BRDA:263,17,0,0
BRDA:263,17,1,0
BRDA:268,18,0,0
BRDA:268,18,1,0
BRDA:268,19,0,0
BRDA:268,19,1,0
BRDA:270,20,0,0
BRDA:270,20,1,0
BRDA:271,21,0,0
BRDA:271,21,1,0
BRDA:272,22,0,0
BRDA:272,22,1,0
BRDA:297,23,0,112
BRDA:297,23,1,0
BRDA:298,24,0,112
BRDA:298,24,1,0
BRDA:311,25,0,126
BRDA:311,25,1,0
BRDA:312,26,0,126
BRDA:312,26,1,0
BRDA:321,27,0,14
BRDA:321,27,1,0
BRDA:323,28,0,56
BRDA:323,28,1,0
BRDA:338,29,0,14
BRDA:338,29,1,0
BRDA:343,30,0,14
BRDA:343,30,1,0
BRDA:356,31,0,0
BRDA:356,31,1,17
BRDA:360,32,0,0
BRDA:360,32,1,17
BRDA:382,33,0,0
BRDA:382,33,1,0
BRDA:409,34,0,0
BRDA:409,34,1,0
BRDA:456,35,0,0
BRDA:456,35,1,9
BRDA:485,36,0,644
BRDA:485,36,1,15
BRDA:489,37,0,18
BRDA:489,37,1,844
BRDA:489,38,0,862
BRDA:489,38,1,860
BRDA:498,39,0,20
BRDA:498,39,1,824
BRDA:504,40,0,11
BRDA:504,40,1,813
BRDA:511,41,0,250
BRDA:511,41,1,408
BRDA:515,42,0,4
BRDA:515,42,1,293
BRDA:515,43,0,297
BRDA:515,43,1,296
BRDA:524,44,0,2
BRDA:524,44,1,291
BRDA:530,45,0,8
BRDA:530,45,1,283
BRDA:537,46,0,106
BRDA:537,46,1,551
BRDA:541,47,0,1
BRDA:541,47,1,112
BRDA:541,48,0,113
BRDA:541,48,1,113
BRDA:550,49,0,1
BRDA:550,49,1,111
BRDA:556,50,0,2
BRDA:556,50,1,109
BRDA:563,51,0,317
BRDA:563,51,1,340
BRDA:570,52,0,11
BRDA:570,52,1,644
BRDA:590,53,0,235
BRDA:590,53,1,599
BRDA:590,54,0,834
BRDA:590,54,1,695
BRDA:591,55,0,235
BRDA:591,55,1,97
BRDA:591,55,2,0
BRDA:599,56,0,2
BRDA:599,56,1,596
BRDA:606,57,0,2
BRDA:606,57,1,594
BRDA:606,58,0,596
BRDA:606,58,1,595
BRDA:615,59,0,3
BRDA:615,59,1,590
BRDA:621,60,0,15
BRDA:621,60,1,575
BRDA:621,61,0,590
BRDA:621,61,1,36
BRF:127
BRH:86
end_of_record
TN:
SF:src/server/cube-utils.ts
FN:20,resolveCubeReference
FN:29,getJoinType
FN:104,isolateSqlExpression
FN:121,resolveSqlExpression
FN:132,createMultiCubeContext
FN:147,isFunctionSqlExpression
FN:156,defineCube
FN:186,expandBelongsToManyJoin
FNF:8
FNH:6
FNDA:818,resolveCubeReference
FNDA:169,getJoinType
FNDA:2323,isolateSqlExpression
FNDA:2323,resolveSqlExpression
FNDA:0,createMultiCubeContext
FNDA:0,isFunctionSqlExpression
FNDA:363,defineCube
FNDA:1,expandBelongsToManyJoin
DA:23,818
DA:30,169
DA:32,168
DA:33,49
DA:34,1
DA:35,117
DA:36,1
DA:37,0
DA:105,2323
DA:106,2323
DA:108,0
DA:125,2323
DA:126,2323
DA:137,0
DA:150,0
DA:160,363
DA:190,1
DA:191,0
DA:194,1
DA:197,1
DA:198,1
DA:199,1
DA:200,1
DA:203,1
DA:204,1
DA:205,1
DA:206,1
DA:211,1
DA:212,1
DA:213,1
DA:217,1
DA:219,1
LF:32
LH:27
BRDA:23,0,0,818
BRDA:23,0,1,0
BRDA:30,1,0,1
BRDA:30,1,1,168
BRDA:32,2,0,168
BRDA:32,2,1,1
BRDA:32,2,2,117
BRDA:32,2,3,1
BRDA:32,2,4,0
BRDA:105,3,0,2323
BRDA:105,3,1,0
BRDA:105,4,0,2323
BRDA:105,4,1,2323
BRDA:125,5,0,31
BRDA:125,5,1,2292
BRDA:190,6,0,0
BRDA:190,6,1,1
BRDA:190,7,0,1
BRDA:190,7,1,1
BRDA:199,8,0,1
BRDA:199,8,1,1
BRDA:205,9,0,1
BRDA:205,9,1,1
BRDA:211,10,0,1
BRDA:211,10,1,0
BRDA:213,11,0,0
BRDA:213,11,1,1
BRF:27
BRH:21
end_of_record
TN:
SF:src/server/database-utils.ts
FN:18,createDatabaseAdapter
FN:37,getSupportedEngines
FN:46,isEngineSupported
FNF:3
FNH:3
FNDA:244,createDatabaseAdapter
FNDA:2,getSupportedEngines
FNDA:11,isEngineSupported
DA:19,244
DA:21,207
DA:23,13
DA:25,15
DA:27,7
DA:29,2
DA:38,2
DA:47,11
LF:8
LH:8
BRDA:19,0,0,207
BRDA:19,0,1,13
BRDA:19,0,2,15
BRDA:19,0,3,7
BRDA:19,0,4,2
BRF:5
BRH:5
end_of_record
TN:
SF:src/server/executor.ts
FN:43,(anonymous_0)
FN:56,(anonymous_1)
FN:86,(anonymous_2)
FN:130,(anonymous_3)
FN:144,(anonymous_4)
FN:238,(anonymous_5)
FN:347,(anonymous_6)
FN:353,(anonymous_7)
FN:374,(anonymous_8)
FN:483,(anonymous_9)
FN:488,(anonymous_10)
FN:716,(anonymous_11)
FN:736,(anonymous_12)
FN:749,(anonymous_13)
FN:760,(anonymous_14)
FN:789,(anonymous_15)
FN:800,(anonymous_16)
FN:807,(anonymous_17)
FN:823,(anonymous_18)
FN:839,(anonymous_19)
FNF:20
FNH:19
FNDA:92,(anonymous_0)
FNDA:556,(anonymous_1)
FNDA:33463,(anonymous_2)
FNDA:0,(anonymous_3)
FNDA:103,(anonymous_4)
FNDA:125,(anonymous_5)
FNDA:103,(anonymous_6)
FNDA:114,(anonymous_7)
FNDA:576,(anonymous_8)
FNDA:161,(anonymous_9)
FNDA:35,(anonymous_10)
FNDA:785,(anonymous_11)
FNDA:24,(anonymous_12)
FNDA:7,(anonymous_13)
FNDA:31,(anonymous_14)
FNDA:528,(anonymous_15)
FNDA:147,(anonymous_16)
FNDA:889,(anonymous_17)
FNDA:295,(anonymous_18)
FNDA:129,(anonymous_19)
DA:43,92
DA:45,92
DA:46,92
DA:47,0
DA:49,92
DA:50,92
DA:61,556
DA:63,556
DA:64,556
DA:65,11
DA:69,545
DA:76,545
DA:79,545
DA:82,545
DA:83,545
DA:86,528
DA:87,33463
DA:88,33463
DA:89,31157
DA:90,44376
DA:91,44376
DA:94,44376
DA:95,44367
DA:96,44367
DA:99,44367
DA:103,44376
DA:104,44376
DA:108,33463
DA:112,556
DA:113,556
DA:116,556
DA:118,556
DA:123,28
DA:136,0
DA:137,0
DA:138,0
DA:150,103
DA:151,103
DA:154,103
DA:157,103
DA:159,103
DA:160,103
DA:164,103
DA:165,939
DA:167,101
DA:176,103
DA:177,103
DA:179,103
DA:186,103
DA:187,163
DA:188,163
DA:189,163
DA:190,133
DA:192,133
DA:197,103
DA:198,83
DA:199,108
DA:200,108
DA:201,12
DA:202,12
DA:203,12
DA:209,103
DA:210,22
DA:211,26
DA:212,26
DA:213,23
DA:214,23
DA:215,23
DA:221,103
DA:223,0
DA:227,103
DA:236,103
DA:238,125
DA:241,103
DA:244,103
DA:247,103
DA:248,22
DA:249,26
DA:250,26
DA:251,10
DA:253,10
DA:254,10
DA:255,10
DA:256,10
DA:263,103
DA:264,49
DA:266,58
DA:267,43
DA:268,43
DA:271,43
DA:272,10
DA:274,10
DA:275,3
DA:276,3
DA:277,3
DA:278,3
DA:288,103
DA:289,103
DA:290,103
DA:292,103
DA:294,103
DA:295,103
DA:298,103
DA:302,103
DA:305,103
DA:306,103
DA:307,103
DA:312,103
DA:313,83
DA:314,108
DA:315,108
DA:316,12
DA:317,12
DA:318,12
DA:324,103
DA:325,22
DA:326,26
DA:327,26
DA:328,23
DA:329,23
DA:330,23
DA:335,103
DA:336,103
DA:339,103
DA:353,114
DA:354,103
DA:355,0
DA:358,103
DA:361,103
DA:363,103
DA:364,103
DA:365,103
DA:368,103
DA:380,576
DA:381,576
DA:383,576
DA:384,92
DA:385,103
DA:386,103
DA:387,103
DA:388,103
DA:396,576
DA:399,576
DA:408,576
DA:409,576
DA:410,122
DA:411,103
DA:414,103
DA:415,163
DA:416,134
DA:417,134
DA:418,134
DA:419,126
DA:425,126
DA:427,2
DA:428,2
DA:437,124
DA:439,124
DA:443,95
DA:444,95
DA:447,28
DA:448,28
DA:450,0
DA:451,0
DA:453,1
DA:454,1
DA:457,0
DA:458,0
DA:460,0
DA:464,126
DA:470,103
DA:471,358
DA:472,358
DA:474,161
DA:477,161
DA:478,161
DA:480,161
DA:483,161
DA:486,161
DA:487,35
DA:488,35
DA:490,35
DA:494,161
DA:496,5
DA:497,156
DA:499,30
DA:510,576
DA:513,576
DA:518,576
DA:519,92
DA:526,576
DA:527,0
DA:528,0
DA:530,0
DA:531,0
DA:533,0
DA:534,0
DA:536,0
DA:537,0
DA:539,0
DA:540,0
DA:546,576
DA:547,122
DA:549,153
DA:552,153
DA:553,1
DA:556,1
DA:557,1
DA:558,1
DA:559,1
DA:560,0
DA:562,1
DA:567,1
DA:568,1
DA:570,1
DA:571,1
DA:573,0
DA:574,0
DA:576,0
DA:577,0
DA:579,0
DA:580,0
DA:584,1
DA:585,1
DA:595,153
DA:597,103
DA:599,103
DA:602,50
DA:603,50
DA:604,50
DA:607,153
DA:608,153
DA:610,107
DA:611,107
DA:613,46
DA:614,46
DA:616,0
DA:617,0
DA:619,0
DA:620,0
DA:630,576
DA:631,576
DA:635,576
DA:636,122
DA:638,153
DA:639,153
DA:640,103
DA:644,50
DA:645,50
DA:646,50
DA:652,576
DA:660,576
DA:661,296
DA:665,573
DA:666,573
DA:669,573
DA:673,573
DA:681,576
DA:682,309
DA:686,573
DA:694,576
DA:695,26
DA:698,26
DA:702,573
DA:703,573
DA:704,138
DA:708,572
DA:710,572
DA:717,785
DA:718,785
DA:720,785
DA:721,785
DA:722,1010
DA:726,785
DA:741,24
DA:742,24
DA:743,24
DA:754,7
DA:765,31
DA:772,31
DA:775,31
DA:778,31
DA:780,31
DA:793,528
DA:794,528
DA:795,528
DA:798,528
DA:799,528
DA:800,147
DA:804,528
DA:805,527
DA:806,715
DA:807,889
DA:808,715
DA:809,715
DA:810,715
DA:820,528
DA:821,202
DA:822,242
DA:823,295
DA:824,242
DA:825,242
DA:826,242
DA:836,528
DA:837,99
DA:838,106
DA:839,129
DA:840,106
DA:841,106
DA:842,106
DA:852,528
LF:311
LH:279
BRDA:46,0,0,0
BRDA:46,0,1,92
BRDA:64,1,0,11
BRDA:64,1,1,545
BRDA:86,2,0,528
BRDA:86,2,1,0
BRDA:88,3,0,31157
BRDA:88,3,1,2306
BRDA:90,4,0,44376
BRDA:90,4,1,0
BRDA:94,5,0,44367
BRDA:94,5,1,9
BRDA:94,6,0,44376
BRDA:94,6,1,44367
BRDA:96,7,0,44367
BRDA:96,7,1,0
BRDA:96,8,0,44367
BRDA:96,8,1,44367
BRDA:112,9,0,556
BRDA:112,9,1,1
BRDA:123,10,0,28
BRDA:123,10,1,0
BRDA:159,11,0,103
BRDA:159,11,1,0
BRDA:164,12,0,103
BRDA:164,12,1,0
BRDA:165,13,0,101
BRDA:165,13,1,838
BRDA:165,14,0,939
BRDA:165,14,1,101
BRDA:189,15,0,133
BRDA:189,15,1,30
BRDA:197,16,0,83
BRDA:197,16,1,20
BRDA:200,17,0,12
BRDA:200,17,1,96
BRDA:200,18,0,108
BRDA:200,18,1,12
BRDA:200,18,2,12
BRDA:209,19,0,22
BRDA:209,19,1,81
BRDA:212,20,0,23
BRDA:212,20,1,3
BRDA:212,21,0,26
BRDA:212,21,1,23
BRDA:212,21,2,23
BRDA:221,22,0,0
BRDA:221,22,1,103
BRDA:236,23,0,103
BRDA:236,23,1,0
BRDA:247,24,0,22
BRDA:247,24,1,81
BRDA:250,25,0,10
BRDA:250,25,1,16
BRDA:250,26,0,26
BRDA:250,26,1,23
BRDA:250,26,2,23
BRDA:250,26,3,23
BRDA:255,27,0,10
BRDA:255,27,1,0
BRDA:263,28,0,49
BRDA:263,28,1,54
BRDA:266,29,0,43
BRDA:266,29,1,15
BRDA:266,30,0,58
BRDA:266,30,1,44
BRDA:266,30,2,43
BRDA:266,30,3,43
BRDA:271,31,0,10
BRDA:271,31,1,33
BRDA:271,32,0,43
BRDA:271,32,1,24
BRDA:271,32,2,24
BRDA:274,33,0,3
BRDA:274,33,1,7
BRDA:277,34,0,3
BRDA:277,34,1,0
BRDA:289,35,0,103
BRDA:289,35,1,0
BRDA:294,36,0,103
BRDA:294,36,1,0
BRDA:295,37,0,71
BRDA:295,37,1,32
BRDA:306,38,0,103
BRDA:306,38,1,0
BRDA:312,39,0,83
BRDA:312,39,1,20
BRDA:315,40,0,12
BRDA:315,40,1,96
BRDA:315,41,0,108
BRDA:315,41,1,12
BRDA:315,41,2,12
BRDA:324,42,0,22
BRDA:324,42,1,81
BRDA:327,43,0,23
BRDA:327,43,1,3
BRDA:327,44,0,26
BRDA:327,44,1,23
BRDA:327,44,2,23
BRDA:335,45,0,103
BRDA:335,45,1,0
BRDA:354,46,0,0
BRDA:354,46,1,103
BRDA:363,47,0,103
BRDA:363,47,1,0
BRDA:368,48,0,103
BRDA:368,48,1,0
BRDA:383,49,0,92
BRDA:383,49,1,484
BRDA:383,50,0,576
BRDA:383,50,1,122
BRDA:386,51,0,103
BRDA:386,51,1,0
BRDA:400,52,0,122
BRDA:400,52,1,454
BRDA:409,53,0,122
BRDA:409,53,1,454
BRDA:415,54,0,134
BRDA:415,54,1,29
BRDA:418,55,0,126
BRDA:418,55,1,8
BRDA:418,56,0,134
BRDA:418,56,1,134
BRDA:418,56,2,134
BRDA:425,57,0,2
BRDA:425,57,1,124
BRDA:425,58,0,126
BRDA:425,58,1,2
BRDA:439,59,0,32
BRDA:439,59,1,32
BRDA:439,59,2,95
BRDA:439,59,3,28
BRDA:439,59,4,0
BRDA:439,59,5,1
BRDA:439,59,6,0
BRDA:439,59,7,0
BRDA:472,60,0,161
BRDA:472,60,1,197
BRDA:477,61,0,161
BRDA:477,61,1,161
BRDA:480,62,0,161
BRDA:480,62,1,0
BRDA:480,63,0,161
BRDA:480,63,1,126
BRDA:486,64,0,35
BRDA:486,64,1,126
BRDA:486,65,0,161
BRDA:486,65,1,161
BRDA:494,66,0,5
BRDA:494,66,1,156
BRDA:497,67,0,30
BRDA:497,67,1,126
BRDA:497,68,0,156
BRDA:497,68,1,156
BRDA:518,69,0,92
BRDA:518,69,1,484
BRDA:526,70,0,0
BRDA:526,70,1,576
BRDA:528,71,0,0
BRDA:528,71,1,0
BRDA:528,71,2,0
BRDA:528,71,3,0
BRDA:528,72,0,0
BRDA:528,72,1,0
BRDA:546,73,0,122
BRDA:546,73,1,454
BRDA:546,74,0,576
BRDA:546,74,1,576
BRDA:552,75,0,1
BRDA:552,75,1,152
BRDA:557,76,0,1
BRDA:557,76,1,0
BRDA:559,77,0,0
BRDA:559,77,1,1
BRDA:568,78,0,1
BRDA:568,78,1,0
BRDA:568,78,2,0
BRDA:568,78,3,0
BRDA:568,79,0,1
BRDA:568,79,1,0
BRDA:584,80,0,1
BRDA:584,80,1,0
BRDA:595,81,0,103
BRDA:595,81,1,50
BRDA:608,82,0,107
BRDA:608,82,1,46
BRDA:608,82,2,0
BRDA:608,82,3,0
BRDA:608,83,0,153
BRDA:608,83,1,0
BRDA:630,84,0,576
BRDA:630,84,1,0
BRDA:635,85,0,122
BRDA:635,85,1,454
BRDA:635,86,0,576
BRDA:635,86,1,576
BRDA:639,87,0,103
BRDA:639,87,1,50
BRDA:645,88,0,50
BRDA:645,88,1,0
BRDA:653,89,0,122
BRDA:653,89,1,454
BRDA:660,90,0,296
BRDA:660,90,1,280
BRDA:665,91,0,573
BRDA:665,91,1,0
BRDA:666,92,0,241
BRDA:666,92,1,332
BRDA:674,93,0,122
BRDA:674,93,1,451
BRDA:681,94,0,309
BRDA:681,94,1,267
BRDA:687,95,0,122
BRDA:687,95,1,451
BRDA:694,96,0,26
BRDA:694,96,1,550
BRDA:695,97,0,25
BRDA:695,97,1,1
BRDA:703,98,0,138
BRDA:703,98,1,435
BRDA:720,99,0,785
BRDA:720,99,1,0
BRDA:799,100,0,116
BRDA:799,100,1,412
BRDA:799,101,0,528
BRDA:799,101,1,528
BRDA:804,102,0,527
BRDA:804,102,1,1
BRDA:808,103,0,715
BRDA:808,103,1,0
BRDA:808,104,0,715
BRDA:808,104,1,715
BRDA:811,105,0,715
BRDA:811,105,1,9
BRDA:812,106,0,715
BRDA:812,106,1,9
BRDA:820,107,0,202
BRDA:820,107,1,326
BRDA:824,108,0,242
BRDA:824,108,1,0
BRDA:824,109,0,242
BRDA:824,109,1,242
BRDA:827,110,0,242
BRDA:827,110,1,1
BRDA:828,111,0,242
BRDA:828,111,1,1
BRDA:836,112,0,99
BRDA:836,112,1,429
BRDA:840,113,0,106
BRDA:840,113,1,0
BRDA:840,114,0,106
BRDA:840,114,1,106
BRDA:840,114,2,106
BRDA:843,115,0,106
BRDA:843,115,1,0
BRDA:844,116,0,106
BRDA:844,116,1,0
BRF:257
BRH:208
end_of_record
TN:
SF:src/server/gap-filler.ts
FN:28,generateTimeBuckets
FN:51,alignToGranularity
FN:97,incrementByGranularity
FN:133,normalizeDateKey
FN:150,createDimensionGroupKey
FN:157,(anonymous_5)
FN:167,fillTimeSeriesGaps
FN:244,parseDateRange
FN:284,applyGapFilling
FN:295,(anonymous_9)
FN:313,(anonymous_10)
FN:314,(anonymous_11)
FNF:12
FNH:12
FNDA:46,generateTimeBuckets
FNDA:92,alignToGranularity
FNDA:13726,incrementByGranularity
FNDA:14470,normalizeDateKey
FNDA:14470,createDimensionGroupKey
FNDA:34156,(anonymous_5)
FNDA:39,fillTimeSeriesGaps
FNDA:63,parseDateRange
FNDA:533,applyGapFilling
FNDA:111,(anonymous_9)
FNDA:58,(anonymous_10)
FNDA:14,(anonymous_11)
DA:33,46
DA:34,46
DA:35,46
DA:38,46
DA:40,46
DA:41,13726
DA:42,13726
DA:45,46
DA:52,92
DA:54,92
DA:56,0
DA:57,0
DA:59,0
DA:60,0
DA:62,4
DA:63,4
DA:65,58
DA:66,58
DA:69,8
DA:70,8
DA:71,8
DA:72,8
DA:73,8
DA:76,12
DA:77,12
DA:78,12
DA:80,6
DA:81,6
DA:82,6
DA:83,6
DA:86,4
DA:87,4
DA:88,4
DA:91,92
DA:98,13726
DA:100,13726
DA:102,0
DA:103,0
DA:105,0
DA:106,0
DA:108,151
DA:109,151
DA:111,13409
DA:112,13409
DA:114,118
DA:115,118
DA:117,32
DA:118,32
DA:120,10
DA:121,10
DA:123,6
DA:124,6
DA:127,13726
DA:134,14470
DA:135,14452
DA:137,18
DA:139,9
DA:140,9
DA:141,9
DA:144,9
DA:154,14470
DA:155,849
DA:157,34156
DA:171,39
DA:174,39
DA:176,39
DA:177,0
DA:181,39
DA:183,39
DA:184,14470
DA:185,14470
DA:187,14470
DA:188,188
DA:190,14470
DA:194,39
DA:195,3
DA:199,39
DA:201,39
DA:203,191
DA:207,191
DA:208,148711
DA:209,148711
DA:211,148711
DA:213,14461
DA:216,134250
DA:221,134250
DA:222,134243
DA:223,277653
DA:228,134250
DA:229,670575
DA:232,134250
DA:237,39
DA:245,63
DA:246,1
DA:249,62
DA:250,33
DA:251,1
DA:253,32
DA:254,32
DA:256,32
DA:257,1
DA:260,31
DA:265,29
DA:266,29
DA:268,5
DA:273,24
DA:290,533
DA:291,429
DA:295,104
DA:297,111
DA:300,111
DA:302,111
DA:305,104
DA:306,46
DA:310,58
DA:313,533
DA:314,533
DA:319,533
DA:321,533
DA:322,58
DA:324,58
DA:325,24
DA:328,34
DA:337,34
DA:340,58
LF:125
LH:116
BRDA:40,0,0,46
BRDA:40,0,1,13727
BRDA:54,1,0,0
BRDA:54,1,1,0
BRDA:54,1,2,4
BRDA:54,1,3,58
BRDA:54,1,4,8
BRDA:54,1,5,12
BRDA:54,1,6,6
BRDA:54,1,7,4
BRDA:70,2,0,2
BRDA:70,2,1,6
BRDA:100,3,0,0
BRDA:100,3,1,0
BRDA:100,3,2,151
BRDA:100,3,3,13409
BRDA:100,3,4,118
BRDA:100,3,5,32
BRDA:100,3,6,10
BRDA:100,3,7,6
BRDA:134,4,0,14452
BRDA:134,4,1,18
BRDA:137,5,0,9
BRDA:137,5,1,9
BRDA:140,6,0,9
BRDA:140,6,1,0
BRDA:154,7,0,849
BRDA:154,7,1,13621
BRDA:157,8,0,34156
BRDA:157,8,1,23
BRDA:176,9,0,0
BRDA:176,9,1,39
BRDA:187,10,0,188
BRDA:187,10,1,14282
BRDA:194,11,0,3
BRDA:194,11,1,36
BRDA:194,12,0,39
BRDA:194,12,1,3
BRDA:203,13,0,188
BRDA:203,13,1,3
BRDA:211,14,0,14461
BRDA:211,14,1,134250
BRDA:221,15,0,134243
BRDA:221,15,1,7
BRDA:245,16,0,1
BRDA:245,16,1,62
BRDA:249,17,0,33
BRDA:249,17,1,29
BRDA:250,18,0,1
BRDA:250,18,1,32
BRDA:256,19,0,1
BRDA:256,19,1,31
BRDA:256,20,0,32
BRDA:256,20,1,31
BRDA:266,21,0,5
BRDA:266,21,1,24
BRDA:290,22,0,429
BRDA:290,22,1,104
BRDA:290,23,0,533
BRDA:290,23,1,104
BRDA:300,24,0,111
BRDA:300,24,1,108
BRDA:302,25,0,111
BRDA:302,25,1,106
BRDA:305,26,0,46
BRDA:305,26,1,58
BRDA:310,27,0,56
BRDA:310,27,1,2
BRDA:314,28,0,533
BRDA:314,28,1,50
BRDA:324,29,0,24
BRDA:324,29,1,34
BRF:72
BRH:66
end_of_record
TN:
SF:src/server/index.ts
FN:52,createDrizzleSemanticLayer
FNF:1
FNH:0
FNDA:0,createDrizzleSemanticLayer
DA:56,0
LF:1
LH:0
BRF:0
BRH:0
end_of_record
TN:
SF:src/server/query-builder.ts
FN:54,(anonymous_0)
FN:67,(anonymous_1)
FN:94,(anonymous_2)
FN:98,(anonymous_3)
FN:105,(anonymous_4)
FN:142,(anonymous_5)
FN:145,(anonymous_6)
FN:159,(anonymous_7)
FN:177,(anonymous_8)
FN:249,(anonymous_9)
FN:290,(anonymous_10)
FN:350,(anonymous_11)
FN:368,(anonymous_12)
FN:377,(anonymous_13)
FN:385,(anonymous_14)
FN:442,(anonymous_15)
FN:468,(anonymous_16)
FN:509,(anonymous_17)
FN:529,(anonymous_18)
FN:559,(anonymous_19)
FN:584,(anonymous_20)
FN:612,(anonymous_21)
FN:625,(anonymous_22)
FN:626,(anonymous_23)
FN:632,(anonymous_24)
FN:633,(anonymous_25)
FN:655,(anonymous_26)
FN:699,(anonymous_27)
FN:738,(anonymous_28)
FN:761,(anonymous_29)
FN:915,(anonymous_30)
FN:1026,(anonymous_31)
FN:1189,(anonymous_32)
FN:1274,(anonymous_33)
FN:1299,(anonymous_34)
FN:1303,(anonymous_35)
FN:1304,(anonymous_36)
FN:1333,(anonymous_37)
FN:1337,(anonymous_38)
FN:1338,(anonymous_39)
FN:1379,(anonymous_40)
FN:1386,(anonymous_41)
FN:1408,(anonymous_42)
FN:1427,(anonymous_43)
FN:1460,(anonymous_44)
FNF:45
FNH:42
FNDA:92,(anonymous_0)
FNDA:678,(anonymous_1)
FNDA:18,(anonymous_2)
FNDA:19,(anonymous_3)
FNDA:3,(anonymous_4)
FNDA:0,(anonymous_5)
FNDA:906,(anonymous_6)
FNDA:12,(anonymous_7)
FNDA:576,(anonymous_8)
FNDA:14,(anonymous_9)
FNDA:2,(anonymous_10)
FNDA:4,(anonymous_11)
FNDA:27,(anonymous_12)
FNDA:16,(anonymous_13)
FNDA:0,(anonymous_14)
FNDA:943,(anonymous_15)
FNDA:38,(anonymous_16)
FNDA:239,(anonymous_17)
FNDA:679,(anonymous_18)
FNDA:10,(anonymous_19)
FNDA:573,(anonymous_20)
FNDA:1704,(anonymous_21)
FNDA:593,(anonymous_22)
FNDA:593,(anonymous_23)
FNDA:420,(anonymous_24)
FNDA:420,(anonymous_25)
FNDA:67,(anonymous_26)
FNDA:577,(anonymous_27)
FNDA:33120,(anonymous_28)
FNDA:0,(anonymous_29)
FNDA:105,(anonymous_30)
FNDA:60,(anonymous_31)
FNDA:165,(anonymous_32)
FNDA:573,(anonymous_33)
FNDA:108,(anonymous_34)
FNDA:12,(anonymous_35)
FNDA:12,(anonymous_36)
FNDA:26,(anonymous_37)
FNDA:23,(anonymous_38)
FNDA:23,(anonymous_39)
FNDA:573,(anonymous_40)
FNDA:108,(anonymous_41)
FNDA:7,(anonymous_42)
FNDA:539,(anonymous_43)
FNDA:572,(anonymous_44)
DA:54,92
DA:73,678
DA:74,678
DA:75,678
DA:76,678
DA:79,678
DA:80,678
DA:81,831
DA:85,678
DA:86,926
DA:87,926
DA:88,926
DA:89,896
DA:90,896
DA:91,9
DA:93,9
DA:94,18
DA:97,9
DA:98,9
DA:99,19
DA:100,19
DA:101,19
DA:102,19
DA:103,19
DA:104,2
DA:105,3
DA:110,887
DA:116,678
DA:117,937
DA:118,937
DA:119,937
DA:120,907
DA:121,907
DA:122,896
DA:123,9
DA:126,11
DA:127,2
DA:134,678
DA:135,896
DA:136,896
DA:137,896
DA:140,896
DA:141,0
DA:142,0
DA:145,906
DA:150,678
DA:151,9
DA:153,9
DA:154,11
DA:155,11
DA:156,11
DA:159,12
DA:169,678
DA:182,576
DA:185,576
DA:188,576
DA:189,231
DA:190,271
DA:191,271
DA:192,271
DA:193,271
DA:194,271
DA:196,271
DA:202,576
DA:203,575
DA:210,575
DA:211,763
DA:212,763
DA:213,763
DA:214,763
DA:220,576
DA:221,101
DA:222,108
DA:223,108
DA:224,108
DA:225,108
DA:226,108
DA:232,108
DA:238,576
DA:239,0
DA:242,576
DA:256,14
DA:257,0
DA:263,14
DA:266,14
DA:273,14
DA:297,2
DA:298,0
DA:304,2
DA:307,2
DA:309,2
DA:310,4
DA:311,4
DA:313,4
DA:314,4
DA:317,4
DA:319,4
DA:327,4
DA:331,4
DA:332,4
DA:334,0
DA:335,0
DA:337,0
DA:338,0
DA:340,0
DA:341,0
DA:343,0
DA:344,0
DA:346,0
DA:350,4
DA:356,2
DA:376,27
DA:377,16
DA:378,16
DA:381,15
DA:383,0
DA:385,0
DA:387,0
DA:388,0
DA:392,0
DA:393,0
DA:394,0
DA:395,0
DA:400,0
DA:409,15
DA:412,15
DA:416,11
DA:419,4
DA:421,0
DA:423,0
DA:426,0
DA:428,0
DA:435,12
DA:447,943
DA:448,0
DA:455,943
DA:456,0
DA:464,943
DA:467,943
DA:468,38
DA:469,38
DA:472,38
DA:475,38
DA:477,38
DA:478,38
DA:481,38
DA:486,943
DA:488,169
DA:490,407
DA:492,216
DA:494,112
DA:496,6
DA:498,8
DA:500,25
DA:502,0
DA:514,239
DA:516,239
DA:518,4
DA:522,235
DA:535,679
DA:538,679
DA:541,679
DA:542,352
DA:543,376
DA:544,376
DA:545,277
DA:551,676
DA:552,123
DA:553,134
DA:554,134
DA:555,134
DA:558,71
DA:559,20
DA:560,20
DA:561,10
DA:565,61
DA:568,61
DA:569,61
DA:570,61
DA:571,59
DA:577,676
DA:590,573
DA:593,573
DA:596,573
DA:597,300
DA:598,315
DA:599,315
DA:600,27
DA:605,573
DA:620,1704
DA:621,470
DA:623,470
DA:624,281
DA:625,593
DA:626,593
DA:627,281
DA:630,189
DA:631,189
DA:632,420
DA:633,420
DA:634,189
DA:639,1234
DA:640,1234
DA:641,1234
DA:642,1234
DA:645,1196
DA:646,1196
DA:647,1196
DA:648,1704
DA:651,1196
DA:654,580
DA:655,103
DA:656,103
DA:657,30
DA:663,550
DA:664,550
DA:668,580
DA:675,616
DA:678,42
DA:679,574
DA:682,27
DA:683,27
DA:693,547
DA:707,577
DA:709,34
DA:710,2
DA:717,32
DA:718,1
DA:724,31
DA:728,543
DA:730,21
DA:731,2
DA:733,19
DA:738,522
DA:739,33120
DA:741,33111
DA:742,33110
DA:746,522
DA:748,6
DA:749,4
DA:751,2
DA:754,516
DA:756,516
DA:758,155
DA:760,6
DA:761,0
DA:762,0
DA:764,6
DA:765,149
DA:767,149
DA:768,149
DA:770,0
DA:772,3
DA:773,0
DA:774,3
DA:775,3
DA:777,0
DA:779,38
DA:781,2
DA:783,4
DA:785,2
DA:787,43
DA:789,18
DA:791,57
DA:793,4
DA:795,0
DA:797,0
DA:799,26
DA:800,21
DA:801,21
DA:803,21
DA:806,16
DA:807,16
DA:808,15
DA:811,15
DA:812,15
DA:813,15
DA:814,0
DA:819,15
DA:823,16
DA:829,10
DA:831,13
DA:832,13
DA:833,13
DA:835,0
DA:838,10
DA:839,10
DA:840,9
DA:842,1
DA:845,40
DA:846,38
DA:851,2
DA:853,2
DA:854,2
DA:859,0
DA:861,39
DA:862,39
DA:864,0
DA:866,12
DA:867,12
DA:869,0
DA:871,27
DA:873,6
DA:875,2
DA:877,2
DA:879,1
DA:881,0
DA:886,0
DA:893,3
DA:894,3
DA:896,0
DA:898,5
DA:899,5
DA:901,0
DA:903,1
DA:904,1
DA:906,0
DA:908,1
DA:919,105
DA:922,105
DA:923,45
DA:924,45
DA:926,45
DA:930,45
DA:931,45
DA:934,45
DA:935,45
DA:936,45
DA:937,0
DA:942,45
DA:946,45
DA:953,60
DA:955,60
DA:956,60
DA:961,52
DA:962,0
DA:963,0
DA:964,0
DA:966,0
DA:967,0
DA:971,52
DA:972,52
DA:975,52
DA:982,8
DA:983,8
DA:987,6
DA:990,60
DA:991,60
DA:992,60
DA:993,60
DA:999,60
DA:1000,0
DA:1001,0
DA:1002,0
DA:1004,0
DA:1005,0
DA:1009,6
DA:1010,6
DA:1013,6
DA:1019,0
DA:1027,60
DA:1028,60
DA:1031,60
DA:1032,60
DA:1033,60
DA:1034,60
DA:1037,60
DA:1038,3
DA:1039,3
DA:1040,3
DA:1041,3
DA:1042,3
DA:1046,57
DA:1047,2
DA:1048,2
DA:1049,2
DA:1050,2
DA:1051,2
DA:1052,2
DA:1053,2
DA:1057,55
DA:1058,2
DA:1059,2
DA:1060,2
DA:1061,2
DA:1063,2
DA:1064,2
DA:1065,2
DA:1066,2
DA:1070,53
DA:1071,5
DA:1072,5
DA:1073,5
DA:1077,48
DA:1078,2
DA:1079,2
DA:1080,2
DA:1081,2
DA:1085,46
DA:1086,4
DA:1087,4
DA:1088,4
DA:1092,42
DA:1093,42
DA:1094,12
DA:1095,12
DA:1096,12
DA:1097,12
DA:1098,12
DA:1099,12
DA:1100,12
DA:1104,30
DA:1105,30
DA:1106,1
DA:1107,1
DA:1108,1
DA:1109,1
DA:1110,1
DA:1111,1
DA:1112,1
DA:1113,1
DA:1117,29
DA:1118,2
DA:1119,2
DA:1120,2
DA:1121,2
DA:1123,2
DA:1124,2
DA:1125,2
DA:1126,2
DA:1130,27
DA:1131,2
DA:1132,2
DA:1133,2
DA:1137,25
DA:1138,2
DA:1139,2
DA:1140,2
DA:1141,2
DA:1142,2
DA:1143,2
DA:1147,23
DA:1148,4
DA:1149,4
DA:1150,4
DA:1154,19
DA:1155,5
DA:1156,5
DA:1157,5
DA:1158,5
DA:1162,14
DA:1163,14
DA:1164,3
DA:1165,3
DA:1166,3
DA:1167,3
DA:1168,3
DA:1172,11
DA:1173,11
DA:1174,3
DA:1175,3
DA:1176,3
DA:1177,3
DA:1178,3
DA:1181,8
DA:1190,165
DA:1193,165
DA:1194,0
DA:1197,0
DA:1198,0
DA:1203,0
DA:1207,165
DA:1210,0
DA:1211,0
DA:1212,0
DA:1215,0
DA:1216,0
DA:1221,0
DA:1225,165
DA:1228,165
DA:1229,149
DA:1230,149
DA:1233,147
DA:1234,0
DA:1239,147
DA:1243,16
DA:1244,16
DA:1247,10
DA:1248,0
DA:1253,10
DA:1257,0
DA:1258,0
DA:1261,0
DA:1262,0
DA:1267,0
DA:1280,573
DA:1283,573
DA:1284,573
DA:1285,1
DA:1289,572
DA:1292,573
DA:1293,230
DA:1294,269
DA:1295,269
DA:1296,269
DA:1299,269
DA:1301,269
DA:1303,12
DA:1304,12
DA:1306,12
DA:1308,0
DA:1312,12
DA:1313,12
DA:1317,257
DA:1318,257
DA:1319,257
DA:1326,572
DA:1327,101
DA:1328,108
DA:1329,108
DA:1330,108
DA:1333,108
DA:1335,108
DA:1337,23
DA:1338,23
DA:1340,23
DA:1343,0
DA:1348,0
DA:1352,23
DA:1353,23
DA:1357,85
DA:1358,85
DA:1363,85
DA:1373,572
DA:1380,573
DA:1383,573
DA:1386,108
DA:1390,573
DA:1391,68
DA:1393,75
DA:1394,1
DA:1398,74
DA:1399,75
DA:1404,572
DA:1405,101
DA:1408,101
DA:1409,7
DA:1412,101
DA:1413,108
DA:1415,80
DA:1420,572
DA:1428,539
DA:1431,539
DA:1434,539
DA:1435,538
DA:1439,539
DA:1440,202
DA:1441,242
DA:1442,242
DA:1443,242
DA:1444,242
DA:1445,242
DA:1447,86
DA:1453,539
DA:1462,572
DA:1463,572
DA:1464,1
DA:1467,572
DA:1469,572
DA:1470,51
DA:1471,1
DA:1473,50
DA:1476,571
DA:1477,17
DA:1478,1
DA:1480,16
DA:1483,570
LF:577
LH:498
BRDA:88,0,0,896
BRDA:88,0,1,30
BRDA:88,1,0,926
BRDA:88,1,1,926
BRDA:88,1,2,926
BRDA:90,2,0,9
BRDA:90,2,1,887
BRDA:101,3,0,19
BRDA:101,3,1,0
BRDA:101,4,0,19
BRDA:101,4,1,19
BRDA:103,5,0,2
BRDA:103,5,1,17
BRDA:119,6,0,907
BRDA:119,6,1,30
BRDA:119,7,0,937
BRDA:119,7,1,937
BRDA:119,7,2,937
BRDA:121,8,0,896
BRDA:121,8,1,11
BRDA:122,9,0,9
BRDA:122,9,1,887
BRDA:126,10,0,2
BRDA:126,10,1,9
BRDA:140,11,0,0
BRDA:140,11,1,896
BRDA:150,12,0,9
BRDA:150,12,1,669
BRDA:185,13,0,122
BRDA:185,13,1,454
BRDA:188,14,0,231
BRDA:188,14,1,345
BRDA:192,15,0,271
BRDA:192,15,1,0
BRDA:192,16,0,271
BRDA:192,16,1,271
BRDA:192,16,2,271
BRDA:202,17,0,575
BRDA:202,17,1,1
BRDA:212,18,0,763
BRDA:212,18,1,0
BRDA:220,19,0,101
BRDA:220,19,1,475
BRDA:224,20,0,108
BRDA:224,20,1,0
BRDA:224,21,0,108
BRDA:224,21,1,108
BRDA:224,21,2,108
BRDA:238,22,0,0
BRDA:238,22,1,576
BRDA:256,23,0,0
BRDA:256,23,1,14
BRDA:297,24,0,0
BRDA:297,24,1,2
BRDA:299,25,0,0
BRDA:299,25,1,0
BRDA:313,26,0,4
BRDA:313,26,1,0
BRDA:313,27,0,4
BRDA:313,27,1,4
BRDA:317,28,0,4
BRDA:317,28,1,0
BRDA:327,29,0,4
BRDA:327,29,1,4
BRDA:327,29,2,4
BRDA:327,29,3,0
BRDA:327,29,4,0
BRDA:327,29,5,0
BRDA:327,29,6,0
BRDA:327,29,7,0
BRDA:376,30,0,16
BRDA:376,30,1,11
BRDA:376,31,0,27
BRDA:376,31,1,27
BRDA:378,32,0,15
BRDA:378,32,1,1
BRDA:378,33,0,16
BRDA:378,33,1,15
BRDA:381,34,0,0
BRDA:381,34,1,15
BRDA:381,35,0,15
BRDA:381,35,1,0
BRDA:383,36,0,0
BRDA:383,36,1,0
BRDA:387,37,0,0
BRDA:387,37,1,0
BRDA:393,38,0,0
BRDA:393,38,1,0
BRDA:412,39,0,0
BRDA:412,39,1,0
BRDA:412,39,2,11
BRDA:412,39,3,4
BRDA:412,39,4,0
BRDA:412,39,5,0
BRDA:412,39,6,0
BRDA:412,39,7,0
BRDA:447,40,0,0
BRDA:447,40,1,943
BRDA:455,41,0,0
BRDA:455,41,1,943
BRDA:467,42,0,38
BRDA:467,42,1,905
BRDA:467,43,0,943
BRDA:467,43,1,38
BRDA:472,44,0,38
BRDA:472,44,1,0
BRDA:475,45,0,38
BRDA:475,45,1,0
BRDA:477,46,0,38
BRDA:477,46,1,0
BRDA:486,47,0,169
BRDA:486,47,1,407
BRDA:486,47,2,216
BRDA:486,47,3,112
BRDA:486,47,4,6
BRDA:486,47,5,8
BRDA:486,47,6,25
BRDA:486,47,7,0
BRDA:516,48,0,4
BRDA:516,48,1,235
BRDA:518,49,0,4
BRDA:518,49,1,0
BRDA:538,50,0,122
BRDA:538,50,1,557
BRDA:541,51,0,352
BRDA:541,51,1,327
BRDA:541,52,0,679
BRDA:541,52,1,352
BRDA:544,53,0,277
BRDA:544,53,1,99
BRDA:551,54,0,123
BRDA:551,54,1,553
BRDA:555,55,0,71
BRDA:555,55,1,63
BRDA:555,56,0,134
BRDA:555,56,1,131
BRDA:555,56,2,131
BRDA:558,57,0,20
BRDA:558,57,1,51
BRDA:560,58,0,10
BRDA:560,58,1,10
BRDA:570,59,0,59
BRDA:570,59,1,2
BRDA:593,60,0,122
BRDA:593,60,1,451
BRDA:596,61,0,300
BRDA:596,61,1,273
BRDA:596,62,0,573
BRDA:596,62,1,300
BRDA:599,63,0,27
BRDA:599,63,1,288
BRDA:620,64,0,470
BRDA:620,64,1,1234
BRDA:620,65,0,1704
BRDA:620,65,1,1423
BRDA:623,66,0,281
BRDA:623,66,1,189
BRDA:627,67,0,147
BRDA:627,67,1,134
BRDA:630,68,0,189
BRDA:630,68,1,0
BRDA:634,69,0,93
BRDA:634,69,1,96
BRDA:642,70,0,38
BRDA:642,70,1,1196
BRDA:647,71,0,1196
BRDA:647,71,1,69
BRDA:648,72,0,0
BRDA:648,72,1,1704
BRDA:651,73,0,580
BRDA:651,73,1,616
BRDA:651,74,0,1196
BRDA:651,74,1,622
BRDA:654,75,0,103
BRDA:654,75,1,477
BRDA:656,76,0,30
BRDA:656,76,1,73
BRDA:664,77,0,10
BRDA:664,77,1,540
BRDA:665,78,0,0
BRDA:665,78,1,10
BRDA:675,79,0,42
BRDA:675,79,1,574
BRDA:675,80,0,616
BRDA:675,80,1,42
BRDA:679,81,0,27
BRDA:679,81,1,547
BRDA:679,82,0,574
BRDA:679,82,1,574
BRDA:707,83,0,34
BRDA:707,83,1,543
BRDA:709,84,0,2
BRDA:709,84,1,32
BRDA:717,85,0,1
BRDA:717,85,1,31
BRDA:717,86,0,32
BRDA:717,86,1,32
BRDA:719,87,0,1
BRDA:719,87,1,0
BRDA:728,88,0,21
BRDA:728,88,1,522
BRDA:728,89,0,543
BRDA:728,89,1,543
BRDA:730,90,0,2
BRDA:730,90,1,19
BRDA:739,91,0,9
BRDA:739,91,1,33111
BRDA:739,92,0,33120
BRDA:739,92,1,33119
BRDA:739,92,2,33118
BRDA:741,93,0,1
BRDA:741,93,1,33110
BRDA:741,94,0,33111
BRDA:741,94,1,21236
BRDA:746,95,0,6
BRDA:746,95,1,516
BRDA:746,96,0,522
BRDA:746,96,1,6
BRDA:748,97,0,4
BRDA:748,97,1,2
BRDA:756,98,0,516
BRDA:756,98,1,3
BRDA:756,98,2,38
BRDA:756,98,3,2
BRDA:756,98,4,4
BRDA:756,98,5,2
BRDA:756,98,6,43
BRDA:756,98,7,18
BRDA:756,98,8,57
BRDA:756,98,9,4
BRDA:756,98,10,0
BRDA:756,98,11,0
BRDA:756,98,12,26
BRDA:756,98,13,13
BRDA:756,98,14,10
BRDA:756,98,15,40
BRDA:756,98,16,2
BRDA:756,98,17,39
BRDA:756,98,18,12
BRDA:756,98,19,27
BRDA:756,98,20,6
BRDA:756,98,21,2
BRDA:756,98,22,2
BRDA:756,98,23,1
BRDA:756,98,24,0
BRDA:756,98,25,0
BRDA:756,98,26,3
BRDA:756,98,27,5
BRDA:756,98,28,1
BRDA:756,98,29,1
BRDA:758,99,0,6
BRDA:758,99,1,149
BRDA:760,100,0,0
BRDA:760,100,1,6
BRDA:761,101,0,0
BRDA:761,101,1,0
BRDA:765,102,0,149
BRDA:765,102,1,0
BRDA:767,103,0,2
BRDA:767,103,1,147
BRDA:767,104,0,2
BRDA:767,104,1,0
BRDA:772,105,0,0
BRDA:772,105,1,3
BRDA:774,106,0,3
BRDA:774,106,1,0
BRDA:799,107,0,21
BRDA:799,107,1,5
BRDA:803,108,0,16
BRDA:803,108,1,5
BRDA:803,109,0,21
BRDA:803,109,1,16
BRDA:807,110,0,15
BRDA:807,110,1,1
BRDA:807,111,0,16
BRDA:807,111,1,16
BRDA:808,112,0,0
BRDA:808,112,1,15
BRDA:809,113,0,0
BRDA:809,113,1,0
BRDA:813,114,0,0
BRDA:813,114,1,15
BRDA:814,115,0,0
BRDA:814,115,1,0
BRDA:832,116,0,13
BRDA:832,116,1,0
BRDA:839,117,0,9
BRDA:839,117,1,1
BRDA:845,118,0,38
BRDA:845,118,1,2
BRDA:853,119,0,2
BRDA:853,119,1,0
BRDA:861,120,0,39
BRDA:861,120,1,0
BRDA:866,121,0,12
BRDA:866,121,1,0
BRDA:893,122,0,3
BRDA:893,122,1,0
BRDA:898,123,0,5
BRDA:898,123,1,0
BRDA:903,124,0,1
BRDA:903,124,1,0
BRDA:919,125,0,0
BRDA:919,125,1,105
BRDA:922,126,0,45
BRDA:922,126,1,60
BRDA:922,127,0,105
BRDA:922,127,1,45
BRDA:926,128,0,0
BRDA:926,128,1,45
BRDA:926,129,0,45
BRDA:926,129,1,45
BRDA:930,130,0,45
BRDA:930,130,1,0
BRDA:930,131,0,45
BRDA:930,131,1,45
BRDA:931,132,0,0
BRDA:931,132,1,45
BRDA:932,133,0,0
BRDA:932,133,1,0
BRDA:936,134,0,0
BRDA:936,134,1,45
BRDA:937,135,0,0
BRDA:937,135,1,0
BRDA:953,136,0,60
BRDA:953,136,1,0
BRDA:956,137,0,52
BRDA:956,137,1,8
BRDA:961,138,0,0
BRDA:961,138,1,52
BRDA:962,139,0,0
BRDA:962,139,1,0
BRDA:983,140,0,2
BRDA:983,140,1,6
BRDA:987,141,0,0
BRDA:987,141,1,6
BRDA:988,142,0,0
BRDA:988,142,1,0
BRDA:999,143,0,0
BRDA:999,143,1,6
BRDA:1000,144,0,0
BRDA:1000,144,1,0
BRDA:1037,145,0,3
BRDA:1037,145,1,57
BRDA:1046,146,0,2
BRDA:1046,146,1,55
BRDA:1057,147,0,2
BRDA:1057,147,1,53
BRDA:1058,148,0,0
BRDA:1058,148,1,2
BRDA:1070,149,0,5
BRDA:1070,149,1,48
BRDA:1077,150,0,2
BRDA:1077,150,1,46
BRDA:1085,151,0,4
BRDA:1085,151,1,42
BRDA:1093,152,0,12
BRDA:1093,152,1,30
BRDA:1105,153,0,1
BRDA:1105,153,1,29
BRDA:1117,154,0,2
BRDA:1117,154,1,27
BRDA:1118,155,0,0
BRDA:1118,155,1,2
BRDA:1130,156,0,2
BRDA:1130,156,1,25
BRDA:1137,157,0,2
BRDA:1137,157,1,23
BRDA:1139,158,0,0
BRDA:1139,158,1,2
BRDA:1140,159,0,0
BRDA:1140,159,1,2
BRDA:1147,160,0,4
BRDA:1147,160,1,19
BRDA:1154,161,0,5
BRDA:1154,161,1,14
BRDA:1163,162,0,3
BRDA:1163,162,1,11
BRDA:1173,163,0,3
BRDA:1173,163,1,8
BRDA:1190,164,0,0
BRDA:1190,164,1,165
BRDA:1193,165,0,0
BRDA:1193,165,1,165
BRDA:1194,166,0,0
BRDA:1194,166,1,0
BRDA:1197,167,0,0
BRDA:1197,167,1,0
BRDA:1198,168,0,0
BRDA:1198,168,1,0
BRDA:1207,169,0,0
BRDA:1207,169,1,165
BRDA:1210,170,0,0
BRDA:1210,170,1,0
BRDA:1212,171,0,0
BRDA:1212,171,1,0
BRDA:1215,172,0,0
BRDA:1215,172,1,0
BRDA:1216,173,0,0
BRDA:1216,173,1,0
BRDA:1225,174,0,165
BRDA:1225,174,1,0
BRDA:1228,175,0,149
BRDA:1228,175,1,16
BRDA:1230,176,0,2
BRDA:1230,176,1,147
BRDA:1233,177,0,0
BRDA:1233,177,1,147
BRDA:1234,178,0,0
BRDA:1234,178,1,0
BRDA:1244,179,0,6
BRDA:1244,179,1,10
BRDA:1247,180,0,0
BRDA:1247,180,1,10
BRDA:1248,181,0,0
BRDA:1248,181,1,0
BRDA:1258,182,0,0
BRDA:1258,182,1,0
BRDA:1261,183,0,0
BRDA:1261,183,1,0
BRDA:1262,184,0,0
BRDA:1262,184,1,0
BRDA:1283,185,0,573
BRDA:1283,185,1,572
BRDA:1284,186,0,1
BRDA:1284,186,1,572
BRDA:1289,187,0,122
BRDA:1289,187,1,450
BRDA:1292,188,0,230
BRDA:1292,188,1,343
BRDA:1296,189,0,269
BRDA:1296,189,1,0
BRDA:1296,190,0,269
BRDA:1296,190,1,269
BRDA:1296,190,2,269
BRDA:1301,191,0,12
BRDA:1301,191,1,257
BRDA:1306,192,0,0
BRDA:1306,192,1,12
BRDA:1306,193,0,12
BRDA:1306,193,1,0
BRDA:1326,194,0,101
BRDA:1326,194,1,471
BRDA:1330,195,0,108
BRDA:1330,195,1,0
BRDA:1330,196,0,108
BRDA:1330,196,1,108
BRDA:1330,196,2,108
BRDA:1335,197,0,23
BRDA:1335,197,1,85
BRDA:1340,198,0,0
BRDA:1340,198,1,23
BRDA:1340,199,0,23
BRDA:1340,199,1,0
BRDA:1383,200,0,573
BRDA:1383,200,1,573
BRDA:1384,201,0,573
BRDA:1384,201,1,1
BRDA:1385,202,0,573
BRDA:1385,202,1,342
BRDA:1386,203,0,573
BRDA:1386,203,1,472
BRDA:1390,204,0,68
BRDA:1390,204,1,505
BRDA:1390,205,0,573
BRDA:1390,205,1,69
BRDA:1393,206,0,1
BRDA:1393,206,1,74
BRDA:1398,207,0,20
BRDA:1398,207,1,54
BRDA:1404,208,0,101
BRDA:1404,208,1,471
BRDA:1404,209,0,572
BRDA:1404,209,1,101
BRDA:1405,210,0,101
BRDA:1405,210,1,71
BRDA:1413,211,0,80
BRDA:1413,211,1,28
BRDA:1431,212,0,539
BRDA:1431,212,1,0
BRDA:1434,213,0,538
BRDA:1434,213,1,1
BRDA:1439,214,0,202
BRDA:1439,214,1,337
BRDA:1443,215,0,242
BRDA:1443,215,1,0
BRDA:1445,216,0,86
BRDA:1445,216,1,156
BRDA:1445,217,0,242
BRDA:1445,217,1,242
BRDA:1463,218,0,1
BRDA:1463,218,1,571
BRDA:1463,219,0,572
BRDA:1463,219,1,17
BRDA:1463,219,2,12
BRDA:1469,220,0,51
BRDA:1469,220,1,521
BRDA:1470,221,0,1
BRDA:1470,221,1,50
BRDA:1476,222,0,17
BRDA:1476,222,1,554
BRDA:1477,223,0,1
BRDA:1477,223,1,16
BRF:503
BRH:376
end_of_record
TN:
SF:src/server/query-planner.ts
FN:49,(anonymous_0)
FN:89,(anonymous_1)
FN:111,(anonymous_2)
FN:128,(anonymous_3)
FN:153,(anonymous_4)
FN:204,(anonymous_5)
FN:208,(anonymous_6)
FN:220,(anonymous_7)
FN:221,(anonymous_8)
FN:249,(anonymous_9)
FN:250,(anonymous_10)
FN:264,(anonymous_11)
FN:265,(anonymous_12)
FN:281,(anonymous_13)
FN:291,(anonymous_14)
FN:364,(anonymous_15)
FN:394,(anonymous_16)
FN:453,(anonymous_17)
FN:473,(anonymous_18)
FN:494,(anonymous_19)
FN:516,(anonymous_20)
FN:555,(anonymous_21)
FN:576,(anonymous_22)
FN:600,(anonymous_23)
FN:654,(anonymous_24)
FN:674,(anonymous_25)
FN:675,(anonymous_26)
FN:701,(anonymous_27)
FN:717,(anonymous_28)
FN:740,(anonymous_29)
FN:744,(anonymous_30)
FN:745,(anonymous_31)
FN:762,(anonymous_32)
FN:765,(anonymous_33)
FN:767,(anonymous_34)
FN:768,(anonymous_35)
FN:791,(anonymous_36)
FN:832,(anonymous_37)
FN:835,(anonymous_38)
FN:853,(anonymous_39)
FN:854,(anonymous_40)
FN:886,(anonymous_41)
FN:905,(anonymous_42)
FN:914,(anonymous_43)
FNF:44
FNH:40
FNDA:603,(anonymous_0)
FNDA:800,(anonymous_1)
FNDA:109,(anonymous_2)
FNDA:107,(anonymous_3)
FNDA:581,(anonymous_4)
FNDA:581,(anonymous_5)
FNDA:273,(anonymous_6)
FNDA:253,(anonymous_7)
FNDA:246,(anonymous_8)
FNDA:402,(anonymous_9)
FNDA:373,(anonymous_10)
FNDA:688,(anonymous_11)
FNDA:982,(anonymous_12)
FNDA:127,(anonymous_13)
FNDA:282,(anonymous_14)
FNDA:163,(anonymous_15)
FNDA:428,(anonymous_16)
FNDA:127,(anonymous_17)
FNDA:238,(anonymous_18)
FNDA:108,(anonymous_19)
FNDA:108,(anonymous_20)
FNDA:2,(anonymous_21)
FNDA:167,(anonymous_22)
FNDA:22,(anonymous_23)
FNDA:18,(anonymous_24)
FNDA:9,(anonymous_25)
FNDA:9,(anonymous_26)
FNDA:21,(anonymous_27)
FNDA:7,(anonymous_28)
FNDA:10,(anonymous_29)
FNDA:10,(anonymous_30)
FNDA:0,(anonymous_31)
FNDA:10,(anonymous_32)
FNDA:5,(anonymous_33)
FNDA:5,(anonymous_34)
FNDA:0,(anonymous_35)
FNDA:9,(anonymous_36)
FNDA:7,(anonymous_37)
FNDA:7,(anonymous_38)
FNDA:0,(anonymous_39)
FNDA:0,(anonymous_40)
FNDA:9,(anonymous_41)
FNDA:10,(anonymous_42)
FNDA:5,(anonymous_43)
DA:50,603
DA:53,603
DA:54,602
DA:55,802
DA:56,802
DA:61,603
DA:62,251
DA:63,291
DA:64,291
DA:69,603
DA:70,101
DA:71,108
DA:72,108
DA:77,603
DA:78,304
DA:79,318
DA:83,603
DA:91,800
DA:92,223
DA:93,223
DA:94,482
DA:96,223
DA:100,577
DA:101,577
DA:102,577
DA:103,577
DA:112,109
DA:114,109
DA:115,59
DA:118,50
DA:119,58
DA:122,50
DA:130,107
DA:131,24
DA:132,24
DA:133,49
DA:135,24
DA:139,83
DA:140,83
DA:141,83
DA:142,83
DA:145,45
DA:158,581
DA:159,581
DA:161,581
DA:162,0
DA:166,581
DA:167,581
DA:169,581
DA:170,0
DA:174,581
DA:175,454
DA:185,127
DA:188,127
DA:190,127
DA:207,581
DA:208,273
DA:211,233
DA:212,233
DA:213,273
DA:216,233
DA:218,233
DA:219,233
DA:220,253
DA:221,246
DA:225,233
DA:226,236
DA:227,210
DA:234,371
DA:235,371
DA:237,371
DA:238,434
DA:239,402
DA:240,402
DA:241,402
DA:245,371
DA:247,371
DA:248,371
DA:249,402
DA:250,373
DA:253,371
DA:258,0
DA:265,982
DA:267,688
DA:268,273
DA:269,273
DA:270,64
DA:274,624
DA:287,127
DA:288,127
DA:291,282
DA:293,127
DA:294,155
DA:295,0
DA:298,155
DA:299,155
DA:300,0
DA:304,155
DA:305,158
DA:306,0
DA:309,158
DA:310,158
DA:311,0
DA:315,158
DA:317,1
DA:320,1
DA:337,157
DA:344,157
DA:346,157
DA:354,158
DA:358,127
DA:369,163
DA:372,163
DA:374,164
DA:378,164
DA:383,164
DA:384,164
DA:387,163
DA:400,428
DA:401,0
DA:405,428
DA:408,428
DA:410,428
DA:411,453
DA:412,453
DA:414,453
DA:415,67
DA:419,386
DA:421,513
DA:422,513
DA:424,513
DA:425,44
DA:428,469
DA:434,469
DA:435,364
DA:438,105
DA:439,105
DA:445,64
DA:459,127
DA:461,127
DA:462,0
DA:466,127
DA:467,158
DA:468,158
DA:469,49
DA:473,109
DA:474,238
DA:478,158
DA:481,158
DA:483,158
DA:484,1
DA:488,108
DA:494,108
DA:501,108
DA:510,127
DA:520,108
DA:521,108
DA:523,108
DA:524,168
DA:525,168
DA:526,0
DA:529,168
DA:531,168
DA:532,168
DA:533,30
DA:536,138
DA:539,138
DA:540,2
DA:541,2
DA:542,4
DA:543,2
DA:549,108
DA:556,2
DA:557,2
DA:558,2
DA:560,2
DA:561,4
DA:563,4
DA:564,0
DA:566,4
DA:570,2
DA:580,167
DA:581,2
DA:585,165
DA:586,296
DA:587,296
DA:588,114
DA:592,51
DA:605,22
DA:606,22
DA:609,22
DA:610,1
DA:632,21
DA:633,21
DA:636,21
DA:653,21
DA:654,18
DA:656,9
DA:657,9
DA:663,9
DA:664,9
DA:665,9
DA:674,9
DA:675,9
DA:677,9
DA:678,9
DA:679,9
DA:681,9
DA:682,5
DA:684,4
DA:688,9
DA:689,2
DA:695,21
DA:707,21
DA:708,12
DA:716,9
DA:717,9
DA:718,21
DA:720,21
DA:721,7
DA:724,9
DA:725,18
DA:726,18
DA:727,18
DA:728,18
DA:730,18
DA:739,9
DA:740,10
DA:742,5
DA:743,5
DA:744,10
DA:745,0
DA:748,5
DA:749,5
DA:750,4
DA:762,10
DA:764,5
DA:765,5
DA:766,3
DA:767,5
DA:768,0
DA:770,3
DA:779,2
DA:780,2
DA:796,9
DA:802,9
DA:803,9
DA:805,9
DA:806,9
DA:807,9
DA:809,9
DA:810,2
DA:813,7
DA:814,9
DA:815,9
DA:817,9
DA:818,0
DA:821,9
DA:822,9
DA:824,9
DA:830,9
DA:832,7
DA:833,7
DA:835,7
DA:840,7
DA:849,7
DA:850,0
DA:851,0
DA:853,0
DA:854,0
DA:858,7
DA:861,7
DA:870,2
DA:875,2
DA:892,9
DA:894,9
DA:895,0
DA:898,9
DA:899,9
DA:900,9
DA:901,4
DA:905,5
DA:906,10
DA:909,5
DA:910,0
DA:914,5
DA:919,5
DA:928,9
LF:288
LH:268
BRDA:53,0,0,602
BRDA:53,0,1,1
BRDA:61,1,0,251
BRDA:61,1,1,352
BRDA:69,2,0,101
BRDA:69,2,1,502
BRDA:77,3,0,304
BRDA:77,3,1,299
BRDA:91,4,0,223
BRDA:91,4,1,577
BRDA:91,5,0,800
BRDA:91,5,1,668
BRDA:92,6,0,223
BRDA:92,6,1,91
BRDA:92,6,2,0
BRDA:100,7,0,577
BRDA:100,7,1,0
BRDA:102,8,0,577
BRDA:102,8,1,0
BRDA:114,9,0,59
BRDA:114,9,1,50
BRDA:130,10,0,24
BRDA:130,10,1,83
BRDA:130,11,0,107
BRDA:130,11,1,90
BRDA:131,12,0,24
BRDA:131,12,1,7
BRDA:131,12,2,0
BRDA:139,13,0,83
BRDA:139,13,1,0
BRDA:142,14,0,45
BRDA:142,14,1,38
BRDA:161,15,0,0
BRDA:161,15,1,581
BRDA:169,16,0,0
BRDA:169,16,1,581
BRDA:174,17,0,454
BRDA:174,17,1,127
BRDA:207,18,0,233
BRDA:207,18,1,348
BRDA:207,19,0,581
BRDA:207,19,1,234
BRDA:207,19,2,233
BRDA:213,20,0,273
BRDA:213,20,1,253
BRDA:216,21,0,233
BRDA:216,21,1,0
BRDA:226,22,0,210
BRDA:226,22,1,26
BRDA:234,23,0,371
BRDA:234,23,1,0
BRDA:238,24,0,402
BRDA:238,24,1,32
BRDA:240,25,0,396
BRDA:240,25,1,6
BRDA:245,26,0,371
BRDA:245,26,1,0
BRDA:269,27,0,64
BRDA:269,27,1,209
BRDA:269,28,0,273
BRDA:269,28,1,209
BRDA:294,29,0,0
BRDA:294,29,1,155
BRDA:299,30,0,0
BRDA:299,30,1,155
BRDA:299,31,0,155
BRDA:299,31,1,155
BRDA:305,32,0,0
BRDA:305,32,1,158
BRDA:310,33,0,0
BRDA:310,33,1,158
BRDA:315,34,0,1
BRDA:315,34,1,157
BRDA:315,35,0,158
BRDA:315,35,1,1
BRDA:374,36,0,5
BRDA:374,36,1,159
BRDA:378,37,0,7
BRDA:378,37,1,157
BRDA:383,38,0,164
BRDA:383,38,1,163
BRDA:400,39,0,0
BRDA:400,39,1,428
BRDA:414,40,0,67
BRDA:414,40,1,386
BRDA:424,41,0,44
BRDA:424,41,1,469
BRDA:434,42,0,364
BRDA:434,42,1,105
BRDA:461,43,0,0
BRDA:461,43,1,127
BRDA:461,44,0,127
BRDA:461,44,1,127
BRDA:468,45,0,49
BRDA:468,45,1,109
BRDA:473,46,0,109
BRDA:473,46,1,0
BRDA:483,47,0,1
BRDA:483,47,1,157
BRDA:525,48,0,0
BRDA:525,48,1,168
BRDA:532,49,0,30
BRDA:532,49,1,138
BRDA:532,50,0,168
BRDA:532,50,1,168
BRDA:539,51,0,2
BRDA:539,51,1,136
BRDA:539,52,0,138
BRDA:539,52,1,2
BRDA:542,53,0,2
BRDA:542,53,1,2
BRDA:563,54,0,0
BRDA:563,54,1,4
BRDA:580,55,0,2
BRDA:580,55,1,165
BRDA:587,56,0,114
BRDA:587,56,1,182
BRDA:587,57,0,296
BRDA:587,57,1,199
BRDA:609,58,0,1
BRDA:609,58,1,21
BRDA:653,59,0,9
BRDA:653,59,1,12
BRDA:664,60,0,9
BRDA:664,60,1,0
BRDA:681,61,0,5
BRDA:681,61,1,4
BRDA:707,62,0,12
BRDA:707,62,1,9
BRDA:717,63,0,9
BRDA:717,63,1,4
BRDA:721,64,0,7
BRDA:721,64,1,6
BRDA:726,65,0,18
BRDA:726,65,1,12
BRDA:727,66,0,13
BRDA:727,66,1,5
BRDA:739,67,0,5
BRDA:739,67,1,4
BRDA:739,68,0,9
BRDA:739,68,1,5
BRDA:742,69,0,5
BRDA:742,69,1,0
BRDA:749,70,0,4
BRDA:749,70,1,1
BRDA:753,71,0,1
BRDA:753,71,1,3
BRDA:764,72,0,3
BRDA:764,72,1,2
BRDA:773,73,0,3
BRDA:773,73,1,0
BRDA:809,74,0,2
BRDA:809,74,1,7
BRDA:817,75,0,0
BRDA:817,75,1,9
BRDA:830,76,0,7
BRDA:830,76,1,2
BRDA:849,77,0,0
BRDA:849,77,1,7
BRDA:849,78,0,7
BRDA:849,78,1,0
BRDA:852,79,0,0
BRDA:852,79,1,0
BRDA:894,80,0,0
BRDA:894,80,1,9
BRDA:894,81,0,9
BRDA:894,81,1,9
BRDA:900,82,0,4
BRDA:900,82,1,5
BRDA:909,83,0,0
BRDA:909,83,1,5
BRF:171
BRH:142
end_of_record
TN:
SF:src/server/template-substitution.ts
FN:43,substituteTemplate
FN:162,extractMemberReferences
FN:172,(anonymous_2)
FN:197,validateTemplateSyntax
FN:266,hasMemberReferences
FN:276,getMemberReferences
FNF:6
FNH:4
FNDA:14,substituteTemplate
FNDA:42,extractMemberReferences
FNDA:0,(anonymous_2)
FNDA:15,validateTemplateSyntax
FNDA:0,hasMemberReferences
FNDA:13,getMemberReferences
DA:47,14
DA:50,14
DA:53,14
DA:55,14
DA:56,26
DA:59,26
DA:60,26
DA:62,26
DA:63,0
DA:69,26
DA:70,26
DA:72,26
DA:73,0
DA:82,26
DA:83,26
DA:85,26
DA:92,14
DA:93,14
DA:94,14
DA:97,14
DA:98,26
DA:99,26
DA:101,26
DA:103,26
DA:106,26
DA:107,26
DA:108,26
DA:111,26
DA:116,14
DA:120,14
DA:121,0
DA:126,14
DA:128,14
DA:130,40
DA:131,30
DA:135,40
DA:136,26
DA:141,14
DA:163,42
DA:164,42
DA:165,42
DA:167,42
DA:168,73
DA:170,73
DA:172,0
DA:173,0
DA:180,73
DA:188,42
DA:201,15
DA:204,15
DA:205,15
DA:206,325
DA:207,23
DA:208,302
DA:209,22
DA:210,22
DA:211,0
DA:212,0
DA:217,15
DA:218,1
DA:222,15
DA:223,15
DA:224,0
DA:228,15
DA:229,15
DA:230,0
DA:234,15
DA:235,15
DA:236,22
DA:239,22
DA:240,0
DA:247,22
DA:248,0
DA:254,15
DA:267,0
DA:277,13
DA:278,13
DA:280,13
DA:281,25
DA:282,25
DA:283,25
DA:286,13
LF:82
LH:70
BRDA:59,0,0,26
BRDA:59,0,1,26
BRDA:62,1,0,0
BRDA:62,1,1,26
BRDA:72,2,0,0
BRDA:72,2,1,26
BRDA:101,3,0,26
BRDA:101,3,1,0
BRDA:107,4,0,26
BRDA:107,4,1,0
BRDA:120,5,0,0
BRDA:120,5,1,14
BRDA:130,6,0,30
BRDA:130,6,1,10
BRDA:135,7,0,26
BRDA:135,7,1,14
BRDA:170,8,0,0
BRDA:170,8,1,73
BRDA:206,9,0,23
BRDA:206,9,1,302
BRDA:208,10,0,22
BRDA:208,10,1,280
BRDA:210,11,0,0
BRDA:210,11,1,22
BRDA:217,12,0,1
BRDA:217,12,1,14
BRDA:223,13,0,0
BRDA:223,13,1,15
BRDA:229,14,0,0
BRDA:229,14,1,15
BRDA:236,15,0,0
BRDA:236,15,1,22
BRDA:239,16,0,0
BRDA:239,16,1,22
BRDA:247,17,0,0
BRDA:247,17,1,22
BRDA:281,18,0,25
BRDA:281,18,1,25
BRF:38
BRH:26
end_of_record
TN:
SF:src/server/adapters/base-adapter.ts
FN:120,(anonymous_0)
FN:128,(anonymous_1)
FNF:2
FNH:1
FNDA:14,(anonymous_0)
FNDA:0,(anonymous_1)
DA:121,14
DA:129,0
DA:132,0
DA:134,0
DA:136,0
DA:138,0
LF:6
LH:1
BRDA:129,0,0,0
BRDA:129,0,1,0
BRDA:129,0,2,0
BRDA:129,0,3,0
BRDA:129,0,4,0
BRF:5
BRH:0
end_of_record
TN:
SF:src/server/adapters/mysql-adapter.ts
FN:12,(anonymous_0)
FN:20,(anonymous_1)
FN:56,(anonymous_2)
FN:86,(anonymous_3)
FN:104,(anonymous_4)
FN:112,(anonymous_5)
FN:113,(anonymous_6)
FN:113,(anonymous_7)
FN:125,(anonymous_8)
FN:133,(anonymous_9)
FN:141,(anonymous_10)
FN:148,(anonymous_11)
FN:156,(anonymous_12)
FNF:13
FNH:12
FNDA:3,(anonymous_0)
FNDA:16,(anonymous_1)
FNDA:9,(anonymous_2)
FNDA:3,(anonymous_3)
FNDA:1,(anonymous_4)
FNDA:2,(anonymous_5)
FNDA:3,(anonymous_6)
FNDA:1,(anonymous_7)
FNDA:2,(anonymous_8)
FNDA:3,(anonymous_9)
FNDA:1,(anonymous_10)
FNDA:1,(anonymous_11)
FNDA:0,(anonymous_12)
DA:13,3
DA:22,16
DA:34,16
DA:37,2
DA:40,2
DA:42,12
DA:43,12
DA:45,0
DA:47,12
DA:57,9
DA:59,1
DA:61,1
DA:63,1
DA:65,1
DA:67,1
DA:69,1
DA:72,1
DA:74,1
DA:76,1
DA:78,0
DA:87,3
DA:89,1
DA:91,1
DA:93,1
DA:95,0
DA:105,1
DA:113,3
DA:115,2
DA:116,1
DA:118,1
DA:126,2
DA:134,3
DA:142,1
DA:149,1
DA:157,0
LF:35
LH:31
BRDA:34,0,0,2
BRDA:34,0,1,2
BRDA:34,0,2,12
BRDA:43,1,0,0
BRDA:43,1,1,12
BRDA:57,2,0,1
BRDA:57,2,1,1
BRDA:57,2,2,1
BRDA:57,2,3,1
BRDA:57,2,4,1
BRDA:57,2,5,1
BRDA:57,2,6,1
BRDA:57,2,7,1
BRDA:57,2,8,1
BRDA:57,2,9,0
BRDA:87,3,0,1
BRDA:87,3,1,1
BRDA:87,3,2,1
BRDA:87,3,3,0
BRDA:115,4,0,1
BRDA:115,4,1,1
BRDA:126,5,0,1
BRDA:126,5,1,1
BRF:23
BRH:20
end_of_record
TN:
SF:src/server/adapters/postgres-adapter.ts
FN:12,(anonymous_0)
FN:20,(anonymous_1)
FN:50,(anonymous_2)
FN:79,(anonymous_3)
FN:98,(anonymous_4)
FN:106,(anonymous_5)
FN:107,(anonymous_6)
FN:107,(anonymous_7)
FN:119,(anonymous_8)
FN:127,(anonymous_9)
FN:135,(anonymous_10)
FN:142,(anonymous_11)
FN:150,(anonymous_12)
FNF:13
FNH:11
FNDA:13,(anonymous_0)
FNDA:244,(anonymous_1)
FNDA:86,(anonymous_2)
FNDA:1,(anonymous_3)
FNDA:145,(anonymous_4)
FNDA:38,(anonymous_5)
FNDA:38,(anonymous_6)
FNDA:0,(anonymous_7)
FNDA:8,(anonymous_8)
FNDA:33110,(anonymous_9)
FNDA:0,(anonymous_10)
FNDA:276,(anonymous_11)
FNDA:44376,(anonymous_12)
DA:13,13
DA:22,244
DA:24,14
DA:26,25
DA:28,65
DA:30,18
DA:33,106
DA:35,10
DA:37,3
DA:39,3
DA:42,0
DA:51,86
DA:53,38
DA:55,2
DA:57,4
DA:59,2
DA:61,27
DA:63,6
DA:65,3
DA:67,3
DA:69,1
DA:71,0
DA:80,1
DA:82,1
DA:84,0
DA:86,0
DA:88,0
DA:99,145
DA:107,38
DA:109,38
DA:110,0
DA:112,38
DA:120,8
DA:128,33110
DA:136,0
DA:143,276
DA:151,44376
LF:37
LH:30
BRDA:22,0,0,14
BRDA:22,0,1,25
BRDA:22,0,2,65
BRDA:22,0,3,18
BRDA:22,0,4,106
BRDA:22,0,5,10
BRDA:22,0,6,3
BRDA:22,0,7,3
BRDA:22,0,8,0
BRDA:51,1,0,38
BRDA:51,1,1,2
BRDA:51,1,2,4
BRDA:51,1,3,2
BRDA:51,1,4,27
BRDA:51,1,5,6
BRDA:51,1,6,3
BRDA:51,1,7,3
BRDA:51,1,8,1
BRDA:51,1,9,0
BRDA:80,2,0,1
BRDA:80,2,1,0
BRDA:80,2,2,0
BRDA:80,2,3,0
BRDA:109,3,0,0
BRDA:109,3,1,38
BRDA:120,4,0,1
BRDA:120,4,1,7
BRF:27
BRH:21
end_of_record
TN:
SF:src/server/adapters/singlestore-adapter.ts
FN:10,(anonymous_0)
FNF:1
FNH:1
FNDA:3,(anonymous_0)
DA:11,3
LF:1
LH:1
BRF:0
BRH:0
end_of_record
TN:
SF:src/server/adapters/sqlite-adapter.ts
FN:12,(anonymous_0)
FN:22,(anonymous_1)
FN:70,(anonymous_2)
FN:102,(anonymous_3)
FN:123,(anonymous_4)
FN:131,(anonymous_5)
FN:134,(anonymous_6)
FN:146,(anonymous_7)
FN:164,(anonymous_8)
FN:180,(anonymous_9)
FN:186,(anonymous_10)
FN:199,(anonymous_11)
FN:207,(anonymous_12)
FN:220,(anonymous_13)
FN:234,(anonymous_14)
FN:242,(anonymous_15)
FNF:16
FNH:12
FNDA:3,(anonymous_0)
FNDA:8,(anonymous_1)
FNDA:3,(anonymous_2)
FNDA:3,(anonymous_3)
FNDA:1,(anonymous_4)
FNDA:0,(anonymous_5)
FNDA:0,(anonymous_6)
FNDA:0,(anonymous_7)
FNDA:2,(anonymous_8)
FNDA:3,(anonymous_9)
FNDA:2,(anonymous_10)
FNDA:9,(anonymous_11)
FNDA:3,(anonymous_12)
FNDA:3,(anonymous_13)
FNDA:1,(anonymous_14)
FNDA:0,(anonymous_15)
DA:13,3
DA:28,8
DA:31,1
DA:35,1
DA:36,1
DA:40,1
DA:44,1
DA:47,1
DA:50,1
DA:51,1
DA:54,1
DA:55,1
DA:58,1
DA:59,1
DA:62,0
DA:71,3
DA:73,1
DA:75,0
DA:77,0
DA:79,0
DA:81,0
DA:83,0
DA:86,0
DA:89,1
DA:92,1
DA:94,0
DA:103,3
DA:107,1
DA:110,1
DA:112,1
DA:114,0
DA:124,1
DA:134,0
DA:136,0
DA:139,0
DA:141,0
DA:144,0
DA:146,0
DA:148,0
DA:149,0
DA:151,0
DA:152,0
DA:154,0
DA:157,0
DA:165,2
DA:184,3
DA:186,3
DA:188,2
DA:189,2
DA:200,9
DA:201,4
DA:203,5
DA:204,1
DA:206,4
DA:207,3
DA:210,3
DA:211,2
DA:213,1
DA:221,3
DA:224,2
DA:225,1
DA:226,0
DA:228,1
DA:235,1
DA:243,0
LF:65
LH:42
BRDA:28,0,0,1
BRDA:28,0,1,1
BRDA:28,0,2,1
BRDA:28,0,3,1
BRDA:28,0,4,1
BRDA:28,0,5,1
BRDA:28,0,6,1
BRDA:28,0,7,1
BRDA:28,0,8,0
BRDA:71,1,0,1
BRDA:71,1,1,0
BRDA:71,1,2,0
BRDA:71,1,3,0
BRDA:71,1,4,0
BRDA:71,1,5,0
BRDA:71,1,6,0
BRDA:71,1,7,1
BRDA:71,1,8,1
BRDA:71,1,9,0
BRDA:103,2,0,1
BRDA:103,2,1,1
BRDA:103,2,2,1
BRDA:103,2,3,0
BRDA:136,3,0,0
BRDA:136,3,1,0
BRDA:136,3,2,0
BRDA:136,3,3,0
BRDA:136,3,4,0
BRDA:139,4,0,0
BRDA:139,4,1,0
BRDA:148,5,0,0
BRDA:148,5,1,0
BRDA:149,6,0,0
BRDA:149,6,1,0
BRDA:149,6,2,0
BRDA:149,6,3,0
BRDA:149,6,4,0
BRDA:151,7,0,0
BRDA:151,7,1,0
BRDA:165,8,0,1
BRDA:165,8,1,1
BRDA:200,9,0,4
BRDA:200,9,1,5
BRDA:201,10,0,2
BRDA:201,10,1,2
BRDA:203,11,0,1
BRDA:203,11,1,4
BRDA:206,12,0,1
BRDA:206,12,1,3
BRDA:210,13,0,2
BRDA:210,13,1,1
BRDA:221,14,0,2
BRDA:221,14,1,1
BRDA:224,15,0,1
BRDA:224,15,1,1
BRDA:225,16,0,1
BRDA:225,16,1,0
BRF:57
BRH:31
end_of_record
TN:
SF:src/server/executors/base-executor.ts
FN:17,(anonymous_0)
FNF:1
FNH:1
FNDA:238,(anonymous_0)
DA:18,238
DA:19,238
DA:23,238
DA:24,238
LF:4
LH:4
BRDA:23,0,0,238
BRDA:23,0,1,6
BRF:2
BRH:2
end_of_record
TN:
SF:src/server/executors/index.ts
FN:26,createDatabaseExecutor
FNF:1
FNH:1
FNDA:105,createDatabaseExecutor
DA:32,105
DA:33,99
DA:35,99
DA:37,0
DA:39,0
DA:41,0
DA:46,6
DA:48,0
DA:49,6
DA:52,5
DA:54,1
LF:11
LH:7
BRDA:32,0,0,99
BRDA:32,0,1,6
BRDA:33,1,0,99
BRDA:33,1,1,0
BRDA:33,1,2,0
BRDA:33,1,3,0
BRDA:46,2,0,0
BRDA:46,2,1,6
BRDA:46,3,0,6
BRDA:46,3,1,0
BRDA:49,4,0,5
BRDA:49,4,1,1
BRF:12
BRH:7
end_of_record
TN:
SF:src/server/executors/mysql-executor.ts
FN:11,(anonymous_0)
FN:17,(anonymous_1)
FN:27,(anonymous_2)
FN:35,(anonymous_3)
FN:54,(anonymous_4)
FN:78,(anonymous_5)
FN:86,createMySQLExecutor
FNF:7
FNH:7
FNDA:6,(anonymous_0)
FNDA:1,(anonymous_1)
FNDA:2,(anonymous_2)
FNDA:3,(anonymous_3)
FNDA:14,(anonymous_4)
FNDA:1,(anonymous_5)
FNDA:12,createMySQLExecutor
DA:13,6
DA:15,1
DA:16,1
DA:17,1
DA:19,0
DA:22,5
DA:23,2
DA:25,3
DA:26,3
DA:27,2
DA:29,1
DA:36,3
DA:38,3
DA:39,3
DA:42,4
DA:43,3
DA:45,1
DA:48,3
DA:56,14
DA:59,12
DA:62,10
DA:64,10
DA:65,6
DA:69,4
DA:70,2
DA:75,2
DA:79,1
DA:90,12
LF:28
LH:27
BRDA:13,0,0,1
BRDA:13,0,1,5
BRDA:13,1,0,6
BRDA:13,1,1,6
BRDA:13,1,2,6
BRDA:16,2,0,1
BRDA:16,2,1,0
BRDA:22,3,0,2
BRDA:22,3,1,3
BRDA:26,4,0,2
BRDA:26,4,1,1
BRDA:36,5,0,0
BRDA:36,5,1,3
BRDA:36,6,0,3
BRDA:36,6,1,3
BRDA:42,7,0,3
BRDA:42,7,1,1
BRDA:42,8,0,4
BRDA:42,8,1,4
BRDA:56,9,0,2
BRDA:56,9,1,12
BRDA:59,10,0,2
BRDA:59,10,1,10
BRDA:62,11,0,10
BRDA:62,11,1,0
BRDA:64,12,0,6
BRDA:64,12,1,4
BRDA:65,13,0,2
BRDA:65,13,1,4
BRDA:69,14,0,2
BRDA:69,14,1,2
BRDA:69,15,0,4
BRDA:69,15,1,2
BRF:33
BRH:30
end_of_record
TN:
SF:src/server/executors/postgres-executor.ts
FN:11,(anonymous_0)
FN:18,(anonymous_1)
FN:33,(anonymous_2)
FN:42,(anonymous_3)
FN:61,(anonymous_4)
FN:111,(anonymous_5)
FN:119,createPostgresExecutor
FNF:7
FNH:7
FNDA:556,(anonymous_0)
FNDA:33478,(anonymous_1)
FNDA:3,(anonymous_2)
FNDA:33481,(anonymous_3)
FNDA:101324,(anonymous_4)
FNDA:21,(anonymous_5)
FNDA:206,createPostgresExecutor
DA:13,556
DA:15,556
DA:16,551
DA:17,540
DA:18,33478
DA:20,0
DA:26,5
DA:27,1
DA:29,4
DA:32,4
DA:33,3
DA:36,1
DA:43,33481
DA:45,33481
DA:46,33481
DA:49,176311
DA:50,101296
DA:52,75015
DA:55,33481
DA:63,101324
DA:66,101222
DA:69,84785
DA:72,84783
DA:74,10
DA:75,10
DA:76,10
DA:77,8
DA:82,2
DA:86,0
DA:87,0
DA:91,2
DA:95,84773
DA:97,84773
DA:98,84765
DA:102,8
DA:103,6
DA:108,2
DA:112,21
DA:123,206
LF:39
LH:36
BRDA:13,0,0,556
BRDA:13,0,1,0
BRDA:13,1,0,556
BRDA:13,1,1,556
BRDA:15,2,0,551
BRDA:15,2,1,5
BRDA:17,3,0,540
BRDA:17,3,1,0
BRDA:26,4,0,1
BRDA:26,4,1,4
BRDA:32,5,0,3
BRDA:32,5,1,1
BRDA:43,6,0,0
BRDA:43,6,1,33481
BRDA:43,7,0,33481
BRDA:43,7,1,33481
BRDA:49,8,0,101296
BRDA:49,8,1,75015
BRDA:49,9,0,176311
BRDA:49,9,1,176259
BRDA:63,10,0,102
BRDA:63,10,1,101222
BRDA:66,11,0,16437
BRDA:66,11,1,84785
BRDA:69,12,0,2
BRDA:69,12,1,84783
BRDA:72,13,0,10
BRDA:72,13,1,84773
BRDA:72,14,0,84783
BRDA:72,14,1,84782
BRDA:74,15,0,10
BRDA:74,15,1,0
BRDA:76,16,0,8
BRDA:76,16,1,2
BRDA:77,17,0,6
BRDA:77,17,1,2
BRDA:82,18,0,0
BRDA:82,18,1,2
BRDA:82,19,0,2
BRDA:82,19,1,2
BRDA:82,19,2,2
BRDA:82,19,3,2
BRDA:95,20,0,84773
BRDA:95,20,1,0
BRDA:97,21,0,84765
BRDA:97,21,1,8
BRDA:98,22,0,22331
BRDA:98,22,1,62434
BRDA:102,23,0,6
BRDA:102,23,1,2
BRDA:102,24,0,8
BRDA:102,24,1,6
BRF:52
BRH:46
end_of_record
TN:
SF:src/server/executors/singlestore-executor.ts
FN:11,(anonymous_0)
FN:23,createSingleStoreExecutor
FNF:2
FNH:2
FNDA:7,(anonymous_0)
FNDA:6,createSingleStoreExecutor
DA:12,7
DA:27,6
LF:2
LH:2
BRF:0
BRH:0
end_of_record
TN:
SF:src/server/executors/sqlite-executor.ts
FN:11,(anonymous_0)
FN:17,(anonymous_1)
FN:29,(anonymous_2)
FN:47,(anonymous_3)
FN:66,(anonymous_4)
FN:90,(anonymous_5)
FN:98,createSQLiteExecutor
FNF:7
FNH:7
FNDA:7,(anonymous_0)
FNDA:1,(anonymous_1)
FNDA:1,(anonymous_2)
FNDA:2,(anonymous_3)
FNDA:8,(anonymous_4)
FNDA:1,(anonymous_5)
FNDA:14,createSQLiteExecutor
DA:13,7
DA:15,1
DA:16,1
DA:17,1
DA:19,0
DA:23,6
DA:26,6
DA:27,4
DA:28,4
DA:29,1
DA:31,1
DA:32,2
DA:34,1
DA:35,1
DA:37,1
DA:40,3
DA:48,2
DA:50,2
DA:51,2
DA:54,4
DA:55,2
DA:57,2
DA:60,2
DA:68,8
DA:71,6
DA:74,5
DA:76,5
DA:77,4
DA:81,1
DA:82,1
DA:87,0
DA:91,1
DA:102,14
LF:33
LH:31
BRDA:13,0,0,1
BRDA:13,0,1,6
BRDA:13,1,0,7
BRDA:13,1,1,7
BRDA:13,1,2,7
BRDA:16,2,0,1
BRDA:16,2,1,0
BRDA:26,3,0,4
BRDA:26,3,1,2
BRDA:28,4,0,1
BRDA:28,4,1,3
BRDA:32,5,0,1
BRDA:32,5,1,1
BRDA:40,6,0,2
BRDA:40,6,1,1
BRDA:48,7,0,0
BRDA:48,7,1,2
BRDA:48,8,0,2
BRDA:48,8,1,2
BRDA:54,9,0,2
BRDA:54,9,1,2
BRDA:54,10,0,4
BRDA:54,10,1,4
BRDA:68,11,0,2
BRDA:68,11,1,6
BRDA:71,12,0,1
BRDA:71,12,1,5
BRDA:74,13,0,5
BRDA:74,13,1,0
BRDA:76,14,0,4
BRDA:76,14,1,1
BRDA:77,15,0,1
BRDA:77,15,1,3
BRDA:81,16,0,1
BRDA:81,16,1,0
BRDA:81,17,0,1
BRDA:81,17,1,1
BRF:37
BRH:33
end_of_record
TN:
SF:src/server/types/analysis.ts
FNF:0
FNH:0
LF:0
LH:0
BRF:0
BRH:0
end_of_record
TN:
SF:src/server/types/core.ts
FNF:0
FNH:0
LF:0
LH:0
BRF:0
BRH:0
end_of_record
TN:
SF:src/server/types/cube.ts
FNF:0
FNH:0
LF:0
LH:0
BRF:0
BRH:0
end_of_record
TN:
SF:src/server/types/executor.ts
FNF:0
FNH:0
LF:0
LH:0
BRF:0
BRH:0
end_of_record
TN:
SF:src/server/types/index.ts
FNF:0
FNH:0
LF:0
LH:0
BRF:0
BRH:0
end_of_record
TN:
SF:src/server/types/metadata.ts
FNF:0
FNH:0
LF:0
LH:0
BRF:0
BRH:0
end_of_record
TN:
SF:src/server/types/query.ts
FNF:0
FNH:0
LF:0
LH:0
BRF:0
BRH:0
end_of_record
TN:
SF:src/server/types/utils.ts
FNF:0
FNH:0
LF:0
LH:0
BRF:0
BRH:0
end_of_record
